CRITICAL - 2020-07-27 00:02:39 --> Undefined variable: user
#0 /var/www/html/testCi4/app/Views/admin/user/v_user.php(69): CodeIgniter\Debug\Exceptions->errorHandler(8, 'Undefined varia...', '/var/www/html/t...', 69, Array)
#1 /var/www/html/testCi4/vendor/codeigniter4/framework/system/View/View.php(246): include('/var/www/html/t...')
#2 /var/www/html/testCi4/vendor/codeigniter4/framework/system/Common.php(1119): CodeIgniter\View\View->render('admin/user/v_us...', Array, true)
#3 /var/www/html/testCi4/app/Views/admin/layout/v_content.php(3): view('admin/user/v_us...')
#4 /var/www/html/testCi4/vendor/codeigniter4/framework/system/View/View.php(246): include('/var/www/html/t...')
#5 /var/www/html/testCi4/vendor/codeigniter4/framework/system/Common.php(1119): CodeIgniter\View\View->render('admin/layout/v_...', Array, true)
#6 /var/www/html/testCi4/app/Views/admin/layout/v_wrapper.php(5): view('admin/layout/v_...')
#7 /var/www/html/testCi4/vendor/codeigniter4/framework/system/View/View.php(246): include('/var/www/html/t...')
#8 /var/www/html/testCi4/vendor/codeigniter4/framework/system/Common.php(1119): CodeIgniter\View\View->render('admin/layout/v_...', Array, true)
#9 /var/www/html/testCi4/app/Controllers/Admin/User.php(28): view('admin/layout/v_...', Array)
#10 /var/www/html/testCi4/vendor/codeigniter4/framework/system/CodeIgniter.php(918): App\Controllers\Admin\User->index()
#11 /var/www/html/testCi4/vendor/codeigniter4/framework/system/CodeIgniter.php(404): CodeIgniter\CodeIgniter->runController(Object(App\Controllers\Admin\User))
#12 /var/www/html/testCi4/vendor/codeigniter4/framework/system/CodeIgniter.php(312): CodeIgniter\CodeIgniter->handleRequest(NULL, Object(Config\Cache), false)
#13 /var/www/html/testCi4/public/index.php(45): CodeIgniter\CodeIgniter->run()
#14 /var/www/html/testCi4/vendor/codeigniter4/framework/system/Commands/Server/rewrite.php(34): require_once('/var/www/html/t...')
#15 {main}
CRITICAL - 2020-07-27 00:05:35 --> Undefined variable: user
#0 /var/www/html/testCi4/app/Views/admin/user/v_user.php(69): CodeIgniter\Debug\Exceptions->errorHandler(8, 'Undefined varia...', '/var/www/html/t...', 69, Array)
#1 /var/www/html/testCi4/vendor/codeigniter4/framework/system/View/View.php(246): include('/var/www/html/t...')
#2 /var/www/html/testCi4/vendor/codeigniter4/framework/system/Common.php(1119): CodeIgniter\View\View->render('admin/user/v_us...', Array, true)
#3 /var/www/html/testCi4/app/Views/admin/layout/v_content.php(3): view('admin/user/v_us...')
#4 /var/www/html/testCi4/vendor/codeigniter4/framework/system/View/View.php(246): include('/var/www/html/t...')
#5 /var/www/html/testCi4/vendor/codeigniter4/framework/system/Common.php(1119): CodeIgniter\View\View->render('admin/layout/v_...', Array, true)
#6 /var/www/html/testCi4/app/Views/admin/layout/v_wrapper.php(5): view('admin/layout/v_...')
#7 /var/www/html/testCi4/vendor/codeigniter4/framework/system/View/View.php(246): include('/var/www/html/t...')
#8 /var/www/html/testCi4/vendor/codeigniter4/framework/system/Common.php(1119): CodeIgniter\View\View->render('admin/layout/v_...', Array, true)
#9 /var/www/html/testCi4/app/Controllers/Admin/User.php(28): view('admin/layout/v_...', Array)
#10 /var/www/html/testCi4/vendor/codeigniter4/framework/system/CodeIgniter.php(918): App\Controllers\Admin\User->index()
#11 /var/www/html/testCi4/vendor/codeigniter4/framework/system/CodeIgniter.php(404): CodeIgniter\CodeIgniter->runController(Object(App\Controllers\Admin\User))
#12 /var/www/html/testCi4/vendor/codeigniter4/framework/system/CodeIgniter.php(312): CodeIgniter\CodeIgniter->handleRequest(NULL, Object(Config\Cache), false)
#13 /var/www/html/testCi4/public/index.php(45): CodeIgniter\CodeIgniter->run()
#14 /var/www/html/testCi4/vendor/codeigniter4/framework/system/Commands/Server/rewrite.php(34): require_once('/var/www/html/t...')
#15 {main}
CRITICAL - 2020-07-27 02:53:19 --> Call to undefined function form_open()
#0 /var/www/html/testCi4/vendor/codeigniter4/framework/system/View/View.php(246): include()
#1 /var/www/html/testCi4/vendor/codeigniter4/framework/system/Common.php(1119): CodeIgniter\View\View->render('admin/user/v_us...', Array, true)
#2 /var/www/html/testCi4/app/Views/admin/layout/v_content.php(3): view('admin/user/v_us...')
#3 /var/www/html/testCi4/vendor/codeigniter4/framework/system/View/View.php(246): include('/var/www/html/t...')
#4 /var/www/html/testCi4/vendor/codeigniter4/framework/system/Common.php(1119): CodeIgniter\View\View->render('admin/layout/v_...', Array, true)
#5 /var/www/html/testCi4/app/Views/admin/layout/v_wrapper.php(5): view('admin/layout/v_...')
#6 /var/www/html/testCi4/vendor/codeigniter4/framework/system/View/View.php(246): include('/var/www/html/t...')
#7 /var/www/html/testCi4/vendor/codeigniter4/framework/system/Common.php(1119): CodeIgniter\View\View->render('admin/layout/v_...', Array, true)
#8 /var/www/html/testCi4/app/Controllers/Admin/User.php(29): view('admin/layout/v_...', Array)
#9 /var/www/html/testCi4/vendor/codeigniter4/framework/system/CodeIgniter.php(918): App\Controllers\Admin\User->index()
#10 /var/www/html/testCi4/vendor/codeigniter4/framework/system/CodeIgniter.php(404): CodeIgniter\CodeIgniter->runController(Object(App\Controllers\Admin\User))
#11 /var/www/html/testCi4/vendor/codeigniter4/framework/system/CodeIgniter.php(312): CodeIgniter\CodeIgniter->handleRequest(NULL, Object(Config\Cache), false)
#12 /var/www/html/testCi4/public/index.php(45): CodeIgniter\CodeIgniter->run()
#13 /var/www/html/testCi4/vendor/codeigniter4/framework/system/Commands/Server/rewrite.php(34): require_once('/var/www/html/t...')
#14 {main}
CRITICAL - 2020-07-27 10:57:45 --> syntax error, unexpected '123456' (T_LNUMBER), expecting ']'
#0 /var/www/html/testCi4/vendor/codeigniter4/framework/system/Router/Router.php(195): CodeIgniter\Router\Router->autoRoute('Admin/user')
#1 /var/www/html/testCi4/vendor/codeigniter4/framework/system/CodeIgniter.php(793): CodeIgniter\Router\Router->handle('Admin/user')
#2 /var/www/html/testCi4/vendor/codeigniter4/framework/system/CodeIgniter.php(364): CodeIgniter\CodeIgniter->tryToRouteIt(Object(CodeIgniter\Router\RouteCollection))
#3 /var/www/html/testCi4/vendor/codeigniter4/framework/system/CodeIgniter.php(312): CodeIgniter\CodeIgniter->handleRequest(NULL, Object(Config\Cache), false)
#4 /var/www/html/testCi4/public/index.php(45): CodeIgniter\CodeIgniter->run()
#5 /var/www/html/testCi4/vendor/codeigniter4/framework/system/Commands/Server/rewrite.php(34): require_once('/var/www/html/t...')
#6 {main}
CRITICAL - 2020-07-27 10:58:07 --> syntax error, unexpected '123456' (T_LNUMBER), expecting ']'
#0 /var/www/html/testCi4/vendor/codeigniter4/framework/system/Router/Router.php(195): CodeIgniter\Router\Router->autoRoute('Admin/user')
#1 /var/www/html/testCi4/vendor/codeigniter4/framework/system/CodeIgniter.php(793): CodeIgniter\Router\Router->handle('Admin/user')
#2 /var/www/html/testCi4/vendor/codeigniter4/framework/system/CodeIgniter.php(364): CodeIgniter\CodeIgniter->tryToRouteIt(Object(CodeIgniter\Router\RouteCollection))
#3 /var/www/html/testCi4/vendor/codeigniter4/framework/system/CodeIgniter.php(312): CodeIgniter\CodeIgniter->handleRequest(NULL, Object(Config\Cache), false)
#4 /var/www/html/testCi4/public/index.php(45): CodeIgniter\CodeIgniter->run()
#5 /var/www/html/testCi4/vendor/codeigniter4/framework/system/Commands/Server/rewrite.php(34): require_once('/var/www/html/t...')
#6 {main}
CRITICAL - 2020-07-27 11:04:07 --> mysqli_real_escape_string() expects exactly 2 parameters, 1 given
#0 [internal function]: CodeIgniter\Debug\Exceptions->errorHandler(2, 'mysqli_real_esc...', '/var/www/html/t...', 12, Array)
#1 /var/www/html/testCi4/app/Models/LoginModel.php(12): mysqli_real_escape_string('123456')
#2 /var/www/html/testCi4/app/Controllers/Admin/Login.php(29): App\Models\LoginModel->cek_login('andiiick', '123456')
#3 /var/www/html/testCi4/vendor/codeigniter4/framework/system/CodeIgniter.php(918): App\Controllers\Admin\Login->cek_login()
#4 /var/www/html/testCi4/vendor/codeigniter4/framework/system/CodeIgniter.php(404): CodeIgniter\CodeIgniter->runController(Object(App\Controllers\Admin\Login))
#5 /var/www/html/testCi4/vendor/codeigniter4/framework/system/CodeIgniter.php(312): CodeIgniter\CodeIgniter->handleRequest(NULL, Object(Config\Cache), false)
#6 /var/www/html/testCi4/public/index.php(45): CodeIgniter\CodeIgniter->run()
#7 /var/www/html/testCi4/vendor/codeigniter4/framework/system/Commands/Server/rewrite.php(34): require_once('/var/www/html/t...')
#8 {main}
CRITICAL - 2020-07-27 11:04:53 --> mysqli_real_escape_string() expects exactly 2 parameters, 1 given
#0 [internal function]: CodeIgniter\Debug\Exceptions->errorHandler(2, 'mysqli_real_esc...', '/var/www/html/t...', 12, Array)
#1 /var/www/html/testCi4/app/Models/LoginModel.php(12): mysqli_real_escape_string('123456')
#2 /var/www/html/testCi4/app/Controllers/Admin/Login.php(29): App\Models\LoginModel->cek_login('andiiick', '123456')
#3 /var/www/html/testCi4/vendor/codeigniter4/framework/system/CodeIgniter.php(918): App\Controllers\Admin\Login->cek_login()
#4 /var/www/html/testCi4/vendor/codeigniter4/framework/system/CodeIgniter.php(404): CodeIgniter\CodeIgniter->runController(Object(App\Controllers\Admin\Login))
#5 /var/www/html/testCi4/vendor/codeigniter4/framework/system/CodeIgniter.php(312): CodeIgniter\CodeIgniter->handleRequest(NULL, Object(Config\Cache), false)
#6 /var/www/html/testCi4/public/index.php(45): CodeIgniter\CodeIgniter->run()
#7 /var/www/html/testCi4/vendor/codeigniter4/framework/system/Commands/Server/rewrite.php(34): require_once('/var/www/html/t...')
#8 {main}
CRITICAL - 2020-07-27 11:08:21 --> syntax error, unexpected '(', expecting variable (T_VARIABLE)
#0 /var/www/html/testCi4/vendor/codeigniter4/framework/system/Autoloader/Autoloader.php(296): CodeIgniter\Autoloader\Autoloader->requireFile('/var/www/html/t...')
#1 /var/www/html/testCi4/vendor/codeigniter4/framework/system/Autoloader/Autoloader.php(258): CodeIgniter\Autoloader\Autoloader->loadInNamespace('App\\Models\\Logi...')
#2 [internal function]: CodeIgniter\Autoloader\Autoloader->loadClass('App\\Models\\Logi...')
#3 /var/www/html/testCi4/app/Controllers/Admin/Login.php(13): spl_autoload_call('App\\Models\\Logi...')
#4 /var/www/html/testCi4/vendor/codeigniter4/framework/system/CodeIgniter.php(890): App\Controllers\Admin\Login->__construct()
#5 /var/www/html/testCi4/vendor/codeigniter4/framework/system/CodeIgniter.php(399): CodeIgniter\CodeIgniter->createController()
#6 /var/www/html/testCi4/vendor/codeigniter4/framework/system/CodeIgniter.php(312): CodeIgniter\CodeIgniter->handleRequest(NULL, Object(Config\Cache), false)
#7 /var/www/html/testCi4/public/index.php(45): CodeIgniter\CodeIgniter->run()
#8 /var/www/html/testCi4/vendor/codeigniter4/framework/system/Commands/Server/rewrite.php(34): require_once('/var/www/html/t...')
#9 {main}
CRITICAL - 2020-07-27 11:14:54 --> Undefined property: App\Controllers\Admin\User::$input
#0 /var/www/html/testCi4/app/Controllers/Admin/User.php(37): CodeIgniter\Debug\Exceptions->errorHandler(8, 'Undefined prope...', '/var/www/html/t...', 37, Array)
#1 /var/www/html/testCi4/vendor/codeigniter4/framework/system/CodeIgniter.php(918): App\Controllers\Admin\User->entry_process()
#2 /var/www/html/testCi4/vendor/codeigniter4/framework/system/CodeIgniter.php(404): CodeIgniter\CodeIgniter->runController(Object(App\Controllers\Admin\User))
#3 /var/www/html/testCi4/vendor/codeigniter4/framework/system/CodeIgniter.php(312): CodeIgniter\CodeIgniter->handleRequest(NULL, Object(Config\Cache), false)
#4 /var/www/html/testCi4/public/index.php(45): CodeIgniter\CodeIgniter->run()
#5 /var/www/html/testCi4/vendor/codeigniter4/framework/system/Commands/Server/rewrite.php(34): require_once('/var/www/html/t...')
#6 {main}
CRITICAL - 2020-07-27 11:15:18 --> Undefined property: App\Controllers\Admin\User::$input
#0 /var/www/html/testCi4/app/Controllers/Admin/User.php(37): CodeIgniter\Debug\Exceptions->errorHandler(8, 'Undefined prope...', '/var/www/html/t...', 37, Array)
#1 /var/www/html/testCi4/vendor/codeigniter4/framework/system/CodeIgniter.php(918): App\Controllers\Admin\User->entry_process()
#2 /var/www/html/testCi4/vendor/codeigniter4/framework/system/CodeIgniter.php(404): CodeIgniter\CodeIgniter->runController(Object(App\Controllers\Admin\User))
#3 /var/www/html/testCi4/vendor/codeigniter4/framework/system/CodeIgniter.php(312): CodeIgniter\CodeIgniter->handleRequest(NULL, Object(Config\Cache), false)
#4 /var/www/html/testCi4/public/index.php(45): CodeIgniter\CodeIgniter->run()
#5 /var/www/html/testCi4/vendor/codeigniter4/framework/system/Commands/Server/rewrite.php(34): require_once('/var/www/html/t...')
#6 {main}
CRITICAL - 2020-07-27 11:15:21 --> Undefined property: App\Controllers\Admin\User::$input
#0 /var/www/html/testCi4/app/Controllers/Admin/User.php(37): CodeIgniter\Debug\Exceptions->errorHandler(8, 'Undefined prope...', '/var/www/html/t...', 37, Array)
#1 /var/www/html/testCi4/vendor/codeigniter4/framework/system/CodeIgniter.php(918): App\Controllers\Admin\User->entry_process()
#2 /var/www/html/testCi4/vendor/codeigniter4/framework/system/CodeIgniter.php(404): CodeIgniter\CodeIgniter->runController(Object(App\Controllers\Admin\User))
#3 /var/www/html/testCi4/vendor/codeigniter4/framework/system/CodeIgniter.php(312): CodeIgniter\CodeIgniter->handleRequest(NULL, Object(Config\Cache), false)
#4 /var/www/html/testCi4/public/index.php(45): CodeIgniter\CodeIgniter->run()
#5 /var/www/html/testCi4/vendor/codeigniter4/framework/system/Commands/Server/rewrite.php(34): require_once('/var/www/html/t...')
#6 {main}
CRITICAL - 2020-07-27 11:22:58 --> syntax error, unexpected '(', expecting variable (T_VARIABLE)
#0 /var/www/html/testCi4/vendor/codeigniter4/framework/system/Autoloader/Autoloader.php(296): CodeIgniter\Autoloader\Autoloader->requireFile('/var/www/html/t...')
#1 /var/www/html/testCi4/vendor/codeigniter4/framework/system/Autoloader/Autoloader.php(258): CodeIgniter\Autoloader\Autoloader->loadInNamespace('App\\Models\\Logi...')
#2 [internal function]: CodeIgniter\Autoloader\Autoloader->loadClass('App\\Models\\Logi...')
#3 /var/www/html/testCi4/app/Controllers/Admin/Login.php(13): spl_autoload_call('App\\Models\\Logi...')
#4 /var/www/html/testCi4/vendor/codeigniter4/framework/system/CodeIgniter.php(890): App\Controllers\Admin\Login->__construct()
#5 /var/www/html/testCi4/vendor/codeigniter4/framework/system/CodeIgniter.php(399): CodeIgniter\CodeIgniter->createController()
#6 /var/www/html/testCi4/vendor/codeigniter4/framework/system/CodeIgniter.php(312): CodeIgniter\CodeIgniter->handleRequest(NULL, Object(Config\Cache), false)
#7 /var/www/html/testCi4/public/index.php(45): CodeIgniter\CodeIgniter->run()
#8 /var/www/html/testCi4/vendor/codeigniter4/framework/system/Commands/Server/rewrite.php(34): require_once('/var/www/html/t...')
#9 {main}
CRITICAL - 2020-07-27 11:28:58 --> syntax error, unexpected ';', expecting ')'
#0 /var/www/html/testCi4/vendor/codeigniter4/framework/system/Autoloader/Autoloader.php(296): CodeIgniter\Autoloader\Autoloader->requireFile('/var/www/html/t...')
#1 /var/www/html/testCi4/vendor/codeigniter4/framework/system/Autoloader/Autoloader.php(258): CodeIgniter\Autoloader\Autoloader->loadInNamespace('App\\Models\\Logi...')
#2 [internal function]: CodeIgniter\Autoloader\Autoloader->loadClass('App\\Models\\Logi...')
#3 /var/www/html/testCi4/app/Controllers/Admin/Login.php(13): spl_autoload_call('App\\Models\\Logi...')
#4 /var/www/html/testCi4/vendor/codeigniter4/framework/system/CodeIgniter.php(890): App\Controllers\Admin\Login->__construct()
#5 /var/www/html/testCi4/vendor/codeigniter4/framework/system/CodeIgniter.php(399): CodeIgniter\CodeIgniter->createController()
#6 /var/www/html/testCi4/vendor/codeigniter4/framework/system/CodeIgniter.php(312): CodeIgniter\CodeIgniter->handleRequest(NULL, Object(Config\Cache), false)
#7 /var/www/html/testCi4/public/index.php(45): CodeIgniter\CodeIgniter->run()
#8 /var/www/html/testCi4/vendor/codeigniter4/framework/system/Commands/Server/rewrite.php(34): require_once('/var/www/html/t...')
#9 {main}
CRITICAL - 2020-07-27 12:25:46 --> syntax error, unexpected 'level' (T_STRING), expecting ',' or ';'
#0 /var/www/html/testCi4/vendor/codeigniter4/framework/system/Common.php(1119): CodeIgniter\View\View->render('admin/user/v_us...', Array, true)
#1 /var/www/html/testCi4/app/Views/admin/layout/v_content.php(3): view('admin/user/v_us...')
#2 /var/www/html/testCi4/vendor/codeigniter4/framework/system/View/View.php(246): include('/var/www/html/t...')
#3 /var/www/html/testCi4/vendor/codeigniter4/framework/system/Common.php(1119): CodeIgniter\View\View->render('admin/layout/v_...', Array, true)
#4 /var/www/html/testCi4/app/Views/admin/layout/v_wrapper.php(5): view('admin/layout/v_...')
#5 /var/www/html/testCi4/vendor/codeigniter4/framework/system/View/View.php(246): include('/var/www/html/t...')
#6 /var/www/html/testCi4/vendor/codeigniter4/framework/system/Common.php(1119): CodeIgniter\View\View->render('admin/layout/v_...', Array, true)
#7 /var/www/html/testCi4/app/Controllers/Admin/User.php(29): view('admin/layout/v_...', Array)
#8 /var/www/html/testCi4/vendor/codeigniter4/framework/system/CodeIgniter.php(918): App\Controllers\Admin\User->index()
#9 /var/www/html/testCi4/vendor/codeigniter4/framework/system/CodeIgniter.php(404): CodeIgniter\CodeIgniter->runController(Object(App\Controllers\Admin\User))
#10 /var/www/html/testCi4/vendor/codeigniter4/framework/system/CodeIgniter.php(312): CodeIgniter\CodeIgniter->handleRequest(NULL, Object(Config\Cache), false)
#11 /var/www/html/testCi4/public/index.php(45): CodeIgniter\CodeIgniter->run()
#12 /var/www/html/testCi4/vendor/codeigniter4/framework/system/Commands/Server/rewrite.php(34): require_once('/var/www/html/t...')
#13 {main}
CRITICAL - 2020-07-27 12:26:02 --> syntax error, unexpected 'level' (T_STRING), expecting ',' or ';'
#0 /var/www/html/testCi4/vendor/codeigniter4/framework/system/Common.php(1119): CodeIgniter\View\View->render('admin/user/v_us...', Array, true)
#1 /var/www/html/testCi4/app/Views/admin/layout/v_content.php(3): view('admin/user/v_us...')
#2 /var/www/html/testCi4/vendor/codeigniter4/framework/system/View/View.php(246): include('/var/www/html/t...')
#3 /var/www/html/testCi4/vendor/codeigniter4/framework/system/Common.php(1119): CodeIgniter\View\View->render('admin/layout/v_...', Array, true)
#4 /var/www/html/testCi4/app/Views/admin/layout/v_wrapper.php(5): view('admin/layout/v_...')
#5 /var/www/html/testCi4/vendor/codeigniter4/framework/system/View/View.php(246): include('/var/www/html/t...')
#6 /var/www/html/testCi4/vendor/codeigniter4/framework/system/Common.php(1119): CodeIgniter\View\View->render('admin/layout/v_...', Array, true)
#7 /var/www/html/testCi4/app/Controllers/Admin/User.php(29): view('admin/layout/v_...', Array)
#8 /var/www/html/testCi4/vendor/codeigniter4/framework/system/CodeIgniter.php(918): App\Controllers\Admin\User->index()
#9 /var/www/html/testCi4/vendor/codeigniter4/framework/system/CodeIgniter.php(404): CodeIgniter\CodeIgniter->runController(Object(App\Controllers\Admin\User))
#10 /var/www/html/testCi4/vendor/codeigniter4/framework/system/CodeIgniter.php(312): CodeIgniter\CodeIgniter->handleRequest(NULL, Object(Config\Cache), false)
#11 /var/www/html/testCi4/public/index.php(45): CodeIgniter\CodeIgniter->run()
#12 /var/www/html/testCi4/vendor/codeigniter4/framework/system/Commands/Server/rewrite.php(34): require_once('/var/www/html/t...')
#13 {main}
CRITICAL - 2020-07-27 12:26:38 --> syntax error, unexpected '}', expecting ',' or ';'
#0 /var/www/html/testCi4/vendor/codeigniter4/framework/system/Common.php(1119): CodeIgniter\View\View->render('admin/user/v_us...', Array, true)
#1 /var/www/html/testCi4/app/Views/admin/layout/v_content.php(3): view('admin/user/v_us...')
#2 /var/www/html/testCi4/vendor/codeigniter4/framework/system/View/View.php(246): include('/var/www/html/t...')
#3 /var/www/html/testCi4/vendor/codeigniter4/framework/system/Common.php(1119): CodeIgniter\View\View->render('admin/layout/v_...', Array, true)
#4 /var/www/html/testCi4/app/Views/admin/layout/v_wrapper.php(5): view('admin/layout/v_...')
#5 /var/www/html/testCi4/vendor/codeigniter4/framework/system/View/View.php(246): include('/var/www/html/t...')
#6 /var/www/html/testCi4/vendor/codeigniter4/framework/system/Common.php(1119): CodeIgniter\View\View->render('admin/layout/v_...', Array, true)
#7 /var/www/html/testCi4/app/Controllers/Admin/User.php(29): view('admin/layout/v_...', Array)
#8 /var/www/html/testCi4/vendor/codeigniter4/framework/system/CodeIgniter.php(918): App\Controllers\Admin\User->index()
#9 /var/www/html/testCi4/vendor/codeigniter4/framework/system/CodeIgniter.php(404): CodeIgniter\CodeIgniter->runController(Object(App\Controllers\Admin\User))
#10 /var/www/html/testCi4/vendor/codeigniter4/framework/system/CodeIgniter.php(312): CodeIgniter\CodeIgniter->handleRequest(NULL, Object(Config\Cache), false)
#11 /var/www/html/testCi4/public/index.php(45): CodeIgniter\CodeIgniter->run()
#12 /var/www/html/testCi4/vendor/codeigniter4/framework/system/Commands/Server/rewrite.php(34): require_once('/var/www/html/t...')
#13 {main}
CRITICAL - 2020-07-27 12:27:29 --> syntax error, unexpected '}', expecting ',' or ';'
#0 /var/www/html/testCi4/vendor/codeigniter4/framework/system/Common.php(1119): CodeIgniter\View\View->render('admin/user/v_us...', Array, true)
#1 /var/www/html/testCi4/app/Views/admin/layout/v_content.php(3): view('admin/user/v_us...')
#2 /var/www/html/testCi4/vendor/codeigniter4/framework/system/View/View.php(246): include('/var/www/html/t...')
#3 /var/www/html/testCi4/vendor/codeigniter4/framework/system/Common.php(1119): CodeIgniter\View\View->render('admin/layout/v_...', Array, true)
#4 /var/www/html/testCi4/app/Views/admin/layout/v_wrapper.php(5): view('admin/layout/v_...')
#5 /var/www/html/testCi4/vendor/codeigniter4/framework/system/View/View.php(246): include('/var/www/html/t...')
#6 /var/www/html/testCi4/vendor/codeigniter4/framework/system/Common.php(1119): CodeIgniter\View\View->render('admin/layout/v_...', Array, true)
#7 /var/www/html/testCi4/app/Controllers/Admin/User.php(29): view('admin/layout/v_...', Array)
#8 /var/www/html/testCi4/vendor/codeigniter4/framework/system/CodeIgniter.php(918): App\Controllers\Admin\User->index()
#9 /var/www/html/testCi4/vendor/codeigniter4/framework/system/CodeIgniter.php(404): CodeIgniter\CodeIgniter->runController(Object(App\Controllers\Admin\User))
#10 /var/www/html/testCi4/vendor/codeigniter4/framework/system/CodeIgniter.php(312): CodeIgniter\CodeIgniter->handleRequest(NULL, Object(Config\Cache), false)
#11 /var/www/html/testCi4/public/index.php(45): CodeIgniter\CodeIgniter->run()
#12 /var/www/html/testCi4/vendor/codeigniter4/framework/system/Commands/Server/rewrite.php(34): require_once('/var/www/html/t...')
#13 {main}
CRITICAL - 2020-07-27 12:27:46 --> syntax error, unexpected '}', expecting ',' or ';'
#0 /var/www/html/testCi4/vendor/codeigniter4/framework/system/Common.php(1119): CodeIgniter\View\View->render('admin/user/v_us...', Array, true)
#1 /var/www/html/testCi4/app/Views/admin/layout/v_content.php(3): view('admin/user/v_us...')
#2 /var/www/html/testCi4/vendor/codeigniter4/framework/system/View/View.php(246): include('/var/www/html/t...')
#3 /var/www/html/testCi4/vendor/codeigniter4/framework/system/Common.php(1119): CodeIgniter\View\View->render('admin/layout/v_...', Array, true)
#4 /var/www/html/testCi4/app/Views/admin/layout/v_wrapper.php(5): view('admin/layout/v_...')
#5 /var/www/html/testCi4/vendor/codeigniter4/framework/system/View/View.php(246): include('/var/www/html/t...')
#6 /var/www/html/testCi4/vendor/codeigniter4/framework/system/Common.php(1119): CodeIgniter\View\View->render('admin/layout/v_...', Array, true)
#7 /var/www/html/testCi4/app/Controllers/Admin/User.php(29): view('admin/layout/v_...', Array)
#8 /var/www/html/testCi4/vendor/codeigniter4/framework/system/CodeIgniter.php(918): App\Controllers\Admin\User->index()
#9 /var/www/html/testCi4/vendor/codeigniter4/framework/system/CodeIgniter.php(404): CodeIgniter\CodeIgniter->runController(Object(App\Controllers\Admin\User))
#10 /var/www/html/testCi4/vendor/codeigniter4/framework/system/CodeIgniter.php(312): CodeIgniter\CodeIgniter->handleRequest(NULL, Object(Config\Cache), false)
#11 /var/www/html/testCi4/public/index.php(45): CodeIgniter\CodeIgniter->run()
#12 /var/www/html/testCi4/vendor/codeigniter4/framework/system/Commands/Server/rewrite.php(34): require_once('/var/www/html/t...')
#13 {main}
CRITICAL - 2020-07-27 12:27:53 --> syntax error, unexpected '}', expecting ',' or ';'
#0 /var/www/html/testCi4/vendor/codeigniter4/framework/system/Common.php(1119): CodeIgniter\View\View->render('admin/user/v_us...', Array, true)
#1 /var/www/html/testCi4/app/Views/admin/layout/v_content.php(3): view('admin/user/v_us...')
#2 /var/www/html/testCi4/vendor/codeigniter4/framework/system/View/View.php(246): include('/var/www/html/t...')
#3 /var/www/html/testCi4/vendor/codeigniter4/framework/system/Common.php(1119): CodeIgniter\View\View->render('admin/layout/v_...', Array, true)
#4 /var/www/html/testCi4/app/Views/admin/layout/v_wrapper.php(5): view('admin/layout/v_...')
#5 /var/www/html/testCi4/vendor/codeigniter4/framework/system/View/View.php(246): include('/var/www/html/t...')
#6 /var/www/html/testCi4/vendor/codeigniter4/framework/system/Common.php(1119): CodeIgniter\View\View->render('admin/layout/v_...', Array, true)
#7 /var/www/html/testCi4/app/Controllers/Admin/User.php(29): view('admin/layout/v_...', Array)
#8 /var/www/html/testCi4/vendor/codeigniter4/framework/system/CodeIgniter.php(918): App\Controllers\Admin\User->index()
#9 /var/www/html/testCi4/vendor/codeigniter4/framework/system/CodeIgniter.php(404): CodeIgniter\CodeIgniter->runController(Object(App\Controllers\Admin\User))
#10 /var/www/html/testCi4/vendor/codeigniter4/framework/system/CodeIgniter.php(312): CodeIgniter\CodeIgniter->handleRequest(NULL, Object(Config\Cache), false)
#11 /var/www/html/testCi4/public/index.php(45): CodeIgniter\CodeIgniter->run()
#12 /var/www/html/testCi4/vendor/codeigniter4/framework/system/Commands/Server/rewrite.php(34): require_once('/var/www/html/t...')
#13 {main}
CRITICAL - 2020-07-27 12:28:13 --> syntax error, unexpected end of file
#0 /var/www/html/testCi4/vendor/codeigniter4/framework/system/Common.php(1119): CodeIgniter\View\View->render('admin/user/v_us...', Array, true)
#1 /var/www/html/testCi4/app/Views/admin/layout/v_content.php(3): view('admin/user/v_us...')
#2 /var/www/html/testCi4/vendor/codeigniter4/framework/system/View/View.php(246): include('/var/www/html/t...')
#3 /var/www/html/testCi4/vendor/codeigniter4/framework/system/Common.php(1119): CodeIgniter\View\View->render('admin/layout/v_...', Array, true)
#4 /var/www/html/testCi4/app/Views/admin/layout/v_wrapper.php(5): view('admin/layout/v_...')
#5 /var/www/html/testCi4/vendor/codeigniter4/framework/system/View/View.php(246): include('/var/www/html/t...')
#6 /var/www/html/testCi4/vendor/codeigniter4/framework/system/Common.php(1119): CodeIgniter\View\View->render('admin/layout/v_...', Array, true)
#7 /var/www/html/testCi4/app/Controllers/Admin/User.php(29): view('admin/layout/v_...', Array)
#8 /var/www/html/testCi4/vendor/codeigniter4/framework/system/CodeIgniter.php(918): App\Controllers\Admin\User->index()
#9 /var/www/html/testCi4/vendor/codeigniter4/framework/system/CodeIgniter.php(404): CodeIgniter\CodeIgniter->runController(Object(App\Controllers\Admin\User))
#10 /var/www/html/testCi4/vendor/codeigniter4/framework/system/CodeIgniter.php(312): CodeIgniter\CodeIgniter->handleRequest(NULL, Object(Config\Cache), false)
#11 /var/www/html/testCi4/public/index.php(45): CodeIgniter\CodeIgniter->run()
#12 /var/www/html/testCi4/vendor/codeigniter4/framework/system/Commands/Server/rewrite.php(34): require_once('/var/www/html/t...')
#13 {main}
CRITICAL - 2020-07-27 12:28:21 --> syntax error, unexpected '}', expecting ',' or ';'
#0 /var/www/html/testCi4/vendor/codeigniter4/framework/system/Common.php(1119): CodeIgniter\View\View->render('admin/user/v_us...', Array, true)
#1 /var/www/html/testCi4/app/Views/admin/layout/v_content.php(3): view('admin/user/v_us...')
#2 /var/www/html/testCi4/vendor/codeigniter4/framework/system/View/View.php(246): include('/var/www/html/t...')
#3 /var/www/html/testCi4/vendor/codeigniter4/framework/system/Common.php(1119): CodeIgniter\View\View->render('admin/layout/v_...', Array, true)
#4 /var/www/html/testCi4/app/Views/admin/layout/v_wrapper.php(5): view('admin/layout/v_...')
#5 /var/www/html/testCi4/vendor/codeigniter4/framework/system/View/View.php(246): include('/var/www/html/t...')
#6 /var/www/html/testCi4/vendor/codeigniter4/framework/system/Common.php(1119): CodeIgniter\View\View->render('admin/layout/v_...', Array, true)
#7 /var/www/html/testCi4/app/Controllers/Admin/User.php(29): view('admin/layout/v_...', Array)
#8 /var/www/html/testCi4/vendor/codeigniter4/framework/system/CodeIgniter.php(918): App\Controllers\Admin\User->index()
#9 /var/www/html/testCi4/vendor/codeigniter4/framework/system/CodeIgniter.php(404): CodeIgniter\CodeIgniter->runController(Object(App\Controllers\Admin\User))
#10 /var/www/html/testCi4/vendor/codeigniter4/framework/system/CodeIgniter.php(312): CodeIgniter\CodeIgniter->handleRequest(NULL, Object(Config\Cache), false)
#11 /var/www/html/testCi4/public/index.php(45): CodeIgniter\CodeIgniter->run()
#12 /var/www/html/testCi4/vendor/codeigniter4/framework/system/Commands/Server/rewrite.php(34): require_once('/var/www/html/t...')
#13 {main}
CRITICAL - 2020-07-27 13:30:13 --> Undefined offset: 0
#0 /var/www/html/testCi4/app/Views/admin/user/v_user.php(237): CodeIgniter\Debug\Exceptions->errorHandler(8, 'Undefined offse...', '/var/www/html/t...', 237, Array)
#1 /var/www/html/testCi4/vendor/codeigniter4/framework/system/View/View.php(246): include('/var/www/html/t...')
#2 /var/www/html/testCi4/vendor/codeigniter4/framework/system/Common.php(1119): CodeIgniter\View\View->render('admin/user/v_us...', Array, true)
#3 /var/www/html/testCi4/app/Views/admin/layout/v_content.php(3): view('admin/user/v_us...')
#4 /var/www/html/testCi4/vendor/codeigniter4/framework/system/View/View.php(246): include('/var/www/html/t...')
#5 /var/www/html/testCi4/vendor/codeigniter4/framework/system/Common.php(1119): CodeIgniter\View\View->render('admin/layout/v_...', Array, true)
#6 /var/www/html/testCi4/app/Views/admin/layout/v_wrapper.php(5): view('admin/layout/v_...')
#7 /var/www/html/testCi4/vendor/codeigniter4/framework/system/View/View.php(246): include('/var/www/html/t...')
#8 /var/www/html/testCi4/vendor/codeigniter4/framework/system/Common.php(1119): CodeIgniter\View\View->render('admin/layout/v_...', Array, true)
#9 /var/www/html/testCi4/app/Controllers/Admin/User.php(29): view('admin/layout/v_...', Array)
#10 /var/www/html/testCi4/vendor/codeigniter4/framework/system/CodeIgniter.php(918): App\Controllers\Admin\User->index()
#11 /var/www/html/testCi4/vendor/codeigniter4/framework/system/CodeIgniter.php(404): CodeIgniter\CodeIgniter->runController(Object(App\Controllers\Admin\User))
#12 /var/www/html/testCi4/vendor/codeigniter4/framework/system/CodeIgniter.php(312): CodeIgniter\CodeIgniter->handleRequest(NULL, Object(Config\Cache), false)
#13 /var/www/html/testCi4/public/index.php(45): CodeIgniter\CodeIgniter->run()
#14 /var/www/html/testCi4/vendor/codeigniter4/framework/system/Commands/Server/rewrite.php(34): require_once('/var/www/html/t...')
#15 {main}
CRITICAL - 2020-07-27 22:48:08 --> Call to undefined function App\Controllers\Admin\NOW()
#0 /var/www/html/testCi4/vendor/codeigniter4/framework/system/CodeIgniter.php(918): App\Controllers\Admin\User->entry_process()
#1 /var/www/html/testCi4/vendor/codeigniter4/framework/system/CodeIgniter.php(404): CodeIgniter\CodeIgniter->runController(Object(App\Controllers\Admin\User))
#2 /var/www/html/testCi4/vendor/codeigniter4/framework/system/CodeIgniter.php(312): CodeIgniter\CodeIgniter->handleRequest(NULL, Object(Config\Cache), false)
#3 /var/www/html/testCi4/public/index.php(45): CodeIgniter\CodeIgniter->run()
#4 /var/www/html/testCi4/vendor/codeigniter4/framework/system/Commands/Server/rewrite.php(34): require_once('/var/www/html/t...')
#5 {main}
CRITICAL - 2020-07-27 22:50:18 --> Call to undefined function App\Controllers\Admin\NOW()
#0 /var/www/html/testCi4/vendor/codeigniter4/framework/system/CodeIgniter.php(918): App\Controllers\Admin\User->entry_process()
#1 /var/www/html/testCi4/vendor/codeigniter4/framework/system/CodeIgniter.php(404): CodeIgniter\CodeIgniter->runController(Object(App\Controllers\Admin\User))
#2 /var/www/html/testCi4/vendor/codeigniter4/framework/system/CodeIgniter.php(312): CodeIgniter\CodeIgniter->handleRequest(NULL, Object(Config\Cache), false)
#3 /var/www/html/testCi4/public/index.php(45): CodeIgniter\CodeIgniter->run()
#4 /var/www/html/testCi4/vendor/codeigniter4/framework/system/Commands/Server/rewrite.php(34): require_once('/var/www/html/t...')
#5 {main}
CRITICAL - 2020-07-27 22:50:51 --> Use of undefined constant NOW - assumed 'NOW' (this will throw an Error in a future version of PHP)
#0 /var/www/html/testCi4/app/Controllers/Admin/User.php(40): CodeIgniter\Debug\Exceptions->errorHandler(2, 'Use of undefine...', '/var/www/html/t...', 40, Array)
#1 /var/www/html/testCi4/vendor/codeigniter4/framework/system/CodeIgniter.php(918): App\Controllers\Admin\User->entry_process()
#2 /var/www/html/testCi4/vendor/codeigniter4/framework/system/CodeIgniter.php(404): CodeIgniter\CodeIgniter->runController(Object(App\Controllers\Admin\User))
#3 /var/www/html/testCi4/vendor/codeigniter4/framework/system/CodeIgniter.php(312): CodeIgniter\CodeIgniter->handleRequest(NULL, Object(Config\Cache), false)
#4 /var/www/html/testCi4/public/index.php(45): CodeIgniter\CodeIgniter->run()
#5 /var/www/html/testCi4/vendor/codeigniter4/framework/system/Commands/Server/rewrite.php(34): require_once('/var/www/html/t...')
#6 {main}
CRITICAL - 2020-07-27 22:52:04 --> Call to undefined function App\Controllers\Admin\NOW()
#0 /var/www/html/testCi4/vendor/codeigniter4/framework/system/CodeIgniter.php(918): App\Controllers\Admin\User->entry_process()
#1 /var/www/html/testCi4/vendor/codeigniter4/framework/system/CodeIgniter.php(404): CodeIgniter\CodeIgniter->runController(Object(App\Controllers\Admin\User))
#2 /var/www/html/testCi4/vendor/codeigniter4/framework/system/CodeIgniter.php(312): CodeIgniter\CodeIgniter->handleRequest(NULL, Object(Config\Cache), false)
#3 /var/www/html/testCi4/public/index.php(45): CodeIgniter\CodeIgniter->run()
#4 /var/www/html/testCi4/vendor/codeigniter4/framework/system/Commands/Server/rewrite.php(34): require_once('/var/www/html/t...')
#5 {main}
CRITICAL - 2020-07-27 23:47:56 --> syntax error, unexpected '$this' (T_VARIABLE)
#0 /var/www/html/testCi4/vendor/codeigniter4/framework/system/Router/Router.php(195): CodeIgniter\Router\Router->autoRoute('Admin/user')
#1 /var/www/html/testCi4/vendor/codeigniter4/framework/system/CodeIgniter.php(793): CodeIgniter\Router\Router->handle('Admin/user')
#2 /var/www/html/testCi4/vendor/codeigniter4/framework/system/CodeIgniter.php(364): CodeIgniter\CodeIgniter->tryToRouteIt(Object(CodeIgniter\Router\RouteCollection))
#3 /var/www/html/testCi4/vendor/codeigniter4/framework/system/CodeIgniter.php(312): CodeIgniter\CodeIgniter->handleRequest(NULL, Object(Config\Cache), false)
#4 /var/www/html/testCi4/public/index.php(45): CodeIgniter\CodeIgniter->run()
#5 /var/www/html/testCi4/vendor/codeigniter4/framework/system/Commands/Server/rewrite.php(34): require_once('/var/www/html/t...')
#6 {main}
