INFO - 2024-07-24 00:55:30 --> Session: Class initialized using 'CodeIgniter\Session\Handlers\FileHandler' driver.
WARNING - 2024-07-24 00:55:30 --> Session: Sessions is enabled, and one exists.Please don't $session->start();
ERROR - 2024-07-24 00:55:30 --> mysqli_sql_exception: Table 'cms_p4i.bcms_layanan' doesn't exist in /usr/local/var/www/app-p4i/vendor/codeigniter4/framework/system/Database/MySQLi/Connection.php:331
Stack trace:
#0 /usr/local/var/www/app-p4i/vendor/codeigniter4/framework/system/Database/MySQLi/Connection.php(331): mysqli->query('SELECT *\nFROM `...')
#1 /usr/local/var/www/app-p4i/vendor/codeigniter4/framework/system/Database/BaseConnection.php(741): CodeIgniter\Database\MySQLi\Connection->execute('SELECT *\nFROM `...')
#2 /usr/local/var/www/app-p4i/vendor/codeigniter4/framework/system/Database/BaseConnection.php(669): CodeIgniter\Database\BaseConnection->simpleQuery('SELECT *\nFROM `...')
#3 /usr/local/var/www/app-p4i/vendor/codeigniter4/framework/system/Database/BaseBuilder.php(1860): CodeIgniter\Database\BaseConnection->query('SELECT *\nFROM `...', Array, false)
#4 /usr/local/var/www/app-p4i/app/Models/Backend/LayananModel.php(24): CodeIgniter\Database\BaseBuilder->get()
#5 /usr/local/var/www/app-p4i/app/Controllers/Home.php(31): App\Models\Backend\LayananModel->getLayananByKategori('Layanan Unggula...')
#6 /usr/local/var/www/app-p4i/vendor/codeigniter4/framework/system/CodeIgniter.php(918): App\Controllers\Home->index()
#7 /usr/local/var/www/app-p4i/vendor/codeigniter4/framework/system/CodeIgniter.php(404): CodeIgniter\CodeIgniter->runController(Object(App\Controllers\Home))
#8 /usr/local/var/www/app-p4i/vendor/codeigniter4/framework/system/CodeIgniter.php(312): CodeIgniter\CodeIgniter->handleRequest(NULL, Object(Config\Cache), false)
#9 /usr/local/var/www/app-p4i/public/index.php(45): CodeIgniter\CodeIgniter->run()
#10 /usr/local/var/www/app-p4i/vendor/codeigniter4/framework/system/Commands/Server/rewrite.php(34): require_once('/usr/local/var/...')
#11 {main}
INFO - 2024-07-24 00:55:55 --> Session: Class initialized using 'CodeIgniter\Session\Handlers\FileHandler' driver.
WARNING - 2024-07-24 00:55:55 --> Session: Sessions is enabled, and one exists.Please don't $session->start();
ERROR - 2024-07-24 00:55:55 --> mysqli_sql_exception: Table 'cms_p4i.bcms_layanan' doesn't exist in /usr/local/var/www/app-p4i/vendor/codeigniter4/framework/system/Database/MySQLi/Connection.php:331
Stack trace:
#0 /usr/local/var/www/app-p4i/vendor/codeigniter4/framework/system/Database/MySQLi/Connection.php(331): mysqli->query('SELECT *\nFROM `...')
#1 /usr/local/var/www/app-p4i/vendor/codeigniter4/framework/system/Database/BaseConnection.php(741): CodeIgniter\Database\MySQLi\Connection->execute('SELECT *\nFROM `...')
#2 /usr/local/var/www/app-p4i/vendor/codeigniter4/framework/system/Database/BaseConnection.php(669): CodeIgniter\Database\BaseConnection->simpleQuery('SELECT *\nFROM `...')
#3 /usr/local/var/www/app-p4i/vendor/codeigniter4/framework/system/Database/BaseBuilder.php(1860): CodeIgniter\Database\BaseConnection->query('SELECT *\nFROM `...', Array, false)
#4 /usr/local/var/www/app-p4i/app/Models/Backend/LayananModel.php(24): CodeIgniter\Database\BaseBuilder->get()
#5 /usr/local/var/www/app-p4i/app/Controllers/Home.php(31): App\Models\Backend\LayananModel->getLayananByKategori('Layanan Unggula...')
#6 /usr/local/var/www/app-p4i/vendor/codeigniter4/framework/system/CodeIgniter.php(918): App\Controllers\Home->index()
#7 /usr/local/var/www/app-p4i/vendor/codeigniter4/framework/system/CodeIgniter.php(404): CodeIgniter\CodeIgniter->runController(Object(App\Controllers\Home))
#8 /usr/local/var/www/app-p4i/vendor/codeigniter4/framework/system/CodeIgniter.php(312): CodeIgniter\CodeIgniter->handleRequest(NULL, Object(Config\Cache), false)
#9 /usr/local/var/www/app-p4i/public/index.php(45): CodeIgniter\CodeIgniter->run()
#10 /usr/local/var/www/app-p4i/vendor/codeigniter4/framework/system/Commands/Server/rewrite.php(34): require_once('/usr/local/var/...')
#11 {main}
INFO - 2024-07-24 00:57:36 --> Session: Class initialized using 'CodeIgniter\Session\Handlers\FileHandler' driver.
WARNING - 2024-07-24 00:57:36 --> Session: Sessions is enabled, and one exists.Please don't $session->start();
INFO - 2024-07-24 01:00:32 --> Session: Class initialized using 'CodeIgniter\Session\Handlers\FileHandler' driver.
WARNING - 2024-07-24 01:00:32 --> Session: Sessions is enabled, and one exists.Please don't $session->start();
INFO - 2024-07-24 01:00:40 --> Session: Class initialized using 'CodeIgniter\Session\Handlers\FileHandler' driver.
WARNING - 2024-07-24 01:00:40 --> Session: Sessions is enabled, and one exists.Please don't $session->start();
INFO - 2024-07-24 01:00:44 --> Session: Class initialized using 'CodeIgniter\Session\Handlers\FileHandler' driver.
WARNING - 2024-07-24 01:00:44 --> Session: Sessions is enabled, and one exists.Please don't $session->start();
INFO - 2024-07-24 01:01:01 --> Session: Class initialized using 'CodeIgniter\Session\Handlers\FileHandler' driver.
WARNING - 2024-07-24 01:01:01 --> Session: Sessions is enabled, and one exists.Please don't $session->start();
INFO - 2024-07-24 01:01:36 --> Session: Class initialized using 'CodeIgniter\Session\Handlers\FileHandler' driver.
WARNING - 2024-07-24 01:01:36 --> Session: Sessions is enabled, and one exists.Please don't $session->start();
CRITICAL - 2024-07-24 01:04:01 --> syntax error, unexpected 'width' (T_STRING)
#0 /usr/local/var/www/app-p4i/vendor/codeigniter4/framework/system/Router/Router.php(195): CodeIgniter\Router\Router->autoRoute('informasi/ebook')
#1 /usr/local/var/www/app-p4i/vendor/codeigniter4/framework/system/CodeIgniter.php(793): CodeIgniter\Router\Router->handle('informasi/ebook')
#2 /usr/local/var/www/app-p4i/vendor/codeigniter4/framework/system/CodeIgniter.php(364): CodeIgniter\CodeIgniter->tryToRouteIt(Object(CodeIgniter\Router\RouteCollection))
#3 /usr/local/var/www/app-p4i/vendor/codeigniter4/framework/system/CodeIgniter.php(312): CodeIgniter\CodeIgniter->handleRequest(NULL, Object(Config\Cache), false)
#4 /usr/local/var/www/app-p4i/public/index.php(45): CodeIgniter\CodeIgniter->run()
#5 /usr/local/var/www/app-p4i/vendor/codeigniter4/framework/system/Commands/Server/rewrite.php(34): require_once('/usr/local/var/...')
#6 {main}
INFO - 2024-07-24 01:04:11 --> Session: Class initialized using 'CodeIgniter\Session\Handlers\FileHandler' driver.
WARNING - 2024-07-24 01:04:11 --> Session: Sessions is enabled, and one exists.Please don't $session->start();
INFO - 2024-07-24 01:04:28 --> Session: Class initialized using 'CodeIgniter\Session\Handlers\FileHandler' driver.
WARNING - 2024-07-24 01:04:28 --> Session: Sessions is enabled, and one exists.Please don't $session->start();
INFO - 2024-07-24 01:04:38 --> Session: Class initialized using 'CodeIgniter\Session\Handlers\FileHandler' driver.
WARNING - 2024-07-24 01:04:38 --> Session: Sessions is enabled, and one exists.Please don't $session->start();
INFO - 2024-07-24 01:06:41 --> Session: Class initialized using 'CodeIgniter\Session\Handlers\FileHandler' driver.
WARNING - 2024-07-24 01:06:41 --> Session: Sessions is enabled, and one exists.Please don't $session->start();
INFO - 2024-07-24 01:07:27 --> Session: Class initialized using 'CodeIgniter\Session\Handlers\FileHandler' driver.
WARNING - 2024-07-24 01:07:27 --> Session: Sessions is enabled, and one exists.Please don't $session->start();
INFO - 2024-07-24 01:08:07 --> Session: Class initialized using 'CodeIgniter\Session\Handlers\FileHandler' driver.
WARNING - 2024-07-24 01:08:07 --> Session: Sessions is enabled, and one exists.Please don't $session->start();
INFO - 2024-07-24 01:08:20 --> Session: Class initialized using 'CodeIgniter\Session\Handlers\FileHandler' driver.
WARNING - 2024-07-24 01:08:20 --> Session: Sessions is enabled, and one exists.Please don't $session->start();
ERROR - 2024-07-24 01:08:20 --> mysqli_sql_exception: Table 'cms_p4i.bcms_layanan' doesn't exist in /usr/local/var/www/app-p4i/vendor/codeigniter4/framework/system/Database/MySQLi/Connection.php:331
Stack trace:
#0 /usr/local/var/www/app-p4i/vendor/codeigniter4/framework/system/Database/MySQLi/Connection.php(331): mysqli->query('SELECT *\nFROM `...')
#1 /usr/local/var/www/app-p4i/vendor/codeigniter4/framework/system/Database/BaseConnection.php(741): CodeIgniter\Database\MySQLi\Connection->execute('SELECT *\nFROM `...')
#2 /usr/local/var/www/app-p4i/vendor/codeigniter4/framework/system/Database/BaseConnection.php(669): CodeIgniter\Database\BaseConnection->simpleQuery('SELECT *\nFROM `...')
#3 /usr/local/var/www/app-p4i/vendor/codeigniter4/framework/system/Database/BaseBuilder.php(1860): CodeIgniter\Database\BaseConnection->query('SELECT *\nFROM `...', Array, false)
#4 /usr/local/var/www/app-p4i/app/Models/Backend/LayananModel.php(24): CodeIgniter\Database\BaseBuilder->get()
#5 /usr/local/var/www/app-p4i/app/Controllers/Home.php(31): App\Models\Backend\LayananModel->getLayananByKategori('Layanan Unggula...')
#6 /usr/local/var/www/app-p4i/vendor/codeigniter4/framework/system/CodeIgniter.php(918): App\Controllers\Home->index()
#7 /usr/local/var/www/app-p4i/vendor/codeigniter4/framework/system/CodeIgniter.php(404): CodeIgniter\CodeIgniter->runController(Object(App\Controllers\Home))
#8 /usr/local/var/www/app-p4i/vendor/codeigniter4/framework/system/CodeIgniter.php(312): CodeIgniter\CodeIgniter->handleRequest(NULL, Object(Config\Cache), false)
#9 /usr/local/var/www/app-p4i/public/index.php(45): CodeIgniter\CodeIgniter->run()
#10 /usr/local/var/www/app-p4i/vendor/codeigniter4/framework/system/Commands/Server/rewrite.php(34): require_once('/usr/local/var/...')
#11 {main}
INFO - 2024-07-24 01:08:59 --> Session: Class initialized using 'CodeIgniter\Session\Handlers\FileHandler' driver.
WARNING - 2024-07-24 01:08:59 --> Session: Sessions is enabled, and one exists.Please don't $session->start();
INFO - 2024-07-24 01:09:20 --> Session: Class initialized using 'CodeIgniter\Session\Handlers\FileHandler' driver.
WARNING - 2024-07-24 01:09:20 --> Session: Sessions is enabled, and one exists.Please don't $session->start();
INFO - 2024-07-24 01:09:29 --> Session: Class initialized using 'CodeIgniter\Session\Handlers\FileHandler' driver.
WARNING - 2024-07-24 01:09:29 --> Session: Sessions is enabled, and one exists.Please don't $session->start();
INFO - 2024-07-24 01:09:48 --> Session: Class initialized using 'CodeIgniter\Session\Handlers\FileHandler' driver.
WARNING - 2024-07-24 01:09:48 --> Session: Sessions is enabled, and one exists.Please don't $session->start();
INFO - 2024-07-24 01:10:35 --> Session: Class initialized using 'CodeIgniter\Session\Handlers\FileHandler' driver.
WARNING - 2024-07-24 01:10:35 --> Session: Sessions is enabled, and one exists.Please don't $session->start();
INFO - 2024-07-24 01:10:53 --> Session: Class initialized using 'CodeIgniter\Session\Handlers\FileHandler' driver.
WARNING - 2024-07-24 01:10:53 --> Session: Sessions is enabled, and one exists.Please don't $session->start();
INFO - 2024-07-24 01:10:55 --> Session: Class initialized using 'CodeIgniter\Session\Handlers\FileHandler' driver.
WARNING - 2024-07-24 01:10:55 --> Session: Sessions is enabled, and one exists.Please don't $session->start();
INFO - 2024-07-24 01:10:56 --> Session: Class initialized using 'CodeIgniter\Session\Handlers\FileHandler' driver.
WARNING - 2024-07-24 01:10:56 --> Session: Sessions is enabled, and one exists.Please don't $session->start();
INFO - 2024-07-24 01:11:33 --> Session: Class initialized using 'CodeIgniter\Session\Handlers\FileHandler' driver.
WARNING - 2024-07-24 01:11:33 --> Session: Sessions is enabled, and one exists.Please don't $session->start();
INFO - 2024-07-24 01:12:35 --> Session: Class initialized using 'CodeIgniter\Session\Handlers\FileHandler' driver.
WARNING - 2024-07-24 01:12:35 --> Session: Sessions is enabled, and one exists.Please don't $session->start();
INFO - 2024-07-24 01:12:44 --> Session: Class initialized using 'CodeIgniter\Session\Handlers\FileHandler' driver.
WARNING - 2024-07-24 01:12:44 --> Session: Sessions is enabled, and one exists.Please don't $session->start();
INFO - 2024-07-24 01:13:03 --> Session: Class initialized using 'CodeIgniter\Session\Handlers\FileHandler' driver.
WARNING - 2024-07-24 01:13:03 --> Session: Sessions is enabled, and one exists.Please don't $session->start();
INFO - 2024-07-24 01:13:33 --> Session: Class initialized using 'CodeIgniter\Session\Handlers\FileHandler' driver.
WARNING - 2024-07-24 01:13:33 --> Session: Sessions is enabled, and one exists.Please don't $session->start();
INFO - 2024-07-24 01:16:30 --> Session: Class initialized using 'CodeIgniter\Session\Handlers\FileHandler' driver.
WARNING - 2024-07-24 01:16:30 --> Session: Sessions is enabled, and one exists.Please don't $session->start();
INFO - 2024-07-24 01:18:36 --> Session: Class initialized using 'CodeIgniter\Session\Handlers\FileHandler' driver.
WARNING - 2024-07-24 01:18:36 --> Session: Sessions is enabled, and one exists.Please don't $session->start();
INFO - 2024-07-24 01:19:24 --> Session: Class initialized using 'CodeIgniter\Session\Handlers\FileHandler' driver.
WARNING - 2024-07-24 01:19:24 --> Session: Sessions is enabled, and one exists.Please don't $session->start();
INFO - 2024-07-24 01:21:05 --> Session: Class initialized using 'CodeIgniter\Session\Handlers\FileHandler' driver.
WARNING - 2024-07-24 01:21:05 --> Session: Sessions is enabled, and one exists.Please don't $session->start();
INFO - 2024-07-24 01:21:32 --> Session: Class initialized using 'CodeIgniter\Session\Handlers\FileHandler' driver.
WARNING - 2024-07-24 01:21:32 --> Session: Sessions is enabled, and one exists.Please don't $session->start();
INFO - 2024-07-24 01:21:59 --> Session: Class initialized using 'CodeIgniter\Session\Handlers\FileHandler' driver.
WARNING - 2024-07-24 01:21:59 --> Session: Sessions is enabled, and one exists.Please don't $session->start();
INFO - 2024-07-24 01:24:37 --> Session: Class initialized using 'CodeIgniter\Session\Handlers\FileHandler' driver.
WARNING - 2024-07-24 01:24:37 --> Session: Sessions is enabled, and one exists.Please don't $session->start();
INFO - 2024-07-24 01:27:44 --> Session: Class initialized using 'CodeIgniter\Session\Handlers\FileHandler' driver.
WARNING - 2024-07-24 01:27:44 --> Session: Sessions is enabled, and one exists.Please don't $session->start();
INFO - 2024-07-24 01:30:37 --> Session: Class initialized using 'CodeIgniter\Session\Handlers\FileHandler' driver.
WARNING - 2024-07-24 01:30:37 --> Session: Sessions is enabled, and one exists.Please don't $session->start();
INFO - 2024-07-24 01:32:51 --> Session: Class initialized using 'CodeIgniter\Session\Handlers\FileHandler' driver.
WARNING - 2024-07-24 01:32:51 --> Session: Sessions is enabled, and one exists.Please don't $session->start();
INFO - 2024-07-24 01:34:50 --> Session: Class initialized using 'CodeIgniter\Session\Handlers\FileHandler' driver.
WARNING - 2024-07-24 01:34:50 --> Session: Sessions is enabled, and one exists.Please don't $session->start();
INFO - 2024-07-24 01:38:28 --> Session: Class initialized using 'CodeIgniter\Session\Handlers\FileHandler' driver.
WARNING - 2024-07-24 01:38:28 --> Session: Sessions is enabled, and one exists.Please don't $session->start();
INFO - 2024-07-24 01:39:04 --> Session: Class initialized using 'CodeIgniter\Session\Handlers\FileHandler' driver.
WARNING - 2024-07-24 01:39:04 --> Session: Sessions is enabled, and one exists.Please don't $session->start();
INFO - 2024-07-24 01:39:54 --> Session: Class initialized using 'CodeIgniter\Session\Handlers\FileHandler' driver.
WARNING - 2024-07-24 01:39:54 --> Session: Sessions is enabled, and one exists.Please don't $session->start();
INFO - 2024-07-24 01:40:22 --> Session: Class initialized using 'CodeIgniter\Session\Handlers\FileHandler' driver.
WARNING - 2024-07-24 01:40:22 --> Session: Sessions is enabled, and one exists.Please don't $session->start();
INFO - 2024-07-24 01:41:07 --> Session: Class initialized using 'CodeIgniter\Session\Handlers\FileHandler' driver.
WARNING - 2024-07-24 01:41:07 --> Session: Sessions is enabled, and one exists.Please don't $session->start();
INFO - 2024-07-24 01:41:49 --> Session: Class initialized using 'CodeIgniter\Session\Handlers\FileHandler' driver.
WARNING - 2024-07-24 01:41:49 --> Session: Sessions is enabled, and one exists.Please don't $session->start();
INFO - 2024-07-24 01:42:41 --> Session: Class initialized using 'CodeIgniter\Session\Handlers\FileHandler' driver.
WARNING - 2024-07-24 01:42:41 --> Session: Sessions is enabled, and one exists.Please don't $session->start();
INFO - 2024-07-24 01:42:51 --> Session: Class initialized using 'CodeIgniter\Session\Handlers\FileHandler' driver.
WARNING - 2024-07-24 01:42:51 --> Session: Sessions is enabled, and one exists.Please don't $session->start();
INFO - 2024-07-24 01:44:00 --> Session: Class initialized using 'CodeIgniter\Session\Handlers\FileHandler' driver.
WARNING - 2024-07-24 01:44:00 --> Session: Sessions is enabled, and one exists.Please don't $session->start();
INFO - 2024-07-24 01:49:13 --> Session: Class initialized using 'CodeIgniter\Session\Handlers\FileHandler' driver.
WARNING - 2024-07-24 01:49:13 --> Session: Sessions is enabled, and one exists.Please don't $session->start();
INFO - 2024-07-24 01:49:35 --> Session: Class initialized using 'CodeIgniter\Session\Handlers\FileHandler' driver.
WARNING - 2024-07-24 01:49:35 --> Session: Sessions is enabled, and one exists.Please don't $session->start();
INFO - 2024-07-24 01:49:59 --> Session: Class initialized using 'CodeIgniter\Session\Handlers\FileHandler' driver.
WARNING - 2024-07-24 01:49:59 --> Session: Sessions is enabled, and one exists.Please don't $session->start();
INFO - 2024-07-24 01:50:28 --> Session: Class initialized using 'CodeIgniter\Session\Handlers\FileHandler' driver.
WARNING - 2024-07-24 01:50:28 --> Session: Sessions is enabled, and one exists.Please don't $session->start();
INFO - 2024-07-24 01:51:51 --> Session: Class initialized using 'CodeIgniter\Session\Handlers\FileHandler' driver.
WARNING - 2024-07-24 01:51:51 --> Session: Sessions is enabled, and one exists.Please don't $session->start();
INFO - 2024-07-24 01:52:05 --> Session: Class initialized using 'CodeIgniter\Session\Handlers\FileHandler' driver.
WARNING - 2024-07-24 01:52:05 --> Session: Sessions is enabled, and one exists.Please don't $session->start();
INFO - 2024-07-24 01:53:39 --> Session: Class initialized using 'CodeIgniter\Session\Handlers\FileHandler' driver.
WARNING - 2024-07-24 01:53:39 --> Session: Sessions is enabled, and one exists.Please don't $session->start();
INFO - 2024-07-24 01:56:31 --> Session: Class initialized using 'CodeIgniter\Session\Handlers\FileHandler' driver.
WARNING - 2024-07-24 01:56:31 --> Session: Sessions is enabled, and one exists.Please don't $session->start();
INFO - 2024-07-24 01:57:16 --> Session: Class initialized using 'CodeIgniter\Session\Handlers\FileHandler' driver.
WARNING - 2024-07-24 01:57:16 --> Session: Sessions is enabled, and one exists.Please don't $session->start();
INFO - 2024-07-24 01:57:40 --> Session: Class initialized using 'CodeIgniter\Session\Handlers\FileHandler' driver.
WARNING - 2024-07-24 01:57:40 --> Session: Sessions is enabled, and one exists.Please don't $session->start();
INFO - 2024-07-24 01:58:13 --> Session: Class initialized using 'CodeIgniter\Session\Handlers\FileHandler' driver.
WARNING - 2024-07-24 01:58:13 --> Session: Sessions is enabled, and one exists.Please don't $session->start();
INFO - 2024-07-24 01:58:33 --> Session: Class initialized using 'CodeIgniter\Session\Handlers\FileHandler' driver.
WARNING - 2024-07-24 01:58:33 --> Session: Sessions is enabled, and one exists.Please don't $session->start();
INFO - 2024-07-24 01:59:31 --> Session: Class initialized using 'CodeIgniter\Session\Handlers\FileHandler' driver.
WARNING - 2024-07-24 01:59:31 --> Session: Sessions is enabled, and one exists.Please don't $session->start();
INFO - 2024-07-24 01:59:57 --> Session: Class initialized using 'CodeIgniter\Session\Handlers\FileHandler' driver.
WARNING - 2024-07-24 01:59:57 --> Session: Sessions is enabled, and one exists.Please don't $session->start();
INFO - 2024-07-24 02:00:16 --> Session: Class initialized using 'CodeIgniter\Session\Handlers\FileHandler' driver.
WARNING - 2024-07-24 02:00:16 --> Session: Sessions is enabled, and one exists.Please don't $session->start();
INFO - 2024-07-24 02:00:41 --> Session: Class initialized using 'CodeIgniter\Session\Handlers\FileHandler' driver.
WARNING - 2024-07-24 02:00:41 --> Session: Sessions is enabled, and one exists.Please don't $session->start();
INFO - 2024-07-24 02:01:01 --> Session: Class initialized using 'CodeIgniter\Session\Handlers\FileHandler' driver.
WARNING - 2024-07-24 02:01:01 --> Session: Sessions is enabled, and one exists.Please don't $session->start();
INFO - 2024-07-24 02:03:01 --> Session: Class initialized using 'CodeIgniter\Session\Handlers\FileHandler' driver.
WARNING - 2024-07-24 02:03:01 --> Session: Sessions is enabled, and one exists.Please don't $session->start();
INFO - 2024-07-24 02:03:33 --> Session: Class initialized using 'CodeIgniter\Session\Handlers\FileHandler' driver.
WARNING - 2024-07-24 02:03:33 --> Session: Sessions is enabled, and one exists.Please don't $session->start();
INFO - 2024-07-24 02:03:43 --> Session: Class initialized using 'CodeIgniter\Session\Handlers\FileHandler' driver.
WARNING - 2024-07-24 02:03:43 --> Session: Sessions is enabled, and one exists.Please don't $session->start();
INFO - 2024-07-24 02:04:02 --> Session: Class initialized using 'CodeIgniter\Session\Handlers\FileHandler' driver.
WARNING - 2024-07-24 02:04:02 --> Session: Sessions is enabled, and one exists.Please don't $session->start();
INFO - 2024-07-24 02:04:11 --> Session: Class initialized using 'CodeIgniter\Session\Handlers\FileHandler' driver.
WARNING - 2024-07-24 02:04:11 --> Session: Sessions is enabled, and one exists.Please don't $session->start();
INFO - 2024-07-24 02:08:17 --> Session: Class initialized using 'CodeIgniter\Session\Handlers\FileHandler' driver.
WARNING - 2024-07-24 02:08:17 --> Session: Sessions is enabled, and one exists.Please don't $session->start();
ERROR - 2024-07-24 02:08:18 --> mysqli_sql_exception: Table 'cms_p4i.bcms_layanan' doesn't exist in /usr/local/var/www/app-p4i/vendor/codeigniter4/framework/system/Database/MySQLi/Connection.php:331
Stack trace:
#0 /usr/local/var/www/app-p4i/vendor/codeigniter4/framework/system/Database/MySQLi/Connection.php(331): mysqli->query('SELECT *\nFROM `...')
#1 /usr/local/var/www/app-p4i/vendor/codeigniter4/framework/system/Database/BaseConnection.php(741): CodeIgniter\Database\MySQLi\Connection->execute('SELECT *\nFROM `...')
#2 /usr/local/var/www/app-p4i/vendor/codeigniter4/framework/system/Database/BaseConnection.php(669): CodeIgniter\Database\BaseConnection->simpleQuery('SELECT *\nFROM `...')
#3 /usr/local/var/www/app-p4i/vendor/codeigniter4/framework/system/Database/BaseBuilder.php(1860): CodeIgniter\Database\BaseConnection->query('SELECT *\nFROM `...', Array, false)
#4 /usr/local/var/www/app-p4i/app/Models/Backend/LayananModel.php(24): CodeIgniter\Database\BaseBuilder->get()
#5 /usr/local/var/www/app-p4i/app/Controllers/Home.php(31): App\Models\Backend\LayananModel->getLayananByKategori('Layanan Unggula...')
#6 /usr/local/var/www/app-p4i/vendor/codeigniter4/framework/system/CodeIgniter.php(918): App\Controllers\Home->index()
#7 /usr/local/var/www/app-p4i/vendor/codeigniter4/framework/system/CodeIgniter.php(404): CodeIgniter\CodeIgniter->runController(Object(App\Controllers\Home))
#8 /usr/local/var/www/app-p4i/vendor/codeigniter4/framework/system/CodeIgniter.php(312): CodeIgniter\CodeIgniter->handleRequest(NULL, Object(Config\Cache), false)
#9 /usr/local/var/www/app-p4i/public/index.php(45): CodeIgniter\CodeIgniter->run()
#10 /usr/local/var/www/app-p4i/vendor/codeigniter4/framework/system/Commands/Server/rewrite.php(34): require_once('/usr/local/var/...')
#11 {main}
INFO - 2024-07-24 02:09:24 --> Session: Class initialized using 'CodeIgniter\Session\Handlers\FileHandler' driver.
WARNING - 2024-07-24 02:09:24 --> Session: Sessions is enabled, and one exists.Please don't $session->start();
CRITICAL - 2024-07-24 02:09:24 --> Call to a member function getLayananByKategori() on null
#0 /usr/local/var/www/app-p4i/vendor/codeigniter4/framework/system/CodeIgniter.php(918): App\Controllers\Home->index()
#1 /usr/local/var/www/app-p4i/vendor/codeigniter4/framework/system/CodeIgniter.php(404): CodeIgniter\CodeIgniter->runController(Object(App\Controllers\Home))
#2 /usr/local/var/www/app-p4i/vendor/codeigniter4/framework/system/CodeIgniter.php(312): CodeIgniter\CodeIgniter->handleRequest(NULL, Object(Config\Cache), false)
#3 /usr/local/var/www/app-p4i/public/index.php(45): CodeIgniter\CodeIgniter->run()
#4 /usr/local/var/www/app-p4i/vendor/codeigniter4/framework/system/Commands/Server/rewrite.php(34): require_once('/usr/local/var/...')
#5 {main}
INFO - 2024-07-24 02:10:49 --> Session: Class initialized using 'CodeIgniter\Session\Handlers\FileHandler' driver.
WARNING - 2024-07-24 02:10:49 --> Session: Sessions is enabled, and one exists.Please don't $session->start();
INFO - 2024-07-24 02:11:00 --> Session: Class initialized using 'CodeIgniter\Session\Handlers\FileHandler' driver.
WARNING - 2024-07-24 02:11:00 --> Session: Sessions is enabled, and one exists.Please don't $session->start();
INFO - 2024-07-24 02:11:04 --> Session: Class initialized using 'CodeIgniter\Session\Handlers\FileHandler' driver.
WARNING - 2024-07-24 02:11:04 --> Session: Sessions is enabled, and one exists.Please don't $session->start();
INFO - 2024-07-24 02:11:09 --> Session: Class initialized using 'CodeIgniter\Session\Handlers\FileHandler' driver.
WARNING - 2024-07-24 02:11:09 --> Session: Sessions is enabled, and one exists.Please don't $session->start();
INFO - 2024-07-24 02:11:13 --> Session: Class initialized using 'CodeIgniter\Session\Handlers\FileHandler' driver.
WARNING - 2024-07-24 02:11:13 --> Session: Sessions is enabled, and one exists.Please don't $session->start();
INFO - 2024-07-24 02:11:22 --> Session: Class initialized using 'CodeIgniter\Session\Handlers\FileHandler' driver.
WARNING - 2024-07-24 02:11:22 --> Session: Sessions is enabled, and one exists.Please don't $session->start();
INFO - 2024-07-24 02:20:16 --> Session: Class initialized using 'CodeIgniter\Session\Handlers\FileHandler' driver.
WARNING - 2024-07-24 02:20:16 --> Session: Sessions is enabled, and one exists.Please don't $session->start();
