INFO - 2024-07-30 03:08:53 --> Session: Class initialized using 'CodeIgniter\Session\Handlers\FileHandler' driver.
WARNING - 2024-07-30 03:08:53 --> Session: Sessions is enabled, and one exists.Please don't $session->start();
INFO - 2024-07-30 07:38:07 --> Session: Class initialized using 'CodeIgniter\Session\Handlers\FileHandler' driver.
WARNING - 2024-07-30 07:38:07 --> Session: Sessions is enabled, and one exists.Please don't $session->start();
INFO - 2024-07-30 08:08:08 --> Session: Class initialized using 'CodeIgniter\Session\Handlers\FileHandler' driver.
WARNING - 2024-07-30 08:08:08 --> Session: Sessions is enabled, and one exists.Please don't $session->start();
INFO - 2024-07-30 08:38:08 --> Session: Class initialized using 'CodeIgniter\Session\Handlers\FileHandler' driver.
WARNING - 2024-07-30 08:38:08 --> Session: Sessions is enabled, and one exists.Please don't $session->start();
INFO - 2024-07-30 09:00:30 --> Session: Class initialized using 'CodeIgniter\Session\Handlers\FileHandler' driver.
WARNING - 2024-07-30 09:00:30 --> Session: Sessions is enabled, and one exists.Please don't $session->start();
INFO - 2024-07-30 09:29:24 --> Session: Class initialized using 'CodeIgniter\Session\Handlers\FileHandler' driver.
WARNING - 2024-07-30 09:29:24 --> Session: Sessions is enabled, and one exists.Please don't $session->start();
INFO - 2024-07-30 09:29:26 --> Session: Class initialized using 'CodeIgniter\Session\Handlers\FileHandler' driver.
WARNING - 2024-07-30 09:29:26 --> Session: Sessions is enabled, and one exists.Please don't $session->start();
INFO - 2024-07-30 09:29:31 --> Session: Class initialized using 'CodeIgniter\Session\Handlers\FileHandler' driver.
WARNING - 2024-07-30 09:29:31 --> Session: Sessions is enabled, and one exists.Please don't $session->start();
INFO - 2024-07-30 09:29:57 --> Session: Class initialized using 'CodeIgniter\Session\Handlers\FileHandler' driver.
WARNING - 2024-07-30 09:29:57 --> Session: Sessions is enabled, and one exists.Please don't $session->start();
INFO - 2024-07-30 09:30:03 --> Session: Class initialized using 'CodeIgniter\Session\Handlers\FileHandler' driver.
WARNING - 2024-07-30 09:30:03 --> Session: Sessions is enabled, and one exists.Please don't $session->start();
INFO - 2024-07-30 09:30:05 --> Session: Class initialized using 'CodeIgniter\Session\Handlers\FileHandler' driver.
INFO - 2024-07-30 09:30:11 --> Session: Class initialized using 'CodeIgniter\Session\Handlers\FileHandler' driver.
WARNING - 2024-07-30 09:30:11 --> Session: Sessions is enabled, and one exists.Please don't $session->start();
INFO - 2024-07-30 09:30:12 --> Session: Class initialized using 'CodeIgniter\Session\Handlers\FileHandler' driver.
WARNING - 2024-07-30 09:30:12 --> Session: Sessions is enabled, and one exists.Please don't $session->start();
INFO - 2024-07-30 09:30:14 --> Session: Class initialized using 'CodeIgniter\Session\Handlers\FileHandler' driver.
WARNING - 2024-07-30 09:30:14 --> Session: Sessions is enabled, and one exists.Please don't $session->start();
INFO - 2024-07-30 09:30:14 --> Session: Class initialized using 'CodeIgniter\Session\Handlers\FileHandler' driver.
WARNING - 2024-07-30 09:30:14 --> Session: Sessions is enabled, and one exists.Please don't $session->start();
INFO - 2024-07-30 09:31:56 --> Session: Class initialized using 'CodeIgniter\Session\Handlers\FileHandler' driver.
WARNING - 2024-07-30 09:31:56 --> Session: Sessions is enabled, and one exists.Please don't $session->start();
INFO - 2024-07-30 09:31:58 --> Session: Class initialized using 'CodeIgniter\Session\Handlers\FileHandler' driver.
WARNING - 2024-07-30 09:31:58 --> Session: Sessions is enabled, and one exists.Please don't $session->start();
INFO - 2024-07-30 09:31:59 --> Session: Class initialized using 'CodeIgniter\Session\Handlers\FileHandler' driver.
WARNING - 2024-07-30 09:31:59 --> Session: Sessions is enabled, and one exists.Please don't $session->start();
INFO - 2024-07-30 09:32:01 --> Session: Class initialized using 'CodeIgniter\Session\Handlers\FileHandler' driver.
WARNING - 2024-07-30 09:32:01 --> Session: Sessions is enabled, and one exists.Please don't $session->start();
INFO - 2024-07-30 09:32:07 --> Session: Class initialized using 'CodeIgniter\Session\Handlers\FileHandler' driver.
WARNING - 2024-07-30 09:32:07 --> Session: Sessions is enabled, and one exists.Please don't $session->start();
INFO - 2024-07-30 09:32:25 --> Session: Class initialized using 'CodeIgniter\Session\Handlers\FileHandler' driver.
INFO - 2024-07-30 09:32:30 --> Session: Class initialized using 'CodeIgniter\Session\Handlers\FileHandler' driver.
INFO - 2024-07-30 09:32:32 --> Session: Class initialized using 'CodeIgniter\Session\Handlers\FileHandler' driver.
WARNING - 2024-07-30 09:32:32 --> Session: Sessions is enabled, and one exists.Please don't $session->start();
INFO - 2024-07-30 09:32:33 --> Session: Class initialized using 'CodeIgniter\Session\Handlers\FileHandler' driver.
WARNING - 2024-07-30 09:32:33 --> Session: Sessions is enabled, and one exists.Please don't $session->start();
INFO - 2024-07-30 09:32:36 --> Session: Class initialized using 'CodeIgniter\Session\Handlers\FileHandler' driver.
WARNING - 2024-07-30 09:32:36 --> Session: Sessions is enabled, and one exists.Please don't $session->start();
INFO - 2024-07-30 09:32:36 --> Session: Class initialized using 'CodeIgniter\Session\Handlers\FileHandler' driver.
WARNING - 2024-07-30 09:32:36 --> Session: Sessions is enabled, and one exists.Please don't $session->start();
INFO - 2024-07-30 09:32:37 --> Session: Class initialized using 'CodeIgniter\Session\Handlers\FileHandler' driver.
WARNING - 2024-07-30 09:32:37 --> Session: Sessions is enabled, and one exists.Please don't $session->start();
INFO - 2024-07-30 09:32:37 --> Session: Class initialized using 'CodeIgniter\Session\Handlers\FileHandler' driver.
WARNING - 2024-07-30 09:32:37 --> Session: Sessions is enabled, and one exists.Please don't $session->start();
INFO - 2024-07-30 09:32:39 --> Session: Class initialized using 'CodeIgniter\Session\Handlers\FileHandler' driver.
WARNING - 2024-07-30 09:32:39 --> Session: Sessions is enabled, and one exists.Please don't $session->start();
INFO - 2024-07-30 09:32:39 --> Session: Class initialized using 'CodeIgniter\Session\Handlers\FileHandler' driver.
WARNING - 2024-07-30 09:32:39 --> Session: Sessions is enabled, and one exists.Please don't $session->start();
INFO - 2024-07-30 09:32:40 --> Session: Class initialized using 'CodeIgniter\Session\Handlers\FileHandler' driver.
WARNING - 2024-07-30 09:32:40 --> Session: Sessions is enabled, and one exists.Please don't $session->start();
INFO - 2024-07-30 09:32:41 --> Session: Class initialized using 'CodeIgniter\Session\Handlers\FileHandler' driver.
WARNING - 2024-07-30 09:32:41 --> Session: Sessions is enabled, and one exists.Please don't $session->start();
INFO - 2024-07-30 09:32:42 --> Session: Class initialized using 'CodeIgniter\Session\Handlers\FileHandler' driver.
INFO - 2024-07-30 09:33:26 --> Session: Class initialized using 'CodeIgniter\Session\Handlers\FileHandler' driver.
WARNING - 2024-07-30 09:33:26 --> Session: Sessions is enabled, and one exists.Please don't $session->start();
INFO - 2024-07-30 09:33:27 --> Session: Class initialized using 'CodeIgniter\Session\Handlers\FileHandler' driver.
WARNING - 2024-07-30 09:33:27 --> Session: Sessions is enabled, and one exists.Please don't $session->start();
INFO - 2024-07-30 09:33:37 --> Session: Class initialized using 'CodeIgniter\Session\Handlers\FileHandler' driver.
WARNING - 2024-07-30 09:33:37 --> Session: Sessions is enabled, and one exists.Please don't $session->start();
INFO - 2024-07-30 09:33:37 --> Session: Class initialized using 'CodeIgniter\Session\Handlers\FileHandler' driver.
WARNING - 2024-07-30 09:33:37 --> Session: Sessions is enabled, and one exists.Please don't $session->start();
INFO - 2024-07-30 09:33:48 --> Session: Class initialized using 'CodeIgniter\Session\Handlers\FileHandler' driver.
WARNING - 2024-07-30 09:33:48 --> Session: Sessions is enabled, and one exists.Please don't $session->start();
INFO - 2024-07-30 09:33:48 --> Session: Class initialized using 'CodeIgniter\Session\Handlers\FileHandler' driver.
WARNING - 2024-07-30 09:33:48 --> Session: Sessions is enabled, and one exists.Please don't $session->start();
INFO - 2024-07-30 09:33:52 --> Session: Class initialized using 'CodeIgniter\Session\Handlers\FileHandler' driver.
WARNING - 2024-07-30 09:33:52 --> Session: Sessions is enabled, and one exists.Please don't $session->start();
INFO - 2024-07-30 09:33:52 --> Session: Class initialized using 'CodeIgniter\Session\Handlers\FileHandler' driver.
WARNING - 2024-07-30 09:33:52 --> Session: Sessions is enabled, and one exists.Please don't $session->start();
INFO - 2024-07-30 10:03:52 --> Session: Class initialized using 'CodeIgniter\Session\Handlers\FileHandler' driver.
WARNING - 2024-07-30 10:03:52 --> Session: Sessions is enabled, and one exists.Please don't $session->start();
INFO - 2024-07-30 10:03:53 --> Session: Class initialized using 'CodeIgniter\Session\Handlers\FileHandler' driver.
WARNING - 2024-07-30 10:03:53 --> Session: Sessions is enabled, and one exists.Please don't $session->start();
INFO - 2024-07-30 10:33:53 --> Session: Class initialized using 'CodeIgniter\Session\Handlers\FileHandler' driver.
WARNING - 2024-07-30 10:33:53 --> Session: Sessions is enabled, and one exists.Please don't $session->start();
INFO - 2024-07-30 10:33:54 --> Session: Class initialized using 'CodeIgniter\Session\Handlers\FileHandler' driver.
WARNING - 2024-07-30 10:33:54 --> Session: Sessions is enabled, and one exists.Please don't $session->start();
INFO - 2024-07-30 11:03:54 --> Session: Class initialized using 'CodeIgniter\Session\Handlers\FileHandler' driver.
WARNING - 2024-07-30 11:03:54 --> Session: Sessions is enabled, and one exists.Please don't $session->start();
INFO - 2024-07-30 11:03:54 --> Session: Class initialized using 'CodeIgniter\Session\Handlers\FileHandler' driver.
WARNING - 2024-07-30 11:03:54 --> Session: Sessions is enabled, and one exists.Please don't $session->start();
INFO - 2024-07-30 11:25:41 --> Session: Class initialized using 'CodeIgniter\Session\Handlers\FileHandler' driver.
WARNING - 2024-07-30 11:25:41 --> Session: Sessions is enabled, and one exists.Please don't $session->start();
INFO - 2024-07-30 11:25:43 --> Session: Class initialized using 'CodeIgniter\Session\Handlers\FileHandler' driver.
WARNING - 2024-07-30 11:25:43 --> Session: Sessions is enabled, and one exists.Please don't $session->start();
INFO - 2024-07-30 11:27:16 --> Session: Class initialized using 'CodeIgniter\Session\Handlers\FileHandler' driver.
WARNING - 2024-07-30 11:27:16 --> Session: Sessions is enabled, and one exists.Please don't $session->start();
INFO - 2024-07-30 11:27:18 --> Session: Class initialized using 'CodeIgniter\Session\Handlers\FileHandler' driver.
WARNING - 2024-07-30 11:27:18 --> Session: Sessions is enabled, and one exists.Please don't $session->start();
INFO - 2024-07-30 11:27:32 --> Session: Class initialized using 'CodeIgniter\Session\Handlers\FileHandler' driver.
WARNING - 2024-07-30 11:27:32 --> Session: Sessions is enabled, and one exists.Please don't $session->start();
INFO - 2024-07-30 11:27:32 --> Session: Class initialized using 'CodeIgniter\Session\Handlers\FileHandler' driver.
WARNING - 2024-07-30 11:27:32 --> Session: Sessions is enabled, and one exists.Please don't $session->start();
INFO - 2024-07-30 11:42:17 --> Session: Class initialized using 'CodeIgniter\Session\Handlers\FileHandler' driver.
WARNING - 2024-07-30 11:42:17 --> Session: Sessions is enabled, and one exists.Please don't $session->start();
INFO - 2024-07-30 11:42:19 --> Session: Class initialized using 'CodeIgniter\Session\Handlers\FileHandler' driver.
WARNING - 2024-07-30 11:42:19 --> Session: Sessions is enabled, and one exists.Please don't $session->start();
INFO - 2024-07-30 11:43:12 --> Session: Class initialized using 'CodeIgniter\Session\Handlers\FileHandler' driver.
WARNING - 2024-07-30 11:43:12 --> Session: Sessions is enabled, and one exists.Please don't $session->start();
INFO - 2024-07-30 11:43:14 --> Session: Class initialized using 'CodeIgniter\Session\Handlers\FileHandler' driver.
WARNING - 2024-07-30 11:43:14 --> Session: Sessions is enabled, and one exists.Please don't $session->start();
INFO - 2024-07-30 11:47:21 --> Session: Class initialized using 'CodeIgniter\Session\Handlers\FileHandler' driver.
WARNING - 2024-07-30 11:47:21 --> Session: Sessions is enabled, and one exists.Please don't $session->start();
INFO - 2024-07-30 11:47:23 --> Session: Class initialized using 'CodeIgniter\Session\Handlers\FileHandler' driver.
WARNING - 2024-07-30 11:47:23 --> Session: Sessions is enabled, and one exists.Please don't $session->start();
INFO - 2024-07-30 11:58:44 --> Session: Class initialized using 'CodeIgniter\Session\Handlers\FileHandler' driver.
WARNING - 2024-07-30 11:58:44 --> Session: Sessions is enabled, and one exists.Please don't $session->start();
INFO - 2024-07-30 11:58:45 --> Session: Class initialized using 'CodeIgniter\Session\Handlers\FileHandler' driver.
WARNING - 2024-07-30 11:58:45 --> Session: Sessions is enabled, and one exists.Please don't $session->start();
INFO - 2024-07-30 11:59:24 --> Session: Class initialized using 'CodeIgniter\Session\Handlers\FileHandler' driver.
WARNING - 2024-07-30 11:59:24 --> Session: Sessions is enabled, and one exists.Please don't $session->start();
INFO - 2024-07-30 11:59:26 --> Session: Class initialized using 'CodeIgniter\Session\Handlers\FileHandler' driver.
WARNING - 2024-07-30 11:59:26 --> Session: Sessions is enabled, and one exists.Please don't $session->start();
INFO - 2024-07-30 11:59:28 --> Session: Class initialized using 'CodeIgniter\Session\Handlers\FileHandler' driver.
WARNING - 2024-07-30 11:59:28 --> Session: Sessions is enabled, and one exists.Please don't $session->start();
INFO - 2024-07-30 11:59:28 --> Session: Class initialized using 'CodeIgniter\Session\Handlers\FileHandler' driver.
WARNING - 2024-07-30 11:59:28 --> Session: Sessions is enabled, and one exists.Please don't $session->start();
INFO - 2024-07-30 12:01:13 --> Session: Class initialized using 'CodeIgniter\Session\Handlers\FileHandler' driver.
WARNING - 2024-07-30 12:01:13 --> Session: Sessions is enabled, and one exists.Please don't $session->start();
INFO - 2024-07-30 12:01:15 --> Session: Class initialized using 'CodeIgniter\Session\Handlers\FileHandler' driver.
WARNING - 2024-07-30 12:01:15 --> Session: Sessions is enabled, and one exists.Please don't $session->start();
INFO - 2024-07-30 12:01:16 --> Session: Class initialized using 'CodeIgniter\Session\Handlers\FileHandler' driver.
WARNING - 2024-07-30 12:01:16 --> Session: Sessions is enabled, and one exists.Please don't $session->start();
INFO - 2024-07-30 12:01:16 --> Session: Class initialized using 'CodeIgniter\Session\Handlers\FileHandler' driver.
WARNING - 2024-07-30 12:01:16 --> Session: Sessions is enabled, and one exists.Please don't $session->start();
INFO - 2024-07-30 12:08:46 --> Session: Class initialized using 'CodeIgniter\Session\Handlers\FileHandler' driver.
WARNING - 2024-07-30 12:08:46 --> Session: Sessions is enabled, and one exists.Please don't $session->start();
INFO - 2024-07-30 12:08:48 --> Session: Class initialized using 'CodeIgniter\Session\Handlers\FileHandler' driver.
WARNING - 2024-07-30 12:08:48 --> Session: Sessions is enabled, and one exists.Please don't $session->start();
INFO - 2024-07-30 12:08:50 --> Session: Class initialized using 'CodeIgniter\Session\Handlers\FileHandler' driver.
WARNING - 2024-07-30 12:08:50 --> Session: Sessions is enabled, and one exists.Please don't $session->start();
INFO - 2024-07-30 12:08:50 --> Session: Class initialized using 'CodeIgniter\Session\Handlers\FileHandler' driver.
WARNING - 2024-07-30 12:08:50 --> Session: Sessions is enabled, and one exists.Please don't $session->start();
INFO - 2024-07-30 12:10:31 --> Session: Class initialized using 'CodeIgniter\Session\Handlers\FileHandler' driver.
WARNING - 2024-07-30 12:10:31 --> Session: Sessions is enabled, and one exists.Please don't $session->start();
INFO - 2024-07-30 12:10:32 --> Session: Class initialized using 'CodeIgniter\Session\Handlers\FileHandler' driver.
WARNING - 2024-07-30 12:10:32 --> Session: Sessions is enabled, and one exists.Please don't $session->start();
INFO - 2024-07-30 12:10:33 --> Session: Class initialized using 'CodeIgniter\Session\Handlers\FileHandler' driver.
WARNING - 2024-07-30 12:10:33 --> Session: Sessions is enabled, and one exists.Please don't $session->start();
INFO - 2024-07-30 12:10:33 --> Session: Class initialized using 'CodeIgniter\Session\Handlers\FileHandler' driver.
WARNING - 2024-07-30 12:10:33 --> Session: Sessions is enabled, and one exists.Please don't $session->start();
INFO - 2024-07-30 12:12:18 --> Session: Class initialized using 'CodeIgniter\Session\Handlers\FileHandler' driver.
WARNING - 2024-07-30 12:12:18 --> Session: Sessions is enabled, and one exists.Please don't $session->start();
INFO - 2024-07-30 12:12:20 --> Session: Class initialized using 'CodeIgniter\Session\Handlers\FileHandler' driver.
WARNING - 2024-07-30 12:12:20 --> Session: Sessions is enabled, and one exists.Please don't $session->start();
INFO - 2024-07-30 12:12:21 --> Session: Class initialized using 'CodeIgniter\Session\Handlers\FileHandler' driver.
WARNING - 2024-07-30 12:12:21 --> Session: Sessions is enabled, and one exists.Please don't $session->start();
INFO - 2024-07-30 12:12:21 --> Session: Class initialized using 'CodeIgniter\Session\Handlers\FileHandler' driver.
WARNING - 2024-07-30 12:12:21 --> Session: Sessions is enabled, and one exists.Please don't $session->start();
INFO - 2024-07-30 12:12:42 --> Session: Class initialized using 'CodeIgniter\Session\Handlers\FileHandler' driver.
WARNING - 2024-07-30 12:12:42 --> Session: Sessions is enabled, and one exists.Please don't $session->start();
INFO - 2024-07-30 12:12:57 --> Session: Class initialized using 'CodeIgniter\Session\Handlers\FileHandler' driver.
WARNING - 2024-07-30 12:12:57 --> Session: Sessions is enabled, and one exists.Please don't $session->start();
INFO - 2024-07-30 12:12:57 --> Session: Class initialized using 'CodeIgniter\Session\Handlers\FileHandler' driver.
WARNING - 2024-07-30 12:12:57 --> Session: Sessions is enabled, and one exists.Please don't $session->start();
INFO - 2024-07-30 12:15:30 --> Session: Class initialized using 'CodeIgniter\Session\Handlers\FileHandler' driver.
WARNING - 2024-07-30 12:15:30 --> Session: Sessions is enabled, and one exists.Please don't $session->start();
INFO - 2024-07-30 12:15:32 --> Session: Class initialized using 'CodeIgniter\Session\Handlers\FileHandler' driver.
WARNING - 2024-07-30 12:15:32 --> Session: Sessions is enabled, and one exists.Please don't $session->start();
INFO - 2024-07-30 12:15:38 --> Session: Class initialized using 'CodeIgniter\Session\Handlers\FileHandler' driver.
WARNING - 2024-07-30 12:15:38 --> Session: Sessions is enabled, and one exists.Please don't $session->start();
INFO - 2024-07-30 12:15:38 --> Session: Class initialized using 'CodeIgniter\Session\Handlers\FileHandler' driver.
WARNING - 2024-07-30 12:15:38 --> Session: Sessions is enabled, and one exists.Please don't $session->start();
INFO - 2024-07-30 12:16:52 --> Session: Class initialized using 'CodeIgniter\Session\Handlers\FileHandler' driver.
WARNING - 2024-07-30 12:16:52 --> Session: Sessions is enabled, and one exists.Please don't $session->start();
INFO - 2024-07-30 12:16:53 --> Session: Class initialized using 'CodeIgniter\Session\Handlers\FileHandler' driver.
WARNING - 2024-07-30 12:16:53 --> Session: Sessions is enabled, and one exists.Please don't $session->start();
INFO - 2024-07-30 12:16:57 --> Session: Class initialized using 'CodeIgniter\Session\Handlers\FileHandler' driver.
WARNING - 2024-07-30 12:16:57 --> Session: Sessions is enabled, and one exists.Please don't $session->start();
INFO - 2024-07-30 12:16:57 --> Session: Class initialized using 'CodeIgniter\Session\Handlers\FileHandler' driver.
WARNING - 2024-07-30 12:16:57 --> Session: Sessions is enabled, and one exists.Please don't $session->start();
INFO - 2024-07-30 12:17:11 --> Session: Class initialized using 'CodeIgniter\Session\Handlers\FileHandler' driver.
WARNING - 2024-07-30 12:17:11 --> Session: Sessions is enabled, and one exists.Please don't $session->start();
INFO - 2024-07-30 12:17:11 --> Session: Class initialized using 'CodeIgniter\Session\Handlers\FileHandler' driver.
WARNING - 2024-07-30 12:17:11 --> Session: Sessions is enabled, and one exists.Please don't $session->start();
INFO - 2024-07-30 12:19:41 --> Session: Class initialized using 'CodeIgniter\Session\Handlers\FileHandler' driver.
WARNING - 2024-07-30 12:19:41 --> Session: Sessions is enabled, and one exists.Please don't $session->start();
CRITICAL - 2024-07-30 12:19:41 --> You must set the database table to be used with your query.
#0 /usr/local/var/www/app-p4i/vendor/codeigniter4/framework/system/Model.php(1237): CodeIgniter\Database\BaseConnection->table(NULL)
#1 /usr/local/var/www/app-p4i/vendor/codeigniter4/framework/system/Model.php(1816): CodeIgniter\Model->builder()
#2 /usr/local/var/www/app-p4i/app/Controllers/Backend/Berita.php(488): CodeIgniter\Model->__call('updateData', Array)
#3 /usr/local/var/www/app-p4i/vendor/codeigniter4/framework/system/CodeIgniter.php(918): App\Controllers\Backend\Berita->update_data()
#4 /usr/local/var/www/app-p4i/vendor/codeigniter4/framework/system/CodeIgniter.php(404): CodeIgniter\CodeIgniter->runController(Object(App\Controllers\Backend\Berita))
#5 /usr/local/var/www/app-p4i/vendor/codeigniter4/framework/system/CodeIgniter.php(312): CodeIgniter\CodeIgniter->handleRequest(NULL, Object(Config\Cache), false)
#6 /usr/local/var/www/app-p4i/public/index.php(45): CodeIgniter\CodeIgniter->run()
#7 /usr/local/var/www/app-p4i/vendor/codeigniter4/framework/system/Commands/Server/rewrite.php(34): require_once('/usr/local/var/...')
#8 {main}
INFO - 2024-07-30 12:22:22 --> Session: Class initialized using 'CodeIgniter\Session\Handlers\FileHandler' driver.
WARNING - 2024-07-30 12:22:22 --> Session: Sessions is enabled, and one exists.Please don't $session->start();
CRITICAL - 2024-07-30 12:22:22 --> You must set the database table to be used with your query.
#0 /usr/local/var/www/app-p4i/vendor/codeigniter4/framework/system/Model.php(1237): CodeIgniter\Database\BaseConnection->table(NULL)
#1 /usr/local/var/www/app-p4i/vendor/codeigniter4/framework/system/Model.php(1816): CodeIgniter\Model->builder()
#2 /usr/local/var/www/app-p4i/app/Controllers/Backend/Berita.php(488): CodeIgniter\Model->__call('updateData', Array)
#3 /usr/local/var/www/app-p4i/vendor/codeigniter4/framework/system/CodeIgniter.php(918): App\Controllers\Backend\Berita->update_data()
#4 /usr/local/var/www/app-p4i/vendor/codeigniter4/framework/system/CodeIgniter.php(404): CodeIgniter\CodeIgniter->runController(Object(App\Controllers\Backend\Berita))
#5 /usr/local/var/www/app-p4i/vendor/codeigniter4/framework/system/CodeIgniter.php(312): CodeIgniter\CodeIgniter->handleRequest(NULL, Object(Config\Cache), false)
#6 /usr/local/var/www/app-p4i/public/index.php(45): CodeIgniter\CodeIgniter->run()
#7 /usr/local/var/www/app-p4i/vendor/codeigniter4/framework/system/Commands/Server/rewrite.php(34): require_once('/usr/local/var/...')
#8 {main}
INFO - 2024-07-30 12:22:26 --> Session: Class initialized using 'CodeIgniter\Session\Handlers\FileHandler' driver.
WARNING - 2024-07-30 12:22:26 --> Session: Sessions is enabled, and one exists.Please don't $session->start();
INFO - 2024-07-30 12:22:27 --> Session: Class initialized using 'CodeIgniter\Session\Handlers\FileHandler' driver.
WARNING - 2024-07-30 12:22:27 --> Session: Sessions is enabled, and one exists.Please don't $session->start();
INFO - 2024-07-30 12:22:31 --> Session: Class initialized using 'CodeIgniter\Session\Handlers\FileHandler' driver.
WARNING - 2024-07-30 12:22:31 --> Session: Sessions is enabled, and one exists.Please don't $session->start();
INFO - 2024-07-30 12:22:31 --> Session: Class initialized using 'CodeIgniter\Session\Handlers\FileHandler' driver.
WARNING - 2024-07-30 12:22:31 --> Session: Sessions is enabled, and one exists.Please don't $session->start();
INFO - 2024-07-30 12:23:54 --> Session: Class initialized using 'CodeIgniter\Session\Handlers\FileHandler' driver.
WARNING - 2024-07-30 12:23:54 --> Session: Sessions is enabled, and one exists.Please don't $session->start();
INFO - 2024-07-30 12:23:56 --> Session: Class initialized using 'CodeIgniter\Session\Handlers\FileHandler' driver.
WARNING - 2024-07-30 12:23:56 --> Session: Sessions is enabled, and one exists.Please don't $session->start();
INFO - 2024-07-30 12:23:58 --> Session: Class initialized using 'CodeIgniter\Session\Handlers\FileHandler' driver.
WARNING - 2024-07-30 12:23:58 --> Session: Sessions is enabled, and one exists.Please don't $session->start();
INFO - 2024-07-30 12:23:58 --> Session: Class initialized using 'CodeIgniter\Session\Handlers\FileHandler' driver.
WARNING - 2024-07-30 12:23:58 --> Session: Sessions is enabled, and one exists.Please don't $session->start();
INFO - 2024-07-30 12:24:37 --> Session: Class initialized using 'CodeIgniter\Session\Handlers\FileHandler' driver.
WARNING - 2024-07-30 12:24:37 --> Session: Sessions is enabled, and one exists.Please don't $session->start();
INFO - 2024-07-30 12:24:38 --> Session: Class initialized using 'CodeIgniter\Session\Handlers\FileHandler' driver.
WARNING - 2024-07-30 12:24:38 --> Session: Sessions is enabled, and one exists.Please don't $session->start();
INFO - 2024-07-30 12:24:40 --> Session: Class initialized using 'CodeIgniter\Session\Handlers\FileHandler' driver.
WARNING - 2024-07-30 12:24:40 --> Session: Sessions is enabled, and one exists.Please don't $session->start();
INFO - 2024-07-30 12:24:40 --> Session: Class initialized using 'CodeIgniter\Session\Handlers\FileHandler' driver.
WARNING - 2024-07-30 12:24:40 --> Session: Sessions is enabled, and one exists.Please don't $session->start();
INFO - 2024-07-30 12:24:47 --> Session: Class initialized using 'CodeIgniter\Session\Handlers\FileHandler' driver.
WARNING - 2024-07-30 12:24:47 --> Session: Sessions is enabled, and one exists.Please don't $session->start();
CRITICAL - 2024-07-30 12:24:47 --> You must set the database table to be used with your query.
#0 /usr/local/var/www/app-p4i/vendor/codeigniter4/framework/system/Model.php(1237): CodeIgniter\Database\BaseConnection->table(NULL)
#1 /usr/local/var/www/app-p4i/vendor/codeigniter4/framework/system/Model.php(1816): CodeIgniter\Model->builder()
#2 /usr/local/var/www/app-p4i/app/Controllers/Backend/Berita.php(487): CodeIgniter\Model->__call('updateData', Array)
#3 /usr/local/var/www/app-p4i/vendor/codeigniter4/framework/system/CodeIgniter.php(918): App\Controllers\Backend\Berita->update_data()
#4 /usr/local/var/www/app-p4i/vendor/codeigniter4/framework/system/CodeIgniter.php(404): CodeIgniter\CodeIgniter->runController(Object(App\Controllers\Backend\Berita))
#5 /usr/local/var/www/app-p4i/vendor/codeigniter4/framework/system/CodeIgniter.php(312): CodeIgniter\CodeIgniter->handleRequest(NULL, Object(Config\Cache), false)
#6 /usr/local/var/www/app-p4i/public/index.php(45): CodeIgniter\CodeIgniter->run()
#7 /usr/local/var/www/app-p4i/vendor/codeigniter4/framework/system/Commands/Server/rewrite.php(34): require_once('/usr/local/var/...')
#8 {main}
INFO - 2024-07-30 12:24:52 --> Session: Class initialized using 'CodeIgniter\Session\Handlers\FileHandler' driver.
WARNING - 2024-07-30 12:24:52 --> Session: Sessions is enabled, and one exists.Please don't $session->start();
INFO - 2024-07-30 12:25:59 --> Session: Class initialized using 'CodeIgniter\Session\Handlers\FileHandler' driver.
WARNING - 2024-07-30 12:25:59 --> Session: Sessions is enabled, and one exists.Please don't $session->start();
CRITICAL - 2024-07-30 12:25:59 --> You must set the database table to be used with your query.
#0 /usr/local/var/www/app-p4i/vendor/codeigniter4/framework/system/Model.php(1237): CodeIgniter\Database\BaseConnection->table(NULL)
#1 /usr/local/var/www/app-p4i/vendor/codeigniter4/framework/system/Model.php(1816): CodeIgniter\Model->builder()
#2 /usr/local/var/www/app-p4i/app/Controllers/Backend/Berita.php(487): CodeIgniter\Model->__call('updateData', Array)
#3 /usr/local/var/www/app-p4i/vendor/codeigniter4/framework/system/CodeIgniter.php(918): App\Controllers\Backend\Berita->update_data()
#4 /usr/local/var/www/app-p4i/vendor/codeigniter4/framework/system/CodeIgniter.php(404): CodeIgniter\CodeIgniter->runController(Object(App\Controllers\Backend\Berita))
#5 /usr/local/var/www/app-p4i/vendor/codeigniter4/framework/system/CodeIgniter.php(312): CodeIgniter\CodeIgniter->handleRequest(NULL, Object(Config\Cache), false)
#6 /usr/local/var/www/app-p4i/public/index.php(45): CodeIgniter\CodeIgniter->run()
#7 /usr/local/var/www/app-p4i/vendor/codeigniter4/framework/system/Commands/Server/rewrite.php(34): require_once('/usr/local/var/...')
#8 {main}
INFO - 2024-07-30 12:26:27 --> Session: Class initialized using 'CodeIgniter\Session\Handlers\FileHandler' driver.
WARNING - 2024-07-30 12:26:27 --> Session: Sessions is enabled, and one exists.Please don't $session->start();
INFO - 2024-07-30 12:26:27 --> Session: Class initialized using 'CodeIgniter\Session\Handlers\FileHandler' driver.
WARNING - 2024-07-30 12:26:27 --> Session: Sessions is enabled, and one exists.Please don't $session->start();
INFO - 2024-07-30 12:26:30 --> Session: Class initialized using 'CodeIgniter\Session\Handlers\FileHandler' driver.
WARNING - 2024-07-30 12:26:30 --> Session: Sessions is enabled, and one exists.Please don't $session->start();
INFO - 2024-07-30 12:26:30 --> Session: Class initialized using 'CodeIgniter\Session\Handlers\FileHandler' driver.
WARNING - 2024-07-30 12:26:30 --> Session: Sessions is enabled, and one exists.Please don't $session->start();
INFO - 2024-07-30 12:43:41 --> Session: Class initialized using 'CodeIgniter\Session\Handlers\FileHandler' driver.
WARNING - 2024-07-30 12:43:41 --> Session: Sessions is enabled, and one exists.Please don't $session->start();
INFO - 2024-07-30 12:43:42 --> Session: Class initialized using 'CodeIgniter\Session\Handlers\FileHandler' driver.
WARNING - 2024-07-30 12:43:42 --> Session: Sessions is enabled, and one exists.Please don't $session->start();
INFO - 2024-07-30 12:43:48 --> Session: Class initialized using 'CodeIgniter\Session\Handlers\FileHandler' driver.
WARNING - 2024-07-30 12:43:48 --> Session: Sessions is enabled, and one exists.Please don't $session->start();
INFO - 2024-07-30 12:43:49 --> Session: Class initialized using 'CodeIgniter\Session\Handlers\FileHandler' driver.
WARNING - 2024-07-30 12:43:49 --> Session: Sessions is enabled, and one exists.Please don't $session->start();
INFO - 2024-07-30 12:44:27 --> Session: Class initialized using 'CodeIgniter\Session\Handlers\FileHandler' driver.
WARNING - 2024-07-30 12:44:27 --> Session: Sessions is enabled, and one exists.Please don't $session->start();
INFO - 2024-07-30 12:44:28 --> Session: Class initialized using 'CodeIgniter\Session\Handlers\FileHandler' driver.
WARNING - 2024-07-30 12:44:28 --> Session: Sessions is enabled, and one exists.Please don't $session->start();
INFO - 2024-07-30 12:44:32 --> Session: Class initialized using 'CodeIgniter\Session\Handlers\FileHandler' driver.
WARNING - 2024-07-30 12:44:32 --> Session: Sessions is enabled, and one exists.Please don't $session->start();
INFO - 2024-07-30 12:44:32 --> Session: Class initialized using 'CodeIgniter\Session\Handlers\FileHandler' driver.
WARNING - 2024-07-30 12:44:32 --> Session: Sessions is enabled, and one exists.Please don't $session->start();
INFO - 2024-07-30 12:45:36 --> Session: Class initialized using 'CodeIgniter\Session\Handlers\FileHandler' driver.
WARNING - 2024-07-30 12:45:36 --> Session: Sessions is enabled, and one exists.Please don't $session->start();
INFO - 2024-07-30 12:45:39 --> Session: Class initialized using 'CodeIgniter\Session\Handlers\FileHandler' driver.
WARNING - 2024-07-30 12:45:39 --> Session: Sessions is enabled, and one exists.Please don't $session->start();
INFO - 2024-07-30 12:46:57 --> Session: Class initialized using 'CodeIgniter\Session\Handlers\FileHandler' driver.
WARNING - 2024-07-30 12:46:57 --> Session: Sessions is enabled, and one exists.Please don't $session->start();
INFO - 2024-07-30 12:47:00 --> Session: Class initialized using 'CodeIgniter\Session\Handlers\FileHandler' driver.
WARNING - 2024-07-30 12:47:00 --> Session: Sessions is enabled, and one exists.Please don't $session->start();
INFO - 2024-07-30 12:47:01 --> Session: Class initialized using 'CodeIgniter\Session\Handlers\FileHandler' driver.
WARNING - 2024-07-30 12:47:01 --> Session: Sessions is enabled, and one exists.Please don't $session->start();
INFO - 2024-07-30 12:50:15 --> Session: Class initialized using 'CodeIgniter\Session\Handlers\FileHandler' driver.
WARNING - 2024-07-30 12:50:15 --> Session: Sessions is enabled, and one exists.Please don't $session->start();
INFO - 2024-07-30 12:50:18 --> Session: Class initialized using 'CodeIgniter\Session\Handlers\FileHandler' driver.
WARNING - 2024-07-30 12:50:18 --> Session: Sessions is enabled, and one exists.Please don't $session->start();
INFO - 2024-07-30 12:52:18 --> Session: Class initialized using 'CodeIgniter\Session\Handlers\FileHandler' driver.
WARNING - 2024-07-30 12:52:18 --> Session: Sessions is enabled, and one exists.Please don't $session->start();
INFO - 2024-07-30 12:52:22 --> Session: Class initialized using 'CodeIgniter\Session\Handlers\FileHandler' driver.
WARNING - 2024-07-30 12:52:22 --> Session: Sessions is enabled, and one exists.Please don't $session->start();
INFO - 2024-07-30 12:53:10 --> Session: Class initialized using 'CodeIgniter\Session\Handlers\FileHandler' driver.
WARNING - 2024-07-30 12:53:10 --> Session: Sessions is enabled, and one exists.Please don't $session->start();
INFO - 2024-07-30 12:53:12 --> Session: Class initialized using 'CodeIgniter\Session\Handlers\FileHandler' driver.
WARNING - 2024-07-30 12:53:12 --> Session: Sessions is enabled, and one exists.Please don't $session->start();
INFO - 2024-07-30 12:53:56 --> Session: Class initialized using 'CodeIgniter\Session\Handlers\FileHandler' driver.
WARNING - 2024-07-30 12:53:56 --> Session: Sessions is enabled, and one exists.Please don't $session->start();
INFO - 2024-07-30 12:53:59 --> Session: Class initialized using 'CodeIgniter\Session\Handlers\FileHandler' driver.
WARNING - 2024-07-30 12:53:59 --> Session: Sessions is enabled, and one exists.Please don't $session->start();
INFO - 2024-07-30 12:53:59 --> Session: Class initialized using 'CodeIgniter\Session\Handlers\FileHandler' driver.
WARNING - 2024-07-30 12:53:59 --> Session: Sessions is enabled, and one exists.Please don't $session->start();
INFO - 2024-07-30 12:54:00 --> Session: Class initialized using 'CodeIgniter\Session\Handlers\FileHandler' driver.
WARNING - 2024-07-30 12:54:00 --> Session: Sessions is enabled, and one exists.Please don't $session->start();
INFO - 2024-07-30 12:54:01 --> Session: Class initialized using 'CodeIgniter\Session\Handlers\FileHandler' driver.
WARNING - 2024-07-30 12:54:01 --> Session: Sessions is enabled, and one exists.Please don't $session->start();
INFO - 2024-07-30 12:54:01 --> Session: Class initialized using 'CodeIgniter\Session\Handlers\FileHandler' driver.
WARNING - 2024-07-30 12:54:01 --> Session: Sessions is enabled, and one exists.Please don't $session->start();
INFO - 2024-07-30 12:54:17 --> Session: Class initialized using 'CodeIgniter\Session\Handlers\FileHandler' driver.
WARNING - 2024-07-30 12:54:17 --> Session: Sessions is enabled, and one exists.Please don't $session->start();
INFO - 2024-07-30 12:54:20 --> Session: Class initialized using 'CodeIgniter\Session\Handlers\FileHandler' driver.
WARNING - 2024-07-30 12:54:20 --> Session: Sessions is enabled, and one exists.Please don't $session->start();
INFO - 2024-07-30 12:54:20 --> Session: Class initialized using 'CodeIgniter\Session\Handlers\FileHandler' driver.
WARNING - 2024-07-30 12:54:20 --> Session: Sessions is enabled, and one exists.Please don't $session->start();
INFO - 2024-07-30 12:54:20 --> Session: Class initialized using 'CodeIgniter\Session\Handlers\FileHandler' driver.
WARNING - 2024-07-30 12:54:20 --> Session: Sessions is enabled, and one exists.Please don't $session->start();
INFO - 2024-07-30 12:55:52 --> Session: Class initialized using 'CodeIgniter\Session\Handlers\FileHandler' driver.
WARNING - 2024-07-30 12:55:52 --> Session: Sessions is enabled, and one exists.Please don't $session->start();
INFO - 2024-07-30 12:55:55 --> Session: Class initialized using 'CodeIgniter\Session\Handlers\FileHandler' driver.
WARNING - 2024-07-30 12:55:55 --> Session: Sessions is enabled, and one exists.Please don't $session->start();
INFO - 2024-07-30 12:55:56 --> Session: Class initialized using 'CodeIgniter\Session\Handlers\FileHandler' driver.
WARNING - 2024-07-30 12:55:56 --> Session: Sessions is enabled, and one exists.Please don't $session->start();
INFO - 2024-07-30 12:55:57 --> Session: Class initialized using 'CodeIgniter\Session\Handlers\FileHandler' driver.
WARNING - 2024-07-30 12:55:57 --> Session: Sessions is enabled, and one exists.Please don't $session->start();
INFO - 2024-07-30 12:55:57 --> Session: Class initialized using 'CodeIgniter\Session\Handlers\FileHandler' driver.
WARNING - 2024-07-30 12:55:57 --> Session: Sessions is enabled, and one exists.Please don't $session->start();
INFO - 2024-07-30 12:55:57 --> Session: Class initialized using 'CodeIgniter\Session\Handlers\FileHandler' driver.
WARNING - 2024-07-30 12:55:57 --> Session: Sessions is enabled, and one exists.Please don't $session->start();
INFO - 2024-07-30 12:56:22 --> Session: Class initialized using 'CodeIgniter\Session\Handlers\FileHandler' driver.
WARNING - 2024-07-30 12:56:22 --> Session: Sessions is enabled, and one exists.Please don't $session->start();
INFO - 2024-07-30 12:56:23 --> Session: Class initialized using 'CodeIgniter\Session\Handlers\FileHandler' driver.
WARNING - 2024-07-30 12:56:23 --> Session: Sessions is enabled, and one exists.Please don't $session->start();
INFO - 2024-07-30 12:57:33 --> Session: Class initialized using 'CodeIgniter\Session\Handlers\FileHandler' driver.
WARNING - 2024-07-30 12:57:33 --> Session: Sessions is enabled, and one exists.Please don't $session->start();
INFO - 2024-07-30 12:57:35 --> Session: Class initialized using 'CodeIgniter\Session\Handlers\FileHandler' driver.
WARNING - 2024-07-30 12:57:35 --> Session: Sessions is enabled, and one exists.Please don't $session->start();
INFO - 2024-07-30 12:57:38 --> Session: Class initialized using 'CodeIgniter\Session\Handlers\FileHandler' driver.
WARNING - 2024-07-30 12:57:38 --> Session: Sessions is enabled, and one exists.Please don't $session->start();
INFO - 2024-07-30 12:57:38 --> Session: Class initialized using 'CodeIgniter\Session\Handlers\FileHandler' driver.
WARNING - 2024-07-30 12:57:38 --> Session: Sessions is enabled, and one exists.Please don't $session->start();
INFO - 2024-07-30 12:57:45 --> Session: Class initialized using 'CodeIgniter\Session\Handlers\FileHandler' driver.
WARNING - 2024-07-30 12:57:45 --> Session: Sessions is enabled, and one exists.Please don't $session->start();
INFO - 2024-07-30 12:57:45 --> Session: Class initialized using 'CodeIgniter\Session\Handlers\FileHandler' driver.
WARNING - 2024-07-30 12:57:45 --> Session: Sessions is enabled, and one exists.Please don't $session->start();
INFO - 2024-07-30 12:58:45 --> Session: Class initialized using 'CodeIgniter\Session\Handlers\FileHandler' driver.
WARNING - 2024-07-30 12:58:45 --> Session: Sessions is enabled, and one exists.Please don't $session->start();
INFO - 2024-07-30 12:58:45 --> Session: Class initialized using 'CodeIgniter\Session\Handlers\FileHandler' driver.
WARNING - 2024-07-30 12:58:45 --> Session: Sessions is enabled, and one exists.Please don't $session->start();
INFO - 2024-07-30 12:59:15 --> Session: Class initialized using 'CodeIgniter\Session\Handlers\FileHandler' driver.
WARNING - 2024-07-30 12:59:15 --> Session: Sessions is enabled, and one exists.Please don't $session->start();
INFO - 2024-07-30 12:59:18 --> Session: Class initialized using 'CodeIgniter\Session\Handlers\FileHandler' driver.
WARNING - 2024-07-30 12:59:18 --> Session: Sessions is enabled, and one exists.Please don't $session->start();
INFO - 2024-07-30 12:59:26 --> Session: Class initialized using 'CodeIgniter\Session\Handlers\FileHandler' driver.
WARNING - 2024-07-30 12:59:26 --> Session: Sessions is enabled, and one exists.Please don't $session->start();
INFO - 2024-07-30 12:59:27 --> Session: Class initialized using 'CodeIgniter\Session\Handlers\FileHandler' driver.
WARNING - 2024-07-30 12:59:27 --> Session: Sessions is enabled, and one exists.Please don't $session->start();
INFO - 2024-07-30 12:59:45 --> Session: Class initialized using 'CodeIgniter\Session\Handlers\FileHandler' driver.
WARNING - 2024-07-30 12:59:45 --> Session: Sessions is enabled, and one exists.Please don't $session->start();
INFO - 2024-07-30 12:59:47 --> Session: Class initialized using 'CodeIgniter\Session\Handlers\FileHandler' driver.
WARNING - 2024-07-30 12:59:47 --> Session: Sessions is enabled, and one exists.Please don't $session->start();
INFO - 2024-07-30 12:59:56 --> Session: Class initialized using 'CodeIgniter\Session\Handlers\FileHandler' driver.
WARNING - 2024-07-30 12:59:56 --> Session: Sessions is enabled, and one exists.Please don't $session->start();
INFO - 2024-07-30 12:59:58 --> Session: Class initialized using 'CodeIgniter\Session\Handlers\FileHandler' driver.
WARNING - 2024-07-30 12:59:58 --> Session: Sessions is enabled, and one exists.Please don't $session->start();
INFO - 2024-07-30 13:00:02 --> Session: Class initialized using 'CodeIgniter\Session\Handlers\FileHandler' driver.
WARNING - 2024-07-30 13:00:02 --> Session: Sessions is enabled, and one exists.Please don't $session->start();
INFO - 2024-07-30 13:00:02 --> Session: Class initialized using 'CodeIgniter\Session\Handlers\FileHandler' driver.
WARNING - 2024-07-30 13:00:02 --> Session: Sessions is enabled, and one exists.Please don't $session->start();
INFO - 2024-07-30 13:00:23 --> Session: Class initialized using 'CodeIgniter\Session\Handlers\FileHandler' driver.
WARNING - 2024-07-30 13:00:23 --> Session: Sessions is enabled, and one exists.Please don't $session->start();
INFO - 2024-07-30 13:00:24 --> Session: Class initialized using 'CodeIgniter\Session\Handlers\FileHandler' driver.
WARNING - 2024-07-30 13:00:24 --> Session: Sessions is enabled, and one exists.Please don't $session->start();
INFO - 2024-07-30 13:00:43 --> Session: Class initialized using 'CodeIgniter\Session\Handlers\FileHandler' driver.
WARNING - 2024-07-30 13:00:43 --> Session: Sessions is enabled, and one exists.Please don't $session->start();
INFO - 2024-07-30 13:00:47 --> Session: Class initialized using 'CodeIgniter\Session\Handlers\FileHandler' driver.
WARNING - 2024-07-30 13:00:47 --> Session: Sessions is enabled, and one exists.Please don't $session->start();
INFO - 2024-07-30 13:00:50 --> Session: Class initialized using 'CodeIgniter\Session\Handlers\FileHandler' driver.
WARNING - 2024-07-30 13:00:50 --> Session: Sessions is enabled, and one exists.Please don't $session->start();
INFO - 2024-07-30 13:30:48 --> Session: Class initialized using 'CodeIgniter\Session\Handlers\FileHandler' driver.
WARNING - 2024-07-30 13:30:48 --> Session: Sessions is enabled, and one exists.Please don't $session->start();
INFO - 2024-07-30 13:30:49 --> Session: Class initialized using 'CodeIgniter\Session\Handlers\FileHandler' driver.
WARNING - 2024-07-30 13:30:49 --> Session: Sessions is enabled, and one exists.Please don't $session->start();
INFO - 2024-07-30 13:55:16 --> Session: Class initialized using 'CodeIgniter\Session\Handlers\FileHandler' driver.
WARNING - 2024-07-30 13:55:16 --> Session: Sessions is enabled, and one exists.Please don't $session->start();
INFO - 2024-07-30 13:55:16 --> Session: Class initialized using 'CodeIgniter\Session\Handlers\FileHandler' driver.
WARNING - 2024-07-30 13:55:16 --> Session: Sessions is enabled, and one exists.Please don't $session->start();
INFO - 2024-07-30 13:55:23 --> Session: Class initialized using 'CodeIgniter\Session\Handlers\FileHandler' driver.
WARNING - 2024-07-30 13:55:23 --> Session: Sessions is enabled, and one exists.Please don't $session->start();
INFO - 2024-07-30 13:55:23 --> Session: Class initialized using 'CodeIgniter\Session\Handlers\FileHandler' driver.
WARNING - 2024-07-30 13:55:23 --> Session: Sessions is enabled, and one exists.Please don't $session->start();
INFO - 2024-07-30 13:57:15 --> Session: Class initialized using 'CodeIgniter\Session\Handlers\FileHandler' driver.
WARNING - 2024-07-30 13:57:15 --> Session: Sessions is enabled, and one exists.Please don't $session->start();
INFO - 2024-07-30 13:57:17 --> Session: Class initialized using 'CodeIgniter\Session\Handlers\FileHandler' driver.
WARNING - 2024-07-30 13:57:17 --> Session: Sessions is enabled, and one exists.Please don't $session->start();
INFO - 2024-07-30 13:57:18 --> Session: Class initialized using 'CodeIgniter\Session\Handlers\FileHandler' driver.
WARNING - 2024-07-30 13:57:18 --> Session: Sessions is enabled, and one exists.Please don't $session->start();
INFO - 2024-07-30 13:57:18 --> Session: Class initialized using 'CodeIgniter\Session\Handlers\FileHandler' driver.
WARNING - 2024-07-30 13:57:18 --> Session: Sessions is enabled, and one exists.Please don't $session->start();
INFO - 2024-07-30 13:57:22 --> Session: Class initialized using 'CodeIgniter\Session\Handlers\FileHandler' driver.
WARNING - 2024-07-30 13:57:22 --> Session: Sessions is enabled, and one exists.Please don't $session->start();
INFO - 2024-07-30 13:57:24 --> Session: Class initialized using 'CodeIgniter\Session\Handlers\FileHandler' driver.
WARNING - 2024-07-30 13:57:24 --> Session: Sessions is enabled, and one exists.Please don't $session->start();
INFO - 2024-07-30 13:57:25 --> Session: Class initialized using 'CodeIgniter\Session\Handlers\FileHandler' driver.
WARNING - 2024-07-30 13:57:25 --> Session: Sessions is enabled, and one exists.Please don't $session->start();
INFO - 2024-07-30 13:57:26 --> Session: Class initialized using 'CodeIgniter\Session\Handlers\FileHandler' driver.
WARNING - 2024-07-30 13:57:26 --> Session: Sessions is enabled, and one exists.Please don't $session->start();
INFO - 2024-07-30 13:57:28 --> Session: Class initialized using 'CodeIgniter\Session\Handlers\FileHandler' driver.
WARNING - 2024-07-30 13:57:28 --> Session: Sessions is enabled, and one exists.Please don't $session->start();
INFO - 2024-07-30 13:57:28 --> Session: Class initialized using 'CodeIgniter\Session\Handlers\FileHandler' driver.
WARNING - 2024-07-30 13:57:28 --> Session: Sessions is enabled, and one exists.Please don't $session->start();
INFO - 2024-07-30 13:57:40 --> Session: Class initialized using 'CodeIgniter\Session\Handlers\FileHandler' driver.
WARNING - 2024-07-30 13:57:40 --> Session: Sessions is enabled, and one exists.Please don't $session->start();
INFO - 2024-07-30 13:57:40 --> Session: Class initialized using 'CodeIgniter\Session\Handlers\FileHandler' driver.
WARNING - 2024-07-30 13:57:40 --> Session: Sessions is enabled, and one exists.Please don't $session->start();
INFO - 2024-07-30 13:57:50 --> Session: Class initialized using 'CodeIgniter\Session\Handlers\FileHandler' driver.
WARNING - 2024-07-30 13:57:50 --> Session: Sessions is enabled, and one exists.Please don't $session->start();
INFO - 2024-07-30 13:57:50 --> Session: Class initialized using 'CodeIgniter\Session\Handlers\FileHandler' driver.
WARNING - 2024-07-30 13:57:50 --> Session: Sessions is enabled, and one exists.Please don't $session->start();
INFO - 2024-07-30 13:58:17 --> Session: Class initialized using 'CodeIgniter\Session\Handlers\FileHandler' driver.
WARNING - 2024-07-30 13:58:17 --> Session: Sessions is enabled, and one exists.Please don't $session->start();
INFO - 2024-07-30 13:58:18 --> Session: Class initialized using 'CodeIgniter\Session\Handlers\FileHandler' driver.
WARNING - 2024-07-30 13:58:18 --> Session: Sessions is enabled, and one exists.Please don't $session->start();
INFO - 2024-07-30 13:58:23 --> Session: Class initialized using 'CodeIgniter\Session\Handlers\FileHandler' driver.
WARNING - 2024-07-30 13:58:23 --> Session: Sessions is enabled, and one exists.Please don't $session->start();
INFO - 2024-07-30 13:58:23 --> Session: Class initialized using 'CodeIgniter\Session\Handlers\FileHandler' driver.
WARNING - 2024-07-30 13:58:23 --> Session: Sessions is enabled, and one exists.Please don't $session->start();
INFO - 2024-07-30 13:58:29 --> Session: Class initialized using 'CodeIgniter\Session\Handlers\FileHandler' driver.
WARNING - 2024-07-30 13:58:29 --> Session: Sessions is enabled, and one exists.Please don't $session->start();
INFO - 2024-07-30 13:58:29 --> Session: Class initialized using 'CodeIgniter\Session\Handlers\FileHandler' driver.
WARNING - 2024-07-30 13:58:29 --> Session: Sessions is enabled, and one exists.Please don't $session->start();
INFO - 2024-07-30 14:01:35 --> Session: Class initialized using 'CodeIgniter\Session\Handlers\FileHandler' driver.
WARNING - 2024-07-30 14:01:35 --> Session: Sessions is enabled, and one exists.Please don't $session->start();
INFO - 2024-07-30 14:01:38 --> Session: Class initialized using 'CodeIgniter\Session\Handlers\FileHandler' driver.
WARNING - 2024-07-30 14:01:38 --> Session: Sessions is enabled, and one exists.Please don't $session->start();
INFO - 2024-07-30 14:01:49 --> Session: Class initialized using 'CodeIgniter\Session\Handlers\FileHandler' driver.
WARNING - 2024-07-30 14:01:49 --> Session: Sessions is enabled, and one exists.Please don't $session->start();
INFO - 2024-07-30 14:01:49 --> Session: Class initialized using 'CodeIgniter\Session\Handlers\FileHandler' driver.
WARNING - 2024-07-30 14:01:49 --> Session: Sessions is enabled, and one exists.Please don't $session->start();
INFO - 2024-07-30 14:05:48 --> Session: Class initialized using 'CodeIgniter\Session\Handlers\FileHandler' driver.
WARNING - 2024-07-30 14:05:48 --> Session: Sessions is enabled, and one exists.Please don't $session->start();
INFO - 2024-07-30 14:05:50 --> Session: Class initialized using 'CodeIgniter\Session\Handlers\FileHandler' driver.
WARNING - 2024-07-30 14:05:50 --> Session: Sessions is enabled, and one exists.Please don't $session->start();
INFO - 2024-07-30 14:05:58 --> Session: Class initialized using 'CodeIgniter\Session\Handlers\FileHandler' driver.
WARNING - 2024-07-30 14:05:58 --> Session: Sessions is enabled, and one exists.Please don't $session->start();
INFO - 2024-07-30 14:05:59 --> Session: Class initialized using 'CodeIgniter\Session\Handlers\FileHandler' driver.
WARNING - 2024-07-30 14:05:59 --> Session: Sessions is enabled, and one exists.Please don't $session->start();
INFO - 2024-07-30 14:06:03 --> Session: Class initialized using 'CodeIgniter\Session\Handlers\FileHandler' driver.
WARNING - 2024-07-30 14:06:03 --> Session: Sessions is enabled, and one exists.Please don't $session->start();
CRITICAL - 2024-07-30 14:06:03 --> count(): Parameter must be an array or an object that implements Countable
#0 [internal function]: CodeIgniter\Debug\Exceptions->errorHandler(2, 'count(): Parame...', '/usr/local/var/...', 520, Array)
#1 /usr/local/var/www/app-p4i/app/Controllers/Backend/Berita.php(520): count(NULL)
#2 /usr/local/var/www/app-p4i/vendor/codeigniter4/framework/system/CodeIgniter.php(918): App\Controllers\Backend\Berita->multi_del()
#3 /usr/local/var/www/app-p4i/vendor/codeigniter4/framework/system/CodeIgniter.php(404): CodeIgniter\CodeIgniter->runController(Object(App\Controllers\Backend\Berita))
#4 /usr/local/var/www/app-p4i/vendor/codeigniter4/framework/system/CodeIgniter.php(312): CodeIgniter\CodeIgniter->handleRequest(NULL, Object(Config\Cache), false)
#5 /usr/local/var/www/app-p4i/public/index.php(45): CodeIgniter\CodeIgniter->run()
#6 /usr/local/var/www/app-p4i/vendor/codeigniter4/framework/system/Commands/Server/rewrite.php(34): require_once('/usr/local/var/...')
#7 {main}
INFO - 2024-07-30 14:06:34 --> Session: Class initialized using 'CodeIgniter\Session\Handlers\FileHandler' driver.
WARNING - 2024-07-30 14:06:34 --> Session: Sessions is enabled, and one exists.Please don't $session->start();
INFO - 2024-07-30 14:06:37 --> Session: Class initialized using 'CodeIgniter\Session\Handlers\FileHandler' driver.
WARNING - 2024-07-30 14:06:37 --> Session: Sessions is enabled, and one exists.Please don't $session->start();
INFO - 2024-07-30 14:06:42 --> Session: Class initialized using 'CodeIgniter\Session\Handlers\FileHandler' driver.
WARNING - 2024-07-30 14:06:42 --> Session: Sessions is enabled, and one exists.Please don't $session->start();
INFO - 2024-07-30 14:06:45 --> Session: Class initialized using 'CodeIgniter\Session\Handlers\FileHandler' driver.
WARNING - 2024-07-30 14:06:45 --> Session: Sessions is enabled, and one exists.Please don't $session->start();
INFO - 2024-07-30 14:06:48 --> Session: Class initialized using 'CodeIgniter\Session\Handlers\FileHandler' driver.
WARNING - 2024-07-30 14:06:48 --> Session: Sessions is enabled, and one exists.Please don't $session->start();
INFO - 2024-07-30 14:06:49 --> Session: Class initialized using 'CodeIgniter\Session\Handlers\FileHandler' driver.
WARNING - 2024-07-30 14:06:49 --> Session: Sessions is enabled, and one exists.Please don't $session->start();
INFO - 2024-07-30 14:06:58 --> Session: Class initialized using 'CodeIgniter\Session\Handlers\FileHandler' driver.
WARNING - 2024-07-30 14:06:58 --> Session: Sessions is enabled, and one exists.Please don't $session->start();
INFO - 2024-07-30 14:07:00 --> Session: Class initialized using 'CodeIgniter\Session\Handlers\FileHandler' driver.
WARNING - 2024-07-30 14:07:00 --> Session: Sessions is enabled, and one exists.Please don't $session->start();
INFO - 2024-07-30 14:07:05 --> Session: Class initialized using 'CodeIgniter\Session\Handlers\FileHandler' driver.
WARNING - 2024-07-30 14:07:05 --> Session: Sessions is enabled, and one exists.Please don't $session->start();
INFO - 2024-07-30 14:07:05 --> Session: Class initialized using 'CodeIgniter\Session\Handlers\FileHandler' driver.
WARNING - 2024-07-30 14:07:05 --> Session: Sessions is enabled, and one exists.Please don't $session->start();
INFO - 2024-07-30 14:07:11 --> Session: Class initialized using 'CodeIgniter\Session\Handlers\FileHandler' driver.
WARNING - 2024-07-30 14:07:11 --> Session: Sessions is enabled, and one exists.Please don't $session->start();
INFO - 2024-07-30 14:07:13 --> Session: Class initialized using 'CodeIgniter\Session\Handlers\FileHandler' driver.
WARNING - 2024-07-30 14:07:13 --> Session: Sessions is enabled, and one exists.Please don't $session->start();
INFO - 2024-07-30 14:07:30 --> Session: Class initialized using 'CodeIgniter\Session\Handlers\FileHandler' driver.
WARNING - 2024-07-30 14:07:30 --> Session: Sessions is enabled, and one exists.Please don't $session->start();
INFO - 2024-07-30 14:07:33 --> Session: Class initialized using 'CodeIgniter\Session\Handlers\FileHandler' driver.
WARNING - 2024-07-30 14:07:33 --> Session: Sessions is enabled, and one exists.Please don't $session->start();
INFO - 2024-07-30 14:07:35 --> Session: Class initialized using 'CodeIgniter\Session\Handlers\FileHandler' driver.
WARNING - 2024-07-30 14:07:35 --> Session: Sessions is enabled, and one exists.Please don't $session->start();
INFO - 2024-07-30 14:07:35 --> Session: Class initialized using 'CodeIgniter\Session\Handlers\FileHandler' driver.
WARNING - 2024-07-30 14:07:35 --> Session: Sessions is enabled, and one exists.Please don't $session->start();
INFO - 2024-07-30 14:08:13 --> Session: Class initialized using 'CodeIgniter\Session\Handlers\FileHandler' driver.
WARNING - 2024-07-30 14:08:13 --> Session: Sessions is enabled, and one exists.Please don't $session->start();
INFO - 2024-07-30 14:08:16 --> Session: Class initialized using 'CodeIgniter\Session\Handlers\FileHandler' driver.
WARNING - 2024-07-30 14:08:16 --> Session: Sessions is enabled, and one exists.Please don't $session->start();
INFO - 2024-07-30 14:08:16 --> Session: Class initialized using 'CodeIgniter\Session\Handlers\FileHandler' driver.
WARNING - 2024-07-30 14:08:16 --> Session: Sessions is enabled, and one exists.Please don't $session->start();
INFO - 2024-07-30 14:08:19 --> Session: Class initialized using 'CodeIgniter\Session\Handlers\FileHandler' driver.
WARNING - 2024-07-30 14:08:19 --> Session: Sessions is enabled, and one exists.Please don't $session->start();
INFO - 2024-07-30 14:08:22 --> Session: Class initialized using 'CodeIgniter\Session\Handlers\FileHandler' driver.
WARNING - 2024-07-30 14:08:22 --> Session: Sessions is enabled, and one exists.Please don't $session->start();
INFO - 2024-07-30 14:08:22 --> Session: Class initialized using 'CodeIgniter\Session\Handlers\FileHandler' driver.
WARNING - 2024-07-30 14:08:22 --> Session: Sessions is enabled, and one exists.Please don't $session->start();
INFO - 2024-07-30 14:08:26 --> Session: Class initialized using 'CodeIgniter\Session\Handlers\FileHandler' driver.
WARNING - 2024-07-30 14:08:26 --> Session: Sessions is enabled, and one exists.Please don't $session->start();
INFO - 2024-07-30 14:08:26 --> Session: Class initialized using 'CodeIgniter\Session\Handlers\FileHandler' driver.
WARNING - 2024-07-30 14:08:26 --> Session: Sessions is enabled, and one exists.Please don't $session->start();
INFO - 2024-07-30 14:08:31 --> Session: Class initialized using 'CodeIgniter\Session\Handlers\FileHandler' driver.
WARNING - 2024-07-30 14:08:31 --> Session: Sessions is enabled, and one exists.Please don't $session->start();
INFO - 2024-07-30 14:08:33 --> Session: Class initialized using 'CodeIgniter\Session\Handlers\FileHandler' driver.
WARNING - 2024-07-30 14:08:33 --> Session: Sessions is enabled, and one exists.Please don't $session->start();
INFO - 2024-07-30 14:08:36 --> Session: Class initialized using 'CodeIgniter\Session\Handlers\FileHandler' driver.
WARNING - 2024-07-30 14:08:36 --> Session: Sessions is enabled, and one exists.Please don't $session->start();
INFO - 2024-07-30 14:08:37 --> Session: Class initialized using 'CodeIgniter\Session\Handlers\FileHandler' driver.
WARNING - 2024-07-30 14:08:37 --> Session: Sessions is enabled, and one exists.Please don't $session->start();
INFO - 2024-07-30 14:08:40 --> Session: Class initialized using 'CodeIgniter\Session\Handlers\FileHandler' driver.
WARNING - 2024-07-30 14:08:40 --> Session: Sessions is enabled, and one exists.Please don't $session->start();
INFO - 2024-07-30 14:08:45 --> Session: Class initialized using 'CodeIgniter\Session\Handlers\FileHandler' driver.
WARNING - 2024-07-30 14:08:45 --> Session: Sessions is enabled, and one exists.Please don't $session->start();
INFO - 2024-07-30 14:08:45 --> Session: Class initialized using 'CodeIgniter\Session\Handlers\FileHandler' driver.
WARNING - 2024-07-30 14:08:45 --> Session: Sessions is enabled, and one exists.Please don't $session->start();
INFO - 2024-07-30 14:08:48 --> Session: Class initialized using 'CodeIgniter\Session\Handlers\FileHandler' driver.
WARNING - 2024-07-30 14:08:48 --> Session: Sessions is enabled, and one exists.Please don't $session->start();
INFO - 2024-07-30 14:08:48 --> Session: Class initialized using 'CodeIgniter\Session\Handlers\FileHandler' driver.
WARNING - 2024-07-30 14:08:48 --> Session: Sessions is enabled, and one exists.Please don't $session->start();
INFO - 2024-07-30 14:08:55 --> Session: Class initialized using 'CodeIgniter\Session\Handlers\FileHandler' driver.
WARNING - 2024-07-30 14:08:55 --> Session: Sessions is enabled, and one exists.Please don't $session->start();
INFO - 2024-07-30 14:08:57 --> Session: Class initialized using 'CodeIgniter\Session\Handlers\FileHandler' driver.
WARNING - 2024-07-30 14:08:57 --> Session: Sessions is enabled, and one exists.Please don't $session->start();
INFO - 2024-07-30 14:09:41 --> Session: Class initialized using 'CodeIgniter\Session\Handlers\FileHandler' driver.
WARNING - 2024-07-30 14:09:41 --> Session: Sessions is enabled, and one exists.Please don't $session->start();
INFO - 2024-07-30 14:09:44 --> Session: Class initialized using 'CodeIgniter\Session\Handlers\FileHandler' driver.
WARNING - 2024-07-30 14:09:44 --> Session: Sessions is enabled, and one exists.Please don't $session->start();
INFO - 2024-07-30 14:10:57 --> Session: Class initialized using 'CodeIgniter\Session\Handlers\FileHandler' driver.
WARNING - 2024-07-30 14:10:57 --> Session: Sessions is enabled, and one exists.Please don't $session->start();
INFO - 2024-07-30 14:10:59 --> Session: Class initialized using 'CodeIgniter\Session\Handlers\FileHandler' driver.
WARNING - 2024-07-30 14:10:59 --> Session: Sessions is enabled, and one exists.Please don't $session->start();
INFO - 2024-07-30 14:11:03 --> Session: Class initialized using 'CodeIgniter\Session\Handlers\FileHandler' driver.
WARNING - 2024-07-30 14:11:03 --> Session: Sessions is enabled, and one exists.Please don't $session->start();
INFO - 2024-07-30 14:11:03 --> Session: Class initialized using 'CodeIgniter\Session\Handlers\FileHandler' driver.
WARNING - 2024-07-30 14:11:03 --> Session: Sessions is enabled, and one exists.Please don't $session->start();
INFO - 2024-07-30 14:11:14 --> Session: Class initialized using 'CodeIgniter\Session\Handlers\FileHandler' driver.
WARNING - 2024-07-30 14:11:14 --> Session: Sessions is enabled, and one exists.Please don't $session->start();
INFO - 2024-07-30 14:11:16 --> Session: Class initialized using 'CodeIgniter\Session\Handlers\FileHandler' driver.
WARNING - 2024-07-30 14:11:16 --> Session: Sessions is enabled, and one exists.Please don't $session->start();
INFO - 2024-07-30 14:11:19 --> Session: Class initialized using 'CodeIgniter\Session\Handlers\FileHandler' driver.
WARNING - 2024-07-30 14:11:19 --> Session: Sessions is enabled, and one exists.Please don't $session->start();
INFO - 2024-07-30 14:11:19 --> Session: Class initialized using 'CodeIgniter\Session\Handlers\FileHandler' driver.
WARNING - 2024-07-30 14:11:19 --> Session: Sessions is enabled, and one exists.Please don't $session->start();
INFO - 2024-07-30 14:12:16 --> Session: Class initialized using 'CodeIgniter\Session\Handlers\FileHandler' driver.
WARNING - 2024-07-30 14:12:16 --> Session: Sessions is enabled, and one exists.Please don't $session->start();
INFO - 2024-07-30 14:12:19 --> Session: Class initialized using 'CodeIgniter\Session\Handlers\FileHandler' driver.
WARNING - 2024-07-30 14:12:19 --> Session: Sessions is enabled, and one exists.Please don't $session->start();
INFO - 2024-07-30 14:42:19 --> Session: Class initialized using 'CodeIgniter\Session\Handlers\FileHandler' driver.
WARNING - 2024-07-30 14:42:19 --> Session: Sessions is enabled, and one exists.Please don't $session->start();
INFO - 2024-07-30 14:42:21 --> Session: Class initialized using 'CodeIgniter\Session\Handlers\FileHandler' driver.
WARNING - 2024-07-30 14:42:21 --> Session: Sessions is enabled, and one exists.Please don't $session->start();
INFO - 2024-07-30 15:12:21 --> Session: Class initialized using 'CodeIgniter\Session\Handlers\FileHandler' driver.
WARNING - 2024-07-30 15:12:21 --> Session: Sessions is enabled, and one exists.Please don't $session->start();
INFO - 2024-07-30 15:12:23 --> Session: Class initialized using 'CodeIgniter\Session\Handlers\FileHandler' driver.
WARNING - 2024-07-30 15:12:23 --> Session: Sessions is enabled, and one exists.Please don't $session->start();
INFO - 2024-07-30 15:38:54 --> Session: Class initialized using 'CodeIgniter\Session\Handlers\FileHandler' driver.
WARNING - 2024-07-30 15:38:54 --> Session: Sessions is enabled, and one exists.Please don't $session->start();
INFO - 2024-07-30 15:38:56 --> Session: Class initialized using 'CodeIgniter\Session\Handlers\FileHandler' driver.
WARNING - 2024-07-30 15:38:56 --> Session: Sessions is enabled, and one exists.Please don't $session->start();
INFO - 2024-07-30 15:39:01 --> Session: Class initialized using 'CodeIgniter\Session\Handlers\FileHandler' driver.
WARNING - 2024-07-30 15:39:01 --> Session: Sessions is enabled, and one exists.Please don't $session->start();
INFO - 2024-07-30 15:39:01 --> Session: Class initialized using 'CodeIgniter\Session\Handlers\FileHandler' driver.
WARNING - 2024-07-30 15:39:01 --> Session: Sessions is enabled, and one exists.Please don't $session->start();
INFO - 2024-07-30 15:39:04 --> Session: Class initialized using 'CodeIgniter\Session\Handlers\FileHandler' driver.
WARNING - 2024-07-30 15:39:04 --> Session: Sessions is enabled, and one exists.Please don't $session->start();
INFO - 2024-07-30 15:39:04 --> Session: Class initialized using 'CodeIgniter\Session\Handlers\FileHandler' driver.
WARNING - 2024-07-30 15:39:04 --> Session: Sessions is enabled, and one exists.Please don't $session->start();
INFO - 2024-07-30 15:39:09 --> Session: Class initialized using 'CodeIgniter\Session\Handlers\FileHandler' driver.
WARNING - 2024-07-30 15:39:09 --> Session: Sessions is enabled, and one exists.Please don't $session->start();
INFO - 2024-07-30 15:39:09 --> Session: Class initialized using 'CodeIgniter\Session\Handlers\FileHandler' driver.
WARNING - 2024-07-30 15:39:09 --> Session: Sessions is enabled, and one exists.Please don't $session->start();
INFO - 2024-07-30 15:39:58 --> Session: Class initialized using 'CodeIgniter\Session\Handlers\FileHandler' driver.
WARNING - 2024-07-30 15:39:58 --> Session: Sessions is enabled, and one exists.Please don't $session->start();
INFO - 2024-07-30 15:40:00 --> Session: Class initialized using 'CodeIgniter\Session\Handlers\FileHandler' driver.
WARNING - 2024-07-30 15:40:00 --> Session: Sessions is enabled, and one exists.Please don't $session->start();
INFO - 2024-07-30 15:40:07 --> Session: Class initialized using 'CodeIgniter\Session\Handlers\FileHandler' driver.
WARNING - 2024-07-30 15:40:07 --> Session: Sessions is enabled, and one exists.Please don't $session->start();
INFO - 2024-07-30 15:40:10 --> Session: Class initialized using 'CodeIgniter\Session\Handlers\FileHandler' driver.
WARNING - 2024-07-30 15:40:10 --> Session: Sessions is enabled, and one exists.Please don't $session->start();
INFO - 2024-07-30 15:40:14 --> Session: Class initialized using 'CodeIgniter\Session\Handlers\FileHandler' driver.
WARNING - 2024-07-30 15:40:14 --> Session: Sessions is enabled, and one exists.Please don't $session->start();
INFO - 2024-07-30 15:40:15 --> Session: Class initialized using 'CodeIgniter\Session\Handlers\FileHandler' driver.
WARNING - 2024-07-30 15:40:15 --> Session: Sessions is enabled, and one exists.Please don't $session->start();
INFO - 2024-07-30 15:40:30 --> Session: Class initialized using 'CodeIgniter\Session\Handlers\FileHandler' driver.
WARNING - 2024-07-30 15:40:30 --> Session: Sessions is enabled, and one exists.Please don't $session->start();
INFO - 2024-07-30 15:40:32 --> Session: Class initialized using 'CodeIgniter\Session\Handlers\FileHandler' driver.
WARNING - 2024-07-30 15:40:32 --> Session: Sessions is enabled, and one exists.Please don't $session->start();
INFO - 2024-07-30 15:40:33 --> Session: Class initialized using 'CodeIgniter\Session\Handlers\FileHandler' driver.
WARNING - 2024-07-30 15:40:33 --> Session: Sessions is enabled, and one exists.Please don't $session->start();
INFO - 2024-07-30 15:40:33 --> Session: Class initialized using 'CodeIgniter\Session\Handlers\FileHandler' driver.
WARNING - 2024-07-30 15:40:33 --> Session: Sessions is enabled, and one exists.Please don't $session->start();
INFO - 2024-07-30 15:41:06 --> Session: Class initialized using 'CodeIgniter\Session\Handlers\FileHandler' driver.
WARNING - 2024-07-30 15:41:06 --> Session: Sessions is enabled, and one exists.Please don't $session->start();
INFO - 2024-07-30 15:41:07 --> Session: Class initialized using 'CodeIgniter\Session\Handlers\FileHandler' driver.
WARNING - 2024-07-30 15:41:07 --> Session: Sessions is enabled, and one exists.Please don't $session->start();
INFO - 2024-07-30 15:41:09 --> Session: Class initialized using 'CodeIgniter\Session\Handlers\FileHandler' driver.
WARNING - 2024-07-30 15:41:09 --> Session: Sessions is enabled, and one exists.Please don't $session->start();
INFO - 2024-07-30 15:41:22 --> Session: Class initialized using 'CodeIgniter\Session\Handlers\FileHandler' driver.
WARNING - 2024-07-30 15:41:22 --> Session: Sessions is enabled, and one exists.Please don't $session->start();
INFO - 2024-07-30 15:41:22 --> Session: Class initialized using 'CodeIgniter\Session\Handlers\FileHandler' driver.
WARNING - 2024-07-30 15:41:22 --> Session: Sessions is enabled, and one exists.Please don't $session->start();
INFO - 2024-07-30 15:41:34 --> Session: Class initialized using 'CodeIgniter\Session\Handlers\FileHandler' driver.
WARNING - 2024-07-30 15:41:34 --> Session: Sessions is enabled, and one exists.Please don't $session->start();
INFO - 2024-07-30 15:41:36 --> Session: Class initialized using 'CodeIgniter\Session\Handlers\FileHandler' driver.
WARNING - 2024-07-30 15:41:36 --> Session: Sessions is enabled, and one exists.Please don't $session->start();
INFO - 2024-07-30 15:41:39 --> Session: Class initialized using 'CodeIgniter\Session\Handlers\FileHandler' driver.
WARNING - 2024-07-30 15:41:39 --> Session: Sessions is enabled, and one exists.Please don't $session->start();
INFO - 2024-07-30 15:41:40 --> Session: Class initialized using 'CodeIgniter\Session\Handlers\FileHandler' driver.
WARNING - 2024-07-30 15:41:40 --> Session: Sessions is enabled, and one exists.Please don't $session->start();
INFO - 2024-07-30 15:41:50 --> Session: Class initialized using 'CodeIgniter\Session\Handlers\FileHandler' driver.
WARNING - 2024-07-30 15:41:50 --> Session: Sessions is enabled, and one exists.Please don't $session->start();
INFO - 2024-07-30 15:41:52 --> Session: Class initialized using 'CodeIgniter\Session\Handlers\FileHandler' driver.
WARNING - 2024-07-30 15:41:52 --> Session: Sessions is enabled, and one exists.Please don't $session->start();
INFO - 2024-07-30 15:42:19 --> Session: Class initialized using 'CodeIgniter\Session\Handlers\FileHandler' driver.
WARNING - 2024-07-30 15:42:19 --> Session: Sessions is enabled, and one exists.Please don't $session->start();
INFO - 2024-07-30 15:42:27 --> Session: Class initialized using 'CodeIgniter\Session\Handlers\FileHandler' driver.
WARNING - 2024-07-30 15:42:27 --> Session: Sessions is enabled, and one exists.Please don't $session->start();
INFO - 2024-07-30 15:42:43 --> Session: Class initialized using 'CodeIgniter\Session\Handlers\FileHandler' driver.
WARNING - 2024-07-30 15:42:43 --> Session: Sessions is enabled, and one exists.Please don't $session->start();
INFO - 2024-07-30 15:42:44 --> Session: Class initialized using 'CodeIgniter\Session\Handlers\FileHandler' driver.
WARNING - 2024-07-30 15:42:44 --> Session: Sessions is enabled, and one exists.Please don't $session->start();
INFO - 2024-07-30 15:42:51 --> Session: Class initialized using 'CodeIgniter\Session\Handlers\FileHandler' driver.
WARNING - 2024-07-30 15:42:51 --> Session: Sessions is enabled, and one exists.Please don't $session->start();
INFO - 2024-07-30 15:42:53 --> Session: Class initialized using 'CodeIgniter\Session\Handlers\FileHandler' driver.
WARNING - 2024-07-30 15:42:53 --> Session: Sessions is enabled, and one exists.Please don't $session->start();
INFO - 2024-07-30 16:12:53 --> Session: Class initialized using 'CodeIgniter\Session\Handlers\FileHandler' driver.
WARNING - 2024-07-30 16:12:53 --> Session: Sessions is enabled, and one exists.Please don't $session->start();
INFO - 2024-07-30 16:12:55 --> Session: Class initialized using 'CodeIgniter\Session\Handlers\FileHandler' driver.
WARNING - 2024-07-30 16:12:55 --> Session: Sessions is enabled, and one exists.Please don't $session->start();
INFO - 2024-07-30 16:42:55 --> Session: Class initialized using 'CodeIgniter\Session\Handlers\FileHandler' driver.
WARNING - 2024-07-30 16:42:55 --> Session: Sessions is enabled, and one exists.Please don't $session->start();
INFO - 2024-07-30 16:42:56 --> Session: Class initialized using 'CodeIgniter\Session\Handlers\FileHandler' driver.
WARNING - 2024-07-30 16:42:56 --> Session: Sessions is enabled, and one exists.Please don't $session->start();
INFO - 2024-07-30 17:20:28 --> Session: Class initialized using 'CodeIgniter\Session\Handlers\FileHandler' driver.
WARNING - 2024-07-30 17:20:28 --> Session: Sessions is enabled, and one exists.Please don't $session->start();
INFO - 2024-07-30 17:20:29 --> Session: Class initialized using 'CodeIgniter\Session\Handlers\FileHandler' driver.
WARNING - 2024-07-30 17:20:29 --> Session: Sessions is enabled, and one exists.Please don't $session->start();
INFO - 2024-07-30 17:50:29 --> Session: Class initialized using 'CodeIgniter\Session\Handlers\FileHandler' driver.
WARNING - 2024-07-30 17:50:29 --> Session: Sessions is enabled, and one exists.Please don't $session->start();
INFO - 2024-07-30 17:50:30 --> Session: Class initialized using 'CodeIgniter\Session\Handlers\FileHandler' driver.
WARNING - 2024-07-30 17:50:30 --> Session: Sessions is enabled, and one exists.Please don't $session->start();
INFO - 2024-07-30 19:23:49 --> Session: Class initialized using 'CodeIgniter\Session\Handlers\FileHandler' driver.
WARNING - 2024-07-30 19:23:49 --> Session: Sessions is enabled, and one exists.Please don't $session->start();
INFO - 2024-07-30 19:23:50 --> Session: Class initialized using 'CodeIgniter\Session\Handlers\FileHandler' driver.
WARNING - 2024-07-30 19:23:50 --> Session: Sessions is enabled, and one exists.Please don't $session->start();
INFO - 2024-07-30 19:53:50 --> Session: Class initialized using 'CodeIgniter\Session\Handlers\FileHandler' driver.
WARNING - 2024-07-30 19:53:50 --> Session: Sessions is enabled, and one exists.Please don't $session->start();
INFO - 2024-07-30 19:53:51 --> Session: Class initialized using 'CodeIgniter\Session\Handlers\FileHandler' driver.
WARNING - 2024-07-30 19:53:51 --> Session: Sessions is enabled, and one exists.Please don't $session->start();
INFO - 2024-07-30 19:58:49 --> Session: Class initialized using 'CodeIgniter\Session\Handlers\FileHandler' driver.
WARNING - 2024-07-30 19:58:49 --> Session: Sessions is enabled, and one exists.Please don't $session->start();
INFO - 2024-07-30 19:58:50 --> Session: Class initialized using 'CodeIgniter\Session\Handlers\FileHandler' driver.
WARNING - 2024-07-30 19:58:50 --> Session: Sessions is enabled, and one exists.Please don't $session->start();
INFO - 2024-07-30 19:59:01 --> Session: Class initialized using 'CodeIgniter\Session\Handlers\FileHandler' driver.
WARNING - 2024-07-30 19:59:01 --> Session: Sessions is enabled, and one exists.Please don't $session->start();
INFO - 2024-07-30 19:59:01 --> Session: Class initialized using 'CodeIgniter\Session\Handlers\FileHandler' driver.
WARNING - 2024-07-30 19:59:01 --> Session: Sessions is enabled, and one exists.Please don't $session->start();
INFO - 2024-07-30 20:01:29 --> Session: Class initialized using 'CodeIgniter\Session\Handlers\FileHandler' driver.
WARNING - 2024-07-30 20:01:29 --> Session: Sessions is enabled, and one exists.Please don't $session->start();
INFO - 2024-07-30 20:01:30 --> Session: Class initialized using 'CodeIgniter\Session\Handlers\FileHandler' driver.
WARNING - 2024-07-30 20:01:30 --> Session: Sessions is enabled, and one exists.Please don't $session->start();
INFO - 2024-07-30 20:01:32 --> Session: Class initialized using 'CodeIgniter\Session\Handlers\FileHandler' driver.
WARNING - 2024-07-30 20:01:32 --> Session: Sessions is enabled, and one exists.Please don't $session->start();
INFO - 2024-07-30 20:01:32 --> Session: Class initialized using 'CodeIgniter\Session\Handlers\FileHandler' driver.
WARNING - 2024-07-30 20:01:32 --> Session: Sessions is enabled, and one exists.Please don't $session->start();
INFO - 2024-07-30 20:01:33 --> Session: Class initialized using 'CodeIgniter\Session\Handlers\FileHandler' driver.
WARNING - 2024-07-30 20:01:33 --> Session: Sessions is enabled, and one exists.Please don't $session->start();
INFO - 2024-07-30 20:01:33 --> Session: Class initialized using 'CodeIgniter\Session\Handlers\FileHandler' driver.
WARNING - 2024-07-30 20:01:33 --> Session: Sessions is enabled, and one exists.Please don't $session->start();
INFO - 2024-07-30 20:01:54 --> Session: Class initialized using 'CodeIgniter\Session\Handlers\FileHandler' driver.
WARNING - 2024-07-30 20:01:54 --> Session: Sessions is enabled, and one exists.Please don't $session->start();
INFO - 2024-07-30 20:01:55 --> Session: Class initialized using 'CodeIgniter\Session\Handlers\FileHandler' driver.
WARNING - 2024-07-30 20:01:55 --> Session: Sessions is enabled, and one exists.Please don't $session->start();
INFO - 2024-07-30 20:01:56 --> Session: Class initialized using 'CodeIgniter\Session\Handlers\FileHandler' driver.
WARNING - 2024-07-30 20:01:56 --> Session: Sessions is enabled, and one exists.Please don't $session->start();
INFO - 2024-07-30 20:01:57 --> Session: Class initialized using 'CodeIgniter\Session\Handlers\FileHandler' driver.
WARNING - 2024-07-30 20:01:57 --> Session: Sessions is enabled, and one exists.Please don't $session->start();
INFO - 2024-07-30 20:01:59 --> Session: Class initialized using 'CodeIgniter\Session\Handlers\FileHandler' driver.
WARNING - 2024-07-30 20:01:59 --> Session: Sessions is enabled, and one exists.Please don't $session->start();
INFO - 2024-07-30 20:01:59 --> Session: Class initialized using 'CodeIgniter\Session\Handlers\FileHandler' driver.
WARNING - 2024-07-30 20:01:59 --> Session: Sessions is enabled, and one exists.Please don't $session->start();
INFO - 2024-07-30 20:02:04 --> Session: Class initialized using 'CodeIgniter\Session\Handlers\FileHandler' driver.
WARNING - 2024-07-30 20:02:04 --> Session: Sessions is enabled, and one exists.Please don't $session->start();
INFO - 2024-07-30 20:02:04 --> Session: Class initialized using 'CodeIgniter\Session\Handlers\FileHandler' driver.
WARNING - 2024-07-30 20:02:04 --> Session: Sessions is enabled, and one exists.Please don't $session->start();
INFO - 2024-07-30 20:12:38 --> Session: Class initialized using 'CodeIgniter\Session\Handlers\FileHandler' driver.
WARNING - 2024-07-30 20:12:38 --> Session: Sessions is enabled, and one exists.Please don't $session->start();
INFO - 2024-07-30 20:12:39 --> Session: Class initialized using 'CodeIgniter\Session\Handlers\FileHandler' driver.
WARNING - 2024-07-30 20:12:39 --> Session: Sessions is enabled, and one exists.Please don't $session->start();
INFO - 2024-07-30 20:13:44 --> Session: Class initialized using 'CodeIgniter\Session\Handlers\FileHandler' driver.
WARNING - 2024-07-30 20:13:44 --> Session: Sessions is enabled, and one exists.Please don't $session->start();
INFO - 2024-07-30 20:13:45 --> Session: Class initialized using 'CodeIgniter\Session\Handlers\FileHandler' driver.
WARNING - 2024-07-30 20:13:45 --> Session: Sessions is enabled, and one exists.Please don't $session->start();
INFO - 2024-07-30 20:14:24 --> Session: Class initialized using 'CodeIgniter\Session\Handlers\FileHandler' driver.
WARNING - 2024-07-30 20:14:24 --> Session: Sessions is enabled, and one exists.Please don't $session->start();
INFO - 2024-07-30 20:14:24 --> Session: Class initialized using 'CodeIgniter\Session\Handlers\FileHandler' driver.
WARNING - 2024-07-30 20:14:24 --> Session: Sessions is enabled, and one exists.Please don't $session->start();
INFO - 2024-07-30 20:16:02 --> Session: Class initialized using 'CodeIgniter\Session\Handlers\FileHandler' driver.
WARNING - 2024-07-30 20:16:02 --> Session: Sessions is enabled, and one exists.Please don't $session->start();
INFO - 2024-07-30 20:16:02 --> Session: Class initialized using 'CodeIgniter\Session\Handlers\FileHandler' driver.
WARNING - 2024-07-30 20:16:02 --> Session: Sessions is enabled, and one exists.Please don't $session->start();
INFO - 2024-07-30 20:17:04 --> Session: Class initialized using 'CodeIgniter\Session\Handlers\FileHandler' driver.
WARNING - 2024-07-30 20:17:04 --> Session: Sessions is enabled, and one exists.Please don't $session->start();
INFO - 2024-07-30 20:17:05 --> Session: Class initialized using 'CodeIgniter\Session\Handlers\FileHandler' driver.
WARNING - 2024-07-30 20:17:05 --> Session: Sessions is enabled, and one exists.Please don't $session->start();
INFO - 2024-07-30 20:17:06 --> Session: Class initialized using 'CodeIgniter\Session\Handlers\FileHandler' driver.
WARNING - 2024-07-30 20:17:06 --> Session: Sessions is enabled, and one exists.Please don't $session->start();
INFO - 2024-07-30 20:17:06 --> Session: Class initialized using 'CodeIgniter\Session\Handlers\FileHandler' driver.
WARNING - 2024-07-30 20:17:06 --> Session: Sessions is enabled, and one exists.Please don't $session->start();
INFO - 2024-07-30 20:20:20 --> Session: Class initialized using 'CodeIgniter\Session\Handlers\FileHandler' driver.
WARNING - 2024-07-30 20:20:20 --> Session: Sessions is enabled, and one exists.Please don't $session->start();
INFO - 2024-07-30 20:20:20 --> Session: Class initialized using 'CodeIgniter\Session\Handlers\FileHandler' driver.
WARNING - 2024-07-30 20:20:20 --> Session: Sessions is enabled, and one exists.Please don't $session->start();
INFO - 2024-07-30 20:20:21 --> Session: Class initialized using 'CodeIgniter\Session\Handlers\FileHandler' driver.
WARNING - 2024-07-30 20:20:21 --> Session: Sessions is enabled, and one exists.Please don't $session->start();
INFO - 2024-07-30 20:20:21 --> Session: Class initialized using 'CodeIgniter\Session\Handlers\FileHandler' driver.
WARNING - 2024-07-30 20:20:21 --> Session: Sessions is enabled, and one exists.Please don't $session->start();
INFO - 2024-07-30 20:24:44 --> Session: Class initialized using 'CodeIgniter\Session\Handlers\FileHandler' driver.
WARNING - 2024-07-30 20:24:44 --> Session: Sessions is enabled, and one exists.Please don't $session->start();
INFO - 2024-07-30 20:24:45 --> Session: Class initialized using 'CodeIgniter\Session\Handlers\FileHandler' driver.
WARNING - 2024-07-30 20:24:45 --> Session: Sessions is enabled, and one exists.Please don't $session->start();
INFO - 2024-07-30 20:24:46 --> Session: Class initialized using 'CodeIgniter\Session\Handlers\FileHandler' driver.
WARNING - 2024-07-30 20:24:46 --> Session: Sessions is enabled, and one exists.Please don't $session->start();
INFO - 2024-07-30 20:24:46 --> Session: Class initialized using 'CodeIgniter\Session\Handlers\FileHandler' driver.
WARNING - 2024-07-30 20:24:46 --> Session: Sessions is enabled, and one exists.Please don't $session->start();
INFO - 2024-07-30 20:26:58 --> Session: Class initialized using 'CodeIgniter\Session\Handlers\FileHandler' driver.
WARNING - 2024-07-30 20:26:58 --> Session: Sessions is enabled, and one exists.Please don't $session->start();
INFO - 2024-07-30 20:27:00 --> Session: Class initialized using 'CodeIgniter\Session\Handlers\FileHandler' driver.
WARNING - 2024-07-30 20:27:00 --> Session: Sessions is enabled, and one exists.Please don't $session->start();
INFO - 2024-07-30 20:27:01 --> Session: Class initialized using 'CodeIgniter\Session\Handlers\FileHandler' driver.
WARNING - 2024-07-30 20:27:01 --> Session: Sessions is enabled, and one exists.Please don't $session->start();
INFO - 2024-07-30 20:27:01 --> Session: Class initialized using 'CodeIgniter\Session\Handlers\FileHandler' driver.
WARNING - 2024-07-30 20:27:01 --> Session: Sessions is enabled, and one exists.Please don't $session->start();
INFO - 2024-07-30 20:29:31 --> Session: Class initialized using 'CodeIgniter\Session\Handlers\FileHandler' driver.
WARNING - 2024-07-30 20:29:31 --> Session: Sessions is enabled, and one exists.Please don't $session->start();
INFO - 2024-07-30 20:29:33 --> Session: Class initialized using 'CodeIgniter\Session\Handlers\FileHandler' driver.
WARNING - 2024-07-30 20:29:33 --> Session: Sessions is enabled, and one exists.Please don't $session->start();
INFO - 2024-07-30 20:29:33 --> Session: Class initialized using 'CodeIgniter\Session\Handlers\FileHandler' driver.
WARNING - 2024-07-30 20:29:33 --> Session: Sessions is enabled, and one exists.Please don't $session->start();
INFO - 2024-07-30 20:29:33 --> Session: Class initialized using 'CodeIgniter\Session\Handlers\FileHandler' driver.
WARNING - 2024-07-30 20:29:33 --> Session: Sessions is enabled, and one exists.Please don't $session->start();
INFO - 2024-07-30 20:59:34 --> Session: Class initialized using 'CodeIgniter\Session\Handlers\FileHandler' driver.
WARNING - 2024-07-30 20:59:34 --> Session: Sessions is enabled, and one exists.Please don't $session->start();
INFO - 2024-07-30 20:59:35 --> Session: Class initialized using 'CodeIgniter\Session\Handlers\FileHandler' driver.
WARNING - 2024-07-30 20:59:35 --> Session: Sessions is enabled, and one exists.Please don't $session->start();
INFO - 2024-07-30 21:29:36 --> Session: Class initialized using 'CodeIgniter\Session\Handlers\FileHandler' driver.
WARNING - 2024-07-30 21:29:36 --> Session: Sessions is enabled, and one exists.Please don't $session->start();
INFO - 2024-07-30 21:29:37 --> Session: Class initialized using 'CodeIgniter\Session\Handlers\FileHandler' driver.
WARNING - 2024-07-30 21:29:37 --> Session: Sessions is enabled, and one exists.Please don't $session->start();
INFO - 2024-07-30 23:52:50 --> Session: Class initialized using 'CodeIgniter\Session\Handlers\FileHandler' driver.
WARNING - 2024-07-30 23:52:50 --> Session: Sessions is enabled, and one exists.Please don't $session->start();
INFO - 2024-07-30 23:52:50 --> Session: Class initialized using 'CodeIgniter\Session\Handlers\FileHandler' driver.
WARNING - 2024-07-30 23:52:50 --> Session: Sessions is enabled, and one exists.Please don't $session->start();
