CRITICAL - 2020-09-05 21:57:08 --> Table 'momeawedding.tbl_company' doesn't exist
#0 /var/www/html/momea/vendor/codeigniter4/framework/system/Database/MySQLi/Connection.php(331): mysqli->query('SELECT *\nFROM `...')
#1 /var/www/html/momea/vendor/codeigniter4/framework/system/Database/BaseConnection.php(741): CodeIgniter\Database\MySQLi\Connection->execute('SELECT *\nFROM `...')
#2 /var/www/html/momea/vendor/codeigniter4/framework/system/Database/BaseConnection.php(669): CodeIgniter\Database\BaseConnection->simpleQuery('SELECT *\nFROM `...')
#3 /var/www/html/momea/vendor/codeigniter4/framework/system/Database/BaseBuilder.php(1860): CodeIgniter\Database\BaseConnection->query('SELECT *\nFROM `...', Array, false)
#4 /var/www/html/momea/app/Models/CompanyModel.php(25): CodeIgniter\Database\BaseBuilder->get()
#5 /var/www/html/momea/app/Controllers/Admin/Company.php(127): app\Models\CompanyModel->companyCheck(1)
#6 /var/www/html/momea/vendor/codeigniter4/framework/system/CodeIgniter.php(918): App\Controllers\Admin\Company->ambil_logo()
#7 /var/www/html/momea/vendor/codeigniter4/framework/system/CodeIgniter.php(404): CodeIgniter\CodeIgniter->runController(Object(App\Controllers\Admin\Company))
#8 /var/www/html/momea/vendor/codeigniter4/framework/system/CodeIgniter.php(312): CodeIgniter\CodeIgniter->handleRequest(NULL, Object(Config\Cache), false)
#9 /var/www/html/momea/public/index.php(45): CodeIgniter\CodeIgniter->run()
#10 /var/www/html/momea/vendor/codeigniter4/framework/system/Commands/Server/rewrite.php(34): require_once('/var/www/html/m...')
#11 {main}
CRITICAL - 2020-09-05 21:57:11 --> Table 'momeawedding.tbl_company' doesn't exist
#0 /var/www/html/momea/vendor/codeigniter4/framework/system/Database/MySQLi/Connection.php(331): mysqli->query('SELECT *\nFROM `...')
#1 /var/www/html/momea/vendor/codeigniter4/framework/system/Database/BaseConnection.php(741): CodeIgniter\Database\MySQLi\Connection->execute('SELECT *\nFROM `...')
#2 /var/www/html/momea/vendor/codeigniter4/framework/system/Database/BaseConnection.php(669): CodeIgniter\Database\BaseConnection->simpleQuery('SELECT *\nFROM `...')
#3 /var/www/html/momea/vendor/codeigniter4/framework/system/Database/BaseBuilder.php(1860): CodeIgniter\Database\BaseConnection->query('SELECT *\nFROM `...', Array, false)
#4 /var/www/html/momea/app/Models/CompanyModel.php(25): CodeIgniter\Database\BaseBuilder->get()
#5 /var/www/html/momea/app/Controllers/Admin/Company.php(127): app\Models\CompanyModel->companyCheck(1)
#6 /var/www/html/momea/vendor/codeigniter4/framework/system/CodeIgniter.php(918): App\Controllers\Admin\Company->ambil_logo()
#7 /var/www/html/momea/vendor/codeigniter4/framework/system/CodeIgniter.php(404): CodeIgniter\CodeIgniter->runController(Object(App\Controllers\Admin\Company))
#8 /var/www/html/momea/vendor/codeigniter4/framework/system/CodeIgniter.php(312): CodeIgniter\CodeIgniter->handleRequest(NULL, Object(Config\Cache), false)
#9 /var/www/html/momea/public/index.php(45): CodeIgniter\CodeIgniter->run()
#10 /var/www/html/momea/vendor/codeigniter4/framework/system/Commands/Server/rewrite.php(34): require_once('/var/www/html/m...')
#11 {main}
CRITICAL - 2020-09-05 21:57:13 --> Table 'momeawedding.tbl_company' doesn't exist
#0 /var/www/html/momea/vendor/codeigniter4/framework/system/Database/MySQLi/Connection.php(331): mysqli->query('SELECT *\nFROM `...')
#1 /var/www/html/momea/vendor/codeigniter4/framework/system/Database/BaseConnection.php(741): CodeIgniter\Database\MySQLi\Connection->execute('SELECT *\nFROM `...')
#2 /var/www/html/momea/vendor/codeigniter4/framework/system/Database/BaseConnection.php(669): CodeIgniter\Database\BaseConnection->simpleQuery('SELECT *\nFROM `...')
#3 /var/www/html/momea/vendor/codeigniter4/framework/system/Database/BaseBuilder.php(1860): CodeIgniter\Database\BaseConnection->query('SELECT *\nFROM `...', Array, false)
#4 /var/www/html/momea/app/Models/CompanyModel.php(25): CodeIgniter\Database\BaseBuilder->get()
#5 /var/www/html/momea/app/Controllers/Admin/Company.php(127): app\Models\CompanyModel->companyCheck(1)
#6 /var/www/html/momea/vendor/codeigniter4/framework/system/CodeIgniter.php(918): App\Controllers\Admin\Company->ambil_logo()
#7 /var/www/html/momea/vendor/codeigniter4/framework/system/CodeIgniter.php(404): CodeIgniter\CodeIgniter->runController(Object(App\Controllers\Admin\Company))
#8 /var/www/html/momea/vendor/codeigniter4/framework/system/CodeIgniter.php(312): CodeIgniter\CodeIgniter->handleRequest(NULL, Object(Config\Cache), false)
#9 /var/www/html/momea/public/index.php(45): CodeIgniter\CodeIgniter->run()
#10 /var/www/html/momea/vendor/codeigniter4/framework/system/Commands/Server/rewrite.php(34): require_once('/var/www/html/m...')
#11 {main}
CRITICAL - 2020-09-05 21:58:00 --> Table 'momeawedding.tbl_company' doesn't exist
#0 /var/www/html/momea/vendor/codeigniter4/framework/system/Database/MySQLi/Connection.php(331): mysqli->query('SELECT *\nFROM `...')
#1 /var/www/html/momea/vendor/codeigniter4/framework/system/Database/BaseConnection.php(741): CodeIgniter\Database\MySQLi\Connection->execute('SELECT *\nFROM `...')
#2 /var/www/html/momea/vendor/codeigniter4/framework/system/Database/BaseConnection.php(669): CodeIgniter\Database\BaseConnection->simpleQuery('SELECT *\nFROM `...')
#3 /var/www/html/momea/vendor/codeigniter4/framework/system/Database/BaseBuilder.php(1860): CodeIgniter\Database\BaseConnection->query('SELECT *\nFROM `...', Array, false)
#4 /var/www/html/momea/app/Models/CompanyModel.php(25): CodeIgniter\Database\BaseBuilder->get()
#5 /var/www/html/momea/app/Controllers/Admin/Company.php(127): app\Models\CompanyModel->companyCheck(1)
#6 /var/www/html/momea/vendor/codeigniter4/framework/system/CodeIgniter.php(918): App\Controllers\Admin\Company->ambil_logo()
#7 /var/www/html/momea/vendor/codeigniter4/framework/system/CodeIgniter.php(404): CodeIgniter\CodeIgniter->runController(Object(App\Controllers\Admin\Company))
#8 /var/www/html/momea/vendor/codeigniter4/framework/system/CodeIgniter.php(312): CodeIgniter\CodeIgniter->handleRequest(NULL, Object(Config\Cache), false)
#9 /var/www/html/momea/public/index.php(45): CodeIgniter\CodeIgniter->run()
#10 /var/www/html/momea/vendor/codeigniter4/framework/system/Commands/Server/rewrite.php(34): require_once('/var/www/html/m...')
#11 {main}
CRITICAL - 2020-09-05 22:11:11 --> Table 'momeawedding.tbl_company' doesn't exist
#0 /var/www/html/momea/vendor/codeigniter4/framework/system/Database/MySQLi/Connection.php(331): mysqli->query('SELECT *\nFROM `...')
#1 /var/www/html/momea/vendor/codeigniter4/framework/system/Database/BaseConnection.php(741): CodeIgniter\Database\MySQLi\Connection->execute('SELECT *\nFROM `...')
#2 /var/www/html/momea/vendor/codeigniter4/framework/system/Database/BaseConnection.php(669): CodeIgniter\Database\BaseConnection->simpleQuery('SELECT *\nFROM `...')
#3 /var/www/html/momea/vendor/codeigniter4/framework/system/Database/BaseBuilder.php(1860): CodeIgniter\Database\BaseConnection->query('SELECT *\nFROM `...', Array, false)
#4 /var/www/html/momea/app/Models/CompanyModel.php(25): CodeIgniter\Database\BaseBuilder->get()
#5 /var/www/html/momea/app/Controllers/Admin/Company.php(127): app\Models\CompanyModel->companyCheck(1)
#6 /var/www/html/momea/vendor/codeigniter4/framework/system/CodeIgniter.php(918): App\Controllers\Admin\Company->ambil_logo()
#7 /var/www/html/momea/vendor/codeigniter4/framework/system/CodeIgniter.php(404): CodeIgniter\CodeIgniter->runController(Object(App\Controllers\Admin\Company))
#8 /var/www/html/momea/vendor/codeigniter4/framework/system/CodeIgniter.php(312): CodeIgniter\CodeIgniter->handleRequest(NULL, Object(Config\Cache), false)
#9 /var/www/html/momea/public/index.php(45): CodeIgniter\CodeIgniter->run()
#10 /var/www/html/momea/vendor/codeigniter4/framework/system/Commands/Server/rewrite.php(34): require_once('/var/www/html/m...')
#11 {main}
CRITICAL - 2020-09-05 22:11:13 --> Table 'momeawedding.tbl_company' doesn't exist
#0 /var/www/html/momea/vendor/codeigniter4/framework/system/Database/MySQLi/Connection.php(331): mysqli->query('SELECT *\nFROM `...')
#1 /var/www/html/momea/vendor/codeigniter4/framework/system/Database/BaseConnection.php(741): CodeIgniter\Database\MySQLi\Connection->execute('SELECT *\nFROM `...')
#2 /var/www/html/momea/vendor/codeigniter4/framework/system/Database/BaseConnection.php(669): CodeIgniter\Database\BaseConnection->simpleQuery('SELECT *\nFROM `...')
#3 /var/www/html/momea/vendor/codeigniter4/framework/system/Database/BaseBuilder.php(1860): CodeIgniter\Database\BaseConnection->query('SELECT *\nFROM `...', Array, false)
#4 /var/www/html/momea/app/Models/CompanyModel.php(25): CodeIgniter\Database\BaseBuilder->get()
#5 /var/www/html/momea/app/Controllers/Admin/Company.php(127): app\Models\CompanyModel->companyCheck(1)
#6 /var/www/html/momea/vendor/codeigniter4/framework/system/CodeIgniter.php(918): App\Controllers\Admin\Company->ambil_logo()
#7 /var/www/html/momea/vendor/codeigniter4/framework/system/CodeIgniter.php(404): CodeIgniter\CodeIgniter->runController(Object(App\Controllers\Admin\Company))
#8 /var/www/html/momea/vendor/codeigniter4/framework/system/CodeIgniter.php(312): CodeIgniter\CodeIgniter->handleRequest(NULL, Object(Config\Cache), false)
#9 /var/www/html/momea/public/index.php(45): CodeIgniter\CodeIgniter->run()
#10 /var/www/html/momea/vendor/codeigniter4/framework/system/Commands/Server/rewrite.php(34): require_once('/var/www/html/m...')
#11 {main}
CRITICAL - 2020-09-05 22:12:17 --> Table 'momeawedding.tbl_company' doesn't exist
#0 /var/www/html/momea/vendor/codeigniter4/framework/system/Database/MySQLi/Connection.php(331): mysqli->query('SELECT *\nFROM `...')
#1 /var/www/html/momea/vendor/codeigniter4/framework/system/Database/BaseConnection.php(741): CodeIgniter\Database\MySQLi\Connection->execute('SELECT *\nFROM `...')
#2 /var/www/html/momea/vendor/codeigniter4/framework/system/Database/BaseConnection.php(669): CodeIgniter\Database\BaseConnection->simpleQuery('SELECT *\nFROM `...')
#3 /var/www/html/momea/vendor/codeigniter4/framework/system/Database/BaseBuilder.php(1860): CodeIgniter\Database\BaseConnection->query('SELECT *\nFROM `...', Array, false)
#4 /var/www/html/momea/app/Models/CompanyModel.php(25): CodeIgniter\Database\BaseBuilder->get()
#5 /var/www/html/momea/app/Controllers/Admin/Company.php(127): app\Models\CompanyModel->companyCheck(1)
#6 /var/www/html/momea/vendor/codeigniter4/framework/system/CodeIgniter.php(918): App\Controllers\Admin\Company->ambil_logo()
#7 /var/www/html/momea/vendor/codeigniter4/framework/system/CodeIgniter.php(404): CodeIgniter\CodeIgniter->runController(Object(App\Controllers\Admin\Company))
#8 /var/www/html/momea/vendor/codeigniter4/framework/system/CodeIgniter.php(312): CodeIgniter\CodeIgniter->handleRequest(NULL, Object(Config\Cache), false)
#9 /var/www/html/momea/public/index.php(45): CodeIgniter\CodeIgniter->run()
#10 /var/www/html/momea/vendor/codeigniter4/framework/system/Commands/Server/rewrite.php(34): require_once('/var/www/html/m...')
#11 {main}
CRITICAL - 2020-09-05 22:12:24 --> Table 'momeawedding.tbl_company' doesn't exist
#0 /var/www/html/momea/vendor/codeigniter4/framework/system/Database/MySQLi/Connection.php(331): mysqli->query('SELECT *\nFROM `...')
#1 /var/www/html/momea/vendor/codeigniter4/framework/system/Database/BaseConnection.php(741): CodeIgniter\Database\MySQLi\Connection->execute('SELECT *\nFROM `...')
#2 /var/www/html/momea/vendor/codeigniter4/framework/system/Database/BaseConnection.php(669): CodeIgniter\Database\BaseConnection->simpleQuery('SELECT *\nFROM `...')
#3 /var/www/html/momea/vendor/codeigniter4/framework/system/Database/BaseBuilder.php(1860): CodeIgniter\Database\BaseConnection->query('SELECT *\nFROM `...', Array, false)
#4 /var/www/html/momea/app/Models/CompanyModel.php(25): CodeIgniter\Database\BaseBuilder->get()
#5 /var/www/html/momea/app/Controllers/Admin/Company.php(127): app\Models\CompanyModel->companyCheck(1)
#6 /var/www/html/momea/vendor/codeigniter4/framework/system/CodeIgniter.php(918): App\Controllers\Admin\Company->ambil_logo()
#7 /var/www/html/momea/vendor/codeigniter4/framework/system/CodeIgniter.php(404): CodeIgniter\CodeIgniter->runController(Object(App\Controllers\Admin\Company))
#8 /var/www/html/momea/vendor/codeigniter4/framework/system/CodeIgniter.php(312): CodeIgniter\CodeIgniter->handleRequest(NULL, Object(Config\Cache), false)
#9 /var/www/html/momea/public/index.php(45): CodeIgniter\CodeIgniter->run()
#10 /var/www/html/momea/vendor/codeigniter4/framework/system/Commands/Server/rewrite.php(34): require_once('/var/www/html/m...')
#11 {main}
CRITICAL - 2020-09-05 22:15:11 --> Table 'momeawedding.tbl_company' doesn't exist
#0 /var/www/html/momea/vendor/codeigniter4/framework/system/Database/MySQLi/Connection.php(331): mysqli->query('SELECT *\nFROM `...')
#1 /var/www/html/momea/vendor/codeigniter4/framework/system/Database/BaseConnection.php(741): CodeIgniter\Database\MySQLi\Connection->execute('SELECT *\nFROM `...')
#2 /var/www/html/momea/vendor/codeigniter4/framework/system/Database/BaseConnection.php(669): CodeIgniter\Database\BaseConnection->simpleQuery('SELECT *\nFROM `...')
#3 /var/www/html/momea/vendor/codeigniter4/framework/system/Database/BaseBuilder.php(1860): CodeIgniter\Database\BaseConnection->query('SELECT *\nFROM `...', Array, false)
#4 /var/www/html/momea/app/Models/CompanyModel.php(25): CodeIgniter\Database\BaseBuilder->get()
#5 /var/www/html/momea/app/Controllers/Admin/Company.php(127): app\Models\CompanyModel->companyCheck(1)
#6 /var/www/html/momea/vendor/codeigniter4/framework/system/CodeIgniter.php(918): App\Controllers\Admin\Company->ambil_logo()
#7 /var/www/html/momea/vendor/codeigniter4/framework/system/CodeIgniter.php(404): CodeIgniter\CodeIgniter->runController(Object(App\Controllers\Admin\Company))
#8 /var/www/html/momea/vendor/codeigniter4/framework/system/CodeIgniter.php(312): CodeIgniter\CodeIgniter->handleRequest(NULL, Object(Config\Cache), false)
#9 /var/www/html/momea/public/index.php(45): CodeIgniter\CodeIgniter->run()
#10 /var/www/html/momea/vendor/codeigniter4/framework/system/Commands/Server/rewrite.php(34): require_once('/var/www/html/m...')
#11 {main}
CRITICAL - 2020-09-05 22:15:17 --> Table 'momeawedding.tbl_company' doesn't exist
#0 /var/www/html/momea/vendor/codeigniter4/framework/system/Database/MySQLi/Connection.php(331): mysqli->query('SELECT *\nFROM `...')
#1 /var/www/html/momea/vendor/codeigniter4/framework/system/Database/BaseConnection.php(741): CodeIgniter\Database\MySQLi\Connection->execute('SELECT *\nFROM `...')
#2 /var/www/html/momea/vendor/codeigniter4/framework/system/Database/BaseConnection.php(669): CodeIgniter\Database\BaseConnection->simpleQuery('SELECT *\nFROM `...')
#3 /var/www/html/momea/vendor/codeigniter4/framework/system/Database/BaseBuilder.php(1860): CodeIgniter\Database\BaseConnection->query('SELECT *\nFROM `...', Array, false)
#4 /var/www/html/momea/app/Models/CompanyModel.php(25): CodeIgniter\Database\BaseBuilder->get()
#5 /var/www/html/momea/app/Controllers/Admin/Company.php(127): app\Models\CompanyModel->companyCheck(1)
#6 /var/www/html/momea/vendor/codeigniter4/framework/system/CodeIgniter.php(918): App\Controllers\Admin\Company->ambil_logo()
#7 /var/www/html/momea/vendor/codeigniter4/framework/system/CodeIgniter.php(404): CodeIgniter\CodeIgniter->runController(Object(App\Controllers\Admin\Company))
#8 /var/www/html/momea/vendor/codeigniter4/framework/system/CodeIgniter.php(312): CodeIgniter\CodeIgniter->handleRequest(NULL, Object(Config\Cache), false)
#9 /var/www/html/momea/public/index.php(45): CodeIgniter\CodeIgniter->run()
#10 /var/www/html/momea/vendor/codeigniter4/framework/system/Commands/Server/rewrite.php(34): require_once('/var/www/html/m...')
#11 {main}
CRITICAL - 2020-09-05 22:15:18 --> Table 'momeawedding.tbl_company' doesn't exist
#0 /var/www/html/momea/vendor/codeigniter4/framework/system/Database/MySQLi/Connection.php(331): mysqli->query('SELECT *\nFROM `...')
#1 /var/www/html/momea/vendor/codeigniter4/framework/system/Database/BaseConnection.php(741): CodeIgniter\Database\MySQLi\Connection->execute('SELECT *\nFROM `...')
#2 /var/www/html/momea/vendor/codeigniter4/framework/system/Database/BaseConnection.php(669): CodeIgniter\Database\BaseConnection->simpleQuery('SELECT *\nFROM `...')
#3 /var/www/html/momea/vendor/codeigniter4/framework/system/Database/BaseBuilder.php(1860): CodeIgniter\Database\BaseConnection->query('SELECT *\nFROM `...', Array, false)
#4 /var/www/html/momea/app/Models/CompanyModel.php(25): CodeIgniter\Database\BaseBuilder->get()
#5 /var/www/html/momea/app/Controllers/Admin/Company.php(127): app\Models\CompanyModel->companyCheck(1)
#6 /var/www/html/momea/vendor/codeigniter4/framework/system/CodeIgniter.php(918): App\Controllers\Admin\Company->ambil_logo()
#7 /var/www/html/momea/vendor/codeigniter4/framework/system/CodeIgniter.php(404): CodeIgniter\CodeIgniter->runController(Object(App\Controllers\Admin\Company))
#8 /var/www/html/momea/vendor/codeigniter4/framework/system/CodeIgniter.php(312): CodeIgniter\CodeIgniter->handleRequest(NULL, Object(Config\Cache), false)
#9 /var/www/html/momea/public/index.php(45): CodeIgniter\CodeIgniter->run()
#10 /var/www/html/momea/vendor/codeigniter4/framework/system/Commands/Server/rewrite.php(34): require_once('/var/www/html/m...')
#11 {main}
CRITICAL - 2020-09-05 22:15:21 --> Table 'momeawedding.tbl_company' doesn't exist
#0 /var/www/html/momea/vendor/codeigniter4/framework/system/Database/MySQLi/Connection.php(331): mysqli->query('SELECT *\nFROM `...')
#1 /var/www/html/momea/vendor/codeigniter4/framework/system/Database/BaseConnection.php(741): CodeIgniter\Database\MySQLi\Connection->execute('SELECT *\nFROM `...')
#2 /var/www/html/momea/vendor/codeigniter4/framework/system/Database/BaseConnection.php(669): CodeIgniter\Database\BaseConnection->simpleQuery('SELECT *\nFROM `...')
#3 /var/www/html/momea/vendor/codeigniter4/framework/system/Database/BaseBuilder.php(1860): CodeIgniter\Database\BaseConnection->query('SELECT *\nFROM `...', Array, false)
#4 /var/www/html/momea/app/Models/CompanyModel.php(25): CodeIgniter\Database\BaseBuilder->get()
#5 /var/www/html/momea/app/Controllers/Admin/Company.php(127): app\Models\CompanyModel->companyCheck(1)
#6 /var/www/html/momea/vendor/codeigniter4/framework/system/CodeIgniter.php(918): App\Controllers\Admin\Company->ambil_logo()
#7 /var/www/html/momea/vendor/codeigniter4/framework/system/CodeIgniter.php(404): CodeIgniter\CodeIgniter->runController(Object(App\Controllers\Admin\Company))
#8 /var/www/html/momea/vendor/codeigniter4/framework/system/CodeIgniter.php(312): CodeIgniter\CodeIgniter->handleRequest(NULL, Object(Config\Cache), false)
#9 /var/www/html/momea/public/index.php(45): CodeIgniter\CodeIgniter->run()
#10 /var/www/html/momea/vendor/codeigniter4/framework/system/Commands/Server/rewrite.php(34): require_once('/var/www/html/m...')
#11 {main}
CRITICAL - 2020-09-05 23:08:32 --> Table 'momeawedding.tbl_company' doesn't exist
#0 /var/www/html/momea/vendor/codeigniter4/framework/system/Database/MySQLi/Connection.php(331): mysqli->query('SELECT *\nFROM `...')
#1 /var/www/html/momea/vendor/codeigniter4/framework/system/Database/BaseConnection.php(741): CodeIgniter\Database\MySQLi\Connection->execute('SELECT *\nFROM `...')
#2 /var/www/html/momea/vendor/codeigniter4/framework/system/Database/BaseConnection.php(669): CodeIgniter\Database\BaseConnection->simpleQuery('SELECT *\nFROM `...')
#3 /var/www/html/momea/vendor/codeigniter4/framework/system/Database/BaseBuilder.php(1860): CodeIgniter\Database\BaseConnection->query('SELECT *\nFROM `...', Array, false)
#4 /var/www/html/momea/app/Models/CompanyModel.php(25): CodeIgniter\Database\BaseBuilder->get()
#5 /var/www/html/momea/app/Controllers/Admin/Company.php(127): app\Models\CompanyModel->companyCheck(1)
#6 /var/www/html/momea/vendor/codeigniter4/framework/system/CodeIgniter.php(918): App\Controllers\Admin\Company->ambil_logo()
#7 /var/www/html/momea/vendor/codeigniter4/framework/system/CodeIgniter.php(404): CodeIgniter\CodeIgniter->runController(Object(App\Controllers\Admin\Company))
#8 /var/www/html/momea/vendor/codeigniter4/framework/system/CodeIgniter.php(312): CodeIgniter\CodeIgniter->handleRequest(NULL, Object(Config\Cache), false)
#9 /var/www/html/momea/public/index.php(45): CodeIgniter\CodeIgniter->run()
#10 /var/www/html/momea/vendor/codeigniter4/framework/system/Commands/Server/rewrite.php(34): require_once('/var/www/html/m...')
#11 {main}
CRITICAL - 2020-09-05 23:19:19 --> Table 'momeawedding.tbl_company' doesn't exist
#0 /var/www/html/momea/vendor/codeigniter4/framework/system/Database/MySQLi/Connection.php(331): mysqli->query('SELECT *\nFROM `...')
#1 /var/www/html/momea/vendor/codeigniter4/framework/system/Database/BaseConnection.php(741): CodeIgniter\Database\MySQLi\Connection->execute('SELECT *\nFROM `...')
#2 /var/www/html/momea/vendor/codeigniter4/framework/system/Database/BaseConnection.php(669): CodeIgniter\Database\BaseConnection->simpleQuery('SELECT *\nFROM `...')
#3 /var/www/html/momea/vendor/codeigniter4/framework/system/Database/BaseBuilder.php(1860): CodeIgniter\Database\BaseConnection->query('SELECT *\nFROM `...', Array, false)
#4 /var/www/html/momea/app/Models/CompanyModel.php(25): CodeIgniter\Database\BaseBuilder->get()
#5 /var/www/html/momea/app/Controllers/Admin/Company.php(127): app\Models\CompanyModel->companyCheck(1)
#6 /var/www/html/momea/vendor/codeigniter4/framework/system/CodeIgniter.php(918): App\Controllers\Admin\Company->ambil_logo()
#7 /var/www/html/momea/vendor/codeigniter4/framework/system/CodeIgniter.php(404): CodeIgniter\CodeIgniter->runController(Object(App\Controllers\Admin\Company))
#8 /var/www/html/momea/vendor/codeigniter4/framework/system/CodeIgniter.php(312): CodeIgniter\CodeIgniter->handleRequest(NULL, Object(Config\Cache), false)
#9 /var/www/html/momea/public/index.php(45): CodeIgniter\CodeIgniter->run()
#10 /var/www/html/momea/vendor/codeigniter4/framework/system/Commands/Server/rewrite.php(34): require_once('/var/www/html/m...')
#11 {main}
