INFO - 2023-07-08 17:26:37 --> Session: Class initialized using 'CodeIgniter\Session\Handlers\FileHandler' driver.
INFO - 2023-07-08 17:26:37 --> Session: Class initialized using 'CodeIgniter\Session\Handlers\FileHandler' driver.
WARNING - 2023-07-08 17:26:37 --> Session: Sessions is enabled, and one exists.Please don't $session->start();
INFO - 2023-07-08 17:31:05 --> Session: Class initialized using 'CodeIgniter\Session\Handlers\FileHandler' driver.
WARNING - 2023-07-08 17:31:05 --> Session: Sessions is enabled, and one exists.Please don't $session->start();
INFO - 2023-07-08 17:31:16 --> Session: Class initialized using 'CodeIgniter\Session\Handlers\FileHandler' driver.
WARNING - 2023-07-08 17:31:16 --> Session: Sessions is enabled, and one exists.Please don't $session->start();
INFO - 2023-07-08 17:31:18 --> Session: Class initialized using 'CodeIgniter\Session\Handlers\FileHandler' driver.
INFO - 2023-07-08 17:32:23 --> Session: Class initialized using 'CodeIgniter\Session\Handlers\FileHandler' driver.
INFO - 2023-07-08 17:35:35 --> Session: Class initialized using 'CodeIgniter\Session\Handlers\FileHandler' driver.
INFO - 2023-07-08 17:36:10 --> Session: Class initialized using 'CodeIgniter\Session\Handlers\FileHandler' driver.
INFO - 2023-07-08 17:37:11 --> Session: Class initialized using 'CodeIgniter\Session\Handlers\FileHandler' driver.
INFO - 2023-07-08 17:37:27 --> Session: Class initialized using 'CodeIgniter\Session\Handlers\FileHandler' driver.
INFO - 2023-07-08 17:39:44 --> Session: Class initialized using 'CodeIgniter\Session\Handlers\FileHandler' driver.
INFO - 2023-07-08 17:41:25 --> Session: Class initialized using 'CodeIgniter\Session\Handlers\FileHandler' driver.
INFO - 2023-07-08 17:47:16 --> Session: Class initialized using 'CodeIgniter\Session\Handlers\FileHandler' driver.
INFO - 2023-07-08 17:47:25 --> Session: Class initialized using 'CodeIgniter\Session\Handlers\FileHandler' driver.
INFO - 2023-07-08 17:48:15 --> Session: Class initialized using 'CodeIgniter\Session\Handlers\FileHandler' driver.
INFO - 2023-07-08 17:49:01 --> Session: Class initialized using 'CodeIgniter\Session\Handlers\FileHandler' driver.
WARNING - 2023-07-08 17:49:01 --> Session: Sessions is enabled, and one exists.Please don't $session->start();
INFO - 2023-07-08 17:49:01 --> Session: Class initialized using 'CodeIgniter\Session\Handlers\FileHandler' driver.
WARNING - 2023-07-08 17:49:01 --> Session: Sessions is enabled, and one exists.Please don't $session->start();
INFO - 2023-07-08 17:49:04 --> Session: Class initialized using 'CodeIgniter\Session\Handlers\FileHandler' driver.
WARNING - 2023-07-08 17:49:04 --> Session: Sessions is enabled, and one exists.Please don't $session->start();
INFO - 2023-07-08 17:49:42 --> Session: Class initialized using 'CodeIgniter\Session\Handlers\FileHandler' driver.
WARNING - 2023-07-08 17:49:42 --> Session: Sessions is enabled, and one exists.Please don't $session->start();
INFO - 2023-07-08 17:49:44 --> Session: Class initialized using 'CodeIgniter\Session\Handlers\FileHandler' driver.
INFO - 2023-07-08 17:51:44 --> Session: Class initialized using 'CodeIgniter\Session\Handlers\FileHandler' driver.
INFO - 2023-07-08 17:52:00 --> Session: Class initialized using 'CodeIgniter\Session\Handlers\FileHandler' driver.
INFO - 2023-07-08 17:57:47 --> Session: Class initialized using 'CodeIgniter\Session\Handlers\FileHandler' driver.
INFO - 2023-07-08 17:58:45 --> Session: Class initialized using 'CodeIgniter\Session\Handlers\FileHandler' driver.
INFO - 2023-07-08 17:58:55 --> Session: Class initialized using 'CodeIgniter\Session\Handlers\FileHandler' driver.
INFO - 2023-07-08 17:59:40 --> Session: Class initialized using 'CodeIgniter\Session\Handlers\FileHandler' driver.
INFO - 2023-07-08 17:59:57 --> Session: Class initialized using 'CodeIgniter\Session\Handlers\FileHandler' driver.
INFO - 2023-07-08 18:00:21 --> Session: Class initialized using 'CodeIgniter\Session\Handlers\FileHandler' driver.
INFO - 2023-07-08 18:01:08 --> Session: Class initialized using 'CodeIgniter\Session\Handlers\FileHandler' driver.
INFO - 2023-07-08 18:04:45 --> Session: Class initialized using 'CodeIgniter\Session\Handlers\FileHandler' driver.
INFO - 2023-07-08 18:05:26 --> Session: Class initialized using 'CodeIgniter\Session\Handlers\FileHandler' driver.
INFO - 2023-07-08 18:11:46 --> Session: Class initialized using 'CodeIgniter\Session\Handlers\FileHandler' driver.
INFO - 2023-07-08 18:14:12 --> Session: Class initialized using 'CodeIgniter\Session\Handlers\FileHandler' driver.
INFO - 2023-07-08 18:14:59 --> Session: Class initialized using 'CodeIgniter\Session\Handlers\FileHandler' driver.
INFO - 2023-07-08 18:18:26 --> Session: Class initialized using 'CodeIgniter\Session\Handlers\FileHandler' driver.
INFO - 2023-07-08 18:18:45 --> Session: Class initialized using 'CodeIgniter\Session\Handlers\FileHandler' driver.
INFO - 2023-07-08 18:19:22 --> Session: Class initialized using 'CodeIgniter\Session\Handlers\FileHandler' driver.
INFO - 2023-07-08 18:19:46 --> Session: Class initialized using 'CodeIgniter\Session\Handlers\FileHandler' driver.
INFO - 2023-07-08 18:20:25 --> Session: Class initialized using 'CodeIgniter\Session\Handlers\FileHandler' driver.
INFO - 2023-07-08 18:44:47 --> Session: Class initialized using 'CodeIgniter\Session\Handlers\FileHandler' driver.
INFO - 2023-07-08 18:55:49 --> Session: Class initialized using 'CodeIgniter\Session\Handlers\FileHandler' driver.
INFO - 2023-07-08 18:56:39 --> Session: Class initialized using 'CodeIgniter\Session\Handlers\FileHandler' driver.
INFO - 2023-07-08 18:56:54 --> Session: Class initialized using 'CodeIgniter\Session\Handlers\FileHandler' driver.
INFO - 2023-07-08 18:58:24 --> Session: Class initialized using 'CodeIgniter\Session\Handlers\FileHandler' driver.
INFO - 2023-07-08 18:59:52 --> Session: Class initialized using 'CodeIgniter\Session\Handlers\FileHandler' driver.
INFO - 2023-07-08 19:01:08 --> Session: Class initialized using 'CodeIgniter\Session\Handlers\FileHandler' driver.
WARNING - 2023-07-08 19:01:08 --> Session: Sessions is enabled, and one exists.Please don't $session->start();
INFO - 2023-07-08 19:01:09 --> Session: Class initialized using 'CodeIgniter\Session\Handlers\FileHandler' driver.
WARNING - 2023-07-08 19:01:09 --> Session: Sessions is enabled, and one exists.Please don't $session->start();
INFO - 2023-07-08 19:03:40 --> Session: Class initialized using 'CodeIgniter\Session\Handlers\FileHandler' driver.
INFO - 2023-07-08 19:04:14 --> Session: Class initialized using 'CodeIgniter\Session\Handlers\FileHandler' driver.
INFO - 2023-07-08 19:04:21 --> Session: Class initialized using 'CodeIgniter\Session\Handlers\FileHandler' driver.
INFO - 2023-07-08 19:04:46 --> Session: Class initialized using 'CodeIgniter\Session\Handlers\FileHandler' driver.
INFO - 2023-07-08 19:34:46 --> Session: Class initialized using 'CodeIgniter\Session\Handlers\FileHandler' driver.
INFO - 2023-07-08 19:38:19 --> Session: Class initialized using 'CodeIgniter\Session\Handlers\FileHandler' driver.
INFO - 2023-07-08 19:39:41 --> Session: Class initialized using 'CodeIgniter\Session\Handlers\FileHandler' driver.
INFO - 2023-07-08 19:44:07 --> Session: Class initialized using 'CodeIgniter\Session\Handlers\FileHandler' driver.
INFO - 2023-07-08 19:44:11 --> Session: Class initialized using 'CodeIgniter\Session\Handlers\FileHandler' driver.
WARNING - 2023-07-08 19:44:11 --> Session: Sessions is enabled, and one exists.Please don't $session->start();
INFO - 2023-07-08 19:44:11 --> Session: Class initialized using 'CodeIgniter\Session\Handlers\FileHandler' driver.
WARNING - 2023-07-08 19:44:11 --> Session: Sessions is enabled, and one exists.Please don't $session->start();
INFO - 2023-07-08 19:45:17 --> Session: Class initialized using 'CodeIgniter\Session\Handlers\FileHandler' driver.
WARNING - 2023-07-08 19:45:17 --> Session: Sessions is enabled, and one exists.Please don't $session->start();
INFO - 2023-07-08 19:45:18 --> Session: Class initialized using 'CodeIgniter\Session\Handlers\FileHandler' driver.
WARNING - 2023-07-08 19:45:18 --> Session: Sessions is enabled, and one exists.Please don't $session->start();
INFO - 2023-07-08 19:45:21 --> Session: Class initialized using 'CodeIgniter\Session\Handlers\FileHandler' driver.
INFO - 2023-07-08 19:45:23 --> Session: Class initialized using 'CodeIgniter\Session\Handlers\FileHandler' driver.
WARNING - 2023-07-08 19:45:23 --> Session: Sessions is enabled, and one exists.Please don't $session->start();
INFO - 2023-07-08 19:45:24 --> Session: Class initialized using 'CodeIgniter\Session\Handlers\FileHandler' driver.
WARNING - 2023-07-08 19:45:24 --> Session: Sessions is enabled, and one exists.Please don't $session->start();
INFO - 2023-07-08 19:45:34 --> Session: Class initialized using 'CodeIgniter\Session\Handlers\FileHandler' driver.
WARNING - 2023-07-08 19:45:34 --> Session: Sessions is enabled, and one exists.Please don't $session->start();
INFO - 2023-07-08 19:45:35 --> Session: Class initialized using 'CodeIgniter\Session\Handlers\FileHandler' driver.
WARNING - 2023-07-08 19:45:35 --> Session: Sessions is enabled, and one exists.Please don't $session->start();
INFO - 2023-07-08 19:46:01 --> Session: Class initialized using 'CodeIgniter\Session\Handlers\FileHandler' driver.
WARNING - 2023-07-08 19:46:01 --> Session: Sessions is enabled, and one exists.Please don't $session->start();
INFO - 2023-07-08 19:46:02 --> Session: Class initialized using 'CodeIgniter\Session\Handlers\FileHandler' driver.
WARNING - 2023-07-08 19:46:02 --> Session: Sessions is enabled, and one exists.Please don't $session->start();
INFO - 2023-07-08 19:49:27 --> Session: Class initialized using 'CodeIgniter\Session\Handlers\FileHandler' driver.
WARNING - 2023-07-08 19:49:27 --> Session: Sessions is enabled, and one exists.Please don't $session->start();
INFO - 2023-07-08 19:49:27 --> Session: Class initialized using 'CodeIgniter\Session\Handlers\FileHandler' driver.
WARNING - 2023-07-08 19:49:27 --> Session: Sessions is enabled, and one exists.Please don't $session->start();
CRITICAL - 2023-07-08 19:49:27 --> Call to a member function getPengguna() on null
#0 /usr/local/var/www/app-p4i/vendor/codeigniter4/framework/system/CodeIgniter.php(918): App\Controllers\Backend\Kegiatan->getData()
#1 /usr/local/var/www/app-p4i/vendor/codeigniter4/framework/system/CodeIgniter.php(404): CodeIgniter\CodeIgniter->runController(Object(App\Controllers\Backend\Kegiatan))
#2 /usr/local/var/www/app-p4i/vendor/codeigniter4/framework/system/CodeIgniter.php(312): CodeIgniter\CodeIgniter->handleRequest(NULL, Object(Config\Cache), false)
#3 /usr/local/var/www/app-p4i/public/index.php(45): CodeIgniter\CodeIgniter->run()
#4 /usr/local/var/www/app-p4i/vendor/codeigniter4/framework/system/Commands/Server/rewrite.php(34): require_once('/usr/local/var/...')
#5 {main}
INFO - 2023-07-08 19:49:37 --> Session: Class initialized using 'CodeIgniter\Session\Handlers\FileHandler' driver.
WARNING - 2023-07-08 19:49:37 --> Session: Sessions is enabled, and one exists.Please don't $session->start();
INFO - 2023-07-08 19:49:38 --> Session: Class initialized using 'CodeIgniter\Session\Handlers\FileHandler' driver.
WARNING - 2023-07-08 19:49:38 --> Session: Sessions is enabled, and one exists.Please don't $session->start();
CRITICAL - 2023-07-08 19:49:38 --> Call to a member function getPengguna() on null
#0 /usr/local/var/www/app-p4i/vendor/codeigniter4/framework/system/CodeIgniter.php(918): App\Controllers\Backend\Kegiatan->getData()
#1 /usr/local/var/www/app-p4i/vendor/codeigniter4/framework/system/CodeIgniter.php(404): CodeIgniter\CodeIgniter->runController(Object(App\Controllers\Backend\Kegiatan))
#2 /usr/local/var/www/app-p4i/vendor/codeigniter4/framework/system/CodeIgniter.php(312): CodeIgniter\CodeIgniter->handleRequest(NULL, Object(Config\Cache), false)
#3 /usr/local/var/www/app-p4i/public/index.php(45): CodeIgniter\CodeIgniter->run()
#4 /usr/local/var/www/app-p4i/vendor/codeigniter4/framework/system/Commands/Server/rewrite.php(34): require_once('/usr/local/var/...')
#5 {main}
INFO - 2023-07-08 19:50:15 --> Session: Class initialized using 'CodeIgniter\Session\Handlers\FileHandler' driver.
WARNING - 2023-07-08 19:50:15 --> Session: Sessions is enabled, and one exists.Please don't $session->start();
INFO - 2023-07-08 19:50:16 --> Session: Class initialized using 'CodeIgniter\Session\Handlers\FileHandler' driver.
WARNING - 2023-07-08 19:50:16 --> Session: Sessions is enabled, and one exists.Please don't $session->start();
INFO - 2023-07-08 19:52:51 --> Session: Class initialized using 'CodeIgniter\Session\Handlers\FileHandler' driver.
WARNING - 2023-07-08 19:52:51 --> Session: Sessions is enabled, and one exists.Please don't $session->start();
INFO - 2023-07-08 19:52:52 --> Session: Class initialized using 'CodeIgniter\Session\Handlers\FileHandler' driver.
WARNING - 2023-07-08 19:52:52 --> Session: Sessions is enabled, and one exists.Please don't $session->start();
INFO - 2023-07-08 19:53:33 --> Session: Class initialized using 'CodeIgniter\Session\Handlers\FileHandler' driver.
WARNING - 2023-07-08 19:53:33 --> Session: Sessions is enabled, and one exists.Please don't $session->start();
INFO - 2023-07-08 19:53:33 --> Session: Class initialized using 'CodeIgniter\Session\Handlers\FileHandler' driver.
WARNING - 2023-07-08 19:53:33 --> Session: Sessions is enabled, and one exists.Please don't $session->start();
INFO - 2023-07-08 19:53:34 --> Session: Class initialized using 'CodeIgniter\Session\Handlers\FileHandler' driver.
WARNING - 2023-07-08 19:53:34 --> Session: Sessions is enabled, and one exists.Please don't $session->start();
INFO - 2023-07-08 19:53:49 --> Session: Class initialized using 'CodeIgniter\Session\Handlers\FileHandler' driver.
WARNING - 2023-07-08 19:53:49 --> Session: Sessions is enabled, and one exists.Please don't $session->start();
INFO - 2023-07-08 19:53:49 --> Session: Class initialized using 'CodeIgniter\Session\Handlers\FileHandler' driver.
WARNING - 2023-07-08 19:53:49 --> Session: Sessions is enabled, and one exists.Please don't $session->start();
INFO - 2023-07-08 19:53:50 --> Session: Class initialized using 'CodeIgniter\Session\Handlers\FileHandler' driver.
WARNING - 2023-07-08 19:53:50 --> Session: Sessions is enabled, and one exists.Please don't $session->start();
INFO - 2023-07-08 19:54:00 --> Session: Class initialized using 'CodeIgniter\Session\Handlers\FileHandler' driver.
WARNING - 2023-07-08 19:54:00 --> Session: Sessions is enabled, and one exists.Please don't $session->start();
INFO - 2023-07-08 19:54:01 --> Session: Class initialized using 'CodeIgniter\Session\Handlers\FileHandler' driver.
WARNING - 2023-07-08 19:54:01 --> Session: Sessions is enabled, and one exists.Please don't $session->start();
INFO - 2023-07-08 19:55:26 --> Session: Class initialized using 'CodeIgniter\Session\Handlers\FileHandler' driver.
WARNING - 2023-07-08 19:55:26 --> Session: Sessions is enabled, and one exists.Please don't $session->start();
INFO - 2023-07-08 19:55:27 --> Session: Class initialized using 'CodeIgniter\Session\Handlers\FileHandler' driver.
WARNING - 2023-07-08 19:55:27 --> Session: Sessions is enabled, and one exists.Please don't $session->start();
INFO - 2023-07-08 20:00:14 --> Session: Class initialized using 'CodeIgniter\Session\Handlers\FileHandler' driver.
WARNING - 2023-07-08 20:00:14 --> Session: Sessions is enabled, and one exists.Please don't $session->start();
INFO - 2023-07-08 20:00:15 --> Session: Class initialized using 'CodeIgniter\Session\Handlers\FileHandler' driver.
WARNING - 2023-07-08 20:00:15 --> Session: Sessions is enabled, and one exists.Please don't $session->start();
INFO - 2023-07-08 20:00:40 --> Session: Class initialized using 'CodeIgniter\Session\Handlers\FileHandler' driver.
WARNING - 2023-07-08 20:00:40 --> Session: Sessions is enabled, and one exists.Please don't $session->start();
INFO - 2023-07-08 20:00:41 --> Session: Class initialized using 'CodeIgniter\Session\Handlers\FileHandler' driver.
WARNING - 2023-07-08 20:00:41 --> Session: Sessions is enabled, and one exists.Please don't $session->start();
INFO - 2023-07-08 20:01:20 --> Session: Class initialized using 'CodeIgniter\Session\Handlers\FileHandler' driver.
WARNING - 2023-07-08 20:01:20 --> Session: Sessions is enabled, and one exists.Please don't $session->start();
INFO - 2023-07-08 20:01:21 --> Session: Class initialized using 'CodeIgniter\Session\Handlers\FileHandler' driver.
WARNING - 2023-07-08 20:01:21 --> Session: Sessions is enabled, and one exists.Please don't $session->start();
INFO - 2023-07-08 20:01:36 --> Session: Class initialized using 'CodeIgniter\Session\Handlers\FileHandler' driver.
WARNING - 2023-07-08 20:01:36 --> Session: Sessions is enabled, and one exists.Please don't $session->start();
INFO - 2023-07-08 20:01:38 --> Session: Class initialized using 'CodeIgniter\Session\Handlers\FileHandler' driver.
WARNING - 2023-07-08 20:01:38 --> Session: Sessions is enabled, and one exists.Please don't $session->start();
INFO - 2023-07-08 20:02:01 --> Session: Class initialized using 'CodeIgniter\Session\Handlers\FileHandler' driver.
WARNING - 2023-07-08 20:02:01 --> Session: Sessions is enabled, and one exists.Please don't $session->start();
INFO - 2023-07-08 20:02:01 --> Session: Class initialized using 'CodeIgniter\Session\Handlers\FileHandler' driver.
WARNING - 2023-07-08 20:02:01 --> Session: Sessions is enabled, and one exists.Please don't $session->start();
INFO - 2023-07-08 20:02:19 --> Session: Class initialized using 'CodeIgniter\Session\Handlers\FileHandler' driver.
WARNING - 2023-07-08 20:02:19 --> Session: Sessions is enabled, and one exists.Please don't $session->start();
INFO - 2023-07-08 20:02:20 --> Session: Class initialized using 'CodeIgniter\Session\Handlers\FileHandler' driver.
WARNING - 2023-07-08 20:02:20 --> Session: Sessions is enabled, and one exists.Please don't $session->start();
INFO - 2023-07-08 20:03:09 --> Session: Class initialized using 'CodeIgniter\Session\Handlers\FileHandler' driver.
WARNING - 2023-07-08 20:03:09 --> Session: Sessions is enabled, and one exists.Please don't $session->start();
INFO - 2023-07-08 20:03:10 --> Session: Class initialized using 'CodeIgniter\Session\Handlers\FileHandler' driver.
WARNING - 2023-07-08 20:03:10 --> Session: Sessions is enabled, and one exists.Please don't $session->start();
INFO - 2023-07-08 20:03:34 --> Session: Class initialized using 'CodeIgniter\Session\Handlers\FileHandler' driver.
WARNING - 2023-07-08 20:03:34 --> Session: Sessions is enabled, and one exists.Please don't $session->start();
INFO - 2023-07-08 20:03:35 --> Session: Class initialized using 'CodeIgniter\Session\Handlers\FileHandler' driver.
WARNING - 2023-07-08 20:03:35 --> Session: Sessions is enabled, and one exists.Please don't $session->start();
INFO - 2023-07-08 20:08:18 --> Session: Class initialized using 'CodeIgniter\Session\Handlers\FileHandler' driver.
WARNING - 2023-07-08 20:08:18 --> Session: Sessions is enabled, and one exists.Please don't $session->start();
INFO - 2023-07-08 20:08:20 --> Session: Class initialized using 'CodeIgniter\Session\Handlers\FileHandler' driver.
WARNING - 2023-07-08 20:08:20 --> Session: Sessions is enabled, and one exists.Please don't $session->start();
INFO - 2023-07-08 20:08:45 --> Session: Class initialized using 'CodeIgniter\Session\Handlers\FileHandler' driver.
WARNING - 2023-07-08 20:08:45 --> Session: Sessions is enabled, and one exists.Please don't $session->start();
INFO - 2023-07-08 20:08:46 --> Session: Class initialized using 'CodeIgniter\Session\Handlers\FileHandler' driver.
WARNING - 2023-07-08 20:08:46 --> Session: Sessions is enabled, and one exists.Please don't $session->start();
INFO - 2023-07-08 20:10:48 --> Session: Class initialized using 'CodeIgniter\Session\Handlers\FileHandler' driver.
WARNING - 2023-07-08 20:10:48 --> Session: Sessions is enabled, and one exists.Please don't $session->start();
INFO - 2023-07-08 20:10:50 --> Session: Class initialized using 'CodeIgniter\Session\Handlers\FileHandler' driver.
WARNING - 2023-07-08 20:10:50 --> Session: Sessions is enabled, and one exists.Please don't $session->start();
INFO - 2023-07-08 20:15:33 --> Session: Class initialized using 'CodeIgniter\Session\Handlers\FileHandler' driver.
WARNING - 2023-07-08 20:15:33 --> Session: Sessions is enabled, and one exists.Please don't $session->start();
INFO - 2023-07-08 20:15:35 --> Session: Class initialized using 'CodeIgniter\Session\Handlers\FileHandler' driver.
WARNING - 2023-07-08 20:15:35 --> Session: Sessions is enabled, and one exists.Please don't $session->start();
INFO - 2023-07-08 20:45:35 --> Session: Class initialized using 'CodeIgniter\Session\Handlers\FileHandler' driver.
WARNING - 2023-07-08 20:45:35 --> Session: Sessions is enabled, and one exists.Please don't $session->start();
INFO - 2023-07-08 20:45:36 --> Session: Class initialized using 'CodeIgniter\Session\Handlers\FileHandler' driver.
WARNING - 2023-07-08 20:45:36 --> Session: Sessions is enabled, and one exists.Please don't $session->start();
INFO - 2023-07-08 20:53:46 --> Session: Class initialized using 'CodeIgniter\Session\Handlers\FileHandler' driver.
WARNING - 2023-07-08 20:53:46 --> Session: Sessions is enabled, and one exists.Please don't $session->start();
INFO - 2023-07-08 20:53:48 --> Session: Class initialized using 'CodeIgniter\Session\Handlers\FileHandler' driver.
WARNING - 2023-07-08 20:53:48 --> Session: Sessions is enabled, and one exists.Please don't $session->start();
INFO - 2023-07-08 20:54:33 --> Session: Class initialized using 'CodeIgniter\Session\Handlers\FileHandler' driver.
WARNING - 2023-07-08 20:54:33 --> Session: Sessions is enabled, and one exists.Please don't $session->start();
INFO - 2023-07-08 20:54:34 --> Session: Class initialized using 'CodeIgniter\Session\Handlers\FileHandler' driver.
WARNING - 2023-07-08 20:54:34 --> Session: Sessions is enabled, and one exists.Please don't $session->start();
INFO - 2023-07-08 20:55:23 --> Session: Class initialized using 'CodeIgniter\Session\Handlers\FileHandler' driver.
WARNING - 2023-07-08 20:55:23 --> Session: Sessions is enabled, and one exists.Please don't $session->start();
INFO - 2023-07-08 20:55:24 --> Session: Class initialized using 'CodeIgniter\Session\Handlers\FileHandler' driver.
WARNING - 2023-07-08 20:55:24 --> Session: Sessions is enabled, and one exists.Please don't $session->start();
INFO - 2023-07-08 20:55:33 --> Session: Class initialized using 'CodeIgniter\Session\Handlers\FileHandler' driver.
WARNING - 2023-07-08 20:55:33 --> Session: Sessions is enabled, and one exists.Please don't $session->start();
INFO - 2023-07-08 20:55:34 --> Session: Class initialized using 'CodeIgniter\Session\Handlers\FileHandler' driver.
WARNING - 2023-07-08 20:55:34 --> Session: Sessions is enabled, and one exists.Please don't $session->start();
INFO - 2023-07-08 20:55:47 --> Session: Class initialized using 'CodeIgniter\Session\Handlers\FileHandler' driver.
WARNING - 2023-07-08 20:55:47 --> Session: Sessions is enabled, and one exists.Please don't $session->start();
INFO - 2023-07-08 20:55:48 --> Session: Class initialized using 'CodeIgniter\Session\Handlers\FileHandler' driver.
WARNING - 2023-07-08 20:55:48 --> Session: Sessions is enabled, and one exists.Please don't $session->start();
INFO - 2023-07-08 20:57:00 --> Session: Class initialized using 'CodeIgniter\Session\Handlers\FileHandler' driver.
WARNING - 2023-07-08 20:57:00 --> Session: Sessions is enabled, and one exists.Please don't $session->start();
INFO - 2023-07-08 20:57:01 --> Session: Class initialized using 'CodeIgniter\Session\Handlers\FileHandler' driver.
WARNING - 2023-07-08 20:57:01 --> Session: Sessions is enabled, and one exists.Please don't $session->start();
CRITICAL - 2023-07-08 20:58:38 --> syntax error, unexpected 'strtoupper' (T_STRING), expecting ')'
#0 /usr/local/var/www/app-p4i/vendor/codeigniter4/framework/system/Autoloader/Autoloader.php(296): CodeIgniter\Autoloader\Autoloader->requireFile('/usr/local/var/...')
#1 /usr/local/var/www/app-p4i/vendor/codeigniter4/framework/system/Autoloader/Autoloader.php(258): CodeIgniter\Autoloader\Autoloader->loadInNamespace('App\\Controllers...')
#2 [internal function]: CodeIgniter\Autoloader\Autoloader->loadClass('App\\Controllers...')
#3 [internal function]: spl_autoload_call('App\\Controllers...')
#4 /usr/local/var/www/app-p4i/vendor/codeigniter4/framework/system/CodeIgniter.php(869): class_exists('\\App\\Controller...', true)
#5 /usr/local/var/www/app-p4i/vendor/codeigniter4/framework/system/CodeIgniter.php(394): CodeIgniter\CodeIgniter->startController()
#6 /usr/local/var/www/app-p4i/vendor/codeigniter4/framework/system/CodeIgniter.php(312): CodeIgniter\CodeIgniter->handleRequest(NULL, Object(Config\Cache), false)
#7 /usr/local/var/www/app-p4i/public/index.php(45): CodeIgniter\CodeIgniter->run()
#8 /usr/local/var/www/app-p4i/vendor/codeigniter4/framework/system/Commands/Server/rewrite.php(34): require_once('/usr/local/var/...')
#9 {main}
INFO - 2023-07-08 21:00:38 --> Session: Class initialized using 'CodeIgniter\Session\Handlers\FileHandler' driver.
WARNING - 2023-07-08 21:00:38 --> Session: Sessions is enabled, and one exists.Please don't $session->start();
INFO - 2023-07-08 21:00:40 --> Session: Class initialized using 'CodeIgniter\Session\Handlers\FileHandler' driver.
WARNING - 2023-07-08 21:00:40 --> Session: Sessions is enabled, and one exists.Please don't $session->start();
INFO - 2023-07-08 21:01:53 --> Session: Class initialized using 'CodeIgniter\Session\Handlers\FileHandler' driver.
WARNING - 2023-07-08 21:01:53 --> Session: Sessions is enabled, and one exists.Please don't $session->start();
INFO - 2023-07-08 21:01:54 --> Session: Class initialized using 'CodeIgniter\Session\Handlers\FileHandler' driver.
WARNING - 2023-07-08 21:01:54 --> Session: Sessions is enabled, and one exists.Please don't $session->start();
INFO - 2023-07-08 21:02:52 --> Session: Class initialized using 'CodeIgniter\Session\Handlers\FileHandler' driver.
INFO - 2023-07-08 21:03:31 --> Session: Class initialized using 'CodeIgniter\Session\Handlers\FileHandler' driver.
WARNING - 2023-07-08 21:03:31 --> Session: Sessions is enabled, and one exists.Please don't $session->start();
INFO - 2023-07-08 21:03:32 --> Session: Class initialized using 'CodeIgniter\Session\Handlers\FileHandler' driver.
WARNING - 2023-07-08 21:03:32 --> Session: Sessions is enabled, and one exists.Please don't $session->start();
INFO - 2023-07-08 21:10:43 --> Session: Class initialized using 'CodeIgniter\Session\Handlers\FileHandler' driver.
WARNING - 2023-07-08 21:10:43 --> Session: Sessions is enabled, and one exists.Please don't $session->start();
INFO - 2023-07-08 21:10:45 --> Session: Class initialized using 'CodeIgniter\Session\Handlers\FileHandler' driver.
WARNING - 2023-07-08 21:10:45 --> Session: Sessions is enabled, and one exists.Please don't $session->start();
INFO - 2023-07-08 21:10:47 --> Session: Class initialized using 'CodeIgniter\Session\Handlers\FileHandler' driver.
WARNING - 2023-07-08 21:10:47 --> Session: Sessions is enabled, and one exists.Please don't $session->start();
INFO - 2023-07-08 21:10:47 --> Session: Class initialized using 'CodeIgniter\Session\Handlers\FileHandler' driver.
WARNING - 2023-07-08 21:10:47 --> Session: Sessions is enabled, and one exists.Please don't $session->start();
INFO - 2023-07-08 21:13:49 --> Session: Class initialized using 'CodeIgniter\Session\Handlers\FileHandler' driver.
WARNING - 2023-07-08 21:13:49 --> Session: Sessions is enabled, and one exists.Please don't $session->start();
INFO - 2023-07-08 21:13:51 --> Session: Class initialized using 'CodeIgniter\Session\Handlers\FileHandler' driver.
WARNING - 2023-07-08 21:13:51 --> Session: Sessions is enabled, and one exists.Please don't $session->start();
INFO - 2023-07-08 21:13:52 --> Session: Class initialized using 'CodeIgniter\Session\Handlers\FileHandler' driver.
WARNING - 2023-07-08 21:13:52 --> Session: Sessions is enabled, and one exists.Please don't $session->start();
INFO - 2023-07-08 21:13:52 --> Session: Class initialized using 'CodeIgniter\Session\Handlers\FileHandler' driver.
WARNING - 2023-07-08 21:13:52 --> Session: Sessions is enabled, and one exists.Please don't $session->start();
INFO - 2023-07-08 21:18:08 --> Session: Class initialized using 'CodeIgniter\Session\Handlers\FileHandler' driver.
WARNING - 2023-07-08 21:18:08 --> Session: Sessions is enabled, and one exists.Please don't $session->start();
INFO - 2023-07-08 21:18:10 --> Session: Class initialized using 'CodeIgniter\Session\Handlers\FileHandler' driver.
WARNING - 2023-07-08 21:18:10 --> Session: Sessions is enabled, and one exists.Please don't $session->start();
INFO - 2023-07-08 21:18:11 --> Session: Class initialized using 'CodeIgniter\Session\Handlers\FileHandler' driver.
WARNING - 2023-07-08 21:18:11 --> Session: Sessions is enabled, and one exists.Please don't $session->start();
INFO - 2023-07-08 21:18:11 --> Session: Class initialized using 'CodeIgniter\Session\Handlers\FileHandler' driver.
WARNING - 2023-07-08 21:18:11 --> Session: Sessions is enabled, and one exists.Please don't $session->start();
INFO - 2023-07-08 21:18:40 --> Session: Class initialized using 'CodeIgniter\Session\Handlers\FileHandler' driver.
WARNING - 2023-07-08 21:18:40 --> Session: Sessions is enabled, and one exists.Please don't $session->start();
INFO - 2023-07-08 21:18:41 --> Session: Class initialized using 'CodeIgniter\Session\Handlers\FileHandler' driver.
WARNING - 2023-07-08 21:18:41 --> Session: Sessions is enabled, and one exists.Please don't $session->start();
INFO - 2023-07-08 21:18:43 --> Session: Class initialized using 'CodeIgniter\Session\Handlers\FileHandler' driver.
WARNING - 2023-07-08 21:18:43 --> Session: Sessions is enabled, and one exists.Please don't $session->start();
INFO - 2023-07-08 21:18:43 --> Session: Class initialized using 'CodeIgniter\Session\Handlers\FileHandler' driver.
WARNING - 2023-07-08 21:18:43 --> Session: Sessions is enabled, and one exists.Please don't $session->start();
INFO - 2023-07-08 21:20:31 --> Session: Class initialized using 'CodeIgniter\Session\Handlers\FileHandler' driver.
WARNING - 2023-07-08 21:20:31 --> Session: Sessions is enabled, and one exists.Please don't $session->start();
INFO - 2023-07-08 21:20:33 --> Session: Class initialized using 'CodeIgniter\Session\Handlers\FileHandler' driver.
WARNING - 2023-07-08 21:20:33 --> Session: Sessions is enabled, and one exists.Please don't $session->start();
INFO - 2023-07-08 21:20:33 --> Session: Class initialized using 'CodeIgniter\Session\Handlers\FileHandler' driver.
WARNING - 2023-07-08 21:20:33 --> Session: Sessions is enabled, and one exists.Please don't $session->start();
INFO - 2023-07-08 21:20:33 --> Session: Class initialized using 'CodeIgniter\Session\Handlers\FileHandler' driver.
WARNING - 2023-07-08 21:20:33 --> Session: Sessions is enabled, and one exists.Please don't $session->start();
INFO - 2023-07-08 21:25:10 --> Session: Class initialized using 'CodeIgniter\Session\Handlers\FileHandler' driver.
WARNING - 2023-07-08 21:25:10 --> Session: Sessions is enabled, and one exists.Please don't $session->start();
INFO - 2023-07-08 21:25:11 --> Session: Class initialized using 'CodeIgniter\Session\Handlers\FileHandler' driver.
WARNING - 2023-07-08 21:25:11 --> Session: Sessions is enabled, and one exists.Please don't $session->start();
INFO - 2023-07-08 21:25:13 --> Session: Class initialized using 'CodeIgniter\Session\Handlers\FileHandler' driver.
WARNING - 2023-07-08 21:25:13 --> Session: Sessions is enabled, and one exists.Please don't $session->start();
INFO - 2023-07-08 21:25:13 --> Session: Class initialized using 'CodeIgniter\Session\Handlers\FileHandler' driver.
WARNING - 2023-07-08 21:25:13 --> Session: Sessions is enabled, and one exists.Please don't $session->start();
INFO - 2023-07-08 21:27:24 --> Session: Class initialized using 'CodeIgniter\Session\Handlers\FileHandler' driver.
WARNING - 2023-07-08 21:27:24 --> Session: Sessions is enabled, and one exists.Please don't $session->start();
INFO - 2023-07-08 21:27:25 --> Session: Class initialized using 'CodeIgniter\Session\Handlers\FileHandler' driver.
WARNING - 2023-07-08 21:27:25 --> Session: Sessions is enabled, and one exists.Please don't $session->start();
INFO - 2023-07-08 21:27:26 --> Session: Class initialized using 'CodeIgniter\Session\Handlers\FileHandler' driver.
WARNING - 2023-07-08 21:27:26 --> Session: Sessions is enabled, and one exists.Please don't $session->start();
INFO - 2023-07-08 21:27:26 --> Session: Class initialized using 'CodeIgniter\Session\Handlers\FileHandler' driver.
WARNING - 2023-07-08 21:27:26 --> Session: Sessions is enabled, and one exists.Please don't $session->start();
INFO - 2023-07-08 21:29:14 --> Session: Class initialized using 'CodeIgniter\Session\Handlers\FileHandler' driver.
WARNING - 2023-07-08 21:29:14 --> Session: Sessions is enabled, and one exists.Please don't $session->start();
INFO - 2023-07-08 21:29:14 --> Session: Class initialized using 'CodeIgniter\Session\Handlers\FileHandler' driver.
WARNING - 2023-07-08 21:29:14 --> Session: Sessions is enabled, and one exists.Please don't $session->start();
INFO - 2023-07-08 21:29:53 --> Session: Class initialized using 'CodeIgniter\Session\Handlers\FileHandler' driver.
WARNING - 2023-07-08 21:29:53 --> Session: Sessions is enabled, and one exists.Please don't $session->start();
INFO - 2023-07-08 21:29:54 --> Session: Class initialized using 'CodeIgniter\Session\Handlers\FileHandler' driver.
WARNING - 2023-07-08 21:29:54 --> Session: Sessions is enabled, and one exists.Please don't $session->start();
INFO - 2023-07-08 21:29:55 --> Session: Class initialized using 'CodeIgniter\Session\Handlers\FileHandler' driver.
WARNING - 2023-07-08 21:29:55 --> Session: Sessions is enabled, and one exists.Please don't $session->start();
INFO - 2023-07-08 21:29:55 --> Session: Class initialized using 'CodeIgniter\Session\Handlers\FileHandler' driver.
WARNING - 2023-07-08 21:29:55 --> Session: Sessions is enabled, and one exists.Please don't $session->start();
INFO - 2023-07-08 21:31:29 --> Session: Class initialized using 'CodeIgniter\Session\Handlers\FileHandler' driver.
WARNING - 2023-07-08 21:31:29 --> Session: Sessions is enabled, and one exists.Please don't $session->start();
INFO - 2023-07-08 21:31:30 --> Session: Class initialized using 'CodeIgniter\Session\Handlers\FileHandler' driver.
WARNING - 2023-07-08 21:31:30 --> Session: Sessions is enabled, and one exists.Please don't $session->start();
INFO - 2023-07-08 21:31:31 --> Session: Class initialized using 'CodeIgniter\Session\Handlers\FileHandler' driver.
WARNING - 2023-07-08 21:31:31 --> Session: Sessions is enabled, and one exists.Please don't $session->start();
INFO - 2023-07-08 21:31:31 --> Session: Class initialized using 'CodeIgniter\Session\Handlers\FileHandler' driver.
WARNING - 2023-07-08 21:31:31 --> Session: Sessions is enabled, and one exists.Please don't $session->start();
INFO - 2023-07-08 21:32:14 --> Session: Class initialized using 'CodeIgniter\Session\Handlers\FileHandler' driver.
WARNING - 2023-07-08 21:32:14 --> Session: Sessions is enabled, and one exists.Please don't $session->start();
INFO - 2023-07-08 21:32:15 --> Session: Class initialized using 'CodeIgniter\Session\Handlers\FileHandler' driver.
WARNING - 2023-07-08 21:32:15 --> Session: Sessions is enabled, and one exists.Please don't $session->start();
INFO - 2023-07-08 21:32:16 --> Session: Class initialized using 'CodeIgniter\Session\Handlers\FileHandler' driver.
WARNING - 2023-07-08 21:32:16 --> Session: Sessions is enabled, and one exists.Please don't $session->start();
INFO - 2023-07-08 21:32:16 --> Session: Class initialized using 'CodeIgniter\Session\Handlers\FileHandler' driver.
WARNING - 2023-07-08 21:32:16 --> Session: Sessions is enabled, and one exists.Please don't $session->start();
INFO - 2023-07-08 21:32:30 --> Session: Class initialized using 'CodeIgniter\Session\Handlers\FileHandler' driver.
WARNING - 2023-07-08 21:32:30 --> Session: Sessions is enabled, and one exists.Please don't $session->start();
INFO - 2023-07-08 21:32:31 --> Session: Class initialized using 'CodeIgniter\Session\Handlers\FileHandler' driver.
WARNING - 2023-07-08 21:32:31 --> Session: Sessions is enabled, and one exists.Please don't $session->start();
INFO - 2023-07-08 21:32:32 --> Session: Class initialized using 'CodeIgniter\Session\Handlers\FileHandler' driver.
WARNING - 2023-07-08 21:32:32 --> Session: Sessions is enabled, and one exists.Please don't $session->start();
INFO - 2023-07-08 21:32:32 --> Session: Class initialized using 'CodeIgniter\Session\Handlers\FileHandler' driver.
WARNING - 2023-07-08 21:32:32 --> Session: Sessions is enabled, and one exists.Please don't $session->start();
INFO - 2023-07-08 21:32:49 --> Session: Class initialized using 'CodeIgniter\Session\Handlers\FileHandler' driver.
WARNING - 2023-07-08 21:32:49 --> Session: Sessions is enabled, and one exists.Please don't $session->start();
INFO - 2023-07-08 21:32:49 --> Session: Class initialized using 'CodeIgniter\Session\Handlers\FileHandler' driver.
WARNING - 2023-07-08 21:32:49 --> Session: Sessions is enabled, and one exists.Please don't $session->start();
INFO - 2023-07-08 21:33:06 --> Session: Class initialized using 'CodeIgniter\Session\Handlers\FileHandler' driver.
WARNING - 2023-07-08 21:33:06 --> Session: Sessions is enabled, and one exists.Please don't $session->start();
INFO - 2023-07-08 21:33:06 --> Session: Class initialized using 'CodeIgniter\Session\Handlers\FileHandler' driver.
WARNING - 2023-07-08 21:33:06 --> Session: Sessions is enabled, and one exists.Please don't $session->start();
INFO - 2023-07-08 21:33:26 --> Session: Class initialized using 'CodeIgniter\Session\Handlers\FileHandler' driver.
WARNING - 2023-07-08 21:33:26 --> Session: Sessions is enabled, and one exists.Please don't $session->start();
INFO - 2023-07-08 21:33:27 --> Session: Class initialized using 'CodeIgniter\Session\Handlers\FileHandler' driver.
WARNING - 2023-07-08 21:33:27 --> Session: Sessions is enabled, and one exists.Please don't $session->start();
INFO - 2023-07-08 21:33:42 --> Session: Class initialized using 'CodeIgniter\Session\Handlers\FileHandler' driver.
WARNING - 2023-07-08 21:33:42 --> Session: Sessions is enabled, and one exists.Please don't $session->start();
INFO - 2023-07-08 21:33:46 --> Session: Class initialized using 'CodeIgniter\Session\Handlers\FileHandler' driver.
WARNING - 2023-07-08 21:33:46 --> Session: Sessions is enabled, and one exists.Please don't $session->start();
INFO - 2023-07-08 21:33:59 --> Session: Class initialized using 'CodeIgniter\Session\Handlers\FileHandler' driver.
WARNING - 2023-07-08 21:33:59 --> Session: Sessions is enabled, and one exists.Please don't $session->start();
INFO - 2023-07-08 21:34:00 --> Session: Class initialized using 'CodeIgniter\Session\Handlers\FileHandler' driver.
WARNING - 2023-07-08 21:34:00 --> Session: Sessions is enabled, and one exists.Please don't $session->start();
INFO - 2023-07-08 21:34:01 --> Session: Class initialized using 'CodeIgniter\Session\Handlers\FileHandler' driver.
WARNING - 2023-07-08 21:34:01 --> Session: Sessions is enabled, and one exists.Please don't $session->start();
INFO - 2023-07-08 21:34:01 --> Session: Class initialized using 'CodeIgniter\Session\Handlers\FileHandler' driver.
WARNING - 2023-07-08 21:34:01 --> Session: Sessions is enabled, and one exists.Please don't $session->start();
INFO - 2023-07-08 21:34:10 --> Session: Class initialized using 'CodeIgniter\Session\Handlers\FileHandler' driver.
WARNING - 2023-07-08 21:34:10 --> Session: Sessions is enabled, and one exists.Please don't $session->start();
INFO - 2023-07-08 21:34:28 --> Session: Class initialized using 'CodeIgniter\Session\Handlers\FileHandler' driver.
WARNING - 2023-07-08 21:34:28 --> Session: Sessions is enabled, and one exists.Please don't $session->start();
INFO - 2023-07-08 21:34:30 --> Session: Class initialized using 'CodeIgniter\Session\Handlers\FileHandler' driver.
WARNING - 2023-07-08 21:34:30 --> Session: Sessions is enabled, and one exists.Please don't $session->start();
INFO - 2023-07-08 21:40:28 --> Session: Class initialized using 'CodeIgniter\Session\Handlers\FileHandler' driver.
WARNING - 2023-07-08 21:40:28 --> Session: Sessions is enabled, and one exists.Please don't $session->start();
INFO - 2023-07-08 21:40:30 --> Session: Class initialized using 'CodeIgniter\Session\Handlers\FileHandler' driver.
WARNING - 2023-07-08 21:40:30 --> Session: Sessions is enabled, and one exists.Please don't $session->start();
INFO - 2023-07-08 21:40:32 --> Session: Class initialized using 'CodeIgniter\Session\Handlers\FileHandler' driver.
WARNING - 2023-07-08 21:40:32 --> Session: Sessions is enabled, and one exists.Please don't $session->start();
INFO - 2023-07-08 21:40:32 --> Session: Class initialized using 'CodeIgniter\Session\Handlers\FileHandler' driver.
WARNING - 2023-07-08 21:40:32 --> Session: Sessions is enabled, and one exists.Please don't $session->start();
INFO - 2023-07-08 21:43:01 --> Session: Class initialized using 'CodeIgniter\Session\Handlers\FileHandler' driver.
WARNING - 2023-07-08 21:43:01 --> Session: Sessions is enabled, and one exists.Please don't $session->start();
INFO - 2023-07-08 21:43:02 --> Session: Class initialized using 'CodeIgniter\Session\Handlers\FileHandler' driver.
WARNING - 2023-07-08 21:43:02 --> Session: Sessions is enabled, and one exists.Please don't $session->start();
INFO - 2023-07-08 21:43:34 --> Session: Class initialized using 'CodeIgniter\Session\Handlers\FileHandler' driver.
WARNING - 2023-07-08 21:43:34 --> Session: Sessions is enabled, and one exists.Please don't $session->start();
INFO - 2023-07-08 21:43:35 --> Session: Class initialized using 'CodeIgniter\Session\Handlers\FileHandler' driver.
WARNING - 2023-07-08 21:43:35 --> Session: Sessions is enabled, and one exists.Please don't $session->start();
INFO - 2023-07-08 21:43:38 --> Session: Class initialized using 'CodeIgniter\Session\Handlers\FileHandler' driver.
WARNING - 2023-07-08 21:43:38 --> Session: Sessions is enabled, and one exists.Please don't $session->start();
INFO - 2023-07-08 21:43:38 --> Session: Class initialized using 'CodeIgniter\Session\Handlers\FileHandler' driver.
WARNING - 2023-07-08 21:43:38 --> Session: Sessions is enabled, and one exists.Please don't $session->start();
INFO - 2023-07-08 21:44:25 --> Session: Class initialized using 'CodeIgniter\Session\Handlers\FileHandler' driver.
WARNING - 2023-07-08 21:44:25 --> Session: Sessions is enabled, and one exists.Please don't $session->start();
INFO - 2023-07-08 21:44:26 --> Session: Class initialized using 'CodeIgniter\Session\Handlers\FileHandler' driver.
WARNING - 2023-07-08 21:44:26 --> Session: Sessions is enabled, and one exists.Please don't $session->start();
INFO - 2023-07-08 21:44:28 --> Session: Class initialized using 'CodeIgniter\Session\Handlers\FileHandler' driver.
WARNING - 2023-07-08 21:44:28 --> Session: Sessions is enabled, and one exists.Please don't $session->start();
INFO - 2023-07-08 21:44:29 --> Session: Class initialized using 'CodeIgniter\Session\Handlers\FileHandler' driver.
WARNING - 2023-07-08 21:44:29 --> Session: Sessions is enabled, and one exists.Please don't $session->start();
INFO - 2023-07-08 21:45:08 --> Session: Class initialized using 'CodeIgniter\Session\Handlers\FileHandler' driver.
WARNING - 2023-07-08 21:45:08 --> Session: Sessions is enabled, and one exists.Please don't $session->start();
INFO - 2023-07-08 21:45:09 --> Session: Class initialized using 'CodeIgniter\Session\Handlers\FileHandler' driver.
WARNING - 2023-07-08 21:45:09 --> Session: Sessions is enabled, and one exists.Please don't $session->start();
INFO - 2023-07-08 21:45:11 --> Session: Class initialized using 'CodeIgniter\Session\Handlers\FileHandler' driver.
WARNING - 2023-07-08 21:45:11 --> Session: Sessions is enabled, and one exists.Please don't $session->start();
INFO - 2023-07-08 21:45:11 --> Session: Class initialized using 'CodeIgniter\Session\Handlers\FileHandler' driver.
WARNING - 2023-07-08 21:45:11 --> Session: Sessions is enabled, and one exists.Please don't $session->start();
INFO - 2023-07-08 21:45:44 --> Session: Class initialized using 'CodeIgniter\Session\Handlers\FileHandler' driver.
WARNING - 2023-07-08 21:45:44 --> Session: Sessions is enabled, and one exists.Please don't $session->start();
INFO - 2023-07-08 21:45:45 --> Session: Class initialized using 'CodeIgniter\Session\Handlers\FileHandler' driver.
WARNING - 2023-07-08 21:45:45 --> Session: Sessions is enabled, and one exists.Please don't $session->start();
INFO - 2023-07-08 21:45:46 --> Session: Class initialized using 'CodeIgniter\Session\Handlers\FileHandler' driver.
WARNING - 2023-07-08 21:45:46 --> Session: Sessions is enabled, and one exists.Please don't $session->start();
INFO - 2023-07-08 21:45:46 --> Session: Class initialized using 'CodeIgniter\Session\Handlers\FileHandler' driver.
WARNING - 2023-07-08 21:45:46 --> Session: Sessions is enabled, and one exists.Please don't $session->start();
INFO - 2023-07-08 21:45:50 --> Session: Class initialized using 'CodeIgniter\Session\Handlers\FileHandler' driver.
WARNING - 2023-07-08 21:45:50 --> Session: Sessions is enabled, and one exists.Please don't $session->start();
INFO - 2023-07-08 21:45:50 --> Session: Class initialized using 'CodeIgniter\Session\Handlers\FileHandler' driver.
WARNING - 2023-07-08 21:45:50 --> Session: Sessions is enabled, and one exists.Please don't $session->start();
INFO - 2023-07-08 21:46:32 --> Session: Class initialized using 'CodeIgniter\Session\Handlers\FileHandler' driver.
WARNING - 2023-07-08 21:46:32 --> Session: Sessions is enabled, and one exists.Please don't $session->start();
INFO - 2023-07-08 21:46:33 --> Session: Class initialized using 'CodeIgniter\Session\Handlers\FileHandler' driver.
WARNING - 2023-07-08 21:46:33 --> Session: Sessions is enabled, and one exists.Please don't $session->start();
INFO - 2023-07-08 21:46:35 --> Session: Class initialized using 'CodeIgniter\Session\Handlers\FileHandler' driver.
WARNING - 2023-07-08 21:46:35 --> Session: Sessions is enabled, and one exists.Please don't $session->start();
INFO - 2023-07-08 21:46:35 --> Session: Class initialized using 'CodeIgniter\Session\Handlers\FileHandler' driver.
WARNING - 2023-07-08 21:46:35 --> Session: Sessions is enabled, and one exists.Please don't $session->start();
INFO - 2023-07-08 21:46:53 --> Session: Class initialized using 'CodeIgniter\Session\Handlers\FileHandler' driver.
WARNING - 2023-07-08 21:46:53 --> Session: Sessions is enabled, and one exists.Please don't $session->start();
INFO - 2023-07-08 21:46:54 --> Session: Class initialized using 'CodeIgniter\Session\Handlers\FileHandler' driver.
WARNING - 2023-07-08 21:46:54 --> Session: Sessions is enabled, and one exists.Please don't $session->start();
INFO - 2023-07-08 21:46:56 --> Session: Class initialized using 'CodeIgniter\Session\Handlers\FileHandler' driver.
WARNING - 2023-07-08 21:46:56 --> Session: Sessions is enabled, and one exists.Please don't $session->start();
INFO - 2023-07-08 21:46:56 --> Session: Class initialized using 'CodeIgniter\Session\Handlers\FileHandler' driver.
WARNING - 2023-07-08 21:46:56 --> Session: Sessions is enabled, and one exists.Please don't $session->start();
INFO - 2023-07-08 21:47:37 --> Session: Class initialized using 'CodeIgniter\Session\Handlers\FileHandler' driver.
WARNING - 2023-07-08 21:47:37 --> Session: Sessions is enabled, and one exists.Please don't $session->start();
INFO - 2023-07-08 21:47:38 --> Session: Class initialized using 'CodeIgniter\Session\Handlers\FileHandler' driver.
WARNING - 2023-07-08 21:47:38 --> Session: Sessions is enabled, and one exists.Please don't $session->start();
INFO - 2023-07-08 21:47:40 --> Session: Class initialized using 'CodeIgniter\Session\Handlers\FileHandler' driver.
WARNING - 2023-07-08 21:47:40 --> Session: Sessions is enabled, and one exists.Please don't $session->start();
INFO - 2023-07-08 21:47:40 --> Session: Class initialized using 'CodeIgniter\Session\Handlers\FileHandler' driver.
WARNING - 2023-07-08 21:47:40 --> Session: Sessions is enabled, and one exists.Please don't $session->start();
INFO - 2023-07-08 21:48:18 --> Session: Class initialized using 'CodeIgniter\Session\Handlers\FileHandler' driver.
WARNING - 2023-07-08 21:48:18 --> Session: Sessions is enabled, and one exists.Please don't $session->start();
INFO - 2023-07-08 21:48:19 --> Session: Class initialized using 'CodeIgniter\Session\Handlers\FileHandler' driver.
WARNING - 2023-07-08 21:48:19 --> Session: Sessions is enabled, and one exists.Please don't $session->start();
INFO - 2023-07-08 21:48:20 --> Session: Class initialized using 'CodeIgniter\Session\Handlers\FileHandler' driver.
WARNING - 2023-07-08 21:48:20 --> Session: Sessions is enabled, and one exists.Please don't $session->start();
INFO - 2023-07-08 21:48:21 --> Session: Class initialized using 'CodeIgniter\Session\Handlers\FileHandler' driver.
WARNING - 2023-07-08 21:48:21 --> Session: Sessions is enabled, and one exists.Please don't $session->start();
INFO - 2023-07-08 21:49:26 --> Session: Class initialized using 'CodeIgniter\Session\Handlers\FileHandler' driver.
WARNING - 2023-07-08 21:49:26 --> Session: Sessions is enabled, and one exists.Please don't $session->start();
INFO - 2023-07-08 21:49:27 --> Session: Class initialized using 'CodeIgniter\Session\Handlers\FileHandler' driver.
WARNING - 2023-07-08 21:49:27 --> Session: Sessions is enabled, and one exists.Please don't $session->start();
INFO - 2023-07-08 21:49:29 --> Session: Class initialized using 'CodeIgniter\Session\Handlers\FileHandler' driver.
WARNING - 2023-07-08 21:49:29 --> Session: Sessions is enabled, and one exists.Please don't $session->start();
INFO - 2023-07-08 21:49:30 --> Session: Class initialized using 'CodeIgniter\Session\Handlers\FileHandler' driver.
WARNING - 2023-07-08 21:49:30 --> Session: Sessions is enabled, and one exists.Please don't $session->start();
INFO - 2023-07-08 21:49:30 --> Session: Class initialized using 'CodeIgniter\Session\Handlers\FileHandler' driver.
WARNING - 2023-07-08 21:49:30 --> Session: Sessions is enabled, and one exists.Please don't $session->start();
INFO - 2023-07-08 21:53:17 --> Session: Class initialized using 'CodeIgniter\Session\Handlers\FileHandler' driver.
WARNING - 2023-07-08 21:53:17 --> Session: Sessions is enabled, and one exists.Please don't $session->start();
INFO - 2023-07-08 21:53:19 --> Session: Class initialized using 'CodeIgniter\Session\Handlers\FileHandler' driver.
WARNING - 2023-07-08 21:53:19 --> Session: Sessions is enabled, and one exists.Please don't $session->start();
INFO - 2023-07-08 21:53:20 --> Session: Class initialized using 'CodeIgniter\Session\Handlers\FileHandler' driver.
WARNING - 2023-07-08 21:53:20 --> Session: Sessions is enabled, and one exists.Please don't $session->start();
INFO - 2023-07-08 21:53:20 --> Session: Class initialized using 'CodeIgniter\Session\Handlers\FileHandler' driver.
WARNING - 2023-07-08 21:53:20 --> Session: Sessions is enabled, and one exists.Please don't $session->start();
INFO - 2023-07-08 21:53:24 --> Session: Class initialized using 'CodeIgniter\Session\Handlers\FileHandler' driver.
WARNING - 2023-07-08 21:53:24 --> Session: Sessions is enabled, and one exists.Please don't $session->start();
INFO - 2023-07-08 21:53:24 --> Session: Class initialized using 'CodeIgniter\Session\Handlers\FileHandler' driver.
WARNING - 2023-07-08 21:53:24 --> Session: Sessions is enabled, and one exists.Please don't $session->start();
INFO - 2023-07-08 21:54:13 --> Session: Class initialized using 'CodeIgniter\Session\Handlers\FileHandler' driver.
WARNING - 2023-07-08 21:54:13 --> Session: Sessions is enabled, and one exists.Please don't $session->start();
INFO - 2023-07-08 21:54:13 --> Session: Class initialized using 'CodeIgniter\Session\Handlers\FileHandler' driver.
WARNING - 2023-07-08 21:54:13 --> Session: Sessions is enabled, and one exists.Please don't $session->start();
INFO - 2023-07-08 21:54:33 --> Session: Class initialized using 'CodeIgniter\Session\Handlers\FileHandler' driver.
WARNING - 2023-07-08 21:54:33 --> Session: Sessions is enabled, and one exists.Please don't $session->start();
INFO - 2023-07-08 21:54:35 --> Session: Class initialized using 'CodeIgniter\Session\Handlers\FileHandler' driver.
WARNING - 2023-07-08 21:54:35 --> Session: Sessions is enabled, and one exists.Please don't $session->start();
INFO - 2023-07-08 21:54:37 --> Session: Class initialized using 'CodeIgniter\Session\Handlers\FileHandler' driver.
WARNING - 2023-07-08 21:54:37 --> Session: Sessions is enabled, and one exists.Please don't $session->start();
INFO - 2023-07-08 21:54:37 --> Session: Class initialized using 'CodeIgniter\Session\Handlers\FileHandler' driver.
WARNING - 2023-07-08 21:54:37 --> Session: Sessions is enabled, and one exists.Please don't $session->start();
INFO - 2023-07-08 21:54:46 --> Session: Class initialized using 'CodeIgniter\Session\Handlers\FileHandler' driver.
WARNING - 2023-07-08 21:54:46 --> Session: Sessions is enabled, and one exists.Please don't $session->start();
INFO - 2023-07-08 21:54:46 --> Session: Class initialized using 'CodeIgniter\Session\Handlers\FileHandler' driver.
WARNING - 2023-07-08 21:54:46 --> Session: Sessions is enabled, and one exists.Please don't $session->start();
INFO - 2023-07-08 21:54:51 --> Session: Class initialized using 'CodeIgniter\Session\Handlers\FileHandler' driver.
WARNING - 2023-07-08 21:54:51 --> Session: Sessions is enabled, and one exists.Please don't $session->start();
INFO - 2023-07-08 21:54:52 --> Session: Class initialized using 'CodeIgniter\Session\Handlers\FileHandler' driver.
WARNING - 2023-07-08 21:54:52 --> Session: Sessions is enabled, and one exists.Please don't $session->start();
INFO - 2023-07-08 21:54:56 --> Session: Class initialized using 'CodeIgniter\Session\Handlers\FileHandler' driver.
WARNING - 2023-07-08 21:54:56 --> Session: Sessions is enabled, and one exists.Please don't $session->start();
INFO - 2023-07-08 21:54:56 --> Session: Class initialized using 'CodeIgniter\Session\Handlers\FileHandler' driver.
WARNING - 2023-07-08 21:54:56 --> Session: Sessions is enabled, and one exists.Please don't $session->start();
INFO - 2023-07-08 21:57:02 --> Session: Class initialized using 'CodeIgniter\Session\Handlers\FileHandler' driver.
WARNING - 2023-07-08 21:57:02 --> Session: Sessions is enabled, and one exists.Please don't $session->start();
INFO - 2023-07-08 21:57:04 --> Session: Class initialized using 'CodeIgniter\Session\Handlers\FileHandler' driver.
WARNING - 2023-07-08 21:57:04 --> Session: Sessions is enabled, and one exists.Please don't $session->start();
INFO - 2023-07-08 21:57:06 --> Session: Class initialized using 'CodeIgniter\Session\Handlers\FileHandler' driver.
WARNING - 2023-07-08 21:57:06 --> Session: Sessions is enabled, and one exists.Please don't $session->start();
INFO - 2023-07-08 21:57:07 --> Session: Class initialized using 'CodeIgniter\Session\Handlers\FileHandler' driver.
WARNING - 2023-07-08 21:57:07 --> Session: Sessions is enabled, and one exists.Please don't $session->start();
INFO - 2023-07-08 21:59:12 --> Session: Class initialized using 'CodeIgniter\Session\Handlers\FileHandler' driver.
WARNING - 2023-07-08 21:59:12 --> Session: Sessions is enabled, and one exists.Please don't $session->start();
INFO - 2023-07-08 21:59:12 --> Session: Class initialized using 'CodeIgniter\Session\Handlers\FileHandler' driver.
WARNING - 2023-07-08 21:59:12 --> Session: Sessions is enabled, and one exists.Please don't $session->start();
INFO - 2023-07-08 22:06:35 --> Session: Class initialized using 'CodeIgniter\Session\Handlers\FileHandler' driver.
WARNING - 2023-07-08 22:06:35 --> Session: Sessions is enabled, and one exists.Please don't $session->start();
INFO - 2023-07-08 22:06:36 --> Session: Class initialized using 'CodeIgniter\Session\Handlers\FileHandler' driver.
WARNING - 2023-07-08 22:06:36 --> Session: Sessions is enabled, and one exists.Please don't $session->start();
INFO - 2023-07-08 22:08:37 --> Session: Class initialized using 'CodeIgniter\Session\Handlers\FileHandler' driver.
WARNING - 2023-07-08 22:08:37 --> Session: Sessions is enabled, and one exists.Please don't $session->start();
INFO - 2023-07-08 22:08:40 --> Session: Class initialized using 'CodeIgniter\Session\Handlers\FileHandler' driver.
WARNING - 2023-07-08 22:08:40 --> Session: Sessions is enabled, and one exists.Please don't $session->start();
INFO - 2023-07-08 22:09:53 --> Session: Class initialized using 'CodeIgniter\Session\Handlers\FileHandler' driver.
WARNING - 2023-07-08 22:09:53 --> Session: Sessions is enabled, and one exists.Please don't $session->start();
INFO - 2023-07-08 22:09:54 --> Session: Class initialized using 'CodeIgniter\Session\Handlers\FileHandler' driver.
WARNING - 2023-07-08 22:09:54 --> Session: Sessions is enabled, and one exists.Please don't $session->start();
INFO - 2023-07-08 22:10:01 --> Session: Class initialized using 'CodeIgniter\Session\Handlers\FileHandler' driver.
WARNING - 2023-07-08 22:10:01 --> Session: Sessions is enabled, and one exists.Please don't $session->start();
INFO - 2023-07-08 22:10:01 --> Session: Class initialized using 'CodeIgniter\Session\Handlers\FileHandler' driver.
WARNING - 2023-07-08 22:10:01 --> Session: Sessions is enabled, and one exists.Please don't $session->start();
INFO - 2023-07-08 22:10:31 --> Session: Class initialized using 'CodeIgniter\Session\Handlers\FileHandler' driver.
WARNING - 2023-07-08 22:10:31 --> Session: Sessions is enabled, and one exists.Please don't $session->start();
INFO - 2023-07-08 22:10:33 --> Session: Class initialized using 'CodeIgniter\Session\Handlers\FileHandler' driver.
WARNING - 2023-07-08 22:10:33 --> Session: Sessions is enabled, and one exists.Please don't $session->start();
INFO - 2023-07-08 22:10:38 --> Session: Class initialized using 'CodeIgniter\Session\Handlers\FileHandler' driver.
WARNING - 2023-07-08 22:10:38 --> Session: Sessions is enabled, and one exists.Please don't $session->start();
INFO - 2023-07-08 22:10:38 --> Session: Class initialized using 'CodeIgniter\Session\Handlers\FileHandler' driver.
WARNING - 2023-07-08 22:10:38 --> Session: Sessions is enabled, and one exists.Please don't $session->start();
INFO - 2023-07-08 22:10:59 --> Session: Class initialized using 'CodeIgniter\Session\Handlers\FileHandler' driver.
WARNING - 2023-07-08 22:10:59 --> Session: Sessions is enabled, and one exists.Please don't $session->start();
CRITICAL - 2023-07-08 22:10:59 --> count(): Parameter must be an array or an object that implements Countable
#0 [internal function]: CodeIgniter\Debug\Exceptions->errorHandler(2, 'count(): Parame...', '/usr/local/var/...', 399, Array)
#1 /usr/local/var/www/app-p4i/app/Controllers/Backend/Pengguna.php(399): count(NULL)
#2 /usr/local/var/www/app-p4i/vendor/codeigniter4/framework/system/CodeIgniter.php(918): App\Controllers\Backend\Pengguna->multi_del()
#3 /usr/local/var/www/app-p4i/vendor/codeigniter4/framework/system/CodeIgniter.php(404): CodeIgniter\CodeIgniter->runController(Object(App\Controllers\Backend\Pengguna))
#4 /usr/local/var/www/app-p4i/vendor/codeigniter4/framework/system/CodeIgniter.php(312): CodeIgniter\CodeIgniter->handleRequest(NULL, Object(Config\Cache), false)
#5 /usr/local/var/www/app-p4i/public/index.php(45): CodeIgniter\CodeIgniter->run()
#6 /usr/local/var/www/app-p4i/vendor/codeigniter4/framework/system/Commands/Server/rewrite.php(34): require_once('/usr/local/var/...')
#7 {main}
INFO - 2023-07-08 22:12:11 --> Session: Class initialized using 'CodeIgniter\Session\Handlers\FileHandler' driver.
WARNING - 2023-07-08 22:12:11 --> Session: Sessions is enabled, and one exists.Please don't $session->start();
CRITICAL - 2023-07-08 22:12:11 --> count(): Parameter must be an array or an object that implements Countable
#0 [internal function]: CodeIgniter\Debug\Exceptions->errorHandler(2, 'count(): Parame...', '/usr/local/var/...', 399, Array)
#1 /usr/local/var/www/app-p4i/app/Controllers/Backend/Pengguna.php(399): count(NULL)
#2 /usr/local/var/www/app-p4i/vendor/codeigniter4/framework/system/CodeIgniter.php(918): App\Controllers\Backend\Pengguna->multi_del()
#3 /usr/local/var/www/app-p4i/vendor/codeigniter4/framework/system/CodeIgniter.php(404): CodeIgniter\CodeIgniter->runController(Object(App\Controllers\Backend\Pengguna))
#4 /usr/local/var/www/app-p4i/vendor/codeigniter4/framework/system/CodeIgniter.php(312): CodeIgniter\CodeIgniter->handleRequest(NULL, Object(Config\Cache), false)
#5 /usr/local/var/www/app-p4i/public/index.php(45): CodeIgniter\CodeIgniter->run()
#6 /usr/local/var/www/app-p4i/vendor/codeigniter4/framework/system/Commands/Server/rewrite.php(34): require_once('/usr/local/var/...')
#7 {main}
INFO - 2023-07-08 22:13:41 --> Session: Class initialized using 'CodeIgniter\Session\Handlers\FileHandler' driver.
WARNING - 2023-07-08 22:13:41 --> Session: Sessions is enabled, and one exists.Please don't $session->start();
CRITICAL - 2023-07-08 22:13:41 --> count(): Parameter must be an array or an object that implements Countable
#0 [internal function]: CodeIgniter\Debug\Exceptions->errorHandler(2, 'count(): Parame...', '/usr/local/var/...', 399, Array)
#1 /usr/local/var/www/app-p4i/app/Controllers/Backend/Pengguna.php(399): count(NULL)
#2 /usr/local/var/www/app-p4i/vendor/codeigniter4/framework/system/CodeIgniter.php(918): App\Controllers\Backend\Pengguna->multi_del()
#3 /usr/local/var/www/app-p4i/vendor/codeigniter4/framework/system/CodeIgniter.php(404): CodeIgniter\CodeIgniter->runController(Object(App\Controllers\Backend\Pengguna))
#4 /usr/local/var/www/app-p4i/vendor/codeigniter4/framework/system/CodeIgniter.php(312): CodeIgniter\CodeIgniter->handleRequest(NULL, Object(Config\Cache), false)
#5 /usr/local/var/www/app-p4i/public/index.php(45): CodeIgniter\CodeIgniter->run()
#6 /usr/local/var/www/app-p4i/vendor/codeigniter4/framework/system/Commands/Server/rewrite.php(34): require_once('/usr/local/var/...')
#7 {main}
INFO - 2023-07-08 22:14:06 --> Session: Class initialized using 'CodeIgniter\Session\Handlers\FileHandler' driver.
WARNING - 2023-07-08 22:14:06 --> Session: Sessions is enabled, and one exists.Please don't $session->start();
INFO - 2023-07-08 22:14:07 --> Session: Class initialized using 'CodeIgniter\Session\Handlers\FileHandler' driver.
WARNING - 2023-07-08 22:14:07 --> Session: Sessions is enabled, and one exists.Please don't $session->start();
INFO - 2023-07-08 22:14:21 --> Session: Class initialized using 'CodeIgniter\Session\Handlers\FileHandler' driver.
WARNING - 2023-07-08 22:14:21 --> Session: Sessions is enabled, and one exists.Please don't $session->start();
CRITICAL - 2023-07-08 22:14:21 --> count(): Parameter must be an array or an object that implements Countable
#0 [internal function]: CodeIgniter\Debug\Exceptions->errorHandler(2, 'count(): Parame...', '/usr/local/var/...', 399, Array)
#1 /usr/local/var/www/app-p4i/app/Controllers/Backend/Pengguna.php(399): count(NULL)
#2 /usr/local/var/www/app-p4i/vendor/codeigniter4/framework/system/CodeIgniter.php(918): App\Controllers\Backend\Pengguna->multi_del()
#3 /usr/local/var/www/app-p4i/vendor/codeigniter4/framework/system/CodeIgniter.php(404): CodeIgniter\CodeIgniter->runController(Object(App\Controllers\Backend\Pengguna))
#4 /usr/local/var/www/app-p4i/vendor/codeigniter4/framework/system/CodeIgniter.php(312): CodeIgniter\CodeIgniter->handleRequest(NULL, Object(Config\Cache), false)
#5 /usr/local/var/www/app-p4i/public/index.php(45): CodeIgniter\CodeIgniter->run()
#6 /usr/local/var/www/app-p4i/vendor/codeigniter4/framework/system/Commands/Server/rewrite.php(34): require_once('/usr/local/var/...')
#7 {main}
INFO - 2023-07-08 22:16:33 --> Session: Class initialized using 'CodeIgniter\Session\Handlers\FileHandler' driver.
WARNING - 2023-07-08 22:16:33 --> Session: Sessions is enabled, and one exists.Please don't $session->start();
INFO - 2023-07-08 22:16:34 --> Session: Class initialized using 'CodeIgniter\Session\Handlers\FileHandler' driver.
WARNING - 2023-07-08 22:16:34 --> Session: Sessions is enabled, and one exists.Please don't $session->start();
INFO - 2023-07-08 22:16:37 --> Session: Class initialized using 'CodeIgniter\Session\Handlers\FileHandler' driver.
WARNING - 2023-07-08 22:16:37 --> Session: Sessions is enabled, and one exists.Please don't $session->start();
INFO - 2023-07-08 22:16:37 --> Session: Class initialized using 'CodeIgniter\Session\Handlers\FileHandler' driver.
WARNING - 2023-07-08 22:16:37 --> Session: Sessions is enabled, and one exists.Please don't $session->start();
INFO - 2023-07-08 22:20:55 --> Session: Class initialized using 'CodeIgniter\Session\Handlers\FileHandler' driver.
WARNING - 2023-07-08 22:20:55 --> Session: Sessions is enabled, and one exists.Please don't $session->start();
INFO - 2023-07-08 22:20:57 --> Session: Class initialized using 'CodeIgniter\Session\Handlers\FileHandler' driver.
WARNING - 2023-07-08 22:20:57 --> Session: Sessions is enabled, and one exists.Please don't $session->start();
INFO - 2023-07-08 22:21:02 --> Session: Class initialized using 'CodeIgniter\Session\Handlers\FileHandler' driver.
WARNING - 2023-07-08 22:21:02 --> Session: Sessions is enabled, and one exists.Please don't $session->start();
INFO - 2023-07-08 22:21:02 --> Session: Class initialized using 'CodeIgniter\Session\Handlers\FileHandler' driver.
WARNING - 2023-07-08 22:21:02 --> Session: Sessions is enabled, and one exists.Please don't $session->start();
INFO - 2023-07-08 22:22:12 --> Session: Class initialized using 'CodeIgniter\Session\Handlers\FileHandler' driver.
WARNING - 2023-07-08 22:22:12 --> Session: Sessions is enabled, and one exists.Please don't $session->start();
INFO - 2023-07-08 22:22:12 --> Session: Class initialized using 'CodeIgniter\Session\Handlers\FileHandler' driver.
WARNING - 2023-07-08 22:22:12 --> Session: Sessions is enabled, and one exists.Please don't $session->start();
INFO - 2023-07-08 22:23:26 --> Session: Class initialized using 'CodeIgniter\Session\Handlers\FileHandler' driver.
WARNING - 2023-07-08 22:23:26 --> Session: Sessions is enabled, and one exists.Please don't $session->start();
INFO - 2023-07-08 22:23:27 --> Session: Class initialized using 'CodeIgniter\Session\Handlers\FileHandler' driver.
WARNING - 2023-07-08 22:23:27 --> Session: Sessions is enabled, and one exists.Please don't $session->start();
INFO - 2023-07-08 22:23:29 --> Session: Class initialized using 'CodeIgniter\Session\Handlers\FileHandler' driver.
WARNING - 2023-07-08 22:23:29 --> Session: Sessions is enabled, and one exists.Please don't $session->start();
INFO - 2023-07-08 22:23:29 --> Session: Class initialized using 'CodeIgniter\Session\Handlers\FileHandler' driver.
WARNING - 2023-07-08 22:23:29 --> Session: Sessions is enabled, and one exists.Please don't $session->start();
INFO - 2023-07-08 22:23:38 --> Session: Class initialized using 'CodeIgniter\Session\Handlers\FileHandler' driver.
WARNING - 2023-07-08 22:23:38 --> Session: Sessions is enabled, and one exists.Please don't $session->start();
INFO - 2023-07-08 22:23:38 --> Session: Class initialized using 'CodeIgniter\Session\Handlers\FileHandler' driver.
WARNING - 2023-07-08 22:23:38 --> Session: Sessions is enabled, and one exists.Please don't $session->start();
INFO - 2023-07-08 22:38:06 --> Session: Class initialized using 'CodeIgniter\Session\Handlers\FileHandler' driver.
WARNING - 2023-07-08 22:38:06 --> Session: Sessions is enabled, and one exists.Please don't $session->start();
INFO - 2023-07-08 22:38:07 --> Session: Class initialized using 'CodeIgniter\Session\Handlers\FileHandler' driver.
WARNING - 2023-07-08 22:38:07 --> Session: Sessions is enabled, and one exists.Please don't $session->start();
INFO - 2023-07-08 22:39:30 --> Session: Class initialized using 'CodeIgniter\Session\Handlers\FileHandler' driver.
WARNING - 2023-07-08 22:39:30 --> Session: Sessions is enabled, and one exists.Please don't $session->start();
INFO - 2023-07-08 22:39:32 --> Session: Class initialized using 'CodeIgniter\Session\Handlers\FileHandler' driver.
WARNING - 2023-07-08 22:39:32 --> Session: Sessions is enabled, and one exists.Please don't $session->start();
INFO - 2023-07-08 22:39:38 --> Session: Class initialized using 'CodeIgniter\Session\Handlers\FileHandler' driver.
WARNING - 2023-07-08 22:39:38 --> Session: Sessions is enabled, and one exists.Please don't $session->start();
INFO - 2023-07-08 22:39:39 --> Session: Class initialized using 'CodeIgniter\Session\Handlers\FileHandler' driver.
WARNING - 2023-07-08 22:39:39 --> Session: Sessions is enabled, and one exists.Please don't $session->start();
INFO - 2023-07-08 22:41:14 --> Session: Class initialized using 'CodeIgniter\Session\Handlers\FileHandler' driver.
WARNING - 2023-07-08 22:41:14 --> Session: Sessions is enabled, and one exists.Please don't $session->start();
INFO - 2023-07-08 22:41:16 --> Session: Class initialized using 'CodeIgniter\Session\Handlers\FileHandler' driver.
WARNING - 2023-07-08 22:41:16 --> Session: Sessions is enabled, and one exists.Please don't $session->start();
INFO - 2023-07-08 22:44:51 --> Session: Class initialized using 'CodeIgniter\Session\Handlers\FileHandler' driver.
WARNING - 2023-07-08 22:44:51 --> Session: Sessions is enabled, and one exists.Please don't $session->start();
INFO - 2023-07-08 22:44:52 --> Session: Class initialized using 'CodeIgniter\Session\Handlers\FileHandler' driver.
WARNING - 2023-07-08 22:44:52 --> Session: Sessions is enabled, and one exists.Please don't $session->start();
INFO - 2023-07-08 22:44:56 --> Session: Class initialized using 'CodeIgniter\Session\Handlers\FileHandler' driver.
WARNING - 2023-07-08 22:44:56 --> Session: Sessions is enabled, and one exists.Please don't $session->start();
INFO - 2023-07-08 22:44:57 --> Session: Class initialized using 'CodeIgniter\Session\Handlers\FileHandler' driver.
WARNING - 2023-07-08 22:44:57 --> Session: Sessions is enabled, and one exists.Please don't $session->start();
INFO - 2023-07-08 22:45:00 --> Session: Class initialized using 'CodeIgniter\Session\Handlers\FileHandler' driver.
WARNING - 2023-07-08 22:45:00 --> Session: Sessions is enabled, and one exists.Please don't $session->start();
INFO - 2023-07-08 22:45:00 --> Session: Class initialized using 'CodeIgniter\Session\Handlers\FileHandler' driver.
WARNING - 2023-07-08 22:45:00 --> Session: Sessions is enabled, and one exists.Please don't $session->start();
INFO - 2023-07-08 22:45:03 --> Session: Class initialized using 'CodeIgniter\Session\Handlers\FileHandler' driver.
WARNING - 2023-07-08 22:45:03 --> Session: Sessions is enabled, and one exists.Please don't $session->start();
INFO - 2023-07-08 22:45:03 --> Session: Class initialized using 'CodeIgniter\Session\Handlers\FileHandler' driver.
WARNING - 2023-07-08 22:45:03 --> Session: Sessions is enabled, and one exists.Please don't $session->start();
INFO - 2023-07-08 23:43:04 --> Session: Class initialized using 'CodeIgniter\Session\Handlers\FileHandler' driver.
WARNING - 2023-07-08 23:43:04 --> Session: Sessions is enabled, and one exists.Please don't $session->start();
INFO - 2023-07-08 23:43:09 --> Session: Class initialized using 'CodeIgniter\Session\Handlers\FileHandler' driver.
WARNING - 2023-07-08 23:43:09 --> Session: Sessions is enabled, and one exists.Please don't $session->start();
INFO - 2023-07-08 23:49:18 --> Session: Class initialized using 'CodeIgniter\Session\Handlers\FileHandler' driver.
WARNING - 2023-07-08 23:49:18 --> Session: Sessions is enabled, and one exists.Please don't $session->start();
INFO - 2023-07-08 23:49:21 --> Session: Class initialized using 'CodeIgniter\Session\Handlers\FileHandler' driver.
WARNING - 2023-07-08 23:49:21 --> Session: Sessions is enabled, and one exists.Please don't $session->start();
INFO - 2023-07-08 23:49:25 --> Session: Class initialized using 'CodeIgniter\Session\Handlers\FileHandler' driver.
WARNING - 2023-07-08 23:49:25 --> Session: Sessions is enabled, and one exists.Please don't $session->start();
INFO - 2023-07-08 23:49:27 --> Session: Class initialized using 'CodeIgniter\Session\Handlers\FileHandler' driver.
WARNING - 2023-07-08 23:49:27 --> Session: Sessions is enabled, and one exists.Please don't $session->start();
INFO - 2023-07-08 23:49:28 --> Session: Class initialized using 'CodeIgniter\Session\Handlers\FileHandler' driver.
WARNING - 2023-07-08 23:49:28 --> Session: Sessions is enabled, and one exists.Please don't $session->start();
INFO - 2023-07-08 23:49:29 --> Session: Class initialized using 'CodeIgniter\Session\Handlers\FileHandler' driver.
WARNING - 2023-07-08 23:49:29 --> Session: Sessions is enabled, and one exists.Please don't $session->start();
INFO - 2023-07-08 23:49:29 --> Session: Class initialized using 'CodeIgniter\Session\Handlers\FileHandler' driver.
WARNING - 2023-07-08 23:49:29 --> Session: Sessions is enabled, and one exists.Please don't $session->start();
INFO - 2023-07-08 23:49:29 --> Session: Class initialized using 'CodeIgniter\Session\Handlers\FileHandler' driver.
WARNING - 2023-07-08 23:49:29 --> Session: Sessions is enabled, and one exists.Please don't $session->start();
INFO - 2023-07-08 23:50:31 --> Session: Class initialized using 'CodeIgniter\Session\Handlers\FileHandler' driver.
WARNING - 2023-07-08 23:50:31 --> Session: Sessions is enabled, and one exists.Please don't $session->start();
INFO - 2023-07-08 23:50:33 --> Session: Class initialized using 'CodeIgniter\Session\Handlers\FileHandler' driver.
WARNING - 2023-07-08 23:50:33 --> Session: Sessions is enabled, and one exists.Please don't $session->start();
INFO - 2023-07-08 23:50:34 --> Session: Class initialized using 'CodeIgniter\Session\Handlers\FileHandler' driver.
WARNING - 2023-07-08 23:50:34 --> Session: Sessions is enabled, and one exists.Please don't $session->start();
INFO - 2023-07-08 23:50:36 --> Session: Class initialized using 'CodeIgniter\Session\Handlers\FileHandler' driver.
WARNING - 2023-07-08 23:50:36 --> Session: Sessions is enabled, and one exists.Please don't $session->start();
INFO - 2023-07-08 23:51:18 --> Session: Class initialized using 'CodeIgniter\Session\Handlers\FileHandler' driver.
WARNING - 2023-07-08 23:51:18 --> Session: Sessions is enabled, and one exists.Please don't $session->start();
