CRITICAL - 2020-09-02 12:59:36 --> Table 'momeawedding.tbl_user' doesn't exist
#0 /var/www/html/momea/vendor/codeigniter4/framework/system/Database/MySQLi/Connection.php(331): mysqli->query('SELECT *\nFROM `...')
#1 /var/www/html/momea/vendor/codeigniter4/framework/system/Database/BaseConnection.php(741): CodeIgniter\Database\MySQLi\Connection->execute('SELECT *\nFROM `...')
#2 /var/www/html/momea/vendor/codeigniter4/framework/system/Database/BaseConnection.php(669): CodeIgniter\Database\BaseConnection->simpleQuery('SELECT *\nFROM `...')
#3 /var/www/html/momea/vendor/codeigniter4/framework/system/Database/BaseBuilder.php(1860): CodeIgniter\Database\BaseConnection->query('SELECT *\nFROM `...', Array, false)
#4 /var/www/html/momea/app/Models/LoginModel.php(20): CodeIgniter\Database\BaseBuilder->get()
#5 /var/www/html/momea/app/Controllers/Admin/Login.php(24): App\Models\LoginModel->cekUser('andiiick')
#6 /var/www/html/momea/vendor/codeigniter4/framework/system/CodeIgniter.php(918): App\Controllers\Admin\Login->cek_login()
#7 /var/www/html/momea/vendor/codeigniter4/framework/system/CodeIgniter.php(404): CodeIgniter\CodeIgniter->runController(Object(App\Controllers\Admin\Login))
#8 /var/www/html/momea/vendor/codeigniter4/framework/system/CodeIgniter.php(312): CodeIgniter\CodeIgniter->handleRequest(NULL, Object(Config\Cache), false)
#9 /var/www/html/momea/public/index.php(45): CodeIgniter\CodeIgniter->run()
#10 /var/www/html/momea/vendor/codeigniter4/framework/system/Commands/Server/rewrite.php(34): require_once('/var/www/html/m...')
#11 {main}
CRITICAL - 2020-09-02 12:59:38 --> Table 'momeawedding.tbl_user' doesn't exist
#0 /var/www/html/momea/vendor/codeigniter4/framework/system/Database/MySQLi/Connection.php(331): mysqli->query('SELECT *\nFROM `...')
#1 /var/www/html/momea/vendor/codeigniter4/framework/system/Database/BaseConnection.php(741): CodeIgniter\Database\MySQLi\Connection->execute('SELECT *\nFROM `...')
#2 /var/www/html/momea/vendor/codeigniter4/framework/system/Database/BaseConnection.php(669): CodeIgniter\Database\BaseConnection->simpleQuery('SELECT *\nFROM `...')
#3 /var/www/html/momea/vendor/codeigniter4/framework/system/Database/BaseBuilder.php(1860): CodeIgniter\Database\BaseConnection->query('SELECT *\nFROM `...', Array, false)
#4 /var/www/html/momea/app/Models/LoginModel.php(20): CodeIgniter\Database\BaseBuilder->get()
#5 /var/www/html/momea/app/Controllers/Admin/Login.php(24): App\Models\LoginModel->cekUser('andiiick')
#6 /var/www/html/momea/vendor/codeigniter4/framework/system/CodeIgniter.php(918): App\Controllers\Admin\Login->cek_login()
#7 /var/www/html/momea/vendor/codeigniter4/framework/system/CodeIgniter.php(404): CodeIgniter\CodeIgniter->runController(Object(App\Controllers\Admin\Login))
#8 /var/www/html/momea/vendor/codeigniter4/framework/system/CodeIgniter.php(312): CodeIgniter\CodeIgniter->handleRequest(NULL, Object(Config\Cache), false)
#9 /var/www/html/momea/public/index.php(45): CodeIgniter\CodeIgniter->run()
#10 /var/www/html/momea/vendor/codeigniter4/framework/system/Commands/Server/rewrite.php(34): require_once('/var/www/html/m...')
#11 {main}
CRITICAL - 2020-09-02 13:00:12 --> Table 'momeawedding.tbl_company' doesn't exist
#0 /var/www/html/momea/vendor/codeigniter4/framework/system/Database/MySQLi/Connection.php(331): mysqli->query('SELECT *\nFROM `...')
#1 /var/www/html/momea/vendor/codeigniter4/framework/system/Database/BaseConnection.php(741): CodeIgniter\Database\MySQLi\Connection->execute('SELECT *\nFROM `...')
#2 /var/www/html/momea/vendor/codeigniter4/framework/system/Database/BaseConnection.php(669): CodeIgniter\Database\BaseConnection->simpleQuery('SELECT *\nFROM `...')
#3 /var/www/html/momea/vendor/codeigniter4/framework/system/Database/BaseBuilder.php(1860): CodeIgniter\Database\BaseConnection->query('SELECT *\nFROM `...', Array, false)
#4 /var/www/html/momea/app/Models/CompanyModel.php(25): CodeIgniter\Database\BaseBuilder->get()
#5 /var/www/html/momea/app/Controllers/Admin/Company.php(127): app\Models\CompanyModel->companyCheck(1)
#6 /var/www/html/momea/vendor/codeigniter4/framework/system/CodeIgniter.php(918): App\Controllers\Admin\Company->ambil_logo()
#7 /var/www/html/momea/vendor/codeigniter4/framework/system/CodeIgniter.php(404): CodeIgniter\CodeIgniter->runController(Object(App\Controllers\Admin\Company))
#8 /var/www/html/momea/vendor/codeigniter4/framework/system/CodeIgniter.php(312): CodeIgniter\CodeIgniter->handleRequest(NULL, Object(Config\Cache), false)
#9 /var/www/html/momea/public/index.php(45): CodeIgniter\CodeIgniter->run()
#10 /var/www/html/momea/vendor/codeigniter4/framework/system/Commands/Server/rewrite.php(34): require_once('/var/www/html/m...')
#11 {main}
CRITICAL - 2020-09-02 13:01:29 --> Table 'momeawedding.tbl_company' doesn't exist
#0 /var/www/html/momea/vendor/codeigniter4/framework/system/Database/MySQLi/Connection.php(331): mysqli->query('SELECT *\nFROM `...')
#1 /var/www/html/momea/vendor/codeigniter4/framework/system/Database/BaseConnection.php(741): CodeIgniter\Database\MySQLi\Connection->execute('SELECT *\nFROM `...')
#2 /var/www/html/momea/vendor/codeigniter4/framework/system/Database/BaseConnection.php(669): CodeIgniter\Database\BaseConnection->simpleQuery('SELECT *\nFROM `...')
#3 /var/www/html/momea/vendor/codeigniter4/framework/system/Database/BaseBuilder.php(1860): CodeIgniter\Database\BaseConnection->query('SELECT *\nFROM `...', Array, false)
#4 /var/www/html/momea/app/Models/CompanyModel.php(25): CodeIgniter\Database\BaseBuilder->get()
#5 /var/www/html/momea/app/Controllers/Admin/Company.php(127): app\Models\CompanyModel->companyCheck(1)
#6 /var/www/html/momea/vendor/codeigniter4/framework/system/CodeIgniter.php(918): App\Controllers\Admin\Company->ambil_logo()
#7 /var/www/html/momea/vendor/codeigniter4/framework/system/CodeIgniter.php(404): CodeIgniter\CodeIgniter->runController(Object(App\Controllers\Admin\Company))
#8 /var/www/html/momea/vendor/codeigniter4/framework/system/CodeIgniter.php(312): CodeIgniter\CodeIgniter->handleRequest(NULL, Object(Config\Cache), false)
#9 /var/www/html/momea/public/index.php(45): CodeIgniter\CodeIgniter->run()
#10 /var/www/html/momea/vendor/codeigniter4/framework/system/Commands/Server/rewrite.php(34): require_once('/var/www/html/m...')
#11 {main}
CRITICAL - 2020-09-02 13:01:29 --> Table 'momeawedding.tbl_slider' doesn't exist
#0 /var/www/html/momea/vendor/codeigniter4/framework/system/Database/MySQLi/Connection.php(331): mysqli->query('SELECT *\nFROM `...')
#1 /var/www/html/momea/vendor/codeigniter4/framework/system/Database/BaseConnection.php(741): CodeIgniter\Database\MySQLi\Connection->execute('SELECT *\nFROM `...')
#2 /var/www/html/momea/vendor/codeigniter4/framework/system/Database/BaseConnection.php(669): CodeIgniter\Database\BaseConnection->simpleQuery('SELECT *\nFROM `...')
#3 /var/www/html/momea/vendor/codeigniter4/framework/system/Database/BaseBuilder.php(1860): CodeIgniter\Database\BaseConnection->query('SELECT *\nFROM `...', Array, false)
#4 /var/www/html/momea/app/Models/SliderModel.php(18): CodeIgniter\Database\BaseBuilder->get()
#5 /var/www/html/momea/app/Controllers/Admin/Slider.php(26): App\Models\SliderModel->get_slider()
#6 /var/www/html/momea/vendor/codeigniter4/framework/system/CodeIgniter.php(918): App\Controllers\Admin\Slider->ambildata()
#7 /var/www/html/momea/vendor/codeigniter4/framework/system/CodeIgniter.php(404): CodeIgniter\CodeIgniter->runController(Object(App\Controllers\Admin\Slider))
#8 /var/www/html/momea/vendor/codeigniter4/framework/system/CodeIgniter.php(312): CodeIgniter\CodeIgniter->handleRequest(NULL, Object(Config\Cache), false)
#9 /var/www/html/momea/public/index.php(45): CodeIgniter\CodeIgniter->run()
#10 /var/www/html/momea/vendor/codeigniter4/framework/system/Commands/Server/rewrite.php(34): require_once('/var/www/html/m...')
#11 {main}
CRITICAL - 2020-09-02 13:01:51 --> Table 'momeawedding.tbl_company' doesn't exist
#0 /var/www/html/momea/vendor/codeigniter4/framework/system/Database/MySQLi/Connection.php(331): mysqli->query('SELECT *\nFROM `...')
#1 /var/www/html/momea/vendor/codeigniter4/framework/system/Database/BaseConnection.php(741): CodeIgniter\Database\MySQLi\Connection->execute('SELECT *\nFROM `...')
#2 /var/www/html/momea/vendor/codeigniter4/framework/system/Database/BaseConnection.php(669): CodeIgniter\Database\BaseConnection->simpleQuery('SELECT *\nFROM `...')
#3 /var/www/html/momea/vendor/codeigniter4/framework/system/Database/BaseBuilder.php(1860): CodeIgniter\Database\BaseConnection->query('SELECT *\nFROM `...', Array, false)
#4 /var/www/html/momea/app/Models/CompanyModel.php(25): CodeIgniter\Database\BaseBuilder->get()
#5 /var/www/html/momea/app/Controllers/Admin/Company.php(127): app\Models\CompanyModel->companyCheck(1)
#6 /var/www/html/momea/vendor/codeigniter4/framework/system/CodeIgniter.php(918): App\Controllers\Admin\Company->ambil_logo()
#7 /var/www/html/momea/vendor/codeigniter4/framework/system/CodeIgniter.php(404): CodeIgniter\CodeIgniter->runController(Object(App\Controllers\Admin\Company))
#8 /var/www/html/momea/vendor/codeigniter4/framework/system/CodeIgniter.php(312): CodeIgniter\CodeIgniter->handleRequest(NULL, Object(Config\Cache), false)
#9 /var/www/html/momea/public/index.php(45): CodeIgniter\CodeIgniter->run()
#10 /var/www/html/momea/vendor/codeigniter4/framework/system/Commands/Server/rewrite.php(34): require_once('/var/www/html/m...')
#11 {main}
CRITICAL - 2020-09-02 13:01:53 --> Table 'momeawedding.tbl_company' doesn't exist
#0 /var/www/html/momea/vendor/codeigniter4/framework/system/Database/MySQLi/Connection.php(331): mysqli->query('SELECT *\nFROM `...')
#1 /var/www/html/momea/vendor/codeigniter4/framework/system/Database/BaseConnection.php(741): CodeIgniter\Database\MySQLi\Connection->execute('SELECT *\nFROM `...')
#2 /var/www/html/momea/vendor/codeigniter4/framework/system/Database/BaseConnection.php(669): CodeIgniter\Database\BaseConnection->simpleQuery('SELECT *\nFROM `...')
#3 /var/www/html/momea/vendor/codeigniter4/framework/system/Database/BaseBuilder.php(1860): CodeIgniter\Database\BaseConnection->query('SELECT *\nFROM `...', Array, false)
#4 /var/www/html/momea/app/Models/CompanyModel.php(25): CodeIgniter\Database\BaseBuilder->get()
#5 /var/www/html/momea/app/Controllers/Admin/Company.php(127): app\Models\CompanyModel->companyCheck(1)
#6 /var/www/html/momea/vendor/codeigniter4/framework/system/CodeIgniter.php(918): App\Controllers\Admin\Company->ambil_logo()
#7 /var/www/html/momea/vendor/codeigniter4/framework/system/CodeIgniter.php(404): CodeIgniter\CodeIgniter->runController(Object(App\Controllers\Admin\Company))
#8 /var/www/html/momea/vendor/codeigniter4/framework/system/CodeIgniter.php(312): CodeIgniter\CodeIgniter->handleRequest(NULL, Object(Config\Cache), false)
#9 /var/www/html/momea/public/index.php(45): CodeIgniter\CodeIgniter->run()
#10 /var/www/html/momea/vendor/codeigniter4/framework/system/Commands/Server/rewrite.php(34): require_once('/var/www/html/m...')
#11 {main}
CRITICAL - 2020-09-02 13:13:49 --> Table 'momeawedding.tbl_company' doesn't exist
#0 /var/www/html/momea/vendor/codeigniter4/framework/system/Database/MySQLi/Connection.php(331): mysqli->query('SELECT *\nFROM `...')
#1 /var/www/html/momea/vendor/codeigniter4/framework/system/Database/BaseConnection.php(741): CodeIgniter\Database\MySQLi\Connection->execute('SELECT *\nFROM `...')
#2 /var/www/html/momea/vendor/codeigniter4/framework/system/Database/BaseConnection.php(669): CodeIgniter\Database\BaseConnection->simpleQuery('SELECT *\nFROM `...')
#3 /var/www/html/momea/vendor/codeigniter4/framework/system/Database/BaseBuilder.php(1860): CodeIgniter\Database\BaseConnection->query('SELECT *\nFROM `...', Array, false)
#4 /var/www/html/momea/app/Models/CompanyModel.php(25): CodeIgniter\Database\BaseBuilder->get()
#5 /var/www/html/momea/app/Controllers/Admin/Company.php(127): app\Models\CompanyModel->companyCheck(1)
#6 /var/www/html/momea/vendor/codeigniter4/framework/system/CodeIgniter.php(918): App\Controllers\Admin\Company->ambil_logo()
#7 /var/www/html/momea/vendor/codeigniter4/framework/system/CodeIgniter.php(404): CodeIgniter\CodeIgniter->runController(Object(App\Controllers\Admin\Company))
#8 /var/www/html/momea/vendor/codeigniter4/framework/system/CodeIgniter.php(312): CodeIgniter\CodeIgniter->handleRequest(NULL, Object(Config\Cache), false)
#9 /var/www/html/momea/public/index.php(45): CodeIgniter\CodeIgniter->run()
#10 /var/www/html/momea/vendor/codeigniter4/framework/system/Commands/Server/rewrite.php(34): require_once('/var/www/html/m...')
#11 {main}
CRITICAL - 2020-09-02 13:14:14 --> Table 'momeawedding.tbl_company' doesn't exist
#0 /var/www/html/momea/vendor/codeigniter4/framework/system/Database/MySQLi/Connection.php(331): mysqli->query('SELECT *\nFROM `...')
#1 /var/www/html/momea/vendor/codeigniter4/framework/system/Database/BaseConnection.php(741): CodeIgniter\Database\MySQLi\Connection->execute('SELECT *\nFROM `...')
#2 /var/www/html/momea/vendor/codeigniter4/framework/system/Database/BaseConnection.php(669): CodeIgniter\Database\BaseConnection->simpleQuery('SELECT *\nFROM `...')
#3 /var/www/html/momea/vendor/codeigniter4/framework/system/Database/BaseBuilder.php(1860): CodeIgniter\Database\BaseConnection->query('SELECT *\nFROM `...', Array, false)
#4 /var/www/html/momea/app/Models/CompanyModel.php(25): CodeIgniter\Database\BaseBuilder->get()
#5 /var/www/html/momea/app/Controllers/Admin/Company.php(127): app\Models\CompanyModel->companyCheck(1)
#6 /var/www/html/momea/vendor/codeigniter4/framework/system/CodeIgniter.php(918): App\Controllers\Admin\Company->ambil_logo()
#7 /var/www/html/momea/vendor/codeigniter4/framework/system/CodeIgniter.php(404): CodeIgniter\CodeIgniter->runController(Object(App\Controllers\Admin\Company))
#8 /var/www/html/momea/vendor/codeigniter4/framework/system/CodeIgniter.php(312): CodeIgniter\CodeIgniter->handleRequest(NULL, Object(Config\Cache), false)
#9 /var/www/html/momea/public/index.php(45): CodeIgniter\CodeIgniter->run()
#10 /var/www/html/momea/vendor/codeigniter4/framework/system/Commands/Server/rewrite.php(34): require_once('/var/www/html/m...')
#11 {main}
CRITICAL - 2020-09-02 13:15:11 --> Table 'momeawedding.tbl_company' doesn't exist
#0 /var/www/html/momea/vendor/codeigniter4/framework/system/Database/MySQLi/Connection.php(331): mysqli->query('SELECT *\nFROM `...')
#1 /var/www/html/momea/vendor/codeigniter4/framework/system/Database/BaseConnection.php(741): CodeIgniter\Database\MySQLi\Connection->execute('SELECT *\nFROM `...')
#2 /var/www/html/momea/vendor/codeigniter4/framework/system/Database/BaseConnection.php(669): CodeIgniter\Database\BaseConnection->simpleQuery('SELECT *\nFROM `...')
#3 /var/www/html/momea/vendor/codeigniter4/framework/system/Database/BaseBuilder.php(1860): CodeIgniter\Database\BaseConnection->query('SELECT *\nFROM `...', Array, false)
#4 /var/www/html/momea/app/Models/CompanyModel.php(25): CodeIgniter\Database\BaseBuilder->get()
#5 /var/www/html/momea/app/Controllers/Admin/Company.php(127): app\Models\CompanyModel->companyCheck(1)
#6 /var/www/html/momea/vendor/codeigniter4/framework/system/CodeIgniter.php(918): App\Controllers\Admin\Company->ambil_logo()
#7 /var/www/html/momea/vendor/codeigniter4/framework/system/CodeIgniter.php(404): CodeIgniter\CodeIgniter->runController(Object(App\Controllers\Admin\Company))
#8 /var/www/html/momea/vendor/codeigniter4/framework/system/CodeIgniter.php(312): CodeIgniter\CodeIgniter->handleRequest(NULL, Object(Config\Cache), false)
#9 /var/www/html/momea/public/index.php(45): CodeIgniter\CodeIgniter->run()
#10 /var/www/html/momea/vendor/codeigniter4/framework/system/Commands/Server/rewrite.php(34): require_once('/var/www/html/m...')
#11 {main}
CRITICAL - 2020-09-02 13:20:24 --> Table 'momeawedding.tbl_company' doesn't exist
#0 /var/www/html/momea/vendor/codeigniter4/framework/system/Database/MySQLi/Connection.php(331): mysqli->query('SELECT *\nFROM `...')
#1 /var/www/html/momea/vendor/codeigniter4/framework/system/Database/BaseConnection.php(741): CodeIgniter\Database\MySQLi\Connection->execute('SELECT *\nFROM `...')
#2 /var/www/html/momea/vendor/codeigniter4/framework/system/Database/BaseConnection.php(669): CodeIgniter\Database\BaseConnection->simpleQuery('SELECT *\nFROM `...')
#3 /var/www/html/momea/vendor/codeigniter4/framework/system/Database/BaseBuilder.php(1860): CodeIgniter\Database\BaseConnection->query('SELECT *\nFROM `...', Array, false)
#4 /var/www/html/momea/app/Models/CompanyModel.php(25): CodeIgniter\Database\BaseBuilder->get()
#5 /var/www/html/momea/app/Controllers/Admin/Company.php(127): app\Models\CompanyModel->companyCheck(1)
#6 /var/www/html/momea/vendor/codeigniter4/framework/system/CodeIgniter.php(918): App\Controllers\Admin\Company->ambil_logo()
#7 /var/www/html/momea/vendor/codeigniter4/framework/system/CodeIgniter.php(404): CodeIgniter\CodeIgniter->runController(Object(App\Controllers\Admin\Company))
#8 /var/www/html/momea/vendor/codeigniter4/framework/system/CodeIgniter.php(312): CodeIgniter\CodeIgniter->handleRequest(NULL, Object(Config\Cache), false)
#9 /var/www/html/momea/public/index.php(45): CodeIgniter\CodeIgniter->run()
#10 /var/www/html/momea/vendor/codeigniter4/framework/system/Commands/Server/rewrite.php(34): require_once('/var/www/html/m...')
#11 {main}
CRITICAL - 2020-09-02 13:20:24 --> Unknown column 'status_act' in 'where clause'
#0 /var/www/html/momea/vendor/codeigniter4/framework/system/Database/MySQLi/Connection.php(331): mysqli->query('SELECT *\nFROM `...')
#1 /var/www/html/momea/vendor/codeigniter4/framework/system/Database/BaseConnection.php(741): CodeIgniter\Database\MySQLi\Connection->execute('SELECT *\nFROM `...')
#2 /var/www/html/momea/vendor/codeigniter4/framework/system/Database/BaseConnection.php(669): CodeIgniter\Database\BaseConnection->simpleQuery('SELECT *\nFROM `...')
#3 /var/www/html/momea/vendor/codeigniter4/framework/system/Database/BaseBuilder.php(1860): CodeIgniter\Database\BaseConnection->query('SELECT *\nFROM `...', Array, false)
#4 /var/www/html/momea/app/Models/SliderModel.php(18): CodeIgniter\Database\BaseBuilder->get()
#5 /var/www/html/momea/app/Controllers/Admin/Slider.php(26): App\Models\SliderModel->get_slider()
#6 /var/www/html/momea/vendor/codeigniter4/framework/system/CodeIgniter.php(918): App\Controllers\Admin\Slider->ambildata()
#7 /var/www/html/momea/vendor/codeigniter4/framework/system/CodeIgniter.php(404): CodeIgniter\CodeIgniter->runController(Object(App\Controllers\Admin\Slider))
#8 /var/www/html/momea/vendor/codeigniter4/framework/system/CodeIgniter.php(312): CodeIgniter\CodeIgniter->handleRequest(NULL, Object(Config\Cache), false)
#9 /var/www/html/momea/public/index.php(45): CodeIgniter\CodeIgniter->run()
#10 /var/www/html/momea/vendor/codeigniter4/framework/system/Commands/Server/rewrite.php(34): require_once('/var/www/html/m...')
#11 {main}
CRITICAL - 2020-09-02 13:22:00 --> Table 'momeawedding.tbl_company' doesn't exist
#0 /var/www/html/momea/vendor/codeigniter4/framework/system/Database/MySQLi/Connection.php(331): mysqli->query('SELECT *\nFROM `...')
#1 /var/www/html/momea/vendor/codeigniter4/framework/system/Database/BaseConnection.php(741): CodeIgniter\Database\MySQLi\Connection->execute('SELECT *\nFROM `...')
#2 /var/www/html/momea/vendor/codeigniter4/framework/system/Database/BaseConnection.php(669): CodeIgniter\Database\BaseConnection->simpleQuery('SELECT *\nFROM `...')
#3 /var/www/html/momea/vendor/codeigniter4/framework/system/Database/BaseBuilder.php(1860): CodeIgniter\Database\BaseConnection->query('SELECT *\nFROM `...', Array, false)
#4 /var/www/html/momea/app/Models/CompanyModel.php(25): CodeIgniter\Database\BaseBuilder->get()
#5 /var/www/html/momea/app/Controllers/Admin/Company.php(127): app\Models\CompanyModel->companyCheck(1)
#6 /var/www/html/momea/vendor/codeigniter4/framework/system/CodeIgniter.php(918): App\Controllers\Admin\Company->ambil_logo()
#7 /var/www/html/momea/vendor/codeigniter4/framework/system/CodeIgniter.php(404): CodeIgniter\CodeIgniter->runController(Object(App\Controllers\Admin\Company))
#8 /var/www/html/momea/vendor/codeigniter4/framework/system/CodeIgniter.php(312): CodeIgniter\CodeIgniter->handleRequest(NULL, Object(Config\Cache), false)
#9 /var/www/html/momea/public/index.php(45): CodeIgniter\CodeIgniter->run()
#10 /var/www/html/momea/vendor/codeigniter4/framework/system/Commands/Server/rewrite.php(34): require_once('/var/www/html/m...')
#11 {main}
CRITICAL - 2020-09-02 13:22:01 --> Table 'momeawedding.tbl_company' doesn't exist
#0 /var/www/html/momea/vendor/codeigniter4/framework/system/Database/MySQLi/Connection.php(331): mysqli->query('SELECT *\nFROM `...')
#1 /var/www/html/momea/vendor/codeigniter4/framework/system/Database/BaseConnection.php(741): CodeIgniter\Database\MySQLi\Connection->execute('SELECT *\nFROM `...')
#2 /var/www/html/momea/vendor/codeigniter4/framework/system/Database/BaseConnection.php(669): CodeIgniter\Database\BaseConnection->simpleQuery('SELECT *\nFROM `...')
#3 /var/www/html/momea/vendor/codeigniter4/framework/system/Database/BaseBuilder.php(1860): CodeIgniter\Database\BaseConnection->query('SELECT *\nFROM `...', Array, false)
#4 /var/www/html/momea/app/Models/CompanyModel.php(25): CodeIgniter\Database\BaseBuilder->get()
#5 /var/www/html/momea/app/Controllers/Admin/Company.php(127): app\Models\CompanyModel->companyCheck(1)
#6 /var/www/html/momea/vendor/codeigniter4/framework/system/CodeIgniter.php(918): App\Controllers\Admin\Company->ambil_logo()
#7 /var/www/html/momea/vendor/codeigniter4/framework/system/CodeIgniter.php(404): CodeIgniter\CodeIgniter->runController(Object(App\Controllers\Admin\Company))
#8 /var/www/html/momea/vendor/codeigniter4/framework/system/CodeIgniter.php(312): CodeIgniter\CodeIgniter->handleRequest(NULL, Object(Config\Cache), false)
#9 /var/www/html/momea/public/index.php(45): CodeIgniter\CodeIgniter->run()
#10 /var/www/html/momea/vendor/codeigniter4/framework/system/Commands/Server/rewrite.php(34): require_once('/var/www/html/m...')
#11 {main}
CRITICAL - 2020-09-02 13:22:02 --> Table 'momeawedding.tbl_company' doesn't exist
#0 /var/www/html/momea/vendor/codeigniter4/framework/system/Database/MySQLi/Connection.php(331): mysqli->query('SELECT *\nFROM `...')
#1 /var/www/html/momea/vendor/codeigniter4/framework/system/Database/BaseConnection.php(741): CodeIgniter\Database\MySQLi\Connection->execute('SELECT *\nFROM `...')
#2 /var/www/html/momea/vendor/codeigniter4/framework/system/Database/BaseConnection.php(669): CodeIgniter\Database\BaseConnection->simpleQuery('SELECT *\nFROM `...')
#3 /var/www/html/momea/vendor/codeigniter4/framework/system/Database/BaseBuilder.php(1860): CodeIgniter\Database\BaseConnection->query('SELECT *\nFROM `...', Array, false)
#4 /var/www/html/momea/app/Models/CompanyModel.php(25): CodeIgniter\Database\BaseBuilder->get()
#5 /var/www/html/momea/app/Controllers/Admin/Company.php(127): app\Models\CompanyModel->companyCheck(1)
#6 /var/www/html/momea/vendor/codeigniter4/framework/system/CodeIgniter.php(918): App\Controllers\Admin\Company->ambil_logo()
#7 /var/www/html/momea/vendor/codeigniter4/framework/system/CodeIgniter.php(404): CodeIgniter\CodeIgniter->runController(Object(App\Controllers\Admin\Company))
#8 /var/www/html/momea/vendor/codeigniter4/framework/system/CodeIgniter.php(312): CodeIgniter\CodeIgniter->handleRequest(NULL, Object(Config\Cache), false)
#9 /var/www/html/momea/public/index.php(45): CodeIgniter\CodeIgniter->run()
#10 /var/www/html/momea/vendor/codeigniter4/framework/system/Commands/Server/rewrite.php(34): require_once('/var/www/html/m...')
#11 {main}
CRITICAL - 2020-09-02 13:23:31 --> Table 'momeawedding.tbl_company' doesn't exist
#0 /var/www/html/momea/vendor/codeigniter4/framework/system/Database/MySQLi/Connection.php(331): mysqli->query('SELECT *\nFROM `...')
#1 /var/www/html/momea/vendor/codeigniter4/framework/system/Database/BaseConnection.php(741): CodeIgniter\Database\MySQLi\Connection->execute('SELECT *\nFROM `...')
#2 /var/www/html/momea/vendor/codeigniter4/framework/system/Database/BaseConnection.php(669): CodeIgniter\Database\BaseConnection->simpleQuery('SELECT *\nFROM `...')
#3 /var/www/html/momea/vendor/codeigniter4/framework/system/Database/BaseBuilder.php(1860): CodeIgniter\Database\BaseConnection->query('SELECT *\nFROM `...', Array, false)
#4 /var/www/html/momea/app/Models/CompanyModel.php(25): CodeIgniter\Database\BaseBuilder->get()
#5 /var/www/html/momea/app/Controllers/Admin/Company.php(127): app\Models\CompanyModel->companyCheck(1)
#6 /var/www/html/momea/vendor/codeigniter4/framework/system/CodeIgniter.php(918): App\Controllers\Admin\Company->ambil_logo()
#7 /var/www/html/momea/vendor/codeigniter4/framework/system/CodeIgniter.php(404): CodeIgniter\CodeIgniter->runController(Object(App\Controllers\Admin\Company))
#8 /var/www/html/momea/vendor/codeigniter4/framework/system/CodeIgniter.php(312): CodeIgniter\CodeIgniter->handleRequest(NULL, Object(Config\Cache), false)
#9 /var/www/html/momea/public/index.php(45): CodeIgniter\CodeIgniter->run()
#10 /var/www/html/momea/vendor/codeigniter4/framework/system/Commands/Server/rewrite.php(34): require_once('/var/www/html/m...')
#11 {main}
CRITICAL - 2020-09-02 13:43:50 --> Table 'momeawedding.tbl_company' doesn't exist
#0 /var/www/html/momea/vendor/codeigniter4/framework/system/Database/MySQLi/Connection.php(331): mysqli->query('SELECT *\nFROM `...')
#1 /var/www/html/momea/vendor/codeigniter4/framework/system/Database/BaseConnection.php(741): CodeIgniter\Database\MySQLi\Connection->execute('SELECT *\nFROM `...')
#2 /var/www/html/momea/vendor/codeigniter4/framework/system/Database/BaseConnection.php(669): CodeIgniter\Database\BaseConnection->simpleQuery('SELECT *\nFROM `...')
#3 /var/www/html/momea/vendor/codeigniter4/framework/system/Database/BaseBuilder.php(1860): CodeIgniter\Database\BaseConnection->query('SELECT *\nFROM `...', Array, false)
#4 /var/www/html/momea/app/Models/CompanyModel.php(25): CodeIgniter\Database\BaseBuilder->get()
#5 /var/www/html/momea/app/Controllers/Admin/Company.php(127): app\Models\CompanyModel->companyCheck(1)
#6 /var/www/html/momea/vendor/codeigniter4/framework/system/CodeIgniter.php(918): App\Controllers\Admin\Company->ambil_logo()
#7 /var/www/html/momea/vendor/codeigniter4/framework/system/CodeIgniter.php(404): CodeIgniter\CodeIgniter->runController(Object(App\Controllers\Admin\Company))
#8 /var/www/html/momea/vendor/codeigniter4/framework/system/CodeIgniter.php(312): CodeIgniter\CodeIgniter->handleRequest(NULL, Object(Config\Cache), false)
#9 /var/www/html/momea/public/index.php(45): CodeIgniter\CodeIgniter->run()
#10 /var/www/html/momea/vendor/codeigniter4/framework/system/Commands/Server/rewrite.php(34): require_once('/var/www/html/m...')
#11 {main}
CRITICAL - 2020-09-02 13:43:52 --> Table 'momeawedding.tbl_company' doesn't exist
#0 /var/www/html/momea/vendor/codeigniter4/framework/system/Database/MySQLi/Connection.php(331): mysqli->query('SELECT *\nFROM `...')
#1 /var/www/html/momea/vendor/codeigniter4/framework/system/Database/BaseConnection.php(741): CodeIgniter\Database\MySQLi\Connection->execute('SELECT *\nFROM `...')
#2 /var/www/html/momea/vendor/codeigniter4/framework/system/Database/BaseConnection.php(669): CodeIgniter\Database\BaseConnection->simpleQuery('SELECT *\nFROM `...')
#3 /var/www/html/momea/vendor/codeigniter4/framework/system/Database/BaseBuilder.php(1860): CodeIgniter\Database\BaseConnection->query('SELECT *\nFROM `...', Array, false)
#4 /var/www/html/momea/app/Models/CompanyModel.php(25): CodeIgniter\Database\BaseBuilder->get()
#5 /var/www/html/momea/app/Controllers/Admin/Company.php(127): app\Models\CompanyModel->companyCheck(1)
#6 /var/www/html/momea/vendor/codeigniter4/framework/system/CodeIgniter.php(918): App\Controllers\Admin\Company->ambil_logo()
#7 /var/www/html/momea/vendor/codeigniter4/framework/system/CodeIgniter.php(404): CodeIgniter\CodeIgniter->runController(Object(App\Controllers\Admin\Company))
#8 /var/www/html/momea/vendor/codeigniter4/framework/system/CodeIgniter.php(312): CodeIgniter\CodeIgniter->handleRequest(NULL, Object(Config\Cache), false)
#9 /var/www/html/momea/public/index.php(45): CodeIgniter\CodeIgniter->run()
#10 /var/www/html/momea/vendor/codeigniter4/framework/system/Commands/Server/rewrite.php(34): require_once('/var/www/html/m...')
#11 {main}
CRITICAL - 2020-09-02 13:45:57 --> Table 'momeawedding.tbl_company' doesn't exist
#0 /var/www/html/momea/vendor/codeigniter4/framework/system/Database/MySQLi/Connection.php(331): mysqli->query('SELECT *\nFROM `...')
#1 /var/www/html/momea/vendor/codeigniter4/framework/system/Database/BaseConnection.php(741): CodeIgniter\Database\MySQLi\Connection->execute('SELECT *\nFROM `...')
#2 /var/www/html/momea/vendor/codeigniter4/framework/system/Database/BaseConnection.php(669): CodeIgniter\Database\BaseConnection->simpleQuery('SELECT *\nFROM `...')
#3 /var/www/html/momea/vendor/codeigniter4/framework/system/Database/BaseBuilder.php(1860): CodeIgniter\Database\BaseConnection->query('SELECT *\nFROM `...', Array, false)
#4 /var/www/html/momea/app/Models/CompanyModel.php(25): CodeIgniter\Database\BaseBuilder->get()
#5 /var/www/html/momea/app/Controllers/Admin/Company.php(127): app\Models\CompanyModel->companyCheck(1)
#6 /var/www/html/momea/vendor/codeigniter4/framework/system/CodeIgniter.php(918): App\Controllers\Admin\Company->ambil_logo()
#7 /var/www/html/momea/vendor/codeigniter4/framework/system/CodeIgniter.php(404): CodeIgniter\CodeIgniter->runController(Object(App\Controllers\Admin\Company))
#8 /var/www/html/momea/vendor/codeigniter4/framework/system/CodeIgniter.php(312): CodeIgniter\CodeIgniter->handleRequest(NULL, Object(Config\Cache), false)
#9 /var/www/html/momea/public/index.php(45): CodeIgniter\CodeIgniter->run()
#10 /var/www/html/momea/vendor/codeigniter4/framework/system/Commands/Server/rewrite.php(34): require_once('/var/www/html/m...')
#11 {main}
CRITICAL - 2020-09-02 13:46:00 --> Table 'momeawedding.tbl_company' doesn't exist
#0 /var/www/html/momea/vendor/codeigniter4/framework/system/Database/MySQLi/Connection.php(331): mysqli->query('SELECT *\nFROM `...')
#1 /var/www/html/momea/vendor/codeigniter4/framework/system/Database/BaseConnection.php(741): CodeIgniter\Database\MySQLi\Connection->execute('SELECT *\nFROM `...')
#2 /var/www/html/momea/vendor/codeigniter4/framework/system/Database/BaseConnection.php(669): CodeIgniter\Database\BaseConnection->simpleQuery('SELECT *\nFROM `...')
#3 /var/www/html/momea/vendor/codeigniter4/framework/system/Database/BaseBuilder.php(1860): CodeIgniter\Database\BaseConnection->query('SELECT *\nFROM `...', Array, false)
#4 /var/www/html/momea/app/Models/CompanyModel.php(25): CodeIgniter\Database\BaseBuilder->get()
#5 /var/www/html/momea/app/Controllers/Admin/Company.php(127): app\Models\CompanyModel->companyCheck(1)
#6 /var/www/html/momea/vendor/codeigniter4/framework/system/CodeIgniter.php(918): App\Controllers\Admin\Company->ambil_logo()
#7 /var/www/html/momea/vendor/codeigniter4/framework/system/CodeIgniter.php(404): CodeIgniter\CodeIgniter->runController(Object(App\Controllers\Admin\Company))
#8 /var/www/html/momea/vendor/codeigniter4/framework/system/CodeIgniter.php(312): CodeIgniter\CodeIgniter->handleRequest(NULL, Object(Config\Cache), false)
#9 /var/www/html/momea/public/index.php(45): CodeIgniter\CodeIgniter->run()
#10 /var/www/html/momea/vendor/codeigniter4/framework/system/Commands/Server/rewrite.php(34): require_once('/var/www/html/m...')
#11 {main}
CRITICAL - 2020-09-02 13:46:50 --> Table 'momeawedding.tbl_company' doesn't exist
#0 /var/www/html/momea/vendor/codeigniter4/framework/system/Database/MySQLi/Connection.php(331): mysqli->query('SELECT *\nFROM `...')
#1 /var/www/html/momea/vendor/codeigniter4/framework/system/Database/BaseConnection.php(741): CodeIgniter\Database\MySQLi\Connection->execute('SELECT *\nFROM `...')
#2 /var/www/html/momea/vendor/codeigniter4/framework/system/Database/BaseConnection.php(669): CodeIgniter\Database\BaseConnection->simpleQuery('SELECT *\nFROM `...')
#3 /var/www/html/momea/vendor/codeigniter4/framework/system/Database/BaseBuilder.php(1860): CodeIgniter\Database\BaseConnection->query('SELECT *\nFROM `...', Array, false)
#4 /var/www/html/momea/app/Models/CompanyModel.php(25): CodeIgniter\Database\BaseBuilder->get()
#5 /var/www/html/momea/app/Controllers/Admin/Company.php(127): app\Models\CompanyModel->companyCheck(1)
#6 /var/www/html/momea/vendor/codeigniter4/framework/system/CodeIgniter.php(918): App\Controllers\Admin\Company->ambil_logo()
#7 /var/www/html/momea/vendor/codeigniter4/framework/system/CodeIgniter.php(404): CodeIgniter\CodeIgniter->runController(Object(App\Controllers\Admin\Company))
#8 /var/www/html/momea/vendor/codeigniter4/framework/system/CodeIgniter.php(312): CodeIgniter\CodeIgniter->handleRequest(NULL, Object(Config\Cache), false)
#9 /var/www/html/momea/public/index.php(45): CodeIgniter\CodeIgniter->run()
#10 /var/www/html/momea/vendor/codeigniter4/framework/system/Commands/Server/rewrite.php(34): require_once('/var/www/html/m...')
#11 {main}
CRITICAL - 2020-09-02 14:46:31 --> Table 'momeawedding.tbl_company' doesn't exist
#0 /var/www/html/momea/vendor/codeigniter4/framework/system/Database/MySQLi/Connection.php(331): mysqli->query('SELECT *\nFROM `...')
#1 /var/www/html/momea/vendor/codeigniter4/framework/system/Database/BaseConnection.php(741): CodeIgniter\Database\MySQLi\Connection->execute('SELECT *\nFROM `...')
#2 /var/www/html/momea/vendor/codeigniter4/framework/system/Database/BaseConnection.php(669): CodeIgniter\Database\BaseConnection->simpleQuery('SELECT *\nFROM `...')
#3 /var/www/html/momea/vendor/codeigniter4/framework/system/Database/BaseBuilder.php(1860): CodeIgniter\Database\BaseConnection->query('SELECT *\nFROM `...', Array, false)
#4 /var/www/html/momea/app/Models/CompanyModel.php(25): CodeIgniter\Database\BaseBuilder->get()
#5 /var/www/html/momea/app/Controllers/Admin/Company.php(127): app\Models\CompanyModel->companyCheck(1)
#6 /var/www/html/momea/vendor/codeigniter4/framework/system/CodeIgniter.php(918): App\Controllers\Admin\Company->ambil_logo()
#7 /var/www/html/momea/vendor/codeigniter4/framework/system/CodeIgniter.php(404): CodeIgniter\CodeIgniter->runController(Object(App\Controllers\Admin\Company))
#8 /var/www/html/momea/vendor/codeigniter4/framework/system/CodeIgniter.php(312): CodeIgniter\CodeIgniter->handleRequest(NULL, Object(Config\Cache), false)
#9 /var/www/html/momea/public/index.php(45): CodeIgniter\CodeIgniter->run()
#10 /var/www/html/momea/vendor/codeigniter4/framework/system/Commands/Server/rewrite.php(34): require_once('/var/www/html/m...')
#11 {main}
CRITICAL - 2020-09-02 14:46:34 --> Table 'momeawedding.tbl_company' doesn't exist
#0 /var/www/html/momea/vendor/codeigniter4/framework/system/Database/MySQLi/Connection.php(331): mysqli->query('SELECT *\nFROM `...')
#1 /var/www/html/momea/vendor/codeigniter4/framework/system/Database/BaseConnection.php(741): CodeIgniter\Database\MySQLi\Connection->execute('SELECT *\nFROM `...')
#2 /var/www/html/momea/vendor/codeigniter4/framework/system/Database/BaseConnection.php(669): CodeIgniter\Database\BaseConnection->simpleQuery('SELECT *\nFROM `...')
#3 /var/www/html/momea/vendor/codeigniter4/framework/system/Database/BaseBuilder.php(1860): CodeIgniter\Database\BaseConnection->query('SELECT *\nFROM `...', Array, false)
#4 /var/www/html/momea/app/Models/CompanyModel.php(25): CodeIgniter\Database\BaseBuilder->get()
#5 /var/www/html/momea/app/Controllers/Admin/Company.php(127): app\Models\CompanyModel->companyCheck(1)
#6 /var/www/html/momea/vendor/codeigniter4/framework/system/CodeIgniter.php(918): App\Controllers\Admin\Company->ambil_logo()
#7 /var/www/html/momea/vendor/codeigniter4/framework/system/CodeIgniter.php(404): CodeIgniter\CodeIgniter->runController(Object(App\Controllers\Admin\Company))
#8 /var/www/html/momea/vendor/codeigniter4/framework/system/CodeIgniter.php(312): CodeIgniter\CodeIgniter->handleRequest(NULL, Object(Config\Cache), false)
#9 /var/www/html/momea/public/index.php(45): CodeIgniter\CodeIgniter->run()
#10 /var/www/html/momea/vendor/codeigniter4/framework/system/Commands/Server/rewrite.php(34): require_once('/var/www/html/m...')
#11 {main}
CRITICAL - 2020-09-02 15:23:59 --> Table 'momeawedding.tbl_company' doesn't exist
#0 /var/www/html/momea/vendor/codeigniter4/framework/system/Database/MySQLi/Connection.php(331): mysqli->query('SELECT *\nFROM `...')
#1 /var/www/html/momea/vendor/codeigniter4/framework/system/Database/BaseConnection.php(741): CodeIgniter\Database\MySQLi\Connection->execute('SELECT *\nFROM `...')
#2 /var/www/html/momea/vendor/codeigniter4/framework/system/Database/BaseConnection.php(669): CodeIgniter\Database\BaseConnection->simpleQuery('SELECT *\nFROM `...')
#3 /var/www/html/momea/vendor/codeigniter4/framework/system/Database/BaseBuilder.php(1860): CodeIgniter\Database\BaseConnection->query('SELECT *\nFROM `...', Array, false)
#4 /var/www/html/momea/app/Models/CompanyModel.php(25): CodeIgniter\Database\BaseBuilder->get()
#5 /var/www/html/momea/app/Controllers/Admin/Company.php(127): app\Models\CompanyModel->companyCheck(1)
#6 /var/www/html/momea/vendor/codeigniter4/framework/system/CodeIgniter.php(918): App\Controllers\Admin\Company->ambil_logo()
#7 /var/www/html/momea/vendor/codeigniter4/framework/system/CodeIgniter.php(404): CodeIgniter\CodeIgniter->runController(Object(App\Controllers\Admin\Company))
#8 /var/www/html/momea/vendor/codeigniter4/framework/system/CodeIgniter.php(312): CodeIgniter\CodeIgniter->handleRequest(NULL, Object(Config\Cache), false)
#9 /var/www/html/momea/public/index.php(45): CodeIgniter\CodeIgniter->run()
#10 /var/www/html/momea/vendor/codeigniter4/framework/system/Commands/Server/rewrite.php(34): require_once('/var/www/html/m...')
#11 {main}
CRITICAL - 2020-09-02 15:24:02 --> Table 'momeawedding.tbl_company' doesn't exist
#0 /var/www/html/momea/vendor/codeigniter4/framework/system/Database/MySQLi/Connection.php(331): mysqli->query('SELECT *\nFROM `...')
#1 /var/www/html/momea/vendor/codeigniter4/framework/system/Database/BaseConnection.php(741): CodeIgniter\Database\MySQLi\Connection->execute('SELECT *\nFROM `...')
#2 /var/www/html/momea/vendor/codeigniter4/framework/system/Database/BaseConnection.php(669): CodeIgniter\Database\BaseConnection->simpleQuery('SELECT *\nFROM `...')
#3 /var/www/html/momea/vendor/codeigniter4/framework/system/Database/BaseBuilder.php(1860): CodeIgniter\Database\BaseConnection->query('SELECT *\nFROM `...', Array, false)
#4 /var/www/html/momea/app/Models/CompanyModel.php(25): CodeIgniter\Database\BaseBuilder->get()
#5 /var/www/html/momea/app/Controllers/Admin/Company.php(127): app\Models\CompanyModel->companyCheck(1)
#6 /var/www/html/momea/vendor/codeigniter4/framework/system/CodeIgniter.php(918): App\Controllers\Admin\Company->ambil_logo()
#7 /var/www/html/momea/vendor/codeigniter4/framework/system/CodeIgniter.php(404): CodeIgniter\CodeIgniter->runController(Object(App\Controllers\Admin\Company))
#8 /var/www/html/momea/vendor/codeigniter4/framework/system/CodeIgniter.php(312): CodeIgniter\CodeIgniter->handleRequest(NULL, Object(Config\Cache), false)
#9 /var/www/html/momea/public/index.php(45): CodeIgniter\CodeIgniter->run()
#10 /var/www/html/momea/vendor/codeigniter4/framework/system/Commands/Server/rewrite.php(34): require_once('/var/www/html/m...')
#11 {main}
CRITICAL - 2020-09-02 15:24:53 --> Table 'momeawedding.tbl_company' doesn't exist
#0 /var/www/html/momea/vendor/codeigniter4/framework/system/Database/MySQLi/Connection.php(331): mysqli->query('SELECT *\nFROM `...')
#1 /var/www/html/momea/vendor/codeigniter4/framework/system/Database/BaseConnection.php(741): CodeIgniter\Database\MySQLi\Connection->execute('SELECT *\nFROM `...')
#2 /var/www/html/momea/vendor/codeigniter4/framework/system/Database/BaseConnection.php(669): CodeIgniter\Database\BaseConnection->simpleQuery('SELECT *\nFROM `...')
#3 /var/www/html/momea/vendor/codeigniter4/framework/system/Database/BaseBuilder.php(1860): CodeIgniter\Database\BaseConnection->query('SELECT *\nFROM `...', Array, false)
#4 /var/www/html/momea/app/Models/CompanyModel.php(25): CodeIgniter\Database\BaseBuilder->get()
#5 /var/www/html/momea/app/Controllers/Admin/Company.php(127): app\Models\CompanyModel->companyCheck(1)
#6 /var/www/html/momea/vendor/codeigniter4/framework/system/CodeIgniter.php(918): App\Controllers\Admin\Company->ambil_logo()
#7 /var/www/html/momea/vendor/codeigniter4/framework/system/CodeIgniter.php(404): CodeIgniter\CodeIgniter->runController(Object(App\Controllers\Admin\Company))
#8 /var/www/html/momea/vendor/codeigniter4/framework/system/CodeIgniter.php(312): CodeIgniter\CodeIgniter->handleRequest(NULL, Object(Config\Cache), false)
#9 /var/www/html/momea/public/index.php(45): CodeIgniter\CodeIgniter->run()
#10 /var/www/html/momea/vendor/codeigniter4/framework/system/Commands/Server/rewrite.php(34): require_once('/var/www/html/m...')
#11 {main}
CRITICAL - 2020-09-02 15:25:31 --> Cannot use object of type stdClass as array
#0 /var/www/html/momea/vendor/codeigniter4/framework/system/View/View.php(246): include()
#1 /var/www/html/momea/vendor/codeigniter4/framework/system/Common.php(1119): CodeIgniter\View\View->render('admin/slider/v_...', Array, true)
#2 /var/www/html/momea/app/Controllers/Admin/Slider.php(29): view('admin/slider/v_...', Array)
#3 /var/www/html/momea/vendor/codeigniter4/framework/system/CodeIgniter.php(918): App\Controllers\Admin\Slider->ambildata()
#4 /var/www/html/momea/vendor/codeigniter4/framework/system/CodeIgniter.php(404): CodeIgniter\CodeIgniter->runController(Object(App\Controllers\Admin\Slider))
#5 /var/www/html/momea/vendor/codeigniter4/framework/system/CodeIgniter.php(312): CodeIgniter\CodeIgniter->handleRequest(NULL, Object(Config\Cache), false)
#6 /var/www/html/momea/public/index.php(45): CodeIgniter\CodeIgniter->run()
#7 /var/www/html/momea/vendor/codeigniter4/framework/system/Commands/Server/rewrite.php(34): require_once('/var/www/html/m...')
#8 {main}
CRITICAL - 2020-09-02 15:25:56 --> Table 'momeawedding.tbl_company' doesn't exist
#0 /var/www/html/momea/vendor/codeigniter4/framework/system/Database/MySQLi/Connection.php(331): mysqli->query('SELECT *\nFROM `...')
#1 /var/www/html/momea/vendor/codeigniter4/framework/system/Database/BaseConnection.php(741): CodeIgniter\Database\MySQLi\Connection->execute('SELECT *\nFROM `...')
#2 /var/www/html/momea/vendor/codeigniter4/framework/system/Database/BaseConnection.php(669): CodeIgniter\Database\BaseConnection->simpleQuery('SELECT *\nFROM `...')
#3 /var/www/html/momea/vendor/codeigniter4/framework/system/Database/BaseBuilder.php(1860): CodeIgniter\Database\BaseConnection->query('SELECT *\nFROM `...', Array, false)
#4 /var/www/html/momea/app/Models/CompanyModel.php(25): CodeIgniter\Database\BaseBuilder->get()
#5 /var/www/html/momea/app/Controllers/Admin/Company.php(127): app\Models\CompanyModel->companyCheck(1)
#6 /var/www/html/momea/vendor/codeigniter4/framework/system/CodeIgniter.php(918): App\Controllers\Admin\Company->ambil_logo()
#7 /var/www/html/momea/vendor/codeigniter4/framework/system/CodeIgniter.php(404): CodeIgniter\CodeIgniter->runController(Object(App\Controllers\Admin\Company))
#8 /var/www/html/momea/vendor/codeigniter4/framework/system/CodeIgniter.php(312): CodeIgniter\CodeIgniter->handleRequest(NULL, Object(Config\Cache), false)
#9 /var/www/html/momea/public/index.php(45): CodeIgniter\CodeIgniter->run()
#10 /var/www/html/momea/vendor/codeigniter4/framework/system/Commands/Server/rewrite.php(34): require_once('/var/www/html/m...')
#11 {main}
CRITICAL - 2020-09-02 15:25:56 --> Cannot use object of type stdClass as array
#0 /var/www/html/momea/vendor/codeigniter4/framework/system/View/View.php(246): include()
#1 /var/www/html/momea/vendor/codeigniter4/framework/system/Common.php(1119): CodeIgniter\View\View->render('admin/slider/v_...', Array, true)
#2 /var/www/html/momea/app/Controllers/Admin/Slider.php(29): view('admin/slider/v_...', Array)
#3 /var/www/html/momea/vendor/codeigniter4/framework/system/CodeIgniter.php(918): App\Controllers\Admin\Slider->ambildata()
#4 /var/www/html/momea/vendor/codeigniter4/framework/system/CodeIgniter.php(404): CodeIgniter\CodeIgniter->runController(Object(App\Controllers\Admin\Slider))
#5 /var/www/html/momea/vendor/codeigniter4/framework/system/CodeIgniter.php(312): CodeIgniter\CodeIgniter->handleRequest(NULL, Object(Config\Cache), false)
#6 /var/www/html/momea/public/index.php(45): CodeIgniter\CodeIgniter->run()
#7 /var/www/html/momea/vendor/codeigniter4/framework/system/Commands/Server/rewrite.php(34): require_once('/var/www/html/m...')
#8 {main}
CRITICAL - 2020-09-02 15:26:09 --> Table 'momeawedding.tbl_company' doesn't exist
#0 /var/www/html/momea/vendor/codeigniter4/framework/system/Database/MySQLi/Connection.php(331): mysqli->query('SELECT *\nFROM `...')
#1 /var/www/html/momea/vendor/codeigniter4/framework/system/Database/BaseConnection.php(741): CodeIgniter\Database\MySQLi\Connection->execute('SELECT *\nFROM `...')
#2 /var/www/html/momea/vendor/codeigniter4/framework/system/Database/BaseConnection.php(669): CodeIgniter\Database\BaseConnection->simpleQuery('SELECT *\nFROM `...')
#3 /var/www/html/momea/vendor/codeigniter4/framework/system/Database/BaseBuilder.php(1860): CodeIgniter\Database\BaseConnection->query('SELECT *\nFROM `...', Array, false)
#4 /var/www/html/momea/app/Models/CompanyModel.php(25): CodeIgniter\Database\BaseBuilder->get()
#5 /var/www/html/momea/app/Controllers/Admin/Company.php(127): app\Models\CompanyModel->companyCheck(1)
#6 /var/www/html/momea/vendor/codeigniter4/framework/system/CodeIgniter.php(918): App\Controllers\Admin\Company->ambil_logo()
#7 /var/www/html/momea/vendor/codeigniter4/framework/system/CodeIgniter.php(404): CodeIgniter\CodeIgniter->runController(Object(App\Controllers\Admin\Company))
#8 /var/www/html/momea/vendor/codeigniter4/framework/system/CodeIgniter.php(312): CodeIgniter\CodeIgniter->handleRequest(NULL, Object(Config\Cache), false)
#9 /var/www/html/momea/public/index.php(45): CodeIgniter\CodeIgniter->run()
#10 /var/www/html/momea/vendor/codeigniter4/framework/system/Commands/Server/rewrite.php(34): require_once('/var/www/html/m...')
#11 {main}
CRITICAL - 2020-09-02 15:33:42 --> Invalid argument supplied for foreach()
#0 /var/www/html/momea/app/Views/front/pages/home.php(8): CodeIgniter\Debug\Exceptions->errorHandler(2, 'Invalid argumen...', '/var/www/html/m...', 8, Array)
#1 /var/www/html/momea/vendor/codeigniter4/framework/system/View/View.php(246): include('/var/www/html/m...')
#2 /var/www/html/momea/vendor/codeigniter4/framework/system/Common.php(1119): CodeIgniter\View\View->render('front/pages/hom...', Array, true)
#3 /var/www/html/momea/app/Controllers/Pages.php(14): view('front/pages/hom...', Array)
#4 /var/www/html/momea/vendor/codeigniter4/framework/system/CodeIgniter.php(918): App\Controllers\Pages->index()
#5 /var/www/html/momea/vendor/codeigniter4/framework/system/CodeIgniter.php(404): CodeIgniter\CodeIgniter->runController(Object(App\Controllers\Pages))
#6 /var/www/html/momea/vendor/codeigniter4/framework/system/CodeIgniter.php(312): CodeIgniter\CodeIgniter->handleRequest(NULL, Object(Config\Cache), false)
#7 /var/www/html/momea/public/index.php(45): CodeIgniter\CodeIgniter->run()
#8 /var/www/html/momea/vendor/codeigniter4/framework/system/Commands/Server/rewrite.php(34): require_once('/var/www/html/m...')
#9 {main}
CRITICAL - 2020-09-02 15:39:28 --> Table 'momeawedding.tbl_company' doesn't exist
#0 /var/www/html/momea/vendor/codeigniter4/framework/system/Database/MySQLi/Connection.php(331): mysqli->query('SELECT *\nFROM `...')
#1 /var/www/html/momea/vendor/codeigniter4/framework/system/Database/BaseConnection.php(741): CodeIgniter\Database\MySQLi\Connection->execute('SELECT *\nFROM `...')
#2 /var/www/html/momea/vendor/codeigniter4/framework/system/Database/BaseConnection.php(669): CodeIgniter\Database\BaseConnection->simpleQuery('SELECT *\nFROM `...')
#3 /var/www/html/momea/vendor/codeigniter4/framework/system/Database/BaseBuilder.php(1860): CodeIgniter\Database\BaseConnection->query('SELECT *\nFROM `...', Array, false)
#4 /var/www/html/momea/app/Models/CompanyModel.php(25): CodeIgniter\Database\BaseBuilder->get()
#5 /var/www/html/momea/app/Controllers/Admin/Company.php(127): app\Models\CompanyModel->companyCheck(1)
#6 /var/www/html/momea/vendor/codeigniter4/framework/system/CodeIgniter.php(918): App\Controllers\Admin\Company->ambil_logo()
#7 /var/www/html/momea/vendor/codeigniter4/framework/system/CodeIgniter.php(404): CodeIgniter\CodeIgniter->runController(Object(App\Controllers\Admin\Company))
#8 /var/www/html/momea/vendor/codeigniter4/framework/system/CodeIgniter.php(312): CodeIgniter\CodeIgniter->handleRequest(NULL, Object(Config\Cache), false)
#9 /var/www/html/momea/public/index.php(45): CodeIgniter\CodeIgniter->run()
#10 /var/www/html/momea/vendor/codeigniter4/framework/system/Commands/Server/rewrite.php(34): require_once('/var/www/html/m...')
#11 {main}
CRITICAL - 2020-09-02 15:39:31 --> Table 'momeawedding.tbl_company' doesn't exist
#0 /var/www/html/momea/vendor/codeigniter4/framework/system/Database/MySQLi/Connection.php(331): mysqli->query('SELECT *\nFROM `...')
#1 /var/www/html/momea/vendor/codeigniter4/framework/system/Database/BaseConnection.php(741): CodeIgniter\Database\MySQLi\Connection->execute('SELECT *\nFROM `...')
#2 /var/www/html/momea/vendor/codeigniter4/framework/system/Database/BaseConnection.php(669): CodeIgniter\Database\BaseConnection->simpleQuery('SELECT *\nFROM `...')
#3 /var/www/html/momea/vendor/codeigniter4/framework/system/Database/BaseBuilder.php(1860): CodeIgniter\Database\BaseConnection->query('SELECT *\nFROM `...', Array, false)
#4 /var/www/html/momea/app/Models/CompanyModel.php(25): CodeIgniter\Database\BaseBuilder->get()
#5 /var/www/html/momea/app/Controllers/Admin/Company.php(127): app\Models\CompanyModel->companyCheck(1)
#6 /var/www/html/momea/vendor/codeigniter4/framework/system/CodeIgniter.php(918): App\Controllers\Admin\Company->ambil_logo()
#7 /var/www/html/momea/vendor/codeigniter4/framework/system/CodeIgniter.php(404): CodeIgniter\CodeIgniter->runController(Object(App\Controllers\Admin\Company))
#8 /var/www/html/momea/vendor/codeigniter4/framework/system/CodeIgniter.php(312): CodeIgniter\CodeIgniter->handleRequest(NULL, Object(Config\Cache), false)
#9 /var/www/html/momea/public/index.php(45): CodeIgniter\CodeIgniter->run()
#10 /var/www/html/momea/vendor/codeigniter4/framework/system/Commands/Server/rewrite.php(34): require_once('/var/www/html/m...')
#11 {main}
