CRITICAL - 2020-09-17 00:10:47 --> Undefined property: stdClass::$category_nm
#0 /var/www/html/momeawedding/app/Controllers/Articles.php(28): CodeIgniter\Debug\Exceptions->errorHandler(8, 'Undefined prope...', '/var/www/html/m...', 28, Array)
#1 /var/www/html/momeawedding/vendor/codeigniter4/framework/system/CodeIgniter.php(918): App\Controllers\Articles->index()
#2 /var/www/html/momeawedding/vendor/codeigniter4/framework/system/CodeIgniter.php(404): CodeIgniter\CodeIgniter->runController(Object(App\Controllers\Articles))
#3 /var/www/html/momeawedding/vendor/codeigniter4/framework/system/CodeIgniter.php(312): CodeIgniter\CodeIgniter->handleRequest(NULL, Object(Config\Cache), false)
#4 /var/www/html/momeawedding/public/index.php(45): CodeIgniter\CodeIgniter->run()
#5 /var/www/html/momeawedding/vendor/codeigniter4/framework/system/Commands/Server/rewrite.php(34): require_once('/var/www/html/m...')
#6 {main}
CRITICAL - 2020-09-17 00:25:16 --> substr() expects at most 3 parameters, 4 given
#0 [internal function]: CodeIgniter\Debug\Exceptions->errorHandler(2, 'substr() expect...', '/var/www/html/m...', 30, Array)
#1 /var/www/html/momeawedding/app/Controllers/Articles.php(30): substr('<p>Saat ini per...', 0, 30, '...')
#2 /var/www/html/momeawedding/vendor/codeigniter4/framework/system/CodeIgniter.php(918): App\Controllers\Articles->index()
#3 /var/www/html/momeawedding/vendor/codeigniter4/framework/system/CodeIgniter.php(404): CodeIgniter\CodeIgniter->runController(Object(App\Controllers\Articles))
#4 /var/www/html/momeawedding/vendor/codeigniter4/framework/system/CodeIgniter.php(312): CodeIgniter\CodeIgniter->handleRequest(NULL, Object(Config\Cache), false)
#5 /var/www/html/momeawedding/public/index.php(45): CodeIgniter\CodeIgniter->run()
#6 /var/www/html/momeawedding/vendor/codeigniter4/framework/system/Commands/Server/rewrite.php(34): require_once('/var/www/html/m...')
#7 {main}
CRITICAL - 2020-09-17 00:25:28 --> syntax error, unexpected '"..."' (T_CONSTANT_ENCAPSED_STRING), expecting ')'
#0 /var/www/html/momeawedding/vendor/codeigniter4/framework/system/Router/Router.php(195): CodeIgniter\Router\Router->autoRoute('articles')
#1 /var/www/html/momeawedding/vendor/codeigniter4/framework/system/CodeIgniter.php(793): CodeIgniter\Router\Router->handle('articles')
#2 /var/www/html/momeawedding/vendor/codeigniter4/framework/system/CodeIgniter.php(364): CodeIgniter\CodeIgniter->tryToRouteIt(Object(CodeIgniter\Router\RouteCollection))
#3 /var/www/html/momeawedding/vendor/codeigniter4/framework/system/CodeIgniter.php(312): CodeIgniter\CodeIgniter->handleRequest(NULL, Object(Config\Cache), false)
#4 /var/www/html/momeawedding/public/index.php(45): CodeIgniter\CodeIgniter->run()
#5 /var/www/html/momeawedding/vendor/codeigniter4/framework/system/Commands/Server/rewrite.php(34): require_once('/var/www/html/m...')
#6 {main}
CRITICAL - 2020-09-17 00:33:41 --> Call to undefined function App\Controllers\panjang()
#0 /var/www/html/momeawedding/vendor/codeigniter4/framework/system/CodeIgniter.php(918): App\Controllers\Articles->index()
#1 /var/www/html/momeawedding/vendor/codeigniter4/framework/system/CodeIgniter.php(404): CodeIgniter\CodeIgniter->runController(Object(App\Controllers\Articles))
#2 /var/www/html/momeawedding/vendor/codeigniter4/framework/system/CodeIgniter.php(312): CodeIgniter\CodeIgniter->handleRequest(NULL, Object(Config\Cache), false)
#3 /var/www/html/momeawedding/public/index.php(45): CodeIgniter\CodeIgniter->run()
#4 /var/www/html/momeawedding/vendor/codeigniter4/framework/system/Commands/Server/rewrite.php(34): require_once('/var/www/html/m...')
#5 {main}
CRITICAL - 2020-09-17 00:42:38 --> Call to undefined function pendek()
#0 /var/www/html/momeawedding/vendor/codeigniter4/framework/system/View/View.php(246): include()
#1 /var/www/html/momeawedding/vendor/codeigniter4/framework/system/Common.php(1119): CodeIgniter\View\View->render('front/pages/art...', Array, true)
#2 /var/www/html/momeawedding/app/Controllers/Articles.php(81): view('front/pages/art...', Array)
#3 /var/www/html/momeawedding/vendor/codeigniter4/framework/system/CodeIgniter.php(918): App\Controllers\Articles->index()
#4 /var/www/html/momeawedding/vendor/codeigniter4/framework/system/CodeIgniter.php(404): CodeIgniter\CodeIgniter->runController(Object(App\Controllers\Articles))
#5 /var/www/html/momeawedding/vendor/codeigniter4/framework/system/CodeIgniter.php(312): CodeIgniter\CodeIgniter->handleRequest(NULL, Object(Config\Cache), false)
#6 /var/www/html/momeawedding/public/index.php(45): CodeIgniter\CodeIgniter->run()
#7 /var/www/html/momeawedding/vendor/codeigniter4/framework/system/Commands/Server/rewrite.php(34): require_once('/var/www/html/m...')
#8 {main}
CRITICAL - 2020-09-17 01:02:40 --> Undefined variable: artikel
#0 /var/www/html/momeawedding/app/Views/front/pages/detail_articles.php(21): CodeIgniter\Debug\Exceptions->errorHandler(8, 'Undefined varia...', '/var/www/html/m...', 21, Array)
#1 /var/www/html/momeawedding/vendor/codeigniter4/framework/system/View/View.php(246): include('/var/www/html/m...')
#2 /var/www/html/momeawedding/vendor/codeigniter4/framework/system/Common.php(1119): CodeIgniter\View\View->render('front/pages/det...', Array, true)
#3 /var/www/html/momeawedding/app/Controllers/Articles.php(96): view('front/pages/det...', Array)
#4 /var/www/html/momeawedding/vendor/codeigniter4/framework/system/CodeIgniter.php(918): App\Controllers\Articles->detail_articles('1')
#5 /var/www/html/momeawedding/vendor/codeigniter4/framework/system/CodeIgniter.php(404): CodeIgniter\CodeIgniter->runController(Object(App\Controllers\Articles))
#6 /var/www/html/momeawedding/vendor/codeigniter4/framework/system/CodeIgniter.php(312): CodeIgniter\CodeIgniter->handleRequest(NULL, Object(Config\Cache), false)
#7 /var/www/html/momeawedding/public/index.php(45): CodeIgniter\CodeIgniter->run()
#8 /var/www/html/momeawedding/vendor/codeigniter4/framework/system/Commands/Server/rewrite.php(34): require_once('/var/www/html/m...')
#9 {main}
CRITICAL - 2020-09-17 01:04:26 --> Argument 3 passed to view() must be of the type array, null given, called in /var/www/html/momeawedding/app/Controllers/Articles.php on line 97
#0 /var/www/html/momeawedding/app/Controllers/Articles.php(97): view('front/pages/det...', Array, NULL)
#1 /var/www/html/momeawedding/vendor/codeigniter4/framework/system/CodeIgniter.php(918): App\Controllers\Articles->detail_articles(NULL)
#2 /var/www/html/momeawedding/vendor/codeigniter4/framework/system/CodeIgniter.php(404): CodeIgniter\CodeIgniter->runController(Object(App\Controllers\Articles))
#3 /var/www/html/momeawedding/vendor/codeigniter4/framework/system/CodeIgniter.php(312): CodeIgniter\CodeIgniter->handleRequest(NULL, Object(Config\Cache), false)
#4 /var/www/html/momeawedding/public/index.php(45): CodeIgniter\CodeIgniter->run()
#5 /var/www/html/momeawedding/vendor/codeigniter4/framework/system/Commands/Server/rewrite.php(34): require_once('/var/www/html/m...')
#6 {main}
CRITICAL - 2020-09-17 01:04:36 --> Undefined variable: artikel
#0 /var/www/html/momeawedding/app/Views/front/pages/detail_articles.php(21): CodeIgniter\Debug\Exceptions->errorHandler(8, 'Undefined varia...', '/var/www/html/m...', 21, Array)
#1 /var/www/html/momeawedding/vendor/codeigniter4/framework/system/View/View.php(246): include('/var/www/html/m...')
#2 /var/www/html/momeawedding/vendor/codeigniter4/framework/system/Common.php(1119): CodeIgniter\View\View->render('front/pages/det...', Array, true)
#3 /var/www/html/momeawedding/app/Controllers/Articles.php(97): view('front/pages/det...', Array)
#4 /var/www/html/momeawedding/vendor/codeigniter4/framework/system/CodeIgniter.php(918): App\Controllers\Articles->detail_articles(NULL)
#5 /var/www/html/momeawedding/vendor/codeigniter4/framework/system/CodeIgniter.php(404): CodeIgniter\CodeIgniter->runController(Object(App\Controllers\Articles))
#6 /var/www/html/momeawedding/vendor/codeigniter4/framework/system/CodeIgniter.php(312): CodeIgniter\CodeIgniter->handleRequest(NULL, Object(Config\Cache), false)
#7 /var/www/html/momeawedding/public/index.php(45): CodeIgniter\CodeIgniter->run()
#8 /var/www/html/momeawedding/vendor/codeigniter4/framework/system/Commands/Server/rewrite.php(34): require_once('/var/www/html/m...')
#9 {main}
CRITICAL - 2020-09-17 01:07:16 --> Undefined variable: res
#0 /var/www/html/momeawedding/app/Views/front/pages/detail_articles.php(25): CodeIgniter\Debug\Exceptions->errorHandler(8, 'Undefined varia...', '/var/www/html/m...', 25, Array)
#1 /var/www/html/momeawedding/vendor/codeigniter4/framework/system/View/View.php(246): include('/var/www/html/m...')
#2 /var/www/html/momeawedding/vendor/codeigniter4/framework/system/Common.php(1119): CodeIgniter\View\View->render('front/pages/det...', Array, true)
#3 /var/www/html/momeawedding/app/Controllers/Articles.php(99): view('front/pages/det...', Array)
#4 /var/www/html/momeawedding/vendor/codeigniter4/framework/system/CodeIgniter.php(918): App\Controllers\Articles->detail_articles(NULL)
#5 /var/www/html/momeawedding/vendor/codeigniter4/framework/system/CodeIgniter.php(404): CodeIgniter\CodeIgniter->runController(Object(App\Controllers\Articles))
#6 /var/www/html/momeawedding/vendor/codeigniter4/framework/system/CodeIgniter.php(312): CodeIgniter\CodeIgniter->handleRequest(NULL, Object(Config\Cache), false)
#7 /var/www/html/momeawedding/public/index.php(45): CodeIgniter\CodeIgniter->run()
#8 /var/www/html/momeawedding/vendor/codeigniter4/framework/system/Commands/Server/rewrite.php(34): require_once('/var/www/html/m...')
#9 {main}
CRITICAL - 2020-09-17 01:11:28 --> Call to undefined function panjang()
#0 /var/www/html/momeawedding/vendor/codeigniter4/framework/system/View/View.php(246): include()
#1 /var/www/html/momeawedding/vendor/codeigniter4/framework/system/Common.php(1119): CodeIgniter\View\View->render('front/pages/det...', Array, true)
#2 /var/www/html/momeawedding/app/Controllers/Articles.php(99): view('front/pages/det...', Array)
#3 /var/www/html/momeawedding/vendor/codeigniter4/framework/system/CodeIgniter.php(918): App\Controllers\Articles->detail_articles(NULL)
#4 /var/www/html/momeawedding/vendor/codeigniter4/framework/system/CodeIgniter.php(404): CodeIgniter\CodeIgniter->runController(Object(App\Controllers\Articles))
#5 /var/www/html/momeawedding/vendor/codeigniter4/framework/system/CodeIgniter.php(312): CodeIgniter\CodeIgniter->handleRequest(NULL, Object(Config\Cache), false)
#6 /var/www/html/momeawedding/public/index.php(45): CodeIgniter\CodeIgniter->run()
#7 /var/www/html/momeawedding/vendor/codeigniter4/framework/system/Commands/Server/rewrite.php(34): require_once('/var/www/html/m...')
#8 {main}
CRITICAL - 2020-09-17 01:24:30 --> Too few arguments to function App\Controllers\Articles::detail_articles(), 0 passed in /var/www/html/momeawedding/vendor/codeigniter4/framework/system/CodeIgniter.php on line 918 and exactly 1 expected
#0 /var/www/html/momeawedding/vendor/codeigniter4/framework/system/CodeIgniter.php(918): App\Controllers\Articles->detail_articles()
#1 /var/www/html/momeawedding/vendor/codeigniter4/framework/system/CodeIgniter.php(404): CodeIgniter\CodeIgniter->runController(Object(App\Controllers\Articles))
#2 /var/www/html/momeawedding/vendor/codeigniter4/framework/system/CodeIgniter.php(312): CodeIgniter\CodeIgniter->handleRequest(NULL, Object(Config\Cache), false)
#3 /var/www/html/momeawedding/public/index.php(45): CodeIgniter\CodeIgniter->run()
#4 /var/www/html/momeawedding/vendor/codeigniter4/framework/system/Commands/Server/rewrite.php(34): require_once('/var/www/html/m...')
#5 {main}
CRITICAL - 2020-09-17 01:28:42 --> Argument 2 passed to view() must be of the type array, null given, called in /var/www/html/momeawedding/app/Controllers/Articles.php on line 120
#0 /var/www/html/momeawedding/app/Controllers/Articles.php(120): view('front/pages/det...', NULL, Array)
#1 /var/www/html/momeawedding/vendor/codeigniter4/framework/system/CodeIgniter.php(918): App\Controllers\Articles->detail_articles('1')
#2 /var/www/html/momeawedding/vendor/codeigniter4/framework/system/CodeIgniter.php(404): CodeIgniter\CodeIgniter->runController(Object(App\Controllers\Articles))
#3 /var/www/html/momeawedding/vendor/codeigniter4/framework/system/CodeIgniter.php(312): CodeIgniter\CodeIgniter->handleRequest(NULL, Object(Config\Cache), false)
#4 /var/www/html/momeawedding/public/index.php(45): CodeIgniter\CodeIgniter->run()
#5 /var/www/html/momeawedding/vendor/codeigniter4/framework/system/Commands/Server/rewrite.php(34): require_once('/var/www/html/m...')
#6 {main}
CRITICAL - 2020-09-17 09:49:13 --> Undefined offset: -1
#0 /var/www/html/momeawedding/app/Controllers/BaseController.php(90): CodeIgniter\Debug\Exceptions->errorHandler(8, 'Undefined offse...', '/var/www/html/m...', 90, Array)
#1 /var/www/html/momeawedding/app/Controllers/Articles.php(94): App\Controllers\panjang('0000-00-00 00:0...')
#2 /var/www/html/momeawedding/vendor/codeigniter4/framework/system/CodeIgniter.php(918): App\Controllers\Articles->detail_articles('2')
#3 /var/www/html/momeawedding/vendor/codeigniter4/framework/system/CodeIgniter.php(404): CodeIgniter\CodeIgniter->runController(Object(App\Controllers\Articles))
#4 /var/www/html/momeawedding/vendor/codeigniter4/framework/system/CodeIgniter.php(312): CodeIgniter\CodeIgniter->handleRequest(NULL, Object(Config\Cache), false)
#5 /var/www/html/momeawedding/public/index.php(45): CodeIgniter\CodeIgniter->run()
#6 /var/www/html/momeawedding/vendor/codeigniter4/framework/system/Commands/Server/rewrite.php(34): require_once('/var/www/html/m...')
#7 {main}
CRITICAL - 2020-09-17 09:49:36 --> Undefined offset: -1
#0 /var/www/html/momeawedding/app/Controllers/BaseController.php(90): CodeIgniter\Debug\Exceptions->errorHandler(8, 'Undefined offse...', '/var/www/html/m...', 90, Array)
#1 /var/www/html/momeawedding/app/Controllers/Articles.php(94): App\Controllers\panjang('0000-00-00 00:0...')
#2 /var/www/html/momeawedding/vendor/codeigniter4/framework/system/CodeIgniter.php(918): App\Controllers\Articles->detail_articles('2')
#3 /var/www/html/momeawedding/vendor/codeigniter4/framework/system/CodeIgniter.php(404): CodeIgniter\CodeIgniter->runController(Object(App\Controllers\Articles))
#4 /var/www/html/momeawedding/vendor/codeigniter4/framework/system/CodeIgniter.php(312): CodeIgniter\CodeIgniter->handleRequest(NULL, Object(Config\Cache), false)
#5 /var/www/html/momeawedding/public/index.php(45): CodeIgniter\CodeIgniter->run()
#6 /var/www/html/momeawedding/vendor/codeigniter4/framework/system/Commands/Server/rewrite.php(34): require_once('/var/www/html/m...')
#7 {main}
CRITICAL - 2020-09-17 09:50:29 --> Undefined variable: res
#0 /var/www/html/momeawedding/app/Controllers/Articles.php(93): CodeIgniter\Debug\Exceptions->errorHandler(8, 'Undefined varia...', '/var/www/html/m...', 93, Array)
#1 /var/www/html/momeawedding/vendor/codeigniter4/framework/system/CodeIgniter.php(918): App\Controllers\Articles->detail_articles('2')
#2 /var/www/html/momeawedding/vendor/codeigniter4/framework/system/CodeIgniter.php(404): CodeIgniter\CodeIgniter->runController(Object(App\Controllers\Articles))
#3 /var/www/html/momeawedding/vendor/codeigniter4/framework/system/CodeIgniter.php(312): CodeIgniter\CodeIgniter->handleRequest(NULL, Object(Config\Cache), false)
#4 /var/www/html/momeawedding/public/index.php(45): CodeIgniter\CodeIgniter->run()
#5 /var/www/html/momeawedding/vendor/codeigniter4/framework/system/Commands/Server/rewrite.php(34): require_once('/var/www/html/m...')
#6 {main}
CRITICAL - 2020-09-17 09:51:00 --> Undefined offset: -1
#0 /var/www/html/momeawedding/app/Controllers/BaseController.php(90): CodeIgniter\Debug\Exceptions->errorHandler(8, 'Undefined offse...', '/var/www/html/m...', 90, Array)
#1 /var/www/html/momeawedding/app/Controllers/Articles.php(96): App\Controllers\panjang('0000-00-00 00:0...')
#2 /var/www/html/momeawedding/vendor/codeigniter4/framework/system/CodeIgniter.php(918): App\Controllers\Articles->detail_articles('2')
#3 /var/www/html/momeawedding/vendor/codeigniter4/framework/system/CodeIgniter.php(404): CodeIgniter\CodeIgniter->runController(Object(App\Controllers\Articles))
#4 /var/www/html/momeawedding/vendor/codeigniter4/framework/system/CodeIgniter.php(312): CodeIgniter\CodeIgniter->handleRequest(NULL, Object(Config\Cache), false)
#5 /var/www/html/momeawedding/public/index.php(45): CodeIgniter\CodeIgniter->run()
#6 /var/www/html/momeawedding/vendor/codeigniter4/framework/system/Commands/Server/rewrite.php(34): require_once('/var/www/html/m...')
#7 {main}
CRITICAL - 2020-09-17 09:51:32 --> Undefined offset: -1
#0 /var/www/html/momeawedding/app/Controllers/BaseController.php(90): CodeIgniter\Debug\Exceptions->errorHandler(8, 'Undefined offse...', '/var/www/html/m...', 90, Array)
#1 /var/www/html/momeawedding/app/Controllers/Articles.php(94): App\Controllers\panjang('0000-00-00 00:0...')
#2 /var/www/html/momeawedding/vendor/codeigniter4/framework/system/CodeIgniter.php(918): App\Controllers\Articles->detail_articles('2')
#3 /var/www/html/momeawedding/vendor/codeigniter4/framework/system/CodeIgniter.php(404): CodeIgniter\CodeIgniter->runController(Object(App\Controllers\Articles))
#4 /var/www/html/momeawedding/vendor/codeigniter4/framework/system/CodeIgniter.php(312): CodeIgniter\CodeIgniter->handleRequest(NULL, Object(Config\Cache), false)
#5 /var/www/html/momeawedding/public/index.php(45): CodeIgniter\CodeIgniter->run()
#6 /var/www/html/momeawedding/vendor/codeigniter4/framework/system/Commands/Server/rewrite.php(34): require_once('/var/www/html/m...')
#7 {main}
CRITICAL - 2020-09-17 09:51:37 --> Undefined offset: -1
#0 /var/www/html/momeawedding/app/Controllers/BaseController.php(90): CodeIgniter\Debug\Exceptions->errorHandler(8, 'Undefined offse...', '/var/www/html/m...', 90, Array)
#1 /var/www/html/momeawedding/app/Controllers/Articles.php(94): App\Controllers\panjang('0000-00-00 00:0...')
#2 /var/www/html/momeawedding/vendor/codeigniter4/framework/system/CodeIgniter.php(918): App\Controllers\Articles->detail_articles('2')
#3 /var/www/html/momeawedding/vendor/codeigniter4/framework/system/CodeIgniter.php(404): CodeIgniter\CodeIgniter->runController(Object(App\Controllers\Articles))
#4 /var/www/html/momeawedding/vendor/codeigniter4/framework/system/CodeIgniter.php(312): CodeIgniter\CodeIgniter->handleRequest(NULL, Object(Config\Cache), false)
#5 /var/www/html/momeawedding/public/index.php(45): CodeIgniter\CodeIgniter->run()
#6 /var/www/html/momeawedding/vendor/codeigniter4/framework/system/Commands/Server/rewrite.php(34): require_once('/var/www/html/m...')
#7 {main}
CRITICAL - 2020-09-17 09:52:11 --> Undefined offset: -1
#0 /var/www/html/momeawedding/app/Controllers/BaseController.php(90): CodeIgniter\Debug\Exceptions->errorHandler(8, 'Undefined offse...', '/var/www/html/m...', 90, Array)
#1 /var/www/html/momeawedding/app/Controllers/Articles.php(94): App\Controllers\panjang('0000-00-00 00:0...')
#2 /var/www/html/momeawedding/vendor/codeigniter4/framework/system/CodeIgniter.php(918): App\Controllers\Articles->detail_articles('2')
#3 /var/www/html/momeawedding/vendor/codeigniter4/framework/system/CodeIgniter.php(404): CodeIgniter\CodeIgniter->runController(Object(App\Controllers\Articles))
#4 /var/www/html/momeawedding/vendor/codeigniter4/framework/system/CodeIgniter.php(312): CodeIgniter\CodeIgniter->handleRequest(NULL, Object(Config\Cache), false)
#5 /var/www/html/momeawedding/public/index.php(45): CodeIgniter\CodeIgniter->run()
#6 /var/www/html/momeawedding/vendor/codeigniter4/framework/system/Commands/Server/rewrite.php(34): require_once('/var/www/html/m...')
#7 {main}
CRITICAL - 2020-09-17 09:52:53 --> Undefined offset: -1
#0 /var/www/html/momeawedding/app/Controllers/BaseController.php(90): CodeIgniter\Debug\Exceptions->errorHandler(8, 'Undefined offse...', '/var/www/html/m...', 90, Array)
#1 /var/www/html/momeawedding/app/Controllers/Articles.php(97): App\Controllers\panjang('0000-00-00 00:0...')
#2 /var/www/html/momeawedding/vendor/codeigniter4/framework/system/CodeIgniter.php(918): App\Controllers\Articles->detail_articles('2')
#3 /var/www/html/momeawedding/vendor/codeigniter4/framework/system/CodeIgniter.php(404): CodeIgniter\CodeIgniter->runController(Object(App\Controllers\Articles))
#4 /var/www/html/momeawedding/vendor/codeigniter4/framework/system/CodeIgniter.php(312): CodeIgniter\CodeIgniter->handleRequest(NULL, Object(Config\Cache), false)
#5 /var/www/html/momeawedding/public/index.php(45): CodeIgniter\CodeIgniter->run()
#6 /var/www/html/momeawedding/vendor/codeigniter4/framework/system/Commands/Server/rewrite.php(34): require_once('/var/www/html/m...')
#7 {main}
CRITICAL - 2020-09-17 10:07:43 --> Unknown column 'status_act' in 'field list'
#0 /var/www/html/momeawedding/vendor/codeigniter4/framework/system/Database/MySQLi/Connection.php(331): mysqli->query('INSERT INTO `pr...')
#1 /var/www/html/momeawedding/vendor/codeigniter4/framework/system/Database/BaseConnection.php(741): CodeIgniter\Database\MySQLi\Connection->execute('INSERT INTO `pr...')
#2 /var/www/html/momeawedding/vendor/codeigniter4/framework/system/Database/BaseConnection.php(669): CodeIgniter\Database\BaseConnection->simpleQuery('INSERT INTO `pr...')
#3 /var/www/html/momeawedding/vendor/codeigniter4/framework/system/Database/BaseBuilder.php(2249): CodeIgniter\Database\BaseConnection->query('INSERT INTO `pr...', Array, false)
#4 /var/www/html/momeawedding/app/Models/ProductModel.php(25): CodeIgniter\Database\BaseBuilder->insert(Array)
#5 /var/www/html/momeawedding/app/Controllers/Admin/Product.php(123): App\Models\ProductModel->insertproduct(Array)
#6 /var/www/html/momeawedding/vendor/codeigniter4/framework/system/CodeIgniter.php(918): App\Controllers\Admin\Product->simpandata()
#7 /var/www/html/momeawedding/vendor/codeigniter4/framework/system/CodeIgniter.php(404): CodeIgniter\CodeIgniter->runController(Object(App\Controllers\Admin\Product))
#8 /var/www/html/momeawedding/vendor/codeigniter4/framework/system/CodeIgniter.php(312): CodeIgniter\CodeIgniter->handleRequest(NULL, Object(Config\Cache), false)
#9 /var/www/html/momeawedding/public/index.php(45): CodeIgniter\CodeIgniter->run()
#10 /var/www/html/momeawedding/vendor/codeigniter4/framework/system/Commands/Server/rewrite.php(34): require_once('/var/www/html/m...')
#11 {main}
CRITICAL - 2020-09-17 10:07:57 --> Unknown column 'status_act' in 'field list'
#0 /var/www/html/momeawedding/vendor/codeigniter4/framework/system/Database/MySQLi/Connection.php(331): mysqli->query('INSERT INTO `pr...')
#1 /var/www/html/momeawedding/vendor/codeigniter4/framework/system/Database/BaseConnection.php(741): CodeIgniter\Database\MySQLi\Connection->execute('INSERT INTO `pr...')
#2 /var/www/html/momeawedding/vendor/codeigniter4/framework/system/Database/BaseConnection.php(669): CodeIgniter\Database\BaseConnection->simpleQuery('INSERT INTO `pr...')
#3 /var/www/html/momeawedding/vendor/codeigniter4/framework/system/Database/BaseBuilder.php(2249): CodeIgniter\Database\BaseConnection->query('INSERT INTO `pr...', Array, false)
#4 /var/www/html/momeawedding/app/Models/ProductModel.php(25): CodeIgniter\Database\BaseBuilder->insert(Array)
#5 /var/www/html/momeawedding/app/Controllers/Admin/Product.php(123): App\Models\ProductModel->insertproduct(Array)
#6 /var/www/html/momeawedding/vendor/codeigniter4/framework/system/CodeIgniter.php(918): App\Controllers\Admin\Product->simpandata()
#7 /var/www/html/momeawedding/vendor/codeigniter4/framework/system/CodeIgniter.php(404): CodeIgniter\CodeIgniter->runController(Object(App\Controllers\Admin\Product))
#8 /var/www/html/momeawedding/vendor/codeigniter4/framework/system/CodeIgniter.php(312): CodeIgniter\CodeIgniter->handleRequest(NULL, Object(Config\Cache), false)
#9 /var/www/html/momeawedding/public/index.php(45): CodeIgniter\CodeIgniter->run()
#10 /var/www/html/momeawedding/vendor/codeigniter4/framework/system/Commands/Server/rewrite.php(34): require_once('/var/www/html/m...')
#11 {main}
CRITICAL - 2020-09-17 10:08:14 --> Unknown column 'status_act' in 'field list'
#0 /var/www/html/momeawedding/vendor/codeigniter4/framework/system/Database/MySQLi/Connection.php(331): mysqli->query('INSERT INTO `pr...')
#1 /var/www/html/momeawedding/vendor/codeigniter4/framework/system/Database/BaseConnection.php(741): CodeIgniter\Database\MySQLi\Connection->execute('INSERT INTO `pr...')
#2 /var/www/html/momeawedding/vendor/codeigniter4/framework/system/Database/BaseConnection.php(669): CodeIgniter\Database\BaseConnection->simpleQuery('INSERT INTO `pr...')
#3 /var/www/html/momeawedding/vendor/codeigniter4/framework/system/Database/BaseBuilder.php(2249): CodeIgniter\Database\BaseConnection->query('INSERT INTO `pr...', Array, false)
#4 /var/www/html/momeawedding/app/Models/ProductModel.php(25): CodeIgniter\Database\BaseBuilder->insert(Array)
#5 /var/www/html/momeawedding/app/Controllers/Admin/Product.php(123): App\Models\ProductModel->insertproduct(Array)
#6 /var/www/html/momeawedding/vendor/codeigniter4/framework/system/CodeIgniter.php(918): App\Controllers\Admin\Product->simpandata()
#7 /var/www/html/momeawedding/vendor/codeigniter4/framework/system/CodeIgniter.php(404): CodeIgniter\CodeIgniter->runController(Object(App\Controllers\Admin\Product))
#8 /var/www/html/momeawedding/vendor/codeigniter4/framework/system/CodeIgniter.php(312): CodeIgniter\CodeIgniter->handleRequest(NULL, Object(Config\Cache), false)
#9 /var/www/html/momeawedding/public/index.php(45): CodeIgniter\CodeIgniter->run()
#10 /var/www/html/momeawedding/vendor/codeigniter4/framework/system/Commands/Server/rewrite.php(34): require_once('/var/www/html/m...')
#11 {main}
CRITICAL - 2020-09-17 10:11:43 --> syntax error, unexpected 'href' (T_STRING)
#0 /var/www/html/momeawedding/vendor/codeigniter4/framework/system/View/View.php(257): CodeIgniter\View\View->render('admin/layout/te...', Array, true)
#1 /var/www/html/momeawedding/vendor/codeigniter4/framework/system/Common.php(1119): CodeIgniter\View\View->render('admin/product/p...', Array, true)
#2 /var/www/html/momeawedding/app/Controllers/Admin/Product.php(33): view('admin/product/p...', Array)
#3 /var/www/html/momeawedding/vendor/codeigniter4/framework/system/CodeIgniter.php(918): App\Controllers\Admin\Product->index()
#4 /var/www/html/momeawedding/vendor/codeigniter4/framework/system/CodeIgniter.php(404): CodeIgniter\CodeIgniter->runController(Object(App\Controllers\Admin\Product))
#5 /var/www/html/momeawedding/vendor/codeigniter4/framework/system/CodeIgniter.php(312): CodeIgniter\CodeIgniter->handleRequest(NULL, Object(Config\Cache), false)
#6 /var/www/html/momeawedding/public/index.php(45): CodeIgniter\CodeIgniter->run()
#7 /var/www/html/momeawedding/vendor/codeigniter4/framework/system/Commands/Server/rewrite.php(34): require_once('/var/www/html/m...')
#8 {main}
CRITICAL - 2020-09-17 10:31:01 --> Unknown column 'status_act' in 'field list'
#0 /var/www/html/momeawedding/vendor/codeigniter4/framework/system/Database/MySQLi/Connection.php(331): mysqli->query('INSERT INTO `pr...')
#1 /var/www/html/momeawedding/vendor/codeigniter4/framework/system/Database/BaseConnection.php(741): CodeIgniter\Database\MySQLi\Connection->execute('INSERT INTO `pr...')
#2 /var/www/html/momeawedding/vendor/codeigniter4/framework/system/Database/BaseConnection.php(669): CodeIgniter\Database\BaseConnection->simpleQuery('INSERT INTO `pr...')
#3 /var/www/html/momeawedding/vendor/codeigniter4/framework/system/Database/BaseBuilder.php(2249): CodeIgniter\Database\BaseConnection->query('INSERT INTO `pr...', Array, false)
#4 /var/www/html/momeawedding/app/Models/ProductModel.php(25): CodeIgniter\Database\BaseBuilder->insert(Array)
#5 /var/www/html/momeawedding/app/Controllers/Admin/Product.php(123): App\Models\ProductModel->insertproduct(Array)
#6 /var/www/html/momeawedding/vendor/codeigniter4/framework/system/CodeIgniter.php(918): App\Controllers\Admin\Product->simpandata()
#7 /var/www/html/momeawedding/vendor/codeigniter4/framework/system/CodeIgniter.php(404): CodeIgniter\CodeIgniter->runController(Object(App\Controllers\Admin\Product))
#8 /var/www/html/momeawedding/vendor/codeigniter4/framework/system/CodeIgniter.php(312): CodeIgniter\CodeIgniter->handleRequest(NULL, Object(Config\Cache), false)
#9 /var/www/html/momeawedding/public/index.php(45): CodeIgniter\CodeIgniter->run()
#10 /var/www/html/momeawedding/vendor/codeigniter4/framework/system/Commands/Server/rewrite.php(34): require_once('/var/www/html/m...')
#11 {main}
CRITICAL - 2020-09-17 10:48:46 --> Undefined variable: category
#0 /var/www/html/momeawedding/app/Views/front/pages/packages.php(89): CodeIgniter\Debug\Exceptions->errorHandler(8, 'Undefined varia...', '/var/www/html/m...', 89, Array)
#1 /var/www/html/momeawedding/vendor/codeigniter4/framework/system/View/View.php(246): include('/var/www/html/m...')
#2 /var/www/html/momeawedding/vendor/codeigniter4/framework/system/Common.php(1119): CodeIgniter\View\View->render('front/pages/pac...', Array, true)
#3 /var/www/html/momeawedding/app/Controllers/Packages.php(74): view('front/pages/pac...', Array)
#4 /var/www/html/momeawedding/vendor/codeigniter4/framework/system/CodeIgniter.php(918): App\Controllers\Packages->index()
#5 /var/www/html/momeawedding/vendor/codeigniter4/framework/system/CodeIgniter.php(404): CodeIgniter\CodeIgniter->runController(Object(App\Controllers\Packages))
#6 /var/www/html/momeawedding/vendor/codeigniter4/framework/system/CodeIgniter.php(312): CodeIgniter\CodeIgniter->handleRequest(NULL, Object(Config\Cache), false)
#7 /var/www/html/momeawedding/public/index.php(45): CodeIgniter\CodeIgniter->run()
#8 /var/www/html/momeawedding/vendor/codeigniter4/framework/system/Commands/Server/rewrite.php(34): require_once('/var/www/html/m...')
#9 {main}
CRITICAL - 2020-09-17 10:48:59 --> Undefined variable: category
#0 /var/www/html/momeawedding/app/Views/front/pages/packages.php(89): CodeIgniter\Debug\Exceptions->errorHandler(8, 'Undefined varia...', '/var/www/html/m...', 89, Array)
#1 /var/www/html/momeawedding/vendor/codeigniter4/framework/system/View/View.php(246): include('/var/www/html/m...')
#2 /var/www/html/momeawedding/vendor/codeigniter4/framework/system/Common.php(1119): CodeIgniter\View\View->render('front/pages/pac...', Array, true)
#3 /var/www/html/momeawedding/app/Controllers/Packages.php(74): view('front/pages/pac...', Array)
#4 /var/www/html/momeawedding/vendor/codeigniter4/framework/system/CodeIgniter.php(918): App\Controllers\Packages->index()
#5 /var/www/html/momeawedding/vendor/codeigniter4/framework/system/CodeIgniter.php(404): CodeIgniter\CodeIgniter->runController(Object(App\Controllers\Packages))
#6 /var/www/html/momeawedding/vendor/codeigniter4/framework/system/CodeIgniter.php(312): CodeIgniter\CodeIgniter->handleRequest(NULL, Object(Config\Cache), false)
#7 /var/www/html/momeawedding/public/index.php(45): CodeIgniter\CodeIgniter->run()
#8 /var/www/html/momeawedding/vendor/codeigniter4/framework/system/Commands/Server/rewrite.php(34): require_once('/var/www/html/m...')
#9 {main}
CRITICAL - 2020-09-17 11:11:32 --> Undefined variable: category
#0 /var/www/html/momeawedding/app/Views/front/pages/articles.php(53): CodeIgniter\Debug\Exceptions->errorHandler(8, 'Undefined varia...', '/var/www/html/m...', 53, Array)
#1 /var/www/html/momeawedding/vendor/codeigniter4/framework/system/View/View.php(246): include('/var/www/html/m...')
#2 /var/www/html/momeawedding/vendor/codeigniter4/framework/system/Common.php(1119): CodeIgniter\View\View->render('front/pages/art...', Array, true)
#3 /var/www/html/momeawedding/app/Controllers/Articles.php(84): view('front/pages/art...', Array)
#4 /var/www/html/momeawedding/vendor/codeigniter4/framework/system/CodeIgniter.php(918): App\Controllers\Articles->index()
#5 /var/www/html/momeawedding/vendor/codeigniter4/framework/system/CodeIgniter.php(404): CodeIgniter\CodeIgniter->runController(Object(App\Controllers\Articles))
#6 /var/www/html/momeawedding/vendor/codeigniter4/framework/system/CodeIgniter.php(312): CodeIgniter\CodeIgniter->handleRequest(NULL, Object(Config\Cache), false)
#7 /var/www/html/momeawedding/public/index.php(45): CodeIgniter\CodeIgniter->run()
#8 /var/www/html/momeawedding/vendor/codeigniter4/framework/system/Commands/Server/rewrite.php(34): require_once('/var/www/html/m...')
#9 {main}
CRITICAL - 2020-09-17 14:39:31 --> Undefined property: stdClass::$product_id
#0 /var/www/html/momeawedding/app/Views/front/layout/navbar.php(153): CodeIgniter\Debug\Exceptions->errorHandler(8, 'Undefined prope...', '/var/www/html/m...', 153, Array)
#1 /var/www/html/momeawedding/vendor/codeigniter4/framework/system/View/View.php(246): include('/var/www/html/m...')
#2 /var/www/html/momeawedding/vendor/codeigniter4/framework/system/View/View.php(525): CodeIgniter\View\View->render('front/layout/na...', NULL, true)
#3 /var/www/html/momeawedding/app/Views/front/layout/template.php(61): CodeIgniter\View\View->include('front/layout/na...')
#4 /var/www/html/momeawedding/vendor/codeigniter4/framework/system/View/View.php(246): include('/var/www/html/m...')
#5 /var/www/html/momeawedding/vendor/codeigniter4/framework/system/View/View.php(257): CodeIgniter\View\View->render('front/layout/te...', Array, true)
#6 /var/www/html/momeawedding/vendor/codeigniter4/framework/system/Common.php(1119): CodeIgniter\View\View->render('front/pages/pac...', Array, true)
#7 /var/www/html/momeawedding/app/Controllers/Packages.php(83): view('front/pages/pac...', Array)
#8 /var/www/html/momeawedding/vendor/codeigniter4/framework/system/CodeIgniter.php(918): App\Controllers\Packages->index()
#9 /var/www/html/momeawedding/vendor/codeigniter4/framework/system/CodeIgniter.php(404): CodeIgniter\CodeIgniter->runController(Object(App\Controllers\Packages))
#10 /var/www/html/momeawedding/vendor/codeigniter4/framework/system/CodeIgniter.php(312): CodeIgniter\CodeIgniter->handleRequest(NULL, Object(Config\Cache), false)
#11 /var/www/html/momeawedding/public/index.php(45): CodeIgniter\CodeIgniter->run()
#12 /var/www/html/momeawedding/vendor/codeigniter4/framework/system/Commands/Server/rewrite.php(34): require_once('/var/www/html/m...')
#13 {main}
CRITICAL - 2020-09-17 14:44:44 --> Too few arguments to function App\Models\ProductModel::getbycategory(), 0 passed in /var/www/html/momeawedding/app/Controllers/Packages.php on line 11 and exactly 1 expected
#0 /var/www/html/momeawedding/app/Controllers/Packages.php(11): App\Models\ProductModel->getbycategory()
#1 /var/www/html/momeawedding/vendor/codeigniter4/framework/system/CodeIgniter.php(918): App\Controllers\Packages->index()
#2 /var/www/html/momeawedding/vendor/codeigniter4/framework/system/CodeIgniter.php(404): CodeIgniter\CodeIgniter->runController(Object(App\Controllers\Packages))
#3 /var/www/html/momeawedding/vendor/codeigniter4/framework/system/CodeIgniter.php(312): CodeIgniter\CodeIgniter->handleRequest(NULL, Object(Config\Cache), false)
#4 /var/www/html/momeawedding/public/index.php(45): CodeIgniter\CodeIgniter->run()
#5 /var/www/html/momeawedding/vendor/codeigniter4/framework/system/Commands/Server/rewrite.php(34): require_once('/var/www/html/m...')
#6 {main}
CRITICAL - 2020-09-17 14:45:28 --> Too few arguments to function App\Controllers\Packages::index(), 0 passed in /var/www/html/momeawedding/vendor/codeigniter4/framework/system/CodeIgniter.php on line 918 and exactly 1 expected
#0 /var/www/html/momeawedding/vendor/codeigniter4/framework/system/CodeIgniter.php(918): App\Controllers\Packages->index()
#1 /var/www/html/momeawedding/vendor/codeigniter4/framework/system/CodeIgniter.php(404): CodeIgniter\CodeIgniter->runController(Object(App\Controllers\Packages))
#2 /var/www/html/momeawedding/vendor/codeigniter4/framework/system/CodeIgniter.php(312): CodeIgniter\CodeIgniter->handleRequest(NULL, Object(Config\Cache), false)
#3 /var/www/html/momeawedding/public/index.php(45): CodeIgniter\CodeIgniter->run()
#4 /var/www/html/momeawedding/vendor/codeigniter4/framework/system/Commands/Server/rewrite.php(34): require_once('/var/www/html/m...')
#5 {main}
CRITICAL - 2020-09-17 14:45:40 --> Too few arguments to function App\Controllers\Packages::index(), 0 passed in /var/www/html/momeawedding/vendor/codeigniter4/framework/system/CodeIgniter.php on line 918 and exactly 1 expected
#0 /var/www/html/momeawedding/vendor/codeigniter4/framework/system/CodeIgniter.php(918): App\Controllers\Packages->index()
#1 /var/www/html/momeawedding/vendor/codeigniter4/framework/system/CodeIgniter.php(404): CodeIgniter\CodeIgniter->runController(Object(App\Controllers\Packages))
#2 /var/www/html/momeawedding/vendor/codeigniter4/framework/system/CodeIgniter.php(312): CodeIgniter\CodeIgniter->handleRequest(NULL, Object(Config\Cache), false)
#3 /var/www/html/momeawedding/public/index.php(45): CodeIgniter\CodeIgniter->run()
#4 /var/www/html/momeawedding/vendor/codeigniter4/framework/system/Commands/Server/rewrite.php(34): require_once('/var/www/html/m...')
#5 {main}
CRITICAL - 2020-09-17 14:45:43 --> Too few arguments to function App\Controllers\Packages::index(), 0 passed in /var/www/html/momeawedding/vendor/codeigniter4/framework/system/CodeIgniter.php on line 918 and exactly 1 expected
#0 /var/www/html/momeawedding/vendor/codeigniter4/framework/system/CodeIgniter.php(918): App\Controllers\Packages->index()
#1 /var/www/html/momeawedding/vendor/codeigniter4/framework/system/CodeIgniter.php(404): CodeIgniter\CodeIgniter->runController(Object(App\Controllers\Packages))
#2 /var/www/html/momeawedding/vendor/codeigniter4/framework/system/CodeIgniter.php(312): CodeIgniter\CodeIgniter->handleRequest(NULL, Object(Config\Cache), false)
#3 /var/www/html/momeawedding/public/index.php(45): CodeIgniter\CodeIgniter->run()
#4 /var/www/html/momeawedding/vendor/codeigniter4/framework/system/Commands/Server/rewrite.php(34): require_once('/var/www/html/m...')
#5 {main}
CRITICAL - 2020-09-17 14:45:47 --> Too few arguments to function App\Models\ProductModel::getbycategory(), 0 passed in /var/www/html/momeawedding/app/Controllers/Packages.php on line 11 and exactly 1 expected
#0 /var/www/html/momeawedding/app/Controllers/Packages.php(11): App\Models\ProductModel->getbycategory()
#1 /var/www/html/momeawedding/vendor/codeigniter4/framework/system/CodeIgniter.php(918): App\Controllers\Packages->index()
#2 /var/www/html/momeawedding/vendor/codeigniter4/framework/system/CodeIgniter.php(404): CodeIgniter\CodeIgniter->runController(Object(App\Controllers\Packages))
#3 /var/www/html/momeawedding/vendor/codeigniter4/framework/system/CodeIgniter.php(312): CodeIgniter\CodeIgniter->handleRequest(NULL, Object(Config\Cache), false)
#4 /var/www/html/momeawedding/public/index.php(45): CodeIgniter\CodeIgniter->run()
#5 /var/www/html/momeawedding/vendor/codeigniter4/framework/system/Commands/Server/rewrite.php(34): require_once('/var/www/html/m...')
#6 {main}
CRITICAL - 2020-09-17 14:47:41 --> Invalid file: front/pages/packages/category.php
#0 /var/www/html/momeawedding/vendor/codeigniter4/framework/system/View/View.php(228): CodeIgniter\Exceptions\FrameworkException::forInvalidFile('front/pages/pac...')
#1 /var/www/html/momeawedding/vendor/codeigniter4/framework/system/Common.php(1119): CodeIgniter\View\View->render('front/pages/pac...', Array, true)
#2 /var/www/html/momeawedding/app/Controllers/Packages.php(228): view('front/pages/pac...', Array)
#3 /var/www/html/momeawedding/vendor/codeigniter4/framework/system/CodeIgniter.php(918): App\Controllers\Packages->category('1')
#4 /var/www/html/momeawedding/vendor/codeigniter4/framework/system/CodeIgniter.php(404): CodeIgniter\CodeIgniter->runController(Object(App\Controllers\Packages))
#5 /var/www/html/momeawedding/vendor/codeigniter4/framework/system/CodeIgniter.php(312): CodeIgniter\CodeIgniter->handleRequest(NULL, Object(Config\Cache), false)
#6 /var/www/html/momeawedding/public/index.php(45): CodeIgniter\CodeIgniter->run()
#7 /var/www/html/momeawedding/vendor/codeigniter4/framework/system/Commands/Server/rewrite.php(34): require_once('/var/www/html/m...')
#8 {main}
CRITICAL - 2020-09-17 14:48:16 --> Invalid file: front/pages/packages/category.php
#0 /var/www/html/momeawedding/vendor/codeigniter4/framework/system/View/View.php(228): CodeIgniter\Exceptions\FrameworkException::forInvalidFile('front/pages/pac...')
#1 /var/www/html/momeawedding/vendor/codeigniter4/framework/system/Common.php(1119): CodeIgniter\View\View->render('front/pages/pac...', Array, true)
#2 /var/www/html/momeawedding/app/Controllers/Packages.php(228): view('front/pages/pac...', Array)
#3 /var/www/html/momeawedding/vendor/codeigniter4/framework/system/CodeIgniter.php(918): App\Controllers\Packages->category('1')
#4 /var/www/html/momeawedding/vendor/codeigniter4/framework/system/CodeIgniter.php(404): CodeIgniter\CodeIgniter->runController(Object(App\Controllers\Packages))
#5 /var/www/html/momeawedding/vendor/codeigniter4/framework/system/CodeIgniter.php(312): CodeIgniter\CodeIgniter->handleRequest(NULL, Object(Config\Cache), false)
#6 /var/www/html/momeawedding/public/index.php(45): CodeIgniter\CodeIgniter->run()
#7 /var/www/html/momeawedding/vendor/codeigniter4/framework/system/Commands/Server/rewrite.php(34): require_once('/var/www/html/m...')
#8 {main}
CRITICAL - 2020-09-17 14:48:41 --> Invalid file: front/pages/packages/category.php
#0 /var/www/html/momeawedding/vendor/codeigniter4/framework/system/View/View.php(228): CodeIgniter\Exceptions\FrameworkException::forInvalidFile('front/pages/pac...')
#1 /var/www/html/momeawedding/vendor/codeigniter4/framework/system/Common.php(1119): CodeIgniter\View\View->render('front/pages/pac...', Array, true)
#2 /var/www/html/momeawedding/app/Controllers/Packages.php(228): view('front/pages/pac...', Array)
#3 /var/www/html/momeawedding/vendor/codeigniter4/framework/system/CodeIgniter.php(918): App\Controllers\Packages->category('1')
#4 /var/www/html/momeawedding/vendor/codeigniter4/framework/system/CodeIgniter.php(404): CodeIgniter\CodeIgniter->runController(Object(App\Controllers\Packages))
#5 /var/www/html/momeawedding/vendor/codeigniter4/framework/system/CodeIgniter.php(312): CodeIgniter\CodeIgniter->handleRequest(NULL, Object(Config\Cache), false)
#6 /var/www/html/momeawedding/public/index.php(45): CodeIgniter\CodeIgniter->run()
#7 /var/www/html/momeawedding/vendor/codeigniter4/framework/system/Commands/Server/rewrite.php(34): require_once('/var/www/html/m...')
#8 {main}
CRITICAL - 2020-09-17 14:52:02 --> Undefined property: stdClass::$artikel_img
#0 /var/www/html/momeawedding/app/Controllers/Home.php(93): CodeIgniter\Debug\Exceptions->errorHandler(8, 'Undefined prope...', '/var/www/html/m...', 93, Array)
#1 /var/www/html/momeawedding/vendor/codeigniter4/framework/system/CodeIgniter.php(918): App\Controllers\Home->index()
#2 /var/www/html/momeawedding/vendor/codeigniter4/framework/system/CodeIgniter.php(404): CodeIgniter\CodeIgniter->runController(Object(App\Controllers\Home))
#3 /var/www/html/momeawedding/vendor/codeigniter4/framework/system/CodeIgniter.php(312): CodeIgniter\CodeIgniter->handleRequest(NULL, Object(Config\Cache), false)
#4 /var/www/html/momeawedding/public/index.php(45): CodeIgniter\CodeIgniter->run()
#5 /var/www/html/momeawedding/vendor/codeigniter4/framework/system/Commands/Server/rewrite.php(34): require_once('/var/www/html/m...')
#6 {main}
CRITICAL - 2020-09-17 14:59:09 --> Undefined property: App\Controllers\Home::$portofoliomodel
#0 /var/www/html/momeawedding/app/Controllers/Home.php(91): CodeIgniter\Debug\Exceptions->errorHandler(8, 'Undefined prope...', '/var/www/html/m...', 91, Array)
#1 /var/www/html/momeawedding/vendor/codeigniter4/framework/system/CodeIgniter.php(918): App\Controllers\Home->index()
#2 /var/www/html/momeawedding/vendor/codeigniter4/framework/system/CodeIgniter.php(404): CodeIgniter\CodeIgniter->runController(Object(App\Controllers\Home))
#3 /var/www/html/momeawedding/vendor/codeigniter4/framework/system/CodeIgniter.php(312): CodeIgniter\CodeIgniter->handleRequest(NULL, Object(Config\Cache), false)
#4 /var/www/html/momeawedding/public/index.php(45): CodeIgniter\CodeIgniter->run()
#5 /var/www/html/momeawedding/vendor/codeigniter4/framework/system/Commands/Server/rewrite.php(34): require_once('/var/www/html/m...')
#6 {main}
CRITICAL - 2020-09-17 15:36:14 --> Undefined property: stdClass::$categroy_id
#0 /var/www/html/momeawedding/app/Views/front/layout/navbar.php(153): CodeIgniter\Debug\Exceptions->errorHandler(8, 'Undefined prope...', '/var/www/html/m...', 153, Array)
#1 /var/www/html/momeawedding/vendor/codeigniter4/framework/system/View/View.php(246): include('/var/www/html/m...')
#2 /var/www/html/momeawedding/vendor/codeigniter4/framework/system/View/View.php(525): CodeIgniter\View\View->render('front/layout/na...', NULL, true)
#3 /var/www/html/momeawedding/app/Views/front/layout/template.php(61): CodeIgniter\View\View->include('front/layout/na...')
#4 /var/www/html/momeawedding/vendor/codeigniter4/framework/system/View/View.php(246): include('/var/www/html/m...')
#5 /var/www/html/momeawedding/vendor/codeigniter4/framework/system/View/View.php(257): CodeIgniter\View\View->render('front/layout/te...', Array, true)
#6 /var/www/html/momeawedding/vendor/codeigniter4/framework/system/Common.php(1119): CodeIgniter\View\View->render('front/pages/pac...', Array, true)
#7 /var/www/html/momeawedding/app/Controllers/Packages.php(83): view('front/pages/pac...', Array)
#8 /var/www/html/momeawedding/vendor/codeigniter4/framework/system/CodeIgniter.php(918): App\Controllers\Packages->index()
#9 /var/www/html/momeawedding/vendor/codeigniter4/framework/system/CodeIgniter.php(404): CodeIgniter\CodeIgniter->runController(Object(App\Controllers\Packages))
#10 /var/www/html/momeawedding/vendor/codeigniter4/framework/system/CodeIgniter.php(312): CodeIgniter\CodeIgniter->handleRequest(NULL, Object(Config\Cache), false)
#11 /var/www/html/momeawedding/public/index.php(45): CodeIgniter\CodeIgniter->run()
#12 /var/www/html/momeawedding/vendor/codeigniter4/framework/system/Commands/Server/rewrite.php(34): require_once('/var/www/html/m...')
#13 {main}
CRITICAL - 2020-09-17 15:41:05 --> Request URI segment is out of range: 2
#0 /var/www/html/momeawedding/vendor/codeigniter4/framework/system/HTTP/URI.php(515): CodeIgniter\HTTP\Exceptions\HTTPException::forURISegmentOutOfRange(2)
#1 /var/www/html/momeawedding/app/Controllers/Packages.php(9): CodeIgniter\HTTP\URI->getSegment(2)
#2 /var/www/html/momeawedding/vendor/codeigniter4/framework/system/CodeIgniter.php(918): App\Controllers\Packages->index()
#3 /var/www/html/momeawedding/vendor/codeigniter4/framework/system/CodeIgniter.php(404): CodeIgniter\CodeIgniter->runController(Object(App\Controllers\Packages))
#4 /var/www/html/momeawedding/vendor/codeigniter4/framework/system/CodeIgniter.php(312): CodeIgniter\CodeIgniter->handleRequest(NULL, Object(Config\Cache), false)
#5 /var/www/html/momeawedding/public/index.php(45): CodeIgniter\CodeIgniter->run()
#6 /var/www/html/momeawedding/vendor/codeigniter4/framework/system/Commands/Server/rewrite.php(34): require_once('/var/www/html/m...')
#7 {main}
CRITICAL - 2020-09-17 15:41:46 --> Request URI segment is out of range: 2
#0 /var/www/html/momeawedding/vendor/codeigniter4/framework/system/HTTP/URI.php(515): CodeIgniter\HTTP\Exceptions\HTTPException::forURISegmentOutOfRange(2)
#1 /var/www/html/momeawedding/app/Controllers/Packages.php(9): CodeIgniter\HTTP\URI->getSegment(2)
#2 /var/www/html/momeawedding/vendor/codeigniter4/framework/system/CodeIgniter.php(918): App\Controllers\Packages->index()
#3 /var/www/html/momeawedding/vendor/codeigniter4/framework/system/CodeIgniter.php(404): CodeIgniter\CodeIgniter->runController(Object(App\Controllers\Packages))
#4 /var/www/html/momeawedding/vendor/codeigniter4/framework/system/CodeIgniter.php(312): CodeIgniter\CodeIgniter->handleRequest(NULL, Object(Config\Cache), false)
#5 /var/www/html/momeawedding/public/index.php(45): CodeIgniter\CodeIgniter->run()
#6 /var/www/html/momeawedding/vendor/codeigniter4/framework/system/Commands/Server/rewrite.php(34): require_once('/var/www/html/m...')
#7 {main}
CRITICAL - 2020-09-17 15:42:05 --> Request URI segment is out of range: 2
#0 /var/www/html/momeawedding/vendor/codeigniter4/framework/system/HTTP/URI.php(515): CodeIgniter\HTTP\Exceptions\HTTPException::forURISegmentOutOfRange(2)
#1 /var/www/html/momeawedding/app/Controllers/Packages.php(9): CodeIgniter\HTTP\URI->getSegment(2)
#2 /var/www/html/momeawedding/vendor/codeigniter4/framework/system/CodeIgniter.php(918): App\Controllers\Packages->index()
#3 /var/www/html/momeawedding/vendor/codeigniter4/framework/system/CodeIgniter.php(404): CodeIgniter\CodeIgniter->runController(Object(App\Controllers\Packages))
#4 /var/www/html/momeawedding/vendor/codeigniter4/framework/system/CodeIgniter.php(312): CodeIgniter\CodeIgniter->handleRequest(NULL, Object(Config\Cache), false)
#5 /var/www/html/momeawedding/public/index.php(45): CodeIgniter\CodeIgniter->run()
#6 /var/www/html/momeawedding/vendor/codeigniter4/framework/system/Commands/Server/rewrite.php(34): require_once('/var/www/html/m...')
#7 {main}
CRITICAL - 2020-09-17 16:35:11 --> Undefined variable: resPortofolio
#0 /var/www/html/momeawedding/app/Views/front/pages/gallery.php(24): CodeIgniter\Debug\Exceptions->errorHandler(8, 'Undefined varia...', '/var/www/html/m...', 24, Array)
#1 /var/www/html/momeawedding/vendor/codeigniter4/framework/system/View/View.php(246): include('/var/www/html/m...')
#2 /var/www/html/momeawedding/vendor/codeigniter4/framework/system/Common.php(1119): CodeIgniter\View\View->render('front/pages/gal...', Array, true)
#3 /var/www/html/momeawedding/app/Controllers/Gallery.php(17): view('front/pages/gal...', Array)
#4 /var/www/html/momeawedding/vendor/codeigniter4/framework/system/CodeIgniter.php(918): App\Controllers\Gallery->index()
#5 /var/www/html/momeawedding/vendor/codeigniter4/framework/system/CodeIgniter.php(404): CodeIgniter\CodeIgniter->runController(Object(App\Controllers\Gallery))
#6 /var/www/html/momeawedding/vendor/codeigniter4/framework/system/CodeIgniter.php(312): CodeIgniter\CodeIgniter->handleRequest(NULL, Object(Config\Cache), false)
#7 /var/www/html/momeawedding/public/index.php(45): CodeIgniter\CodeIgniter->run()
#8 /var/www/html/momeawedding/vendor/codeigniter4/framework/system/Commands/Server/rewrite.php(34): require_once('/var/www/html/m...')
#9 {main}
CRITICAL - 2020-09-17 16:41:38 --> Undefined variable: resSlider
#0 /var/www/html/momeawedding/app/Views/front/pages/gallery.php(35): CodeIgniter\Debug\Exceptions->errorHandler(8, 'Undefined varia...', '/var/www/html/m...', 35, Array)
#1 /var/www/html/momeawedding/vendor/codeigniter4/framework/system/View/View.php(246): include('/var/www/html/m...')
#2 /var/www/html/momeawedding/vendor/codeigniter4/framework/system/Common.php(1119): CodeIgniter\View\View->render('front/pages/gal...', Array, true)
#3 /var/www/html/momeawedding/app/Controllers/Gallery.php(52): view('front/pages/gal...', Array)
#4 /var/www/html/momeawedding/vendor/codeigniter4/framework/system/CodeIgniter.php(918): App\Controllers\Gallery->index()
#5 /var/www/html/momeawedding/vendor/codeigniter4/framework/system/CodeIgniter.php(404): CodeIgniter\CodeIgniter->runController(Object(App\Controllers\Gallery))
#6 /var/www/html/momeawedding/vendor/codeigniter4/framework/system/CodeIgniter.php(312): CodeIgniter\CodeIgniter->handleRequest(NULL, Object(Config\Cache), false)
#7 /var/www/html/momeawedding/public/index.php(45): CodeIgniter\CodeIgniter->run()
#8 /var/www/html/momeawedding/vendor/codeigniter4/framework/system/Commands/Server/rewrite.php(34): require_once('/var/www/html/m...')
#9 {main}
CRITICAL - 2020-09-17 16:43:34 --> Undefined variable: data
#0 /var/www/html/momeawedding/app/Controllers/Admin/Company.php(121): CodeIgniter\Debug\Exceptions->errorHandler(8, 'Undefined varia...', '/var/www/html/m...', 121, Array)
#1 /var/www/html/momeawedding/vendor/codeigniter4/framework/system/CodeIgniter.php(918): App\Controllers\Admin\Company->updatedata()
#2 /var/www/html/momeawedding/vendor/codeigniter4/framework/system/CodeIgniter.php(404): CodeIgniter\CodeIgniter->runController(Object(App\Controllers\Admin\Company))
#3 /var/www/html/momeawedding/vendor/codeigniter4/framework/system/CodeIgniter.php(312): CodeIgniter\CodeIgniter->handleRequest(NULL, Object(Config\Cache), false)
#4 /var/www/html/momeawedding/public/index.php(45): CodeIgniter\CodeIgniter->run()
#5 /var/www/html/momeawedding/vendor/codeigniter4/framework/system/Commands/Server/rewrite.php(34): require_once('/var/www/html/m...')
#6 {main}
CRITICAL - 2020-09-17 16:43:41 --> Undefined variable: data
#0 /var/www/html/momeawedding/app/Controllers/Admin/Company.php(121): CodeIgniter\Debug\Exceptions->errorHandler(8, 'Undefined varia...', '/var/www/html/m...', 121, Array)
#1 /var/www/html/momeawedding/vendor/codeigniter4/framework/system/CodeIgniter.php(918): App\Controllers\Admin\Company->updatedata()
#2 /var/www/html/momeawedding/vendor/codeigniter4/framework/system/CodeIgniter.php(404): CodeIgniter\CodeIgniter->runController(Object(App\Controllers\Admin\Company))
#3 /var/www/html/momeawedding/vendor/codeigniter4/framework/system/CodeIgniter.php(312): CodeIgniter\CodeIgniter->handleRequest(NULL, Object(Config\Cache), false)
#4 /var/www/html/momeawedding/public/index.php(45): CodeIgniter\CodeIgniter->run()
#5 /var/www/html/momeawedding/vendor/codeigniter4/framework/system/Commands/Server/rewrite.php(34): require_once('/var/www/html/m...')
#6 {main}
