CRITICAL - 2020-07-24 10:05:16 --> Invalid file: admin/login.php
#0 /var/www/html/testCi4/vendor/codeigniter4/framework/system/View/View.php(228): CodeIgniter\Exceptions\FrameworkException::forInvalidFile('admin/login.php')
#1 /var/www/html/testCi4/vendor/codeigniter4/framework/system/Common.php(1119): CodeIgniter\View\View->render('admin/login', Array, true)
#2 /var/www/html/testCi4/app/Controllers/Admin/Login.php(11): view('admin/login')
#3 /var/www/html/testCi4/vendor/codeigniter4/framework/system/CodeIgniter.php(918): App\Controllers\Admin\Login->index()
#4 /var/www/html/testCi4/vendor/codeigniter4/framework/system/CodeIgniter.php(404): CodeIgniter\CodeIgniter->runController(Object(App\Controllers\Admin\Login))
#5 /var/www/html/testCi4/vendor/codeigniter4/framework/system/CodeIgniter.php(312): CodeIgniter\CodeIgniter->handleRequest(NULL, Object(Config\Cache), false)
#6 /var/www/html/testCi4/public/index.php(45): CodeIgniter\CodeIgniter->run()
#7 /var/www/html/testCi4/vendor/codeigniter4/framework/system/Commands/Server/rewrite.php(34): require_once('/var/www/html/t...')
#8 {main}
CRITICAL - 2020-07-24 14:23:56 --> Invalid file: layout/v_head.php
#0 /var/www/html/testCi4/vendor/codeigniter4/framework/system/View/View.php(228): CodeIgniter\Exceptions\FrameworkException::forInvalidFile('layout/v_head.p...')
#1 /var/www/html/testCi4/vendor/codeigniter4/framework/system/Common.php(1119): CodeIgniter\View\View->render('layout/v_head.p...', Array, true)
#2 /var/www/html/testCi4/app/Views/admin/layout/v_wrapper.php(2): view('layout/v_head.p...')
#3 /var/www/html/testCi4/vendor/codeigniter4/framework/system/View/View.php(246): include('/var/www/html/t...')
#4 /var/www/html/testCi4/vendor/codeigniter4/framework/system/Common.php(1119): CodeIgniter\View\View->render('admin/layout/v_...', Array, true)
#5 /var/www/html/testCi4/app/Controllers/Admin/Dashboard.php(15): view('admin/layout/v_...', Array)
#6 /var/www/html/testCi4/vendor/codeigniter4/framework/system/CodeIgniter.php(918): App\Controllers\Admin\Dashboard->index()
#7 /var/www/html/testCi4/vendor/codeigniter4/framework/system/CodeIgniter.php(404): CodeIgniter\CodeIgniter->runController(Object(App\Controllers\Admin\Dashboard))
#8 /var/www/html/testCi4/vendor/codeigniter4/framework/system/CodeIgniter.php(312): CodeIgniter\CodeIgniter->handleRequest(NULL, Object(Config\Cache), false)
#9 /var/www/html/testCi4/public/index.php(45): CodeIgniter\CodeIgniter->run()
#10 /var/www/html/testCi4/vendor/codeigniter4/framework/system/Commands/Server/rewrite.php(34): require_once('/var/www/html/t...')
#11 {main}
CRITICAL - 2020-07-24 14:24:39 --> Invalid file: layout/v_head.php
#0 /var/www/html/testCi4/vendor/codeigniter4/framework/system/View/View.php(228): CodeIgniter\Exceptions\FrameworkException::forInvalidFile('layout/v_head.p...')
#1 /var/www/html/testCi4/vendor/codeigniter4/framework/system/Common.php(1119): CodeIgniter\View\View->render('layout/v_head.p...', Array, true)
#2 /var/www/html/testCi4/app/Views/admin/layout/v_wrapper.php(2): view('layout/v_head.p...')
#3 /var/www/html/testCi4/vendor/codeigniter4/framework/system/View/View.php(246): include('/var/www/html/t...')
#4 /var/www/html/testCi4/vendor/codeigniter4/framework/system/Common.php(1119): CodeIgniter\View\View->render('admin/layout/v_...', Array, true)
#5 /var/www/html/testCi4/app/Controllers/Admin/Dashboard.php(15): view('admin/layout/v_...', Array)
#6 /var/www/html/testCi4/vendor/codeigniter4/framework/system/CodeIgniter.php(918): App\Controllers\Admin\Dashboard->index()
#7 /var/www/html/testCi4/vendor/codeigniter4/framework/system/CodeIgniter.php(404): CodeIgniter\CodeIgniter->runController(Object(App\Controllers\Admin\Dashboard))
#8 /var/www/html/testCi4/vendor/codeigniter4/framework/system/CodeIgniter.php(312): CodeIgniter\CodeIgniter->handleRequest(NULL, Object(Config\Cache), false)
#9 /var/www/html/testCi4/public/index.php(45): CodeIgniter\CodeIgniter->run()
#10 /var/www/html/testCi4/vendor/codeigniter4/framework/system/Commands/Server/rewrite.php(34): require_once('/var/www/html/t...')
#11 {main}
CRITICAL - 2020-07-24 14:26:20 --> Invalid file: layout/v_head.php
#0 /var/www/html/testCi4/vendor/codeigniter4/framework/system/View/View.php(228): CodeIgniter\Exceptions\FrameworkException::forInvalidFile('layout/v_head.p...')
#1 /var/www/html/testCi4/vendor/codeigniter4/framework/system/Common.php(1119): CodeIgniter\View\View->render('layout/v_head.p...', Array, true)
#2 /var/www/html/testCi4/app/Views/admin/layout/v_wrapper.php(2): view('layout/v_head.p...')
#3 /var/www/html/testCi4/vendor/codeigniter4/framework/system/View/View.php(246): include('/var/www/html/t...')
#4 /var/www/html/testCi4/vendor/codeigniter4/framework/system/Common.php(1119): CodeIgniter\View\View->render('admin/layout/v_...', Array, true)
#5 /var/www/html/testCi4/app/Controllers/Admin/Dashboard.php(15): view('admin/layout/v_...', Array)
#6 /var/www/html/testCi4/vendor/codeigniter4/framework/system/CodeIgniter.php(918): App\Controllers\Admin\Dashboard->index()
#7 /var/www/html/testCi4/vendor/codeigniter4/framework/system/CodeIgniter.php(404): CodeIgniter\CodeIgniter->runController(Object(App\Controllers\Admin\Dashboard))
#8 /var/www/html/testCi4/vendor/codeigniter4/framework/system/CodeIgniter.php(312): CodeIgniter\CodeIgniter->handleRequest(NULL, Object(Config\Cache), false)
#9 /var/www/html/testCi4/public/index.php(45): CodeIgniter\CodeIgniter->run()
#10 /var/www/html/testCi4/vendor/codeigniter4/framework/system/Commands/Server/rewrite.php(34): require_once('/var/www/html/t...')
#11 {main}
CRITICAL - 2020-07-24 14:26:23 --> Invalid file: layout/v_head.php
#0 /var/www/html/testCi4/vendor/codeigniter4/framework/system/View/View.php(228): CodeIgniter\Exceptions\FrameworkException::forInvalidFile('layout/v_head.p...')
#1 /var/www/html/testCi4/vendor/codeigniter4/framework/system/Common.php(1119): CodeIgniter\View\View->render('layout/v_head.p...', Array, true)
#2 /var/www/html/testCi4/app/Views/admin/layout/v_wrapper.php(2): view('layout/v_head.p...')
#3 /var/www/html/testCi4/vendor/codeigniter4/framework/system/View/View.php(246): include('/var/www/html/t...')
#4 /var/www/html/testCi4/vendor/codeigniter4/framework/system/Common.php(1119): CodeIgniter\View\View->render('admin/layout/v_...', Array, true)
#5 /var/www/html/testCi4/app/Controllers/Admin/Dashboard.php(15): view('admin/layout/v_...', Array)
#6 /var/www/html/testCi4/vendor/codeigniter4/framework/system/CodeIgniter.php(918): App\Controllers\Admin\Dashboard->index()
#7 /var/www/html/testCi4/vendor/codeigniter4/framework/system/CodeIgniter.php(404): CodeIgniter\CodeIgniter->runController(Object(App\Controllers\Admin\Dashboard))
#8 /var/www/html/testCi4/vendor/codeigniter4/framework/system/CodeIgniter.php(312): CodeIgniter\CodeIgniter->handleRequest(NULL, Object(Config\Cache), false)
#9 /var/www/html/testCi4/public/index.php(45): CodeIgniter\CodeIgniter->run()
#10 /var/www/html/testCi4/vendor/codeigniter4/framework/system/Commands/Server/rewrite.php(34): require_once('/var/www/html/t...')
#11 {main}
CRITICAL - 2020-07-24 14:27:01 --> Invalid file: layout/v_head.php
#0 /var/www/html/testCi4/vendor/codeigniter4/framework/system/View/View.php(228): CodeIgniter\Exceptions\FrameworkException::forInvalidFile('layout/v_head.p...')
#1 /var/www/html/testCi4/vendor/codeigniter4/framework/system/Common.php(1119): CodeIgniter\View\View->render('layout/v_head.p...', Array, true)
#2 /var/www/html/testCi4/app/Views/admin/layout/v_wrapper.php(2): view('layout/v_head.p...')
#3 /var/www/html/testCi4/vendor/codeigniter4/framework/system/View/View.php(246): include('/var/www/html/t...')
#4 /var/www/html/testCi4/vendor/codeigniter4/framework/system/Common.php(1119): CodeIgniter\View\View->render('admin/layout/v_...', Array, true)
#5 /var/www/html/testCi4/app/Controllers/Admin/Dashboard.php(15): view('admin/layout/v_...', Array)
#6 /var/www/html/testCi4/vendor/codeigniter4/framework/system/CodeIgniter.php(918): App\Controllers\Admin\Dashboard->index()
#7 /var/www/html/testCi4/vendor/codeigniter4/framework/system/CodeIgniter.php(404): CodeIgniter\CodeIgniter->runController(Object(App\Controllers\Admin\Dashboard))
#8 /var/www/html/testCi4/vendor/codeigniter4/framework/system/CodeIgniter.php(312): CodeIgniter\CodeIgniter->handleRequest(NULL, Object(Config\Cache), false)
#9 /var/www/html/testCi4/public/index.php(45): CodeIgniter\CodeIgniter->run()
#10 /var/www/html/testCi4/vendor/codeigniter4/framework/system/Commands/Server/rewrite.php(34): require_once('/var/www/html/t...')
#11 {main}
CRITICAL - 2020-07-24 14:27:13 --> Invalid file: layout/v_wrapper.php
#0 /var/www/html/testCi4/vendor/codeigniter4/framework/system/View/View.php(228): CodeIgniter\Exceptions\FrameworkException::forInvalidFile('layout/v_wrappe...')
#1 /var/www/html/testCi4/vendor/codeigniter4/framework/system/Common.php(1119): CodeIgniter\View\View->render('layout/v_wrappe...', Array, true)
#2 /var/www/html/testCi4/app/Controllers/Admin/Dashboard.php(15): view('layout/v_wrappe...', Array)
#3 /var/www/html/testCi4/vendor/codeigniter4/framework/system/CodeIgniter.php(918): App\Controllers\Admin\Dashboard->index()
#4 /var/www/html/testCi4/vendor/codeigniter4/framework/system/CodeIgniter.php(404): CodeIgniter\CodeIgniter->runController(Object(App\Controllers\Admin\Dashboard))
#5 /var/www/html/testCi4/vendor/codeigniter4/framework/system/CodeIgniter.php(312): CodeIgniter\CodeIgniter->handleRequest(NULL, Object(Config\Cache), false)
#6 /var/www/html/testCi4/public/index.php(45): CodeIgniter\CodeIgniter->run()
#7 /var/www/html/testCi4/vendor/codeigniter4/framework/system/Commands/Server/rewrite.php(34): require_once('/var/www/html/t...')
#8 {main}
CRITICAL - 2020-07-24 14:27:15 --> Invalid file: layout/v_wrapper.php
#0 /var/www/html/testCi4/vendor/codeigniter4/framework/system/View/View.php(228): CodeIgniter\Exceptions\FrameworkException::forInvalidFile('layout/v_wrappe...')
#1 /var/www/html/testCi4/vendor/codeigniter4/framework/system/Common.php(1119): CodeIgniter\View\View->render('layout/v_wrappe...', Array, true)
#2 /var/www/html/testCi4/app/Controllers/Admin/Dashboard.php(15): view('layout/v_wrappe...', Array)
#3 /var/www/html/testCi4/vendor/codeigniter4/framework/system/CodeIgniter.php(918): App\Controllers\Admin\Dashboard->index()
#4 /var/www/html/testCi4/vendor/codeigniter4/framework/system/CodeIgniter.php(404): CodeIgniter\CodeIgniter->runController(Object(App\Controllers\Admin\Dashboard))
#5 /var/www/html/testCi4/vendor/codeigniter4/framework/system/CodeIgniter.php(312): CodeIgniter\CodeIgniter->handleRequest(NULL, Object(Config\Cache), false)
#6 /var/www/html/testCi4/public/index.php(45): CodeIgniter\CodeIgniter->run()
#7 /var/www/html/testCi4/vendor/codeigniter4/framework/system/Commands/Server/rewrite.php(34): require_once('/var/www/html/t...')
#8 {main}
CRITICAL - 2020-07-24 14:27:15 --> Invalid file: layout/v_wrapper.php
#0 /var/www/html/testCi4/vendor/codeigniter4/framework/system/View/View.php(228): CodeIgniter\Exceptions\FrameworkException::forInvalidFile('layout/v_wrappe...')
#1 /var/www/html/testCi4/vendor/codeigniter4/framework/system/Common.php(1119): CodeIgniter\View\View->render('layout/v_wrappe...', Array, true)
#2 /var/www/html/testCi4/app/Controllers/Admin/Dashboard.php(15): view('layout/v_wrappe...', Array)
#3 /var/www/html/testCi4/vendor/codeigniter4/framework/system/CodeIgniter.php(918): App\Controllers\Admin\Dashboard->index()
#4 /var/www/html/testCi4/vendor/codeigniter4/framework/system/CodeIgniter.php(404): CodeIgniter\CodeIgniter->runController(Object(App\Controllers\Admin\Dashboard))
#5 /var/www/html/testCi4/vendor/codeigniter4/framework/system/CodeIgniter.php(312): CodeIgniter\CodeIgniter->handleRequest(NULL, Object(Config\Cache), false)
#6 /var/www/html/testCi4/public/index.php(45): CodeIgniter\CodeIgniter->run()
#7 /var/www/html/testCi4/vendor/codeigniter4/framework/system/Commands/Server/rewrite.php(34): require_once('/var/www/html/t...')
#8 {main}
CRITICAL - 2020-07-24 14:27:16 --> Invalid file: layout/v_wrapper.php
#0 /var/www/html/testCi4/vendor/codeigniter4/framework/system/View/View.php(228): CodeIgniter\Exceptions\FrameworkException::forInvalidFile('layout/v_wrappe...')
#1 /var/www/html/testCi4/vendor/codeigniter4/framework/system/Common.php(1119): CodeIgniter\View\View->render('layout/v_wrappe...', Array, true)
#2 /var/www/html/testCi4/app/Controllers/Admin/Dashboard.php(15): view('layout/v_wrappe...', Array)
#3 /var/www/html/testCi4/vendor/codeigniter4/framework/system/CodeIgniter.php(918): App\Controllers\Admin\Dashboard->index()
#4 /var/www/html/testCi4/vendor/codeigniter4/framework/system/CodeIgniter.php(404): CodeIgniter\CodeIgniter->runController(Object(App\Controllers\Admin\Dashboard))
#5 /var/www/html/testCi4/vendor/codeigniter4/framework/system/CodeIgniter.php(312): CodeIgniter\CodeIgniter->handleRequest(NULL, Object(Config\Cache), false)
#6 /var/www/html/testCi4/public/index.php(45): CodeIgniter\CodeIgniter->run()
#7 /var/www/html/testCi4/vendor/codeigniter4/framework/system/Commands/Server/rewrite.php(34): require_once('/var/www/html/t...')
#8 {main}
CRITICAL - 2020-07-24 14:29:38 --> Invalid file: layout/v_wrapper.php
#0 /var/www/html/testCi4/vendor/codeigniter4/framework/system/View/View.php(228): CodeIgniter\Exceptions\FrameworkException::forInvalidFile('layout/v_wrappe...')
#1 /var/www/html/testCi4/vendor/codeigniter4/framework/system/Common.php(1119): CodeIgniter\View\View->render('layout/v_wrappe...', Array, true)
#2 /var/www/html/testCi4/app/Controllers/Admin/Dashboard.php(19): view('layout/v_wrappe...', Array)
#3 /var/www/html/testCi4/vendor/codeigniter4/framework/system/CodeIgniter.php(918): App\Controllers\Admin\Dashboard->index()
#4 /var/www/html/testCi4/vendor/codeigniter4/framework/system/CodeIgniter.php(404): CodeIgniter\CodeIgniter->runController(Object(App\Controllers\Admin\Dashboard))
#5 /var/www/html/testCi4/vendor/codeigniter4/framework/system/CodeIgniter.php(312): CodeIgniter\CodeIgniter->handleRequest(NULL, Object(Config\Cache), false)
#6 /var/www/html/testCi4/public/index.php(45): CodeIgniter\CodeIgniter->run()
#7 /var/www/html/testCi4/vendor/codeigniter4/framework/system/Commands/Server/rewrite.php(34): require_once('/var/www/html/t...')
#8 {main}
CRITICAL - 2020-07-24 14:29:40 --> Invalid file: layout/v_wrapper.php
#0 /var/www/html/testCi4/vendor/codeigniter4/framework/system/View/View.php(228): CodeIgniter\Exceptions\FrameworkException::forInvalidFile('layout/v_wrappe...')
#1 /var/www/html/testCi4/vendor/codeigniter4/framework/system/Common.php(1119): CodeIgniter\View\View->render('layout/v_wrappe...', Array, true)
#2 /var/www/html/testCi4/app/Controllers/Admin/Dashboard.php(19): view('layout/v_wrappe...', Array)
#3 /var/www/html/testCi4/vendor/codeigniter4/framework/system/CodeIgniter.php(918): App\Controllers\Admin\Dashboard->index()
#4 /var/www/html/testCi4/vendor/codeigniter4/framework/system/CodeIgniter.php(404): CodeIgniter\CodeIgniter->runController(Object(App\Controllers\Admin\Dashboard))
#5 /var/www/html/testCi4/vendor/codeigniter4/framework/system/CodeIgniter.php(312): CodeIgniter\CodeIgniter->handleRequest(NULL, Object(Config\Cache), false)
#6 /var/www/html/testCi4/public/index.php(45): CodeIgniter\CodeIgniter->run()
#7 /var/www/html/testCi4/vendor/codeigniter4/framework/system/Commands/Server/rewrite.php(34): require_once('/var/www/html/t...')
#8 {main}
CRITICAL - 2020-07-24 14:30:37 --> Invalid file: v_dashboard.php
#0 /var/www/html/testCi4/vendor/codeigniter4/framework/system/View/View.php(228): CodeIgniter\Exceptions\FrameworkException::forInvalidFile('v_dashboard.php')
#1 /var/www/html/testCi4/vendor/codeigniter4/framework/system/Common.php(1119): CodeIgniter\View\View->render('v_dashboard', Array, true)
#2 /var/www/html/testCi4/app/Controllers/Admin/Dashboard.php(19): view('v_dashboard', Array)
#3 /var/www/html/testCi4/vendor/codeigniter4/framework/system/CodeIgniter.php(918): App\Controllers\Admin\Dashboard->index()
#4 /var/www/html/testCi4/vendor/codeigniter4/framework/system/CodeIgniter.php(404): CodeIgniter\CodeIgniter->runController(Object(App\Controllers\Admin\Dashboard))
#5 /var/www/html/testCi4/vendor/codeigniter4/framework/system/CodeIgniter.php(312): CodeIgniter\CodeIgniter->handleRequest(NULL, Object(Config\Cache), false)
#6 /var/www/html/testCi4/public/index.php(45): CodeIgniter\CodeIgniter->run()
#7 /var/www/html/testCi4/vendor/codeigniter4/framework/system/Commands/Server/rewrite.php(34): require_once('/var/www/html/t...')
#8 {main}
CRITICAL - 2020-07-24 14:30:43 --> Invalid file: v_dashboard.php
#0 /var/www/html/testCi4/vendor/codeigniter4/framework/system/View/View.php(228): CodeIgniter\Exceptions\FrameworkException::forInvalidFile('v_dashboard.php')
#1 /var/www/html/testCi4/vendor/codeigniter4/framework/system/Common.php(1119): CodeIgniter\View\View->render('v_dashboard', Array, true)
#2 /var/www/html/testCi4/app/Controllers/Admin/Dashboard.php(19): view('v_dashboard', Array)
#3 /var/www/html/testCi4/vendor/codeigniter4/framework/system/CodeIgniter.php(918): App\Controllers\Admin\Dashboard->index()
#4 /var/www/html/testCi4/vendor/codeigniter4/framework/system/CodeIgniter.php(404): CodeIgniter\CodeIgniter->runController(Object(App\Controllers\Admin\Dashboard))
#5 /var/www/html/testCi4/vendor/codeigniter4/framework/system/CodeIgniter.php(312): CodeIgniter\CodeIgniter->handleRequest(NULL, Object(Config\Cache), false)
#6 /var/www/html/testCi4/public/index.php(45): CodeIgniter\CodeIgniter->run()
#7 /var/www/html/testCi4/vendor/codeigniter4/framework/system/Commands/Server/rewrite.php(34): require_once('/var/www/html/t...')
#8 {main}
CRITICAL - 2020-07-24 14:30:52 --> Invalid file: v_dashboard.php
#0 /var/www/html/testCi4/vendor/codeigniter4/framework/system/View/View.php(228): CodeIgniter\Exceptions\FrameworkException::forInvalidFile('v_dashboard.php')
#1 /var/www/html/testCi4/vendor/codeigniter4/framework/system/Common.php(1119): CodeIgniter\View\View->render('v_dashboard', Array, true)
#2 /var/www/html/testCi4/app/Controllers/Admin/Dashboard.php(19): view('v_dashboard', Array)
#3 /var/www/html/testCi4/vendor/codeigniter4/framework/system/CodeIgniter.php(918): App\Controllers\Admin\Dashboard->index()
#4 /var/www/html/testCi4/vendor/codeigniter4/framework/system/CodeIgniter.php(404): CodeIgniter\CodeIgniter->runController(Object(App\Controllers\Admin\Dashboard))
#5 /var/www/html/testCi4/vendor/codeigniter4/framework/system/CodeIgniter.php(312): CodeIgniter\CodeIgniter->handleRequest(NULL, Object(Config\Cache), false)
#6 /var/www/html/testCi4/public/index.php(45): CodeIgniter\CodeIgniter->run()
#7 /var/www/html/testCi4/vendor/codeigniter4/framework/system/Commands/Server/rewrite.php(34): require_once('/var/www/html/t...')
#8 {main}
CRITICAL - 2020-07-24 14:31:23 --> Invalid file: admin/layout/v_dashboard.php
#0 /var/www/html/testCi4/vendor/codeigniter4/framework/system/View/View.php(228): CodeIgniter\Exceptions\FrameworkException::forInvalidFile('admin/layout/v_...')
#1 /var/www/html/testCi4/vendor/codeigniter4/framework/system/Common.php(1119): CodeIgniter\View\View->render('admin/layout/v_...', Array, true)
#2 /var/www/html/testCi4/app/Controllers/Admin/Dashboard.php(19): view('admin/layout/v_...', Array)
#3 /var/www/html/testCi4/vendor/codeigniter4/framework/system/CodeIgniter.php(918): App\Controllers\Admin\Dashboard->index()
#4 /var/www/html/testCi4/vendor/codeigniter4/framework/system/CodeIgniter.php(404): CodeIgniter\CodeIgniter->runController(Object(App\Controllers\Admin\Dashboard))
#5 /var/www/html/testCi4/vendor/codeigniter4/framework/system/CodeIgniter.php(312): CodeIgniter\CodeIgniter->handleRequest(NULL, Object(Config\Cache), false)
#6 /var/www/html/testCi4/public/index.php(45): CodeIgniter\CodeIgniter->run()
#7 /var/www/html/testCi4/vendor/codeigniter4/framework/system/Commands/Server/rewrite.php(34): require_once('/var/www/html/t...')
#8 {main}
CRITICAL - 2020-07-24 14:31:44 --> Invalid file: layout/v_head.php
#0 /var/www/html/testCi4/vendor/codeigniter4/framework/system/View/View.php(228): CodeIgniter\Exceptions\FrameworkException::forInvalidFile('layout/v_head.p...')
#1 /var/www/html/testCi4/vendor/codeigniter4/framework/system/Common.php(1119): CodeIgniter\View\View->render('layout/v_head.p...', Array, true)
#2 /var/www/html/testCi4/app/Views/admin/layout/v_wrapper.php(2): view('layout/v_head.p...')
#3 /var/www/html/testCi4/vendor/codeigniter4/framework/system/View/View.php(246): include('/var/www/html/t...')
#4 /var/www/html/testCi4/vendor/codeigniter4/framework/system/Common.php(1119): CodeIgniter\View\View->render('admin/layout/v_...', Array, true)
#5 /var/www/html/testCi4/app/Controllers/Admin/Dashboard.php(19): view('admin/layout/v_...', Array)
#6 /var/www/html/testCi4/vendor/codeigniter4/framework/system/CodeIgniter.php(918): App\Controllers\Admin\Dashboard->index()
#7 /var/www/html/testCi4/vendor/codeigniter4/framework/system/CodeIgniter.php(404): CodeIgniter\CodeIgniter->runController(Object(App\Controllers\Admin\Dashboard))
#8 /var/www/html/testCi4/vendor/codeigniter4/framework/system/CodeIgniter.php(312): CodeIgniter\CodeIgniter->handleRequest(NULL, Object(Config\Cache), false)
#9 /var/www/html/testCi4/public/index.php(45): CodeIgniter\CodeIgniter->run()
#10 /var/www/html/testCi4/vendor/codeigniter4/framework/system/Commands/Server/rewrite.php(34): require_once('/var/www/html/t...')
#11 {main}
CRITICAL - 2020-07-24 14:33:00 --> Invalid file: layout/v_wrapper.php
#0 /var/www/html/testCi4/vendor/codeigniter4/framework/system/View/View.php(228): CodeIgniter\Exceptions\FrameworkException::forInvalidFile('layout/v_wrappe...')
#1 /var/www/html/testCi4/vendor/codeigniter4/framework/system/Common.php(1119): CodeIgniter\View\View->render('layout/v_wrappe...', Array, true)
#2 /var/www/html/testCi4/app/Controllers/Admin/Home.php(19): view('layout/v_wrappe...', Array)
#3 /var/www/html/testCi4/vendor/codeigniter4/framework/system/CodeIgniter.php(918): App\Controllers\Admin\Home->index()
#4 /var/www/html/testCi4/vendor/codeigniter4/framework/system/CodeIgniter.php(404): CodeIgniter\CodeIgniter->runController(Object(App\Controllers\Admin\Home))
#5 /var/www/html/testCi4/vendor/codeigniter4/framework/system/CodeIgniter.php(312): CodeIgniter\CodeIgniter->handleRequest(NULL, Object(Config\Cache), false)
#6 /var/www/html/testCi4/public/index.php(45): CodeIgniter\CodeIgniter->run()
#7 /var/www/html/testCi4/vendor/codeigniter4/framework/system/Commands/Server/rewrite.php(34): require_once('/var/www/html/t...')
#8 {main}
CRITICAL - 2020-07-24 14:36:27 --> Invalid file: layout/v_head.php
#0 /var/www/html/testCi4/vendor/codeigniter4/framework/system/View/View.php(228): CodeIgniter\Exceptions\FrameworkException::forInvalidFile('layout/v_head.p...')
#1 /var/www/html/testCi4/vendor/codeigniter4/framework/system/Common.php(1119): CodeIgniter\View\View->render('layout/v_head.p...', Array, true)
#2 /var/www/html/testCi4/app/Views/admin/layout/v_wrapper.php(2): view('layout/v_head.p...')
#3 /var/www/html/testCi4/vendor/codeigniter4/framework/system/View/View.php(246): include('/var/www/html/t...')
#4 /var/www/html/testCi4/vendor/codeigniter4/framework/system/Common.php(1119): CodeIgniter\View\View->render('admin/layout/v_...', Array, true)
#5 /var/www/html/testCi4/app/Controllers/Admin/Dashboard.php(19): view('admin/layout/v_...', Array)
#6 /var/www/html/testCi4/vendor/codeigniter4/framework/system/CodeIgniter.php(918): App\Controllers\Admin\Dashboard->index()
#7 /var/www/html/testCi4/vendor/codeigniter4/framework/system/CodeIgniter.php(404): CodeIgniter\CodeIgniter->runController(Object(App\Controllers\Admin\Dashboard))
#8 /var/www/html/testCi4/vendor/codeigniter4/framework/system/CodeIgniter.php(312): CodeIgniter\CodeIgniter->handleRequest(NULL, Object(Config\Cache), false)
#9 /var/www/html/testCi4/public/index.php(45): CodeIgniter\CodeIgniter->run()
#10 /var/www/html/testCi4/vendor/codeigniter4/framework/system/Commands/Server/rewrite.php(34): require_once('/var/www/html/t...')
#11 {main}
CRITICAL - 2020-07-24 14:36:29 --> Invalid file: layout/v_head.php
#0 /var/www/html/testCi4/vendor/codeigniter4/framework/system/View/View.php(228): CodeIgniter\Exceptions\FrameworkException::forInvalidFile('layout/v_head.p...')
#1 /var/www/html/testCi4/vendor/codeigniter4/framework/system/Common.php(1119): CodeIgniter\View\View->render('layout/v_head.p...', Array, true)
#2 /var/www/html/testCi4/app/Views/admin/layout/v_wrapper.php(2): view('layout/v_head.p...')
#3 /var/www/html/testCi4/vendor/codeigniter4/framework/system/View/View.php(246): include('/var/www/html/t...')
#4 /var/www/html/testCi4/vendor/codeigniter4/framework/system/Common.php(1119): CodeIgniter\View\View->render('admin/layout/v_...', Array, true)
#5 /var/www/html/testCi4/app/Controllers/Admin/Dashboard.php(19): view('admin/layout/v_...', Array)
#6 /var/www/html/testCi4/vendor/codeigniter4/framework/system/CodeIgniter.php(918): App\Controllers\Admin\Dashboard->index()
#7 /var/www/html/testCi4/vendor/codeigniter4/framework/system/CodeIgniter.php(404): CodeIgniter\CodeIgniter->runController(Object(App\Controllers\Admin\Dashboard))
#8 /var/www/html/testCi4/vendor/codeigniter4/framework/system/CodeIgniter.php(312): CodeIgniter\CodeIgniter->handleRequest(NULL, Object(Config\Cache), false)
#9 /var/www/html/testCi4/public/index.php(45): CodeIgniter\CodeIgniter->run()
#10 /var/www/html/testCi4/vendor/codeigniter4/framework/system/Commands/Server/rewrite.php(34): require_once('/var/www/html/t...')
#11 {main}
CRITICAL - 2020-07-24 14:36:30 --> Invalid file: layout/v_head.php
#0 /var/www/html/testCi4/vendor/codeigniter4/framework/system/View/View.php(228): CodeIgniter\Exceptions\FrameworkException::forInvalidFile('layout/v_head.p...')
#1 /var/www/html/testCi4/vendor/codeigniter4/framework/system/Common.php(1119): CodeIgniter\View\View->render('layout/v_head.p...', Array, true)
#2 /var/www/html/testCi4/app/Views/admin/layout/v_wrapper.php(2): view('layout/v_head.p...')
#3 /var/www/html/testCi4/vendor/codeigniter4/framework/system/View/View.php(246): include('/var/www/html/t...')
#4 /var/www/html/testCi4/vendor/codeigniter4/framework/system/Common.php(1119): CodeIgniter\View\View->render('admin/layout/v_...', Array, true)
#5 /var/www/html/testCi4/app/Controllers/Admin/Dashboard.php(19): view('admin/layout/v_...', Array)
#6 /var/www/html/testCi4/vendor/codeigniter4/framework/system/CodeIgniter.php(918): App\Controllers\Admin\Dashboard->index()
#7 /var/www/html/testCi4/vendor/codeigniter4/framework/system/CodeIgniter.php(404): CodeIgniter\CodeIgniter->runController(Object(App\Controllers\Admin\Dashboard))
#8 /var/www/html/testCi4/vendor/codeigniter4/framework/system/CodeIgniter.php(312): CodeIgniter\CodeIgniter->handleRequest(NULL, Object(Config\Cache), false)
#9 /var/www/html/testCi4/public/index.php(45): CodeIgniter\CodeIgniter->run()
#10 /var/www/html/testCi4/vendor/codeigniter4/framework/system/Commands/Server/rewrite.php(34): require_once('/var/www/html/t...')
#11 {main}
CRITICAL - 2020-07-24 14:36:31 --> Invalid file: layout/v_head.php
#0 /var/www/html/testCi4/vendor/codeigniter4/framework/system/View/View.php(228): CodeIgniter\Exceptions\FrameworkException::forInvalidFile('layout/v_head.p...')
#1 /var/www/html/testCi4/vendor/codeigniter4/framework/system/Common.php(1119): CodeIgniter\View\View->render('layout/v_head.p...', Array, true)
#2 /var/www/html/testCi4/app/Views/admin/layout/v_wrapper.php(2): view('layout/v_head.p...')
#3 /var/www/html/testCi4/vendor/codeigniter4/framework/system/View/View.php(246): include('/var/www/html/t...')
#4 /var/www/html/testCi4/vendor/codeigniter4/framework/system/Common.php(1119): CodeIgniter\View\View->render('admin/layout/v_...', Array, true)
#5 /var/www/html/testCi4/app/Controllers/Admin/Dashboard.php(19): view('admin/layout/v_...', Array)
#6 /var/www/html/testCi4/vendor/codeigniter4/framework/system/CodeIgniter.php(918): App\Controllers\Admin\Dashboard->index()
#7 /var/www/html/testCi4/vendor/codeigniter4/framework/system/CodeIgniter.php(404): CodeIgniter\CodeIgniter->runController(Object(App\Controllers\Admin\Dashboard))
#8 /var/www/html/testCi4/vendor/codeigniter4/framework/system/CodeIgniter.php(312): CodeIgniter\CodeIgniter->handleRequest(NULL, Object(Config\Cache), false)
#9 /var/www/html/testCi4/public/index.php(45): CodeIgniter\CodeIgniter->run()
#10 /var/www/html/testCi4/vendor/codeigniter4/framework/system/Commands/Server/rewrite.php(34): require_once('/var/www/html/t...')
#11 {main}
