CRITICAL - 2020-09-16 00:08:54 --> Invalid file: front/pages/all_packages.php
#0 /var/www/html/momeawedding/vendor/codeigniter4/framework/system/View/View.php(228): CodeIgniter\Exceptions\FrameworkException::forInvalidFile('front/pages/all...')
#1 /var/www/html/momeawedding/vendor/codeigniter4/framework/system/Common.php(1119): CodeIgniter\View\View->render('front/pages/all...', Array, true)
#2 /var/www/html/momeawedding/app/Controllers/Pages.php(143): view('front/pages/all...', Array)
#3 /var/www/html/momeawedding/vendor/codeigniter4/framework/system/CodeIgniter.php(918): App\Controllers\Pages->all_packages()
#4 /var/www/html/momeawedding/vendor/codeigniter4/framework/system/CodeIgniter.php(404): CodeIgniter\CodeIgniter->runController(Object(App\Controllers\Pages))
#5 /var/www/html/momeawedding/vendor/codeigniter4/framework/system/CodeIgniter.php(312): CodeIgniter\CodeIgniter->handleRequest(NULL, Object(Config\Cache), false)
#6 /var/www/html/momeawedding/public/index.php(45): CodeIgniter\CodeIgniter->run()
#7 /var/www/html/momeawedding/vendor/codeigniter4/framework/system/Commands/Server/rewrite.php(34): require_once('/var/www/html/m...')
#8 {main}
CRITICAL - 2020-09-16 00:10:38 --> Unknown column 'a.status_act' in 'where clause'
#0 /var/www/html/momeawedding/vendor/codeigniter4/framework/system/Database/MySQLi/Connection.php(331): mysqli->query('SELECT *\nFROM `...')
#1 /var/www/html/momeawedding/vendor/codeigniter4/framework/system/Database/BaseConnection.php(741): CodeIgniter\Database\MySQLi\Connection->execute('SELECT *\nFROM `...')
#2 /var/www/html/momeawedding/vendor/codeigniter4/framework/system/Database/BaseConnection.php(669): CodeIgniter\Database\BaseConnection->simpleQuery('SELECT *\nFROM `...')
#3 /var/www/html/momeawedding/vendor/codeigniter4/framework/system/Database/BaseBuilder.php(1860): CodeIgniter\Database\BaseConnection->query('SELECT *\nFROM `...', Array, false)
#4 /var/www/html/momeawedding/app/Models/ProductModel.php(20): CodeIgniter\Database\BaseBuilder->get()
#5 /var/www/html/momeawedding/app/Controllers/Admin/Product.php(31): App\Models\ProductModel->get_product()
#6 /var/www/html/momeawedding/vendor/codeigniter4/framework/system/CodeIgniter.php(918): App\Controllers\Admin\Product->index()
#7 /var/www/html/momeawedding/vendor/codeigniter4/framework/system/CodeIgniter.php(404): CodeIgniter\CodeIgniter->runController(Object(App\Controllers\Admin\Product))
#8 /var/www/html/momeawedding/vendor/codeigniter4/framework/system/CodeIgniter.php(312): CodeIgniter\CodeIgniter->handleRequest(NULL, Object(Config\Cache), false)
#9 /var/www/html/momeawedding/public/index.php(45): CodeIgniter\CodeIgniter->run()
#10 /var/www/html/momeawedding/vendor/codeigniter4/framework/system/Commands/Server/rewrite.php(34): require_once('/var/www/html/m...')
#11 {main}
CRITICAL - 2020-09-16 00:11:58 --> Unknown column 'a.status_act' in 'where clause'
#0 /var/www/html/momeawedding/vendor/codeigniter4/framework/system/Database/MySQLi/Connection.php(331): mysqli->query('SELECT *\nFROM `...')
#1 /var/www/html/momeawedding/vendor/codeigniter4/framework/system/Database/BaseConnection.php(741): CodeIgniter\Database\MySQLi\Connection->execute('SELECT *\nFROM `...')
#2 /var/www/html/momeawedding/vendor/codeigniter4/framework/system/Database/BaseConnection.php(669): CodeIgniter\Database\BaseConnection->simpleQuery('SELECT *\nFROM `...')
#3 /var/www/html/momeawedding/vendor/codeigniter4/framework/system/Database/BaseBuilder.php(1860): CodeIgniter\Database\BaseConnection->query('SELECT *\nFROM `...', Array, false)
#4 /var/www/html/momeawedding/app/Models/ProductModel.php(20): CodeIgniter\Database\BaseBuilder->get()
#5 /var/www/html/momeawedding/app/Controllers/Admin/Product.php(31): App\Models\ProductModel->get_product()
#6 /var/www/html/momeawedding/vendor/codeigniter4/framework/system/CodeIgniter.php(918): App\Controllers\Admin\Product->index()
#7 /var/www/html/momeawedding/vendor/codeigniter4/framework/system/CodeIgniter.php(404): CodeIgniter\CodeIgniter->runController(Object(App\Controllers\Admin\Product))
#8 /var/www/html/momeawedding/vendor/codeigniter4/framework/system/CodeIgniter.php(312): CodeIgniter\CodeIgniter->handleRequest(NULL, Object(Config\Cache), false)
#9 /var/www/html/momeawedding/public/index.php(45): CodeIgniter\CodeIgniter->run()
#10 /var/www/html/momeawedding/vendor/codeigniter4/framework/system/Commands/Server/rewrite.php(34): require_once('/var/www/html/m...')
#11 {main}
CRITICAL - 2020-09-16 00:12:40 --> Unknown column 'a.status_act' in 'where clause'
#0 /var/www/html/momeawedding/vendor/codeigniter4/framework/system/Database/MySQLi/Connection.php(331): mysqli->query('SELECT *\nFROM `...')
#1 /var/www/html/momeawedding/vendor/codeigniter4/framework/system/Database/BaseConnection.php(741): CodeIgniter\Database\MySQLi\Connection->execute('SELECT *\nFROM `...')
#2 /var/www/html/momeawedding/vendor/codeigniter4/framework/system/Database/BaseConnection.php(669): CodeIgniter\Database\BaseConnection->simpleQuery('SELECT *\nFROM `...')
#3 /var/www/html/momeawedding/vendor/codeigniter4/framework/system/Database/BaseBuilder.php(1860): CodeIgniter\Database\BaseConnection->query('SELECT *\nFROM `...', Array, false)
#4 /var/www/html/momeawedding/app/Models/ProductModel.php(42): CodeIgniter\Database\BaseBuilder->get()
#5 /var/www/html/momeawedding/app/Controllers/Admin/Product.php(260): App\Models\ProductModel->getbyid('6')
#6 /var/www/html/momeawedding/vendor/codeigniter4/framework/system/CodeIgniter.php(918): App\Controllers\Admin\Product->detail()
#7 /var/www/html/momeawedding/vendor/codeigniter4/framework/system/CodeIgniter.php(404): CodeIgniter\CodeIgniter->runController(Object(App\Controllers\Admin\Product))
#8 /var/www/html/momeawedding/vendor/codeigniter4/framework/system/CodeIgniter.php(312): CodeIgniter\CodeIgniter->handleRequest(NULL, Object(Config\Cache), false)
#9 /var/www/html/momeawedding/public/index.php(45): CodeIgniter\CodeIgniter->run()
#10 /var/www/html/momeawedding/vendor/codeigniter4/framework/system/Commands/Server/rewrite.php(34): require_once('/var/www/html/m...')
#11 {main}
CRITICAL - 2020-09-16 00:12:46 --> Unknown column 'a.status_act' in 'where clause'
#0 /var/www/html/momeawedding/vendor/codeigniter4/framework/system/Database/MySQLi/Connection.php(331): mysqli->query('SELECT *\nFROM `...')
#1 /var/www/html/momeawedding/vendor/codeigniter4/framework/system/Database/BaseConnection.php(741): CodeIgniter\Database\MySQLi\Connection->execute('SELECT *\nFROM `...')
#2 /var/www/html/momeawedding/vendor/codeigniter4/framework/system/Database/BaseConnection.php(669): CodeIgniter\Database\BaseConnection->simpleQuery('SELECT *\nFROM `...')
#3 /var/www/html/momeawedding/vendor/codeigniter4/framework/system/Database/BaseBuilder.php(1860): CodeIgniter\Database\BaseConnection->query('SELECT *\nFROM `...', Array, false)
#4 /var/www/html/momeawedding/app/Models/ProductModel.php(42): CodeIgniter\Database\BaseBuilder->get()
#5 /var/www/html/momeawedding/app/Controllers/Admin/Product.php(260): App\Models\ProductModel->getbyid('5')
#6 /var/www/html/momeawedding/vendor/codeigniter4/framework/system/CodeIgniter.php(918): App\Controllers\Admin\Product->detail()
#7 /var/www/html/momeawedding/vendor/codeigniter4/framework/system/CodeIgniter.php(404): CodeIgniter\CodeIgniter->runController(Object(App\Controllers\Admin\Product))
#8 /var/www/html/momeawedding/vendor/codeigniter4/framework/system/CodeIgniter.php(312): CodeIgniter\CodeIgniter->handleRequest(NULL, Object(Config\Cache), false)
#9 /var/www/html/momeawedding/public/index.php(45): CodeIgniter\CodeIgniter->run()
#10 /var/www/html/momeawedding/vendor/codeigniter4/framework/system/Commands/Server/rewrite.php(34): require_once('/var/www/html/m...')
#11 {main}
CRITICAL - 2020-09-16 10:43:06 --> Invalid file: front/pages/packages.php
#0 /var/www/html/momeawedding/vendor/codeigniter4/framework/system/View/View.php(228): CodeIgniter\Exceptions\FrameworkException::forInvalidFile('front/pages/pac...')
#1 /var/www/html/momeawedding/vendor/codeigniter4/framework/system/Common.php(1119): CodeIgniter\View\View->render('front/pages/pac...', Array, true)
#2 /var/www/html/momeawedding/app/Controllers/Packages.php(15): view('front/pages/pac...', Array)
#3 /var/www/html/momeawedding/vendor/codeigniter4/framework/system/CodeIgniter.php(918): App\Controllers\Packages->index()
#4 /var/www/html/momeawedding/vendor/codeigniter4/framework/system/CodeIgniter.php(404): CodeIgniter\CodeIgniter->runController(Object(App\Controllers\Packages))
#5 /var/www/html/momeawedding/vendor/codeigniter4/framework/system/CodeIgniter.php(312): CodeIgniter\CodeIgniter->handleRequest(NULL, Object(Config\Cache), false)
#6 /var/www/html/momeawedding/public/index.php(45): CodeIgniter\CodeIgniter->run()
#7 /var/www/html/momeawedding/vendor/codeigniter4/framework/system/Commands/Server/rewrite.php(34): require_once('/var/www/html/m...')
#8 {main}
CRITICAL - 2020-09-16 13:15:47 --> Invalid argument supplied for foreach()
#0 /var/www/html/momeawedding/app/Views/front/pages/packages.php(72): CodeIgniter\Debug\Exceptions->errorHandler(2, 'Invalid argumen...', '/var/www/html/m...', 72, Array)
#1 /var/www/html/momeawedding/vendor/codeigniter4/framework/system/View/View.php(246): include('/var/www/html/m...')
#2 /var/www/html/momeawedding/vendor/codeigniter4/framework/system/Common.php(1119): CodeIgniter\View\View->render('front/pages/pac...', Array, true)
#3 /var/www/html/momeawedding/app/Controllers/Packages.php(71): view('front/pages/pac...', Array)
#4 /var/www/html/momeawedding/vendor/codeigniter4/framework/system/CodeIgniter.php(918): App\Controllers\Packages->index()
#5 /var/www/html/momeawedding/vendor/codeigniter4/framework/system/CodeIgniter.php(404): CodeIgniter\CodeIgniter->runController(Object(App\Controllers\Packages))
#6 /var/www/html/momeawedding/vendor/codeigniter4/framework/system/CodeIgniter.php(312): CodeIgniter\CodeIgniter->handleRequest(NULL, Object(Config\Cache), false)
#7 /var/www/html/momeawedding/public/index.php(45): CodeIgniter\CodeIgniter->run()
#8 /var/www/html/momeawedding/vendor/codeigniter4/framework/system/Commands/Server/rewrite.php(34): require_once('/var/www/html/m...')
#9 {main}
CRITICAL - 2020-09-16 13:24:50 --> Undefined variable: product
#0 /var/www/html/momeawedding/app/Views/front/pages/packages.php(87): CodeIgniter\Debug\Exceptions->errorHandler(8, 'Undefined varia...', '/var/www/html/m...', 87, Array)
#1 /var/www/html/momeawedding/vendor/codeigniter4/framework/system/View/View.php(246): include('/var/www/html/m...')
#2 /var/www/html/momeawedding/vendor/codeigniter4/framework/system/Common.php(1119): CodeIgniter\View\View->render('front/pages/pac...', Array, true)
#3 /var/www/html/momeawedding/app/Controllers/Packages.php(71): view('front/pages/pac...', Array)
#4 /var/www/html/momeawedding/vendor/codeigniter4/framework/system/CodeIgniter.php(918): App\Controllers\Packages->index()
#5 /var/www/html/momeawedding/vendor/codeigniter4/framework/system/CodeIgniter.php(404): CodeIgniter\CodeIgniter->runController(Object(App\Controllers\Packages))
#6 /var/www/html/momeawedding/vendor/codeigniter4/framework/system/CodeIgniter.php(312): CodeIgniter\CodeIgniter->handleRequest(NULL, Object(Config\Cache), false)
#7 /var/www/html/momeawedding/public/index.php(45): CodeIgniter\CodeIgniter->run()
#8 /var/www/html/momeawedding/vendor/codeigniter4/framework/system/Commands/Server/rewrite.php(34): require_once('/var/www/html/m...')
#9 {main}
CRITICAL - 2020-09-16 14:00:08 --> Undefined variable: artikel
#0 /var/www/html/momeawedding/app/Views/front/pages/articles.php(31): CodeIgniter\Debug\Exceptions->errorHandler(8, 'Undefined varia...', '/var/www/html/m...', 31, Array)
#1 /var/www/html/momeawedding/vendor/codeigniter4/framework/system/View/View.php(246): include('/var/www/html/m...')
#2 /var/www/html/momeawedding/vendor/codeigniter4/framework/system/Common.php(1119): CodeIgniter\View\View->render('front/pages/art...', Array, true)
#3 /var/www/html/momeawedding/app/Controllers/Articles.php(74): view('front/pages/art...', Array)
#4 /var/www/html/momeawedding/vendor/codeigniter4/framework/system/CodeIgniter.php(918): App\Controllers\Articles->index()
#5 /var/www/html/momeawedding/vendor/codeigniter4/framework/system/CodeIgniter.php(404): CodeIgniter\CodeIgniter->runController(Object(App\Controllers\Articles))
#6 /var/www/html/momeawedding/vendor/codeigniter4/framework/system/CodeIgniter.php(312): CodeIgniter\CodeIgniter->handleRequest(NULL, Object(Config\Cache), false)
#7 /var/www/html/momeawedding/public/index.php(45): CodeIgniter\CodeIgniter->run()
#8 /var/www/html/momeawedding/vendor/codeigniter4/framework/system/Commands/Server/rewrite.php(34): require_once('/var/www/html/m...')
#9 {main}
CRITICAL - 2020-09-16 16:46:54 --> Trying to get property 'company_logo' of non-object
#0 /var/www/html/momeawedding/app/Views/front/layout/navbar.php(47): CodeIgniter\Debug\Exceptions->errorHandler(8, 'Trying to get p...', '/var/www/html/m...', 47, Array)
#1 /var/www/html/momeawedding/vendor/codeigniter4/framework/system/View/View.php(246): include('/var/www/html/m...')
#2 /var/www/html/momeawedding/vendor/codeigniter4/framework/system/View/View.php(525): CodeIgniter\View\View->render('front/layout/na...', NULL, true)
#3 /var/www/html/momeawedding/app/Views/front/layout/template.php(61): CodeIgniter\View\View->include('front/layout/na...')
#4 /var/www/html/momeawedding/vendor/codeigniter4/framework/system/View/View.php(246): include('/var/www/html/m...')
#5 /var/www/html/momeawedding/vendor/codeigniter4/framework/system/View/View.php(257): CodeIgniter\View\View->render('front/layout/te...', Array, true)
#6 /var/www/html/momeawedding/vendor/codeigniter4/framework/system/Common.php(1119): CodeIgniter\View\View->render('front/pages/hom...', Array, true)
#7 /var/www/html/momeawedding/app/Controllers/Home.php(153): view('front/pages/hom...', Array)
#8 /var/www/html/momeawedding/vendor/codeigniter4/framework/system/CodeIgniter.php(918): App\Controllers\Home->index()
#9 /var/www/html/momeawedding/vendor/codeigniter4/framework/system/CodeIgniter.php(404): CodeIgniter\CodeIgniter->runController(Object(App\Controllers\Home))
#10 /var/www/html/momeawedding/vendor/codeigniter4/framework/system/CodeIgniter.php(312): CodeIgniter\CodeIgniter->handleRequest(NULL, Object(Config\Cache), false)
#11 /var/www/html/momeawedding/public/index.php(45): CodeIgniter\CodeIgniter->run()
#12 /var/www/html/momeawedding/vendor/codeigniter4/framework/system/Commands/Server/rewrite.php(34): require_once('/var/www/html/m...')
#13 {main}
CRITICAL - 2020-09-16 16:48:45 --> unlink(img/company/1597397923_e0e70217d8bb95c4ff13.png): No such file or directory
#0 [internal function]: CodeIgniter\Debug\Exceptions->errorHandler(2, 'unlink(img/comp...', '/var/www/html/m...', 114, Array)
#1 /var/www/html/momeawedding/app/Controllers/Admin/Company.php(114): unlink('img/company/159...')
#2 /var/www/html/momeawedding/vendor/codeigniter4/framework/system/CodeIgniter.php(918): App\Controllers\Admin\Company->updatedata()
#3 /var/www/html/momeawedding/vendor/codeigniter4/framework/system/CodeIgniter.php(404): CodeIgniter\CodeIgniter->runController(Object(App\Controllers\Admin\Company))
#4 /var/www/html/momeawedding/vendor/codeigniter4/framework/system/CodeIgniter.php(312): CodeIgniter\CodeIgniter->handleRequest(NULL, Object(Config\Cache), false)
#5 /var/www/html/momeawedding/public/index.php(45): CodeIgniter\CodeIgniter->run()
#6 /var/www/html/momeawedding/vendor/codeigniter4/framework/system/Commands/Server/rewrite.php(34): require_once('/var/www/html/m...')
#7 {main}
CRITICAL - 2020-09-16 16:49:03 --> unlink(img/company/1597397923_e0e70217d8bb95c4ff13.png): No such file or directory
#0 [internal function]: CodeIgniter\Debug\Exceptions->errorHandler(2, 'unlink(img/comp...', '/var/www/html/m...', 114, Array)
#1 /var/www/html/momeawedding/app/Controllers/Admin/Company.php(114): unlink('img/company/159...')
#2 /var/www/html/momeawedding/vendor/codeigniter4/framework/system/CodeIgniter.php(918): App\Controllers\Admin\Company->updatedata()
#3 /var/www/html/momeawedding/vendor/codeigniter4/framework/system/CodeIgniter.php(404): CodeIgniter\CodeIgniter->runController(Object(App\Controllers\Admin\Company))
#4 /var/www/html/momeawedding/vendor/codeigniter4/framework/system/CodeIgniter.php(312): CodeIgniter\CodeIgniter->handleRequest(NULL, Object(Config\Cache), false)
#5 /var/www/html/momeawedding/public/index.php(45): CodeIgniter\CodeIgniter->run()
#6 /var/www/html/momeawedding/vendor/codeigniter4/framework/system/Commands/Server/rewrite.php(34): require_once('/var/www/html/m...')
#7 {main}
CRITICAL - 2020-09-16 16:50:28 --> unlink(img/company/1597397923_e0e70217d8bb95c4ff13.png): No such file or directory
#0 [internal function]: CodeIgniter\Debug\Exceptions->errorHandler(2, 'unlink(img/comp...', '/var/www/html/m...', 114, Array)
#1 /var/www/html/momeawedding/app/Controllers/Admin/Company.php(114): unlink('img/company/159...')
#2 /var/www/html/momeawedding/vendor/codeigniter4/framework/system/CodeIgniter.php(918): App\Controllers\Admin\Company->updatedata()
#3 /var/www/html/momeawedding/vendor/codeigniter4/framework/system/CodeIgniter.php(404): CodeIgniter\CodeIgniter->runController(Object(App\Controllers\Admin\Company))
#4 /var/www/html/momeawedding/vendor/codeigniter4/framework/system/CodeIgniter.php(312): CodeIgniter\CodeIgniter->handleRequest(NULL, Object(Config\Cache), false)
#5 /var/www/html/momeawedding/public/index.php(45): CodeIgniter\CodeIgniter->run()
#6 /var/www/html/momeawedding/vendor/codeigniter4/framework/system/Commands/Server/rewrite.php(34): require_once('/var/www/html/m...')
#7 {main}
CRITICAL - 2020-09-16 16:52:35 --> unlink(img/company/): Is a directory
#0 [internal function]: CodeIgniter\Debug\Exceptions->errorHandler(2, 'unlink(img/comp...', '/var/www/html/m...', 114, Array)
#1 /var/www/html/momeawedding/app/Controllers/Admin/Company.php(114): unlink('img/company/')
#2 /var/www/html/momeawedding/vendor/codeigniter4/framework/system/CodeIgniter.php(918): App\Controllers\Admin\Company->updatedata()
#3 /var/www/html/momeawedding/vendor/codeigniter4/framework/system/CodeIgniter.php(404): CodeIgniter\CodeIgniter->runController(Object(App\Controllers\Admin\Company))
#4 /var/www/html/momeawedding/vendor/codeigniter4/framework/system/CodeIgniter.php(312): CodeIgniter\CodeIgniter->handleRequest(NULL, Object(Config\Cache), false)
#5 /var/www/html/momeawedding/public/index.php(45): CodeIgniter\CodeIgniter->run()
#6 /var/www/html/momeawedding/vendor/codeigniter4/framework/system/Commands/Server/rewrite.php(34): require_once('/var/www/html/m...')
#7 {main}
CRITICAL - 2020-09-16 16:56:59 --> unlink(img/company/): Is a directory
#0 [internal function]: CodeIgniter\Debug\Exceptions->errorHandler(2, 'unlink(img/comp...', '/var/www/html/m...', 110, Array)
#1 /var/www/html/momeawedding/app/Controllers/Admin/Company.php(110): unlink('img/company/')
#2 /var/www/html/momeawedding/vendor/codeigniter4/framework/system/CodeIgniter.php(918): App\Controllers\Admin\Company->updatedata()
#3 /var/www/html/momeawedding/vendor/codeigniter4/framework/system/CodeIgniter.php(404): CodeIgniter\CodeIgniter->runController(Object(App\Controllers\Admin\Company))
#4 /var/www/html/momeawedding/vendor/codeigniter4/framework/system/CodeIgniter.php(312): CodeIgniter\CodeIgniter->handleRequest(NULL, Object(Config\Cache), false)
#5 /var/www/html/momeawedding/public/index.php(45): CodeIgniter\CodeIgniter->run()
#6 /var/www/html/momeawedding/vendor/codeigniter4/framework/system/Commands/Server/rewrite.php(34): require_once('/var/www/html/m...')
#7 {main}
CRITICAL - 2020-09-16 17:24:43 --> Undefined variable: company
#0 /var/www/html/momeawedding/app/Views/front/layout/navbar.php(47): CodeIgniter\Debug\Exceptions->errorHandler(8, 'Undefined varia...', '/var/www/html/m...', 47, Array)
#1 /var/www/html/momeawedding/vendor/codeigniter4/framework/system/View/View.php(246): include('/var/www/html/m...')
#2 /var/www/html/momeawedding/vendor/codeigniter4/framework/system/View/View.php(525): CodeIgniter\View\View->render('front/layout/na...', NULL, true)
#3 /var/www/html/momeawedding/app/Views/front/layout/template.php(61): CodeIgniter\View\View->include('front/layout/na...')
#4 /var/www/html/momeawedding/vendor/codeigniter4/framework/system/View/View.php(246): include('/var/www/html/m...')
#5 /var/www/html/momeawedding/vendor/codeigniter4/framework/system/View/View.php(257): CodeIgniter\View\View->render('front/layout/te...', Array, true)
#6 /var/www/html/momeawedding/vendor/codeigniter4/framework/system/Common.php(1119): CodeIgniter\View\View->render('front/pages/con...', Array, true)
#7 /var/www/html/momeawedding/app/Controllers/Contact.php(16): view('front/pages/con...', Array)
#8 /var/www/html/momeawedding/vendor/codeigniter4/framework/system/CodeIgniter.php(918): App\Controllers\Contact->index()
#9 /var/www/html/momeawedding/vendor/codeigniter4/framework/system/CodeIgniter.php(404): CodeIgniter\CodeIgniter->runController(Object(App\Controllers\Contact))
#10 /var/www/html/momeawedding/vendor/codeigniter4/framework/system/CodeIgniter.php(312): CodeIgniter\CodeIgniter->handleRequest(NULL, Object(Config\Cache), false)
#11 /var/www/html/momeawedding/public/index.php(45): CodeIgniter\CodeIgniter->run()
#12 /var/www/html/momeawedding/vendor/codeigniter4/framework/system/Commands/Server/rewrite.php(34): require_once('/var/www/html/m...')
#13 {main}
CRITICAL - 2020-09-16 17:27:53 --> Undefined variable: company
#0 /var/www/html/momeawedding/app/Views/front/layout/navbar.php(47): CodeIgniter\Debug\Exceptions->errorHandler(8, 'Undefined varia...', '/var/www/html/m...', 47, Array)
#1 /var/www/html/momeawedding/vendor/codeigniter4/framework/system/View/View.php(246): include('/var/www/html/m...')
#2 /var/www/html/momeawedding/vendor/codeigniter4/framework/system/View/View.php(525): CodeIgniter\View\View->render('front/layout/na...', NULL, true)
#3 /var/www/html/momeawedding/app/Views/front/layout/template.php(61): CodeIgniter\View\View->include('front/layout/na...')
#4 /var/www/html/momeawedding/vendor/codeigniter4/framework/system/View/View.php(246): include('/var/www/html/m...')
#5 /var/www/html/momeawedding/vendor/codeigniter4/framework/system/View/View.php(257): CodeIgniter\View\View->render('front/layout/te...', Array, true)
#6 /var/www/html/momeawedding/vendor/codeigniter4/framework/system/Common.php(1119): CodeIgniter\View\View->render('front/pages/con...', Array, true)
#7 /var/www/html/momeawedding/app/Controllers/Contact.php(16): view('front/pages/con...', Array)
#8 /var/www/html/momeawedding/vendor/codeigniter4/framework/system/CodeIgniter.php(918): App\Controllers\Contact->index()
#9 /var/www/html/momeawedding/vendor/codeigniter4/framework/system/CodeIgniter.php(404): CodeIgniter\CodeIgniter->runController(Object(App\Controllers\Contact))
#10 /var/www/html/momeawedding/vendor/codeigniter4/framework/system/CodeIgniter.php(312): CodeIgniter\CodeIgniter->handleRequest(NULL, Object(Config\Cache), false)
#11 /var/www/html/momeawedding/public/index.php(45): CodeIgniter\CodeIgniter->run()
#12 /var/www/html/momeawedding/vendor/codeigniter4/framework/system/Commands/Server/rewrite.php(34): require_once('/var/www/html/m...')
#13 {main}
CRITICAL - 2020-09-16 17:28:05 --> Undefined variable: company
#0 /var/www/html/momeawedding/app/Views/front/layout/navbar.php(47): CodeIgniter\Debug\Exceptions->errorHandler(8, 'Undefined varia...', '/var/www/html/m...', 47, Array)
#1 /var/www/html/momeawedding/vendor/codeigniter4/framework/system/View/View.php(246): include('/var/www/html/m...')
#2 /var/www/html/momeawedding/vendor/codeigniter4/framework/system/View/View.php(525): CodeIgniter\View\View->render('front/layout/na...', NULL, true)
#3 /var/www/html/momeawedding/app/Views/front/layout/template.php(61): CodeIgniter\View\View->include('front/layout/na...')
#4 /var/www/html/momeawedding/vendor/codeigniter4/framework/system/View/View.php(246): include('/var/www/html/m...')
#5 /var/www/html/momeawedding/vendor/codeigniter4/framework/system/View/View.php(257): CodeIgniter\View\View->render('front/layout/te...', Array, true)
#6 /var/www/html/momeawedding/vendor/codeigniter4/framework/system/Common.php(1119): CodeIgniter\View\View->render('front/pages/abo...', Array, true)
#7 /var/www/html/momeawedding/app/Controllers/About.php(15): view('front/pages/abo...', Array)
#8 /var/www/html/momeawedding/vendor/codeigniter4/framework/system/CodeIgniter.php(918): App\Controllers\About->index()
#9 /var/www/html/momeawedding/vendor/codeigniter4/framework/system/CodeIgniter.php(404): CodeIgniter\CodeIgniter->runController(Object(App\Controllers\About))
#10 /var/www/html/momeawedding/vendor/codeigniter4/framework/system/CodeIgniter.php(312): CodeIgniter\CodeIgniter->handleRequest(NULL, Object(Config\Cache), false)
#11 /var/www/html/momeawedding/public/index.php(45): CodeIgniter\CodeIgniter->run()
#12 /var/www/html/momeawedding/vendor/codeigniter4/framework/system/Commands/Server/rewrite.php(34): require_once('/var/www/html/m...')
#13 {main}
CRITICAL - 2020-09-16 20:50:04 --> Undefined variable: catPackage
#0 /var/www/html/momeawedding/app/Views/front/layout/navbar.php(152): CodeIgniter\Debug\Exceptions->errorHandler(8, 'Undefined varia...', '/var/www/html/m...', 152, Array)
#1 /var/www/html/momeawedding/vendor/codeigniter4/framework/system/View/View.php(246): include('/var/www/html/m...')
#2 /var/www/html/momeawedding/vendor/codeigniter4/framework/system/View/View.php(525): CodeIgniter\View\View->render('front/layout/na...', NULL, true)
#3 /var/www/html/momeawedding/app/Views/front/layout/template.php(61): CodeIgniter\View\View->include('front/layout/na...')
#4 /var/www/html/momeawedding/vendor/codeigniter4/framework/system/View/View.php(246): include('/var/www/html/m...')
#5 /var/www/html/momeawedding/vendor/codeigniter4/framework/system/View/View.php(257): CodeIgniter\View\View->render('front/layout/te...', Array, true)
#6 /var/www/html/momeawedding/vendor/codeigniter4/framework/system/Common.php(1119): CodeIgniter\View\View->render('front/pages/hom...', Array, true)
#7 /var/www/html/momeawedding/app/Controllers/Home.php(153): view('front/pages/hom...', Array)
#8 /var/www/html/momeawedding/vendor/codeigniter4/framework/system/CodeIgniter.php(918): App\Controllers\Home->index()
#9 /var/www/html/momeawedding/vendor/codeigniter4/framework/system/CodeIgniter.php(404): CodeIgniter\CodeIgniter->runController(Object(App\Controllers\Home))
#10 /var/www/html/momeawedding/vendor/codeigniter4/framework/system/CodeIgniter.php(312): CodeIgniter\CodeIgniter->handleRequest(NULL, Object(Config\Cache), false)
#11 /var/www/html/momeawedding/public/index.php(45): CodeIgniter\CodeIgniter->run()
#12 /var/www/html/momeawedding/vendor/codeigniter4/framework/system/Commands/Server/rewrite.php(34): require_once('/var/www/html/m...')
#13 {main}
CRITICAL - 2020-09-16 20:51:12 --> Undefined variable: catPackage
#0 /var/www/html/momeawedding/app/Views/front/layout/navbar.php(152): CodeIgniter\Debug\Exceptions->errorHandler(8, 'Undefined varia...', '/var/www/html/m...', 152, Array)
#1 /var/www/html/momeawedding/vendor/codeigniter4/framework/system/View/View.php(246): include('/var/www/html/m...')
#2 /var/www/html/momeawedding/vendor/codeigniter4/framework/system/View/View.php(525): CodeIgniter\View\View->render('front/layout/na...', NULL, true)
#3 /var/www/html/momeawedding/app/Views/front/layout/template.php(61): CodeIgniter\View\View->include('front/layout/na...')
#4 /var/www/html/momeawedding/vendor/codeigniter4/framework/system/View/View.php(246): include('/var/www/html/m...')
#5 /var/www/html/momeawedding/vendor/codeigniter4/framework/system/View/View.php(257): CodeIgniter\View\View->render('front/layout/te...', Array, true)
#6 /var/www/html/momeawedding/vendor/codeigniter4/framework/system/Common.php(1119): CodeIgniter\View\View->render('front/pages/hom...', Array, true)
#7 /var/www/html/momeawedding/app/Controllers/Home.php(153): view('front/pages/hom...', Array)
#8 /var/www/html/momeawedding/vendor/codeigniter4/framework/system/CodeIgniter.php(918): App\Controllers\Home->index()
#9 /var/www/html/momeawedding/vendor/codeigniter4/framework/system/CodeIgniter.php(404): CodeIgniter\CodeIgniter->runController(Object(App\Controllers\Home))
#10 /var/www/html/momeawedding/vendor/codeigniter4/framework/system/CodeIgniter.php(312): CodeIgniter\CodeIgniter->handleRequest(NULL, Object(Config\Cache), false)
#11 /var/www/html/momeawedding/public/index.php(45): CodeIgniter\CodeIgniter->run()
#12 /var/www/html/momeawedding/vendor/codeigniter4/framework/system/Commands/Server/rewrite.php(34): require_once('/var/www/html/m...')
#13 {main}
CRITICAL - 2020-09-16 20:51:49 --> Undefined variable: catPackage
#0 /var/www/html/momeawedding/app/Views/front/layout/navbar.php(152): CodeIgniter\Debug\Exceptions->errorHandler(8, 'Undefined varia...', '/var/www/html/m...', 152, Array)
#1 /var/www/html/momeawedding/vendor/codeigniter4/framework/system/View/View.php(246): include('/var/www/html/m...')
#2 /var/www/html/momeawedding/vendor/codeigniter4/framework/system/View/View.php(525): CodeIgniter\View\View->render('front/layout/na...', NULL, true)
#3 /var/www/html/momeawedding/app/Views/front/layout/template.php(61): CodeIgniter\View\View->include('front/layout/na...')
#4 /var/www/html/momeawedding/vendor/codeigniter4/framework/system/View/View.php(246): include('/var/www/html/m...')
#5 /var/www/html/momeawedding/vendor/codeigniter4/framework/system/View/View.php(257): CodeIgniter\View\View->render('front/layout/te...', Array, true)
#6 /var/www/html/momeawedding/vendor/codeigniter4/framework/system/Common.php(1119): CodeIgniter\View\View->render('front/pages/pac...', Array, true)
#7 /var/www/html/momeawedding/app/Controllers/Packages.php(74): view('front/pages/pac...', Array)
#8 /var/www/html/momeawedding/vendor/codeigniter4/framework/system/CodeIgniter.php(918): App\Controllers\Packages->index()
#9 /var/www/html/momeawedding/vendor/codeigniter4/framework/system/CodeIgniter.php(404): CodeIgniter\CodeIgniter->runController(Object(App\Controllers\Packages))
#10 /var/www/html/momeawedding/vendor/codeigniter4/framework/system/CodeIgniter.php(312): CodeIgniter\CodeIgniter->handleRequest(NULL, Object(Config\Cache), false)
#11 /var/www/html/momeawedding/public/index.php(45): CodeIgniter\CodeIgniter->run()
#12 /var/www/html/momeawedding/vendor/codeigniter4/framework/system/Commands/Server/rewrite.php(34): require_once('/var/www/html/m...')
#13 {main}
CRITICAL - 2020-09-16 20:52:32 --> Undefined variable: category
#0 /var/www/html/momeawedding/app/Views/front/pages/packages.php(72): CodeIgniter\Debug\Exceptions->errorHandler(8, 'Undefined varia...', '/var/www/html/m...', 72, Array)
#1 /var/www/html/momeawedding/vendor/codeigniter4/framework/system/View/View.php(246): include('/var/www/html/m...')
#2 /var/www/html/momeawedding/vendor/codeigniter4/framework/system/Common.php(1119): CodeIgniter\View\View->render('front/pages/pac...', Array, true)
#3 /var/www/html/momeawedding/app/Controllers/Packages.php(74): view('front/pages/pac...', Array)
#4 /var/www/html/momeawedding/vendor/codeigniter4/framework/system/CodeIgniter.php(918): App\Controllers\Packages->index()
#5 /var/www/html/momeawedding/vendor/codeigniter4/framework/system/CodeIgniter.php(404): CodeIgniter\CodeIgniter->runController(Object(App\Controllers\Packages))
#6 /var/www/html/momeawedding/vendor/codeigniter4/framework/system/CodeIgniter.php(312): CodeIgniter\CodeIgniter->handleRequest(NULL, Object(Config\Cache), false)
#7 /var/www/html/momeawedding/public/index.php(45): CodeIgniter\CodeIgniter->run()
#8 /var/www/html/momeawedding/vendor/codeigniter4/framework/system/Commands/Server/rewrite.php(34): require_once('/var/www/html/m...')
#9 {main}
CRITICAL - 2020-09-16 20:52:34 --> Undefined variable: category
#0 /var/www/html/momeawedding/app/Views/front/pages/packages.php(72): CodeIgniter\Debug\Exceptions->errorHandler(8, 'Undefined varia...', '/var/www/html/m...', 72, Array)
#1 /var/www/html/momeawedding/vendor/codeigniter4/framework/system/View/View.php(246): include('/var/www/html/m...')
#2 /var/www/html/momeawedding/vendor/codeigniter4/framework/system/Common.php(1119): CodeIgniter\View\View->render('front/pages/pac...', Array, true)
#3 /var/www/html/momeawedding/app/Controllers/Packages.php(74): view('front/pages/pac...', Array)
#4 /var/www/html/momeawedding/vendor/codeigniter4/framework/system/CodeIgniter.php(918): App\Controllers\Packages->index()
#5 /var/www/html/momeawedding/vendor/codeigniter4/framework/system/CodeIgniter.php(404): CodeIgniter\CodeIgniter->runController(Object(App\Controllers\Packages))
#6 /var/www/html/momeawedding/vendor/codeigniter4/framework/system/CodeIgniter.php(312): CodeIgniter\CodeIgniter->handleRequest(NULL, Object(Config\Cache), false)
#7 /var/www/html/momeawedding/public/index.php(45): CodeIgniter\CodeIgniter->run()
#8 /var/www/html/momeawedding/vendor/codeigniter4/framework/system/Commands/Server/rewrite.php(34): require_once('/var/www/html/m...')
#9 {main}
CRITICAL - 2020-09-16 22:47:15 --> Undefined property: stdClass::$email
#0 /var/www/html/momeawedding/app/Controllers/Home.php(107): CodeIgniter\Debug\Exceptions->errorHandler(8, 'Undefined prope...', '/var/www/html/m...', 107, Array)
#1 /var/www/html/momeawedding/vendor/codeigniter4/framework/system/CodeIgniter.php(918): App\Controllers\Home->index()
#2 /var/www/html/momeawedding/vendor/codeigniter4/framework/system/CodeIgniter.php(404): CodeIgniter\CodeIgniter->runController(Object(App\Controllers\Home))
#3 /var/www/html/momeawedding/vendor/codeigniter4/framework/system/CodeIgniter.php(312): CodeIgniter\CodeIgniter->handleRequest(NULL, Object(Config\Cache), false)
#4 /var/www/html/momeawedding/public/index.php(45): CodeIgniter\CodeIgniter->run()
#5 /var/www/html/momeawedding/vendor/codeigniter4/framework/system/Commands/Server/rewrite.php(34): require_once('/var/www/html/m...')
#6 {main}
CRITICAL - 2020-09-16 23:38:48 --> Invalid file: Admin/dashboard.php
#0 /var/www/html/momeawedding/vendor/codeigniter4/framework/system/View/View.php(228): CodeIgniter\Exceptions\FrameworkException::forInvalidFile('Admin/dashboard...')
#1 /var/www/html/momeawedding/vendor/codeigniter4/framework/system/Common.php(1119): CodeIgniter\View\View->render('Admin/dashboard', Array, true)
#2 /var/www/html/momeawedding/app/Controllers/Admin/Dashboard.php(18): view('Admin/dashboard', Array)
#3 /var/www/html/momeawedding/vendor/codeigniter4/framework/system/CodeIgniter.php(918): App\Controllers\Admin\Dashboard->index()
#4 /var/www/html/momeawedding/vendor/codeigniter4/framework/system/CodeIgniter.php(404): CodeIgniter\CodeIgniter->runController(Object(App\Controllers\Admin\Dashboard))
#5 /var/www/html/momeawedding/vendor/codeigniter4/framework/system/CodeIgniter.php(312): CodeIgniter\CodeIgniter->handleRequest(NULL, Object(Config\Cache), false)
#6 /var/www/html/momeawedding/public/index.php(45): CodeIgniter\CodeIgniter->run()
#7 /var/www/html/momeawedding/vendor/codeigniter4/framework/system/Commands/Server/rewrite.php(34): require_once('/var/www/html/m...')
#8 {main}
CRITICAL - 2020-09-16 23:39:19 --> Invalid file: /Admin/dashboard.php
#0 /var/www/html/momeawedding/vendor/codeigniter4/framework/system/View/View.php(228): CodeIgniter\Exceptions\FrameworkException::forInvalidFile('/Admin/dashboar...')
#1 /var/www/html/momeawedding/vendor/codeigniter4/framework/system/Common.php(1119): CodeIgniter\View\View->render('/Admin/dashboar...', Array, true)
#2 /var/www/html/momeawedding/app/Controllers/Admin/Dashboard.php(18): view('/Admin/dashboar...', Array)
#3 /var/www/html/momeawedding/vendor/codeigniter4/framework/system/CodeIgniter.php(918): App\Controllers\Admin\Dashboard->index()
#4 /var/www/html/momeawedding/vendor/codeigniter4/framework/system/CodeIgniter.php(404): CodeIgniter\CodeIgniter->runController(Object(App\Controllers\Admin\Dashboard))
#5 /var/www/html/momeawedding/vendor/codeigniter4/framework/system/CodeIgniter.php(312): CodeIgniter\CodeIgniter->handleRequest(NULL, Object(Config\Cache), false)
#6 /var/www/html/momeawedding/public/index.php(45): CodeIgniter\CodeIgniter->run()
#7 /var/www/html/momeawedding/vendor/codeigniter4/framework/system/Commands/Server/rewrite.php(34): require_once('/var/www/html/m...')
#8 {main}
CRITICAL - 2020-09-16 23:40:11 --> Invalid file: Admin/dashboard.php
#0 /var/www/html/momeawedding/vendor/codeigniter4/framework/system/View/View.php(228): CodeIgniter\Exceptions\FrameworkException::forInvalidFile('Admin/dashboard...')
#1 /var/www/html/momeawedding/vendor/codeigniter4/framework/system/Common.php(1119): CodeIgniter\View\View->render('Admin/dashboard', Array, true)
#2 /var/www/html/momeawedding/app/Controllers/Admin/Dashboard.php(18): view('Admin/dashboard', Array)
#3 /var/www/html/momeawedding/vendor/codeigniter4/framework/system/CodeIgniter.php(918): App\Controllers\Admin\Dashboard->index()
#4 /var/www/html/momeawedding/vendor/codeigniter4/framework/system/CodeIgniter.php(404): CodeIgniter\CodeIgniter->runController(Object(App\Controllers\Admin\Dashboard))
#5 /var/www/html/momeawedding/vendor/codeigniter4/framework/system/CodeIgniter.php(312): CodeIgniter\CodeIgniter->handleRequest(NULL, Object(Config\Cache), false)
#6 /var/www/html/momeawedding/public/index.php(45): CodeIgniter\CodeIgniter->run()
#7 /var/www/html/momeawedding/vendor/codeigniter4/framework/system/Commands/Server/rewrite.php(34): require_once('/var/www/html/m...')
#8 {main}
CRITICAL - 2020-09-16 23:41:22 --> Invalid file: Admin/dashboard.php
#0 /var/www/html/momeawedding/vendor/codeigniter4/framework/system/View/View.php(228): CodeIgniter\Exceptions\FrameworkException::forInvalidFile('Admin/dashboard...')
#1 /var/www/html/momeawedding/vendor/codeigniter4/framework/system/Common.php(1119): CodeIgniter\View\View->render('Admin/dashboard', Array, true)
#2 /var/www/html/momeawedding/app/Controllers/Admin/Dashboard.php(18): view('Admin/dashboard', Array)
#3 /var/www/html/momeawedding/vendor/codeigniter4/framework/system/CodeIgniter.php(918): App\Controllers\Admin\Dashboard->index()
#4 /var/www/html/momeawedding/vendor/codeigniter4/framework/system/CodeIgniter.php(404): CodeIgniter\CodeIgniter->runController(Object(App\Controllers\Admin\Dashboard))
#5 /var/www/html/momeawedding/vendor/codeigniter4/framework/system/CodeIgniter.php(312): CodeIgniter\CodeIgniter->handleRequest(NULL, Object(Config\Cache), false)
#6 /var/www/html/momeawedding/public/index.php(45): CodeIgniter\CodeIgniter->run()
#7 /var/www/html/momeawedding/vendor/codeigniter4/framework/system/Commands/Server/rewrite.php(34): require_once('/var/www/html/m...')
#8 {main}
CRITICAL - 2020-09-16 23:41:23 --> Invalid file: Admin/dashboard.php
#0 /var/www/html/momeawedding/vendor/codeigniter4/framework/system/View/View.php(228): CodeIgniter\Exceptions\FrameworkException::forInvalidFile('Admin/dashboard...')
#1 /var/www/html/momeawedding/vendor/codeigniter4/framework/system/Common.php(1119): CodeIgniter\View\View->render('Admin/dashboard', Array, true)
#2 /var/www/html/momeawedding/app/Controllers/Admin/Dashboard.php(18): view('Admin/dashboard', Array)
#3 /var/www/html/momeawedding/vendor/codeigniter4/framework/system/CodeIgniter.php(918): App\Controllers\Admin\Dashboard->index()
#4 /var/www/html/momeawedding/vendor/codeigniter4/framework/system/CodeIgniter.php(404): CodeIgniter\CodeIgniter->runController(Object(App\Controllers\Admin\Dashboard))
#5 /var/www/html/momeawedding/vendor/codeigniter4/framework/system/CodeIgniter.php(312): CodeIgniter\CodeIgniter->handleRequest(NULL, Object(Config\Cache), false)
#6 /var/www/html/momeawedding/public/index.php(45): CodeIgniter\CodeIgniter->run()
#7 /var/www/html/momeawedding/vendor/codeigniter4/framework/system/Commands/Server/rewrite.php(34): require_once('/var/www/html/m...')
#8 {main}
CRITICAL - 2020-09-16 23:41:24 --> Invalid file: Admin/dashboard.php
#0 /var/www/html/momeawedding/vendor/codeigniter4/framework/system/View/View.php(228): CodeIgniter\Exceptions\FrameworkException::forInvalidFile('Admin/dashboard...')
#1 /var/www/html/momeawedding/vendor/codeigniter4/framework/system/Common.php(1119): CodeIgniter\View\View->render('Admin/dashboard', Array, true)
#2 /var/www/html/momeawedding/app/Controllers/Admin/Dashboard.php(18): view('Admin/dashboard', Array)
#3 /var/www/html/momeawedding/vendor/codeigniter4/framework/system/CodeIgniter.php(918): App\Controllers\Admin\Dashboard->index()
#4 /var/www/html/momeawedding/vendor/codeigniter4/framework/system/CodeIgniter.php(404): CodeIgniter\CodeIgniter->runController(Object(App\Controllers\Admin\Dashboard))
#5 /var/www/html/momeawedding/vendor/codeigniter4/framework/system/CodeIgniter.php(312): CodeIgniter\CodeIgniter->handleRequest(NULL, Object(Config\Cache), false)
#6 /var/www/html/momeawedding/public/index.php(45): CodeIgniter\CodeIgniter->run()
#7 /var/www/html/momeawedding/vendor/codeigniter4/framework/system/Commands/Server/rewrite.php(34): require_once('/var/www/html/m...')
#8 {main}
CRITICAL - 2020-09-16 23:41:38 --> Invalid file: Admin/dashboard.php
#0 /var/www/html/momeawedding/vendor/codeigniter4/framework/system/View/View.php(228): CodeIgniter\Exceptions\FrameworkException::forInvalidFile('Admin/dashboard...')
#1 /var/www/html/momeawedding/vendor/codeigniter4/framework/system/Common.php(1119): CodeIgniter\View\View->render('Admin/dashboard', Array, true)
#2 /var/www/html/momeawedding/app/Controllers/Admin/Dashboard.php(18): view('Admin/dashboard', Array)
#3 /var/www/html/momeawedding/vendor/codeigniter4/framework/system/CodeIgniter.php(918): App\Controllers\Admin\Dashboard->index()
#4 /var/www/html/momeawedding/vendor/codeigniter4/framework/system/CodeIgniter.php(404): CodeIgniter\CodeIgniter->runController(Object(App\Controllers\Admin\Dashboard))
#5 /var/www/html/momeawedding/vendor/codeigniter4/framework/system/CodeIgniter.php(312): CodeIgniter\CodeIgniter->handleRequest(NULL, Object(Config\Cache), false)
#6 /var/www/html/momeawedding/public/index.php(45): CodeIgniter\CodeIgniter->run()
#7 /var/www/html/momeawedding/vendor/codeigniter4/framework/system/Commands/Server/rewrite.php(34): require_once('/var/www/html/m...')
#8 {main}
CRITICAL - 2020-09-16 23:42:24 --> Invalid file: Admin/dashboard.php
#0 /var/www/html/momeawedding/vendor/codeigniter4/framework/system/View/View.php(228): CodeIgniter\Exceptions\FrameworkException::forInvalidFile('Admin/dashboard...')
#1 /var/www/html/momeawedding/vendor/codeigniter4/framework/system/Common.php(1119): CodeIgniter\View\View->render('Admin/dashboard', Array, true)
#2 /var/www/html/momeawedding/app/Controllers/Admin/Dashboard.php(18): view('Admin/dashboard', Array)
#3 /var/www/html/momeawedding/vendor/codeigniter4/framework/system/CodeIgniter.php(918): App\Controllers\Admin\Dashboard->index()
#4 /var/www/html/momeawedding/vendor/codeigniter4/framework/system/CodeIgniter.php(404): CodeIgniter\CodeIgniter->runController(Object(App\Controllers\Admin\Dashboard))
#5 /var/www/html/momeawedding/vendor/codeigniter4/framework/system/CodeIgniter.php(312): CodeIgniter\CodeIgniter->handleRequest(NULL, Object(Config\Cache), false)
#6 /var/www/html/momeawedding/public/index.php(45): CodeIgniter\CodeIgniter->run()
#7 /var/www/html/momeawedding/vendor/codeigniter4/framework/system/Commands/Server/rewrite.php(34): require_once('/var/www/html/m...')
#8 {main}
CRITICAL - 2020-09-16 23:42:25 --> Invalid file: Admin/dashboard.php
#0 /var/www/html/momeawedding/vendor/codeigniter4/framework/system/View/View.php(228): CodeIgniter\Exceptions\FrameworkException::forInvalidFile('Admin/dashboard...')
#1 /var/www/html/momeawedding/vendor/codeigniter4/framework/system/Common.php(1119): CodeIgniter\View\View->render('Admin/dashboard', Array, true)
#2 /var/www/html/momeawedding/app/Controllers/Admin/Dashboard.php(18): view('Admin/dashboard', Array)
#3 /var/www/html/momeawedding/vendor/codeigniter4/framework/system/CodeIgniter.php(918): App\Controllers\Admin\Dashboard->index()
#4 /var/www/html/momeawedding/vendor/codeigniter4/framework/system/CodeIgniter.php(404): CodeIgniter\CodeIgniter->runController(Object(App\Controllers\Admin\Dashboard))
#5 /var/www/html/momeawedding/vendor/codeigniter4/framework/system/CodeIgniter.php(312): CodeIgniter\CodeIgniter->handleRequest(NULL, Object(Config\Cache), false)
#6 /var/www/html/momeawedding/public/index.php(45): CodeIgniter\CodeIgniter->run()
#7 /var/www/html/momeawedding/vendor/codeigniter4/framework/system/Commands/Server/rewrite.php(34): require_once('/var/www/html/m...')
#8 {main}
CRITICAL - 2020-09-16 23:42:28 --> Invalid file: Admin/dashboard.php
#0 /var/www/html/momeawedding/vendor/codeigniter4/framework/system/View/View.php(228): CodeIgniter\Exceptions\FrameworkException::forInvalidFile('Admin/dashboard...')
#1 /var/www/html/momeawedding/vendor/codeigniter4/framework/system/Common.php(1119): CodeIgniter\View\View->render('Admin/dashboard', Array, true)
#2 /var/www/html/momeawedding/app/Controllers/Admin/Dashboard.php(18): view('Admin/dashboard', Array)
#3 /var/www/html/momeawedding/vendor/codeigniter4/framework/system/CodeIgniter.php(918): App\Controllers\Admin\Dashboard->index()
#4 /var/www/html/momeawedding/vendor/codeigniter4/framework/system/CodeIgniter.php(404): CodeIgniter\CodeIgniter->runController(Object(App\Controllers\Admin\Dashboard))
#5 /var/www/html/momeawedding/vendor/codeigniter4/framework/system/CodeIgniter.php(312): CodeIgniter\CodeIgniter->handleRequest(NULL, Object(Config\Cache), false)
#6 /var/www/html/momeawedding/public/index.php(45): CodeIgniter\CodeIgniter->run()
#7 /var/www/html/momeawedding/vendor/codeigniter4/framework/system/Commands/Server/rewrite.php(34): require_once('/var/www/html/m...')
#8 {main}
CRITICAL - 2020-09-16 23:42:37 --> Invalid file: Admin/dashboard.php
#0 /var/www/html/momeawedding/vendor/codeigniter4/framework/system/View/View.php(228): CodeIgniter\Exceptions\FrameworkException::forInvalidFile('Admin/dashboard...')
#1 /var/www/html/momeawedding/vendor/codeigniter4/framework/system/Common.php(1119): CodeIgniter\View\View->render('Admin/dashboard', Array, true)
#2 /var/www/html/momeawedding/app/Controllers/Admin/Dashboard.php(18): view('Admin/dashboard', Array)
#3 /var/www/html/momeawedding/vendor/codeigniter4/framework/system/CodeIgniter.php(918): App\Controllers\Admin\Dashboard->index()
#4 /var/www/html/momeawedding/vendor/codeigniter4/framework/system/CodeIgniter.php(404): CodeIgniter\CodeIgniter->runController(Object(App\Controllers\Admin\Dashboard))
#5 /var/www/html/momeawedding/vendor/codeigniter4/framework/system/CodeIgniter.php(312): CodeIgniter\CodeIgniter->handleRequest(NULL, Object(Config\Cache), false)
#6 /var/www/html/momeawedding/public/index.php(45): CodeIgniter\CodeIgniter->run()
#7 /var/www/html/momeawedding/vendor/codeigniter4/framework/system/Commands/Server/rewrite.php(34): require_once('/var/www/html/m...')
#8 {main}
CRITICAL - 2020-09-16 23:43:22 --> Invalid file: /Admin/dashboard.php
#0 /var/www/html/momeawedding/vendor/codeigniter4/framework/system/View/View.php(228): CodeIgniter\Exceptions\FrameworkException::forInvalidFile('/Admin/dashboar...')
#1 /var/www/html/momeawedding/vendor/codeigniter4/framework/system/Common.php(1119): CodeIgniter\View\View->render('/Admin/dashboar...', Array, true)
#2 /var/www/html/momeawedding/app/Controllers/Admin/Dashboard.php(18): view('/Admin/dashboar...', Array)
#3 /var/www/html/momeawedding/vendor/codeigniter4/framework/system/CodeIgniter.php(918): App\Controllers\Admin\Dashboard->index()
#4 /var/www/html/momeawedding/vendor/codeigniter4/framework/system/CodeIgniter.php(404): CodeIgniter\CodeIgniter->runController(Object(App\Controllers\Admin\Dashboard))
#5 /var/www/html/momeawedding/vendor/codeigniter4/framework/system/CodeIgniter.php(312): CodeIgniter\CodeIgniter->handleRequest(NULL, Object(Config\Cache), false)
#6 /var/www/html/momeawedding/public/index.php(45): CodeIgniter\CodeIgniter->run()
#7 /var/www/html/momeawedding/vendor/codeigniter4/framework/system/Commands/Server/rewrite.php(34): require_once('/var/www/html/m...')
#8 {main}
CRITICAL - 2020-09-16 23:43:36 --> Invalid file: /dashboard.php
#0 /var/www/html/momeawedding/vendor/codeigniter4/framework/system/View/View.php(228): CodeIgniter\Exceptions\FrameworkException::forInvalidFile('/dashboard.php')
#1 /var/www/html/momeawedding/vendor/codeigniter4/framework/system/Common.php(1119): CodeIgniter\View\View->render('/dashboard', Array, true)
#2 /var/www/html/momeawedding/app/Controllers/Admin/Dashboard.php(18): view('/dashboard', Array)
#3 /var/www/html/momeawedding/vendor/codeigniter4/framework/system/CodeIgniter.php(918): App\Controllers\Admin\Dashboard->index()
#4 /var/www/html/momeawedding/vendor/codeigniter4/framework/system/CodeIgniter.php(404): CodeIgniter\CodeIgniter->runController(Object(App\Controllers\Admin\Dashboard))
#5 /var/www/html/momeawedding/vendor/codeigniter4/framework/system/CodeIgniter.php(312): CodeIgniter\CodeIgniter->handleRequest(NULL, Object(Config\Cache), false)
#6 /var/www/html/momeawedding/public/index.php(45): CodeIgniter\CodeIgniter->run()
#7 /var/www/html/momeawedding/vendor/codeigniter4/framework/system/Commands/Server/rewrite.php(34): require_once('/var/www/html/m...')
#8 {main}
