INFO - 2023-08-03 09:37:40 --> Session: Class initialized using 'CodeIgniter\Session\Handlers\FileHandler' driver.
WARNING - 2023-08-03 09:37:40 --> Session: Sessions is enabled, and one exists.Please don't $session->start();
ERROR - 2023-08-03 09:37:40 --> mysqli_sql_exception: Table 'cms_p4i.bcms_layanan' doesn't exist in /usr/local/var/www/app-p4i/vendor/codeigniter4/framework/system/Database/MySQLi/Connection.php:331
Stack trace:
#0 /usr/local/var/www/app-p4i/vendor/codeigniter4/framework/system/Database/MySQLi/Connection.php(331): mysqli->query('SELECT *\nFROM `...')
#1 /usr/local/var/www/app-p4i/vendor/codeigniter4/framework/system/Database/BaseConnection.php(741): CodeIgniter\Database\MySQLi\Connection->execute('SELECT *\nFROM `...')
#2 /usr/local/var/www/app-p4i/vendor/codeigniter4/framework/system/Database/BaseConnection.php(669): CodeIgniter\Database\BaseConnection->simpleQuery('SELECT *\nFROM `...')
#3 /usr/local/var/www/app-p4i/vendor/codeigniter4/framework/system/Database/BaseBuilder.php(1860): CodeIgniter\Database\BaseConnection->query('SELECT *\nFROM `...', Array, false)
#4 /usr/local/var/www/app-p4i/app/Models/Backend/LayananModel.php(24): CodeIgniter\Database\BaseBuilder->get()
#5 /usr/local/var/www/app-p4i/app/Controllers/Home.php(31): App\Models\Backend\LayananModel->getLayananByKategori('Layanan Unggula...')
#6 /usr/local/var/www/app-p4i/vendor/codeigniter4/framework/system/CodeIgniter.php(918): App\Controllers\Home->index()
#7 /usr/local/var/www/app-p4i/vendor/codeigniter4/framework/system/CodeIgniter.php(404): CodeIgniter\CodeIgniter->runController(Object(App\Controllers\Home))
#8 /usr/local/var/www/app-p4i/vendor/codeigniter4/framework/system/CodeIgniter.php(312): CodeIgniter\CodeIgniter->handleRequest(NULL, Object(Config\Cache), false)
#9 /usr/local/var/www/app-p4i/public/index.php(45): CodeIgniter\CodeIgniter->run()
#10 /usr/local/var/www/app-p4i/vendor/codeigniter4/framework/system/Commands/Server/rewrite.php(34): require_once('/usr/local/var/...')
#11 {main}
INFO - 2023-08-03 09:37:41 --> Session: Class initialized using 'CodeIgniter\Session\Handlers\FileHandler' driver.
WARNING - 2023-08-03 09:37:41 --> Session: Sessions is enabled, and one exists.Please don't $session->start();
ERROR - 2023-08-03 09:37:41 --> mysqli_sql_exception: Table 'cms_p4i.bcms_layanan' doesn't exist in /usr/local/var/www/app-p4i/vendor/codeigniter4/framework/system/Database/MySQLi/Connection.php:331
Stack trace:
#0 /usr/local/var/www/app-p4i/vendor/codeigniter4/framework/system/Database/MySQLi/Connection.php(331): mysqli->query('SELECT *\nFROM `...')
#1 /usr/local/var/www/app-p4i/vendor/codeigniter4/framework/system/Database/BaseConnection.php(741): CodeIgniter\Database\MySQLi\Connection->execute('SELECT *\nFROM `...')
#2 /usr/local/var/www/app-p4i/vendor/codeigniter4/framework/system/Database/BaseConnection.php(669): CodeIgniter\Database\BaseConnection->simpleQuery('SELECT *\nFROM `...')
#3 /usr/local/var/www/app-p4i/vendor/codeigniter4/framework/system/Database/BaseBuilder.php(1860): CodeIgniter\Database\BaseConnection->query('SELECT *\nFROM `...', Array, false)
#4 /usr/local/var/www/app-p4i/app/Models/Backend/LayananModel.php(24): CodeIgniter\Database\BaseBuilder->get()
#5 /usr/local/var/www/app-p4i/app/Controllers/Home.php(31): App\Models\Backend\LayananModel->getLayananByKategori('Layanan Unggula...')
#6 /usr/local/var/www/app-p4i/vendor/codeigniter4/framework/system/CodeIgniter.php(918): App\Controllers\Home->index()
#7 /usr/local/var/www/app-p4i/vendor/codeigniter4/framework/system/CodeIgniter.php(404): CodeIgniter\CodeIgniter->runController(Object(App\Controllers\Home))
#8 /usr/local/var/www/app-p4i/vendor/codeigniter4/framework/system/CodeIgniter.php(312): CodeIgniter\CodeIgniter->handleRequest(NULL, Object(Config\Cache), false)
#9 /usr/local/var/www/app-p4i/public/index.php(45): CodeIgniter\CodeIgniter->run()
#10 /usr/local/var/www/app-p4i/vendor/codeigniter4/framework/system/Commands/Server/rewrite.php(34): require_once('/usr/local/var/...')
#11 {main}
INFO - 2023-08-03 09:37:46 --> Session: Class initialized using 'CodeIgniter\Session\Handlers\FileHandler' driver.
WARNING - 2023-08-03 09:37:46 --> Session: Sessions is enabled, and one exists.Please don't $session->start();
INFO - 2023-08-03 09:37:48 --> Session: Class initialized using 'CodeIgniter\Session\Handlers\FileHandler' driver.
WARNING - 2023-08-03 09:37:48 --> Session: Sessions is enabled, and one exists.Please don't $session->start();
INFO - 2023-08-03 09:37:53 --> Session: Class initialized using 'CodeIgniter\Session\Handlers\FileHandler' driver.
WARNING - 2023-08-03 09:37:53 --> Session: Sessions is enabled, and one exists.Please don't $session->start();
INFO - 2023-08-03 09:37:56 --> Session: Class initialized using 'CodeIgniter\Session\Handlers\FileHandler' driver.
WARNING - 2023-08-03 09:37:56 --> Session: Sessions is enabled, and one exists.Please don't $session->start();
INFO - 2023-08-03 09:37:59 --> Session: Class initialized using 'CodeIgniter\Session\Handlers\FileHandler' driver.
WARNING - 2023-08-03 09:37:59 --> Session: Sessions is enabled, and one exists.Please don't $session->start();
INFO - 2023-08-03 09:38:02 --> Session: Class initialized using 'CodeIgniter\Session\Handlers\FileHandler' driver.
WARNING - 2023-08-03 09:38:02 --> Session: Sessions is enabled, and one exists.Please don't $session->start();
INFO - 2023-08-03 09:38:04 --> Session: Class initialized using 'CodeIgniter\Session\Handlers\FileHandler' driver.
WARNING - 2023-08-03 09:38:04 --> Session: Sessions is enabled, and one exists.Please don't $session->start();
INFO - 2023-08-03 09:38:21 --> Session: Class initialized using 'CodeIgniter\Session\Handlers\FileHandler' driver.
WARNING - 2023-08-03 09:38:21 --> Session: Sessions is enabled, and one exists.Please don't $session->start();
INFO - 2023-08-03 09:38:22 --> Session: Class initialized using 'CodeIgniter\Session\Handlers\FileHandler' driver.
WARNING - 2023-08-03 09:38:22 --> Session: Sessions is enabled, and one exists.Please don't $session->start();
INFO - 2023-08-03 09:38:25 --> Session: Class initialized using 'CodeIgniter\Session\Handlers\FileHandler' driver.
WARNING - 2023-08-03 09:38:25 --> Session: Sessions is enabled, and one exists.Please don't $session->start();
ERROR - 2023-08-03 09:38:25 --> mysqli_sql_exception: Table 'cms_p4i.bcms_layanan' doesn't exist in /usr/local/var/www/app-p4i/vendor/codeigniter4/framework/system/Database/MySQLi/Connection.php:331
Stack trace:
#0 /usr/local/var/www/app-p4i/vendor/codeigniter4/framework/system/Database/MySQLi/Connection.php(331): mysqli->query('SELECT *\nFROM `...')
#1 /usr/local/var/www/app-p4i/vendor/codeigniter4/framework/system/Database/BaseConnection.php(741): CodeIgniter\Database\MySQLi\Connection->execute('SELECT *\nFROM `...')
#2 /usr/local/var/www/app-p4i/vendor/codeigniter4/framework/system/Database/BaseConnection.php(669): CodeIgniter\Database\BaseConnection->simpleQuery('SELECT *\nFROM `...')
#3 /usr/local/var/www/app-p4i/vendor/codeigniter4/framework/system/Database/BaseBuilder.php(1860): CodeIgniter\Database\BaseConnection->query('SELECT *\nFROM `...', Array, false)
#4 /usr/local/var/www/app-p4i/app/Models/Backend/LayananModel.php(24): CodeIgniter\Database\BaseBuilder->get()
#5 /usr/local/var/www/app-p4i/app/Controllers/Home.php(31): App\Models\Backend\LayananModel->getLayananByKategori('Layanan Unggula...')
#6 /usr/local/var/www/app-p4i/vendor/codeigniter4/framework/system/CodeIgniter.php(918): App\Controllers\Home->index()
#7 /usr/local/var/www/app-p4i/vendor/codeigniter4/framework/system/CodeIgniter.php(404): CodeIgniter\CodeIgniter->runController(Object(App\Controllers\Home))
#8 /usr/local/var/www/app-p4i/vendor/codeigniter4/framework/system/CodeIgniter.php(312): CodeIgniter\CodeIgniter->handleRequest(NULL, Object(Config\Cache), false)
#9 /usr/local/var/www/app-p4i/public/index.php(45): CodeIgniter\CodeIgniter->run()
#10 /usr/local/var/www/app-p4i/vendor/codeigniter4/framework/system/Commands/Server/rewrite.php(34): require_once('/usr/local/var/...')
#11 {main}
INFO - 2023-08-03 09:38:25 --> Session: Class initialized using 'CodeIgniter\Session\Handlers\FileHandler' driver.
WARNING - 2023-08-03 09:38:25 --> Session: Sessions is enabled, and one exists.Please don't $session->start();
ERROR - 2023-08-03 09:38:25 --> mysqli_sql_exception: Table 'cms_p4i.bcms_layanan' doesn't exist in /usr/local/var/www/app-p4i/vendor/codeigniter4/framework/system/Database/MySQLi/Connection.php:331
Stack trace:
#0 /usr/local/var/www/app-p4i/vendor/codeigniter4/framework/system/Database/MySQLi/Connection.php(331): mysqli->query('SELECT *\nFROM `...')
#1 /usr/local/var/www/app-p4i/vendor/codeigniter4/framework/system/Database/BaseConnection.php(741): CodeIgniter\Database\MySQLi\Connection->execute('SELECT *\nFROM `...')
#2 /usr/local/var/www/app-p4i/vendor/codeigniter4/framework/system/Database/BaseConnection.php(669): CodeIgniter\Database\BaseConnection->simpleQuery('SELECT *\nFROM `...')
#3 /usr/local/var/www/app-p4i/vendor/codeigniter4/framework/system/Database/BaseBuilder.php(1860): CodeIgniter\Database\BaseConnection->query('SELECT *\nFROM `...', Array, false)
#4 /usr/local/var/www/app-p4i/app/Models/Backend/LayananModel.php(24): CodeIgniter\Database\BaseBuilder->get()
#5 /usr/local/var/www/app-p4i/app/Controllers/Home.php(31): App\Models\Backend\LayananModel->getLayananByKategori('Layanan Unggula...')
#6 /usr/local/var/www/app-p4i/vendor/codeigniter4/framework/system/CodeIgniter.php(918): App\Controllers\Home->index()
#7 /usr/local/var/www/app-p4i/vendor/codeigniter4/framework/system/CodeIgniter.php(404): CodeIgniter\CodeIgniter->runController(Object(App\Controllers\Home))
#8 /usr/local/var/www/app-p4i/vendor/codeigniter4/framework/system/CodeIgniter.php(312): CodeIgniter\CodeIgniter->handleRequest(NULL, Object(Config\Cache), false)
#9 /usr/local/var/www/app-p4i/public/index.php(45): CodeIgniter\CodeIgniter->run()
#10 /usr/local/var/www/app-p4i/vendor/codeigniter4/framework/system/Commands/Server/rewrite.php(34): require_once('/usr/local/var/...')
#11 {main}
INFO - 2023-08-03 22:25:04 --> Session: Class initialized using 'CodeIgniter\Session\Handlers\FileHandler' driver.
WARNING - 2023-08-03 22:25:04 --> Session: Sessions is enabled, and one exists.Please don't $session->start();
ERROR - 2023-08-03 22:25:04 --> mysqli_sql_exception: Table 'cms_p4i.bcms_layanan' doesn't exist in /usr/local/var/www/app-p4i/vendor/codeigniter4/framework/system/Database/MySQLi/Connection.php:331
Stack trace:
#0 /usr/local/var/www/app-p4i/vendor/codeigniter4/framework/system/Database/MySQLi/Connection.php(331): mysqli->query('SELECT *\nFROM `...')
#1 /usr/local/var/www/app-p4i/vendor/codeigniter4/framework/system/Database/BaseConnection.php(741): CodeIgniter\Database\MySQLi\Connection->execute('SELECT *\nFROM `...')
#2 /usr/local/var/www/app-p4i/vendor/codeigniter4/framework/system/Database/BaseConnection.php(669): CodeIgniter\Database\BaseConnection->simpleQuery('SELECT *\nFROM `...')
#3 /usr/local/var/www/app-p4i/vendor/codeigniter4/framework/system/Database/BaseBuilder.php(1860): CodeIgniter\Database\BaseConnection->query('SELECT *\nFROM `...', Array, false)
#4 /usr/local/var/www/app-p4i/app/Models/Backend/LayananModel.php(24): CodeIgniter\Database\BaseBuilder->get()
#5 /usr/local/var/www/app-p4i/app/Controllers/Home.php(31): App\Models\Backend\LayananModel->getLayananByKategori('Layanan Unggula...')
#6 /usr/local/var/www/app-p4i/vendor/codeigniter4/framework/system/CodeIgniter.php(918): App\Controllers\Home->index()
#7 /usr/local/var/www/app-p4i/vendor/codeigniter4/framework/system/CodeIgniter.php(404): CodeIgniter\CodeIgniter->runController(Object(App\Controllers\Home))
#8 /usr/local/var/www/app-p4i/vendor/codeigniter4/framework/system/CodeIgniter.php(312): CodeIgniter\CodeIgniter->handleRequest(NULL, Object(Config\Cache), false)
#9 /usr/local/var/www/app-p4i/public/index.php(45): CodeIgniter\CodeIgniter->run()
#10 /usr/local/var/www/app-p4i/vendor/codeigniter4/framework/system/Commands/Server/rewrite.php(34): require_once('/usr/local/var/...')
#11 {main}
INFO - 2023-08-03 22:25:05 --> Session: Class initialized using 'CodeIgniter\Session\Handlers\FileHandler' driver.
WARNING - 2023-08-03 22:25:05 --> Session: Sessions is enabled, and one exists.Please don't $session->start();
ERROR - 2023-08-03 22:25:05 --> mysqli_sql_exception: Table 'cms_p4i.bcms_layanan' doesn't exist in /usr/local/var/www/app-p4i/vendor/codeigniter4/framework/system/Database/MySQLi/Connection.php:331
Stack trace:
#0 /usr/local/var/www/app-p4i/vendor/codeigniter4/framework/system/Database/MySQLi/Connection.php(331): mysqli->query('SELECT *\nFROM `...')
#1 /usr/local/var/www/app-p4i/vendor/codeigniter4/framework/system/Database/BaseConnection.php(741): CodeIgniter\Database\MySQLi\Connection->execute('SELECT *\nFROM `...')
#2 /usr/local/var/www/app-p4i/vendor/codeigniter4/framework/system/Database/BaseConnection.php(669): CodeIgniter\Database\BaseConnection->simpleQuery('SELECT *\nFROM `...')
#3 /usr/local/var/www/app-p4i/vendor/codeigniter4/framework/system/Database/BaseBuilder.php(1860): CodeIgniter\Database\BaseConnection->query('SELECT *\nFROM `...', Array, false)
#4 /usr/local/var/www/app-p4i/app/Models/Backend/LayananModel.php(24): CodeIgniter\Database\BaseBuilder->get()
#5 /usr/local/var/www/app-p4i/app/Controllers/Home.php(31): App\Models\Backend\LayananModel->getLayananByKategori('Layanan Unggula...')
#6 /usr/local/var/www/app-p4i/vendor/codeigniter4/framework/system/CodeIgniter.php(918): App\Controllers\Home->index()
#7 /usr/local/var/www/app-p4i/vendor/codeigniter4/framework/system/CodeIgniter.php(404): CodeIgniter\CodeIgniter->runController(Object(App\Controllers\Home))
#8 /usr/local/var/www/app-p4i/vendor/codeigniter4/framework/system/CodeIgniter.php(312): CodeIgniter\CodeIgniter->handleRequest(NULL, Object(Config\Cache), false)
#9 /usr/local/var/www/app-p4i/public/index.php(45): CodeIgniter\CodeIgniter->run()
#10 /usr/local/var/www/app-p4i/vendor/codeigniter4/framework/system/Commands/Server/rewrite.php(34): require_once('/usr/local/var/...')
#11 {main}
INFO - 2023-08-03 22:26:57 --> Session: Class initialized using 'CodeIgniter\Session\Handlers\FileHandler' driver.
WARNING - 2023-08-03 22:26:57 --> Session: Sessions is enabled, and one exists.Please don't $session->start();
ERROR - 2023-08-03 22:26:57 --> mysqli_sql_exception: Table 'cms_p4i.bcms_layanan' doesn't exist in /usr/local/var/www/app-p4i/vendor/codeigniter4/framework/system/Database/MySQLi/Connection.php:331
Stack trace:
#0 /usr/local/var/www/app-p4i/vendor/codeigniter4/framework/system/Database/MySQLi/Connection.php(331): mysqli->query('SELECT *\nFROM `...')
#1 /usr/local/var/www/app-p4i/vendor/codeigniter4/framework/system/Database/BaseConnection.php(741): CodeIgniter\Database\MySQLi\Connection->execute('SELECT *\nFROM `...')
#2 /usr/local/var/www/app-p4i/vendor/codeigniter4/framework/system/Database/BaseConnection.php(669): CodeIgniter\Database\BaseConnection->simpleQuery('SELECT *\nFROM `...')
#3 /usr/local/var/www/app-p4i/vendor/codeigniter4/framework/system/Database/BaseBuilder.php(1860): CodeIgniter\Database\BaseConnection->query('SELECT *\nFROM `...', Array, false)
#4 /usr/local/var/www/app-p4i/app/Models/Backend/LayananModel.php(24): CodeIgniter\Database\BaseBuilder->get()
#5 /usr/local/var/www/app-p4i/app/Controllers/Home.php(31): App\Models\Backend\LayananModel->getLayananByKategori('Layanan Unggula...')
#6 /usr/local/var/www/app-p4i/vendor/codeigniter4/framework/system/CodeIgniter.php(918): App\Controllers\Home->index()
#7 /usr/local/var/www/app-p4i/vendor/codeigniter4/framework/system/CodeIgniter.php(404): CodeIgniter\CodeIgniter->runController(Object(App\Controllers\Home))
#8 /usr/local/var/www/app-p4i/vendor/codeigniter4/framework/system/CodeIgniter.php(312): CodeIgniter\CodeIgniter->handleRequest(NULL, Object(Config\Cache), false)
#9 /usr/local/var/www/app-p4i/public/index.php(45): CodeIgniter\CodeIgniter->run()
#10 /usr/local/var/www/app-p4i/vendor/codeigniter4/framework/system/Commands/Server/rewrite.php(34): require_once('/usr/local/var/...')
#11 {main}
INFO - 2023-08-03 22:26:58 --> Session: Class initialized using 'CodeIgniter\Session\Handlers\FileHandler' driver.
WARNING - 2023-08-03 22:26:58 --> Session: Sessions is enabled, and one exists.Please don't $session->start();
ERROR - 2023-08-03 22:26:59 --> mysqli_sql_exception: Table 'cms_p4i.bcms_layanan' doesn't exist in /usr/local/var/www/app-p4i/vendor/codeigniter4/framework/system/Database/MySQLi/Connection.php:331
Stack trace:
#0 /usr/local/var/www/app-p4i/vendor/codeigniter4/framework/system/Database/MySQLi/Connection.php(331): mysqli->query('SELECT *\nFROM `...')
#1 /usr/local/var/www/app-p4i/vendor/codeigniter4/framework/system/Database/BaseConnection.php(741): CodeIgniter\Database\MySQLi\Connection->execute('SELECT *\nFROM `...')
#2 /usr/local/var/www/app-p4i/vendor/codeigniter4/framework/system/Database/BaseConnection.php(669): CodeIgniter\Database\BaseConnection->simpleQuery('SELECT *\nFROM `...')
#3 /usr/local/var/www/app-p4i/vendor/codeigniter4/framework/system/Database/BaseBuilder.php(1860): CodeIgniter\Database\BaseConnection->query('SELECT *\nFROM `...', Array, false)
#4 /usr/local/var/www/app-p4i/app/Models/Backend/LayananModel.php(24): CodeIgniter\Database\BaseBuilder->get()
#5 /usr/local/var/www/app-p4i/app/Controllers/Home.php(31): App\Models\Backend\LayananModel->getLayananByKategori('Layanan Unggula...')
#6 /usr/local/var/www/app-p4i/vendor/codeigniter4/framework/system/CodeIgniter.php(918): App\Controllers\Home->index()
#7 /usr/local/var/www/app-p4i/vendor/codeigniter4/framework/system/CodeIgniter.php(404): CodeIgniter\CodeIgniter->runController(Object(App\Controllers\Home))
#8 /usr/local/var/www/app-p4i/vendor/codeigniter4/framework/system/CodeIgniter.php(312): CodeIgniter\CodeIgniter->handleRequest(NULL, Object(Config\Cache), false)
#9 /usr/local/var/www/app-p4i/public/index.php(45): CodeIgniter\CodeIgniter->run()
#10 /usr/local/var/www/app-p4i/vendor/codeigniter4/framework/system/Commands/Server/rewrite.php(34): require_once('/usr/local/var/...')
#11 {main}
INFO - 2023-08-03 22:27:07 --> Session: Class initialized using 'CodeIgniter\Session\Handlers\FileHandler' driver.
WARNING - 2023-08-03 22:27:07 --> Session: Sessions is enabled, and one exists.Please don't $session->start();
ERROR - 2023-08-03 22:27:07 --> mysqli_sql_exception: Table 'cms_p4i.bcms_layanan' doesn't exist in /usr/local/var/www/app-p4i/vendor/codeigniter4/framework/system/Database/MySQLi/Connection.php:331
Stack trace:
#0 /usr/local/var/www/app-p4i/vendor/codeigniter4/framework/system/Database/MySQLi/Connection.php(331): mysqli->query('SELECT *\nFROM `...')
#1 /usr/local/var/www/app-p4i/vendor/codeigniter4/framework/system/Database/BaseConnection.php(741): CodeIgniter\Database\MySQLi\Connection->execute('SELECT *\nFROM `...')
#2 /usr/local/var/www/app-p4i/vendor/codeigniter4/framework/system/Database/BaseConnection.php(669): CodeIgniter\Database\BaseConnection->simpleQuery('SELECT *\nFROM `...')
#3 /usr/local/var/www/app-p4i/vendor/codeigniter4/framework/system/Database/BaseBuilder.php(1860): CodeIgniter\Database\BaseConnection->query('SELECT *\nFROM `...', Array, false)
#4 /usr/local/var/www/app-p4i/app/Models/Backend/LayananModel.php(24): CodeIgniter\Database\BaseBuilder->get()
#5 /usr/local/var/www/app-p4i/app/Controllers/Home.php(31): App\Models\Backend\LayananModel->getLayananByKategori('Layanan Unggula...')
#6 /usr/local/var/www/app-p4i/vendor/codeigniter4/framework/system/CodeIgniter.php(918): App\Controllers\Home->index()
#7 /usr/local/var/www/app-p4i/vendor/codeigniter4/framework/system/CodeIgniter.php(404): CodeIgniter\CodeIgniter->runController(Object(App\Controllers\Home))
#8 /usr/local/var/www/app-p4i/vendor/codeigniter4/framework/system/CodeIgniter.php(312): CodeIgniter\CodeIgniter->handleRequest(NULL, Object(Config\Cache), false)
#9 /usr/local/var/www/app-p4i/public/index.php(45): CodeIgniter\CodeIgniter->run()
#10 /usr/local/var/www/app-p4i/vendor/codeigniter4/framework/system/Commands/Server/rewrite.php(34): require_once('/usr/local/var/...')
#11 {main}
INFO - 2023-08-03 22:27:08 --> Session: Class initialized using 'CodeIgniter\Session\Handlers\FileHandler' driver.
WARNING - 2023-08-03 22:27:08 --> Session: Sessions is enabled, and one exists.Please don't $session->start();
ERROR - 2023-08-03 22:27:08 --> mysqli_sql_exception: Table 'cms_p4i.bcms_layanan' doesn't exist in /usr/local/var/www/app-p4i/vendor/codeigniter4/framework/system/Database/MySQLi/Connection.php:331
Stack trace:
#0 /usr/local/var/www/app-p4i/vendor/codeigniter4/framework/system/Database/MySQLi/Connection.php(331): mysqli->query('SELECT *\nFROM `...')
#1 /usr/local/var/www/app-p4i/vendor/codeigniter4/framework/system/Database/BaseConnection.php(741): CodeIgniter\Database\MySQLi\Connection->execute('SELECT *\nFROM `...')
#2 /usr/local/var/www/app-p4i/vendor/codeigniter4/framework/system/Database/BaseConnection.php(669): CodeIgniter\Database\BaseConnection->simpleQuery('SELECT *\nFROM `...')
#3 /usr/local/var/www/app-p4i/vendor/codeigniter4/framework/system/Database/BaseBuilder.php(1860): CodeIgniter\Database\BaseConnection->query('SELECT *\nFROM `...', Array, false)
#4 /usr/local/var/www/app-p4i/app/Models/Backend/LayananModel.php(24): CodeIgniter\Database\BaseBuilder->get()
#5 /usr/local/var/www/app-p4i/app/Controllers/Home.php(31): App\Models\Backend\LayananModel->getLayananByKategori('Layanan Unggula...')
#6 /usr/local/var/www/app-p4i/vendor/codeigniter4/framework/system/CodeIgniter.php(918): App\Controllers\Home->index()
#7 /usr/local/var/www/app-p4i/vendor/codeigniter4/framework/system/CodeIgniter.php(404): CodeIgniter\CodeIgniter->runController(Object(App\Controllers\Home))
#8 /usr/local/var/www/app-p4i/vendor/codeigniter4/framework/system/CodeIgniter.php(312): CodeIgniter\CodeIgniter->handleRequest(NULL, Object(Config\Cache), false)
#9 /usr/local/var/www/app-p4i/public/index.php(45): CodeIgniter\CodeIgniter->run()
#10 /usr/local/var/www/app-p4i/vendor/codeigniter4/framework/system/Commands/Server/rewrite.php(34): require_once('/usr/local/var/...')
#11 {main}
INFO - 2023-08-03 22:29:19 --> Session: Class initialized using 'CodeIgniter\Session\Handlers\FileHandler' driver.
WARNING - 2023-08-03 22:29:19 --> Session: Sessions is enabled, and one exists.Please don't $session->start();
ERROR - 2023-08-03 22:29:19 --> mysqli_sql_exception: Table 'cms_p4i.bcms_layanan' doesn't exist in /usr/local/var/www/app-p4i/vendor/codeigniter4/framework/system/Database/MySQLi/Connection.php:331
Stack trace:
#0 /usr/local/var/www/app-p4i/vendor/codeigniter4/framework/system/Database/MySQLi/Connection.php(331): mysqli->query('SELECT *\nFROM `...')
#1 /usr/local/var/www/app-p4i/vendor/codeigniter4/framework/system/Database/BaseConnection.php(741): CodeIgniter\Database\MySQLi\Connection->execute('SELECT *\nFROM `...')
#2 /usr/local/var/www/app-p4i/vendor/codeigniter4/framework/system/Database/BaseConnection.php(669): CodeIgniter\Database\BaseConnection->simpleQuery('SELECT *\nFROM `...')
#3 /usr/local/var/www/app-p4i/vendor/codeigniter4/framework/system/Database/BaseBuilder.php(1860): CodeIgniter\Database\BaseConnection->query('SELECT *\nFROM `...', Array, false)
#4 /usr/local/var/www/app-p4i/app/Models/Backend/LayananModel.php(24): CodeIgniter\Database\BaseBuilder->get()
#5 /usr/local/var/www/app-p4i/app/Controllers/Home.php(31): App\Models\Backend\LayananModel->getLayananByKategori('Layanan Unggula...')
#6 /usr/local/var/www/app-p4i/vendor/codeigniter4/framework/system/CodeIgniter.php(918): App\Controllers\Home->index()
#7 /usr/local/var/www/app-p4i/vendor/codeigniter4/framework/system/CodeIgniter.php(404): CodeIgniter\CodeIgniter->runController(Object(App\Controllers\Home))
#8 /usr/local/var/www/app-p4i/vendor/codeigniter4/framework/system/CodeIgniter.php(312): CodeIgniter\CodeIgniter->handleRequest(NULL, Object(Config\Cache), false)
#9 /usr/local/var/www/app-p4i/public/index.php(45): CodeIgniter\CodeIgniter->run()
#10 /usr/local/var/www/app-p4i/vendor/codeigniter4/framework/system/Commands/Server/rewrite.php(34): require_once('/usr/local/var/...')
#11 {main}
INFO - 2023-08-03 22:29:20 --> Session: Class initialized using 'CodeIgniter\Session\Handlers\FileHandler' driver.
WARNING - 2023-08-03 22:29:20 --> Session: Sessions is enabled, and one exists.Please don't $session->start();
ERROR - 2023-08-03 22:29:20 --> mysqli_sql_exception: Table 'cms_p4i.bcms_layanan' doesn't exist in /usr/local/var/www/app-p4i/vendor/codeigniter4/framework/system/Database/MySQLi/Connection.php:331
Stack trace:
#0 /usr/local/var/www/app-p4i/vendor/codeigniter4/framework/system/Database/MySQLi/Connection.php(331): mysqli->query('SELECT *\nFROM `...')
#1 /usr/local/var/www/app-p4i/vendor/codeigniter4/framework/system/Database/BaseConnection.php(741): CodeIgniter\Database\MySQLi\Connection->execute('SELECT *\nFROM `...')
#2 /usr/local/var/www/app-p4i/vendor/codeigniter4/framework/system/Database/BaseConnection.php(669): CodeIgniter\Database\BaseConnection->simpleQuery('SELECT *\nFROM `...')
#3 /usr/local/var/www/app-p4i/vendor/codeigniter4/framework/system/Database/BaseBuilder.php(1860): CodeIgniter\Database\BaseConnection->query('SELECT *\nFROM `...', Array, false)
#4 /usr/local/var/www/app-p4i/app/Models/Backend/LayananModel.php(24): CodeIgniter\Database\BaseBuilder->get()
#5 /usr/local/var/www/app-p4i/app/Controllers/Home.php(31): App\Models\Backend\LayananModel->getLayananByKategori('Layanan Unggula...')
#6 /usr/local/var/www/app-p4i/vendor/codeigniter4/framework/system/CodeIgniter.php(918): App\Controllers\Home->index()
#7 /usr/local/var/www/app-p4i/vendor/codeigniter4/framework/system/CodeIgniter.php(404): CodeIgniter\CodeIgniter->runController(Object(App\Controllers\Home))
#8 /usr/local/var/www/app-p4i/vendor/codeigniter4/framework/system/CodeIgniter.php(312): CodeIgniter\CodeIgniter->handleRequest(NULL, Object(Config\Cache), false)
#9 /usr/local/var/www/app-p4i/public/index.php(45): CodeIgniter\CodeIgniter->run()
#10 /usr/local/var/www/app-p4i/vendor/codeigniter4/framework/system/Commands/Server/rewrite.php(34): require_once('/usr/local/var/...')
#11 {main}
INFO - 2023-08-03 22:31:29 --> Session: Class initialized using 'CodeIgniter\Session\Handlers\FileHandler' driver.
WARNING - 2023-08-03 22:31:29 --> Session: Sessions is enabled, and one exists.Please don't $session->start();
ERROR - 2023-08-03 22:31:29 --> mysqli_sql_exception: Table 'cms_p4i.bcms_layanan' doesn't exist in /usr/local/var/www/app-p4i/vendor/codeigniter4/framework/system/Database/MySQLi/Connection.php:331
Stack trace:
#0 /usr/local/var/www/app-p4i/vendor/codeigniter4/framework/system/Database/MySQLi/Connection.php(331): mysqli->query('SELECT *\nFROM `...')
#1 /usr/local/var/www/app-p4i/vendor/codeigniter4/framework/system/Database/BaseConnection.php(741): CodeIgniter\Database\MySQLi\Connection->execute('SELECT *\nFROM `...')
#2 /usr/local/var/www/app-p4i/vendor/codeigniter4/framework/system/Database/BaseConnection.php(669): CodeIgniter\Database\BaseConnection->simpleQuery('SELECT *\nFROM `...')
#3 /usr/local/var/www/app-p4i/vendor/codeigniter4/framework/system/Database/BaseBuilder.php(1860): CodeIgniter\Database\BaseConnection->query('SELECT *\nFROM `...', Array, false)
#4 /usr/local/var/www/app-p4i/app/Models/Backend/LayananModel.php(24): CodeIgniter\Database\BaseBuilder->get()
#5 /usr/local/var/www/app-p4i/app/Controllers/Home.php(31): App\Models\Backend\LayananModel->getLayananByKategori('Layanan Unggula...')
#6 /usr/local/var/www/app-p4i/vendor/codeigniter4/framework/system/CodeIgniter.php(918): App\Controllers\Home->index()
#7 /usr/local/var/www/app-p4i/vendor/codeigniter4/framework/system/CodeIgniter.php(404): CodeIgniter\CodeIgniter->runController(Object(App\Controllers\Home))
#8 /usr/local/var/www/app-p4i/vendor/codeigniter4/framework/system/CodeIgniter.php(312): CodeIgniter\CodeIgniter->handleRequest(NULL, Object(Config\Cache), false)
#9 /usr/local/var/www/app-p4i/public/index.php(45): CodeIgniter\CodeIgniter->run()
#10 /usr/local/var/www/app-p4i/vendor/codeigniter4/framework/system/Commands/Server/rewrite.php(34): require_once('/usr/local/var/...')
#11 {main}
INFO - 2023-08-03 22:31:30 --> Session: Class initialized using 'CodeIgniter\Session\Handlers\FileHandler' driver.
WARNING - 2023-08-03 22:31:30 --> Session: Sessions is enabled, and one exists.Please don't $session->start();
ERROR - 2023-08-03 22:31:30 --> mysqli_sql_exception: Table 'cms_p4i.bcms_layanan' doesn't exist in /usr/local/var/www/app-p4i/vendor/codeigniter4/framework/system/Database/MySQLi/Connection.php:331
Stack trace:
#0 /usr/local/var/www/app-p4i/vendor/codeigniter4/framework/system/Database/MySQLi/Connection.php(331): mysqli->query('SELECT *\nFROM `...')
#1 /usr/local/var/www/app-p4i/vendor/codeigniter4/framework/system/Database/BaseConnection.php(741): CodeIgniter\Database\MySQLi\Connection->execute('SELECT *\nFROM `...')
#2 /usr/local/var/www/app-p4i/vendor/codeigniter4/framework/system/Database/BaseConnection.php(669): CodeIgniter\Database\BaseConnection->simpleQuery('SELECT *\nFROM `...')
#3 /usr/local/var/www/app-p4i/vendor/codeigniter4/framework/system/Database/BaseBuilder.php(1860): CodeIgniter\Database\BaseConnection->query('SELECT *\nFROM `...', Array, false)
#4 /usr/local/var/www/app-p4i/app/Models/Backend/LayananModel.php(24): CodeIgniter\Database\BaseBuilder->get()
#5 /usr/local/var/www/app-p4i/app/Controllers/Home.php(31): App\Models\Backend\LayananModel->getLayananByKategori('Layanan Unggula...')
#6 /usr/local/var/www/app-p4i/vendor/codeigniter4/framework/system/CodeIgniter.php(918): App\Controllers\Home->index()
#7 /usr/local/var/www/app-p4i/vendor/codeigniter4/framework/system/CodeIgniter.php(404): CodeIgniter\CodeIgniter->runController(Object(App\Controllers\Home))
#8 /usr/local/var/www/app-p4i/vendor/codeigniter4/framework/system/CodeIgniter.php(312): CodeIgniter\CodeIgniter->handleRequest(NULL, Object(Config\Cache), false)
#9 /usr/local/var/www/app-p4i/public/index.php(45): CodeIgniter\CodeIgniter->run()
#10 /usr/local/var/www/app-p4i/vendor/codeigniter4/framework/system/Commands/Server/rewrite.php(34): require_once('/usr/local/var/...')
#11 {main}
INFO - 2023-08-03 22:35:09 --> Session: Class initialized using 'CodeIgniter\Session\Handlers\FileHandler' driver.
WARNING - 2023-08-03 22:35:09 --> Session: Sessions is enabled, and one exists.Please don't $session->start();
ERROR - 2023-08-03 22:35:09 --> mysqli_sql_exception: Table 'cms_p4i.bcms_layanan' doesn't exist in /usr/local/var/www/app-p4i/vendor/codeigniter4/framework/system/Database/MySQLi/Connection.php:331
Stack trace:
#0 /usr/local/var/www/app-p4i/vendor/codeigniter4/framework/system/Database/MySQLi/Connection.php(331): mysqli->query('SELECT *\nFROM `...')
#1 /usr/local/var/www/app-p4i/vendor/codeigniter4/framework/system/Database/BaseConnection.php(741): CodeIgniter\Database\MySQLi\Connection->execute('SELECT *\nFROM `...')
#2 /usr/local/var/www/app-p4i/vendor/codeigniter4/framework/system/Database/BaseConnection.php(669): CodeIgniter\Database\BaseConnection->simpleQuery('SELECT *\nFROM `...')
#3 /usr/local/var/www/app-p4i/vendor/codeigniter4/framework/system/Database/BaseBuilder.php(1860): CodeIgniter\Database\BaseConnection->query('SELECT *\nFROM `...', Array, false)
#4 /usr/local/var/www/app-p4i/app/Models/Backend/LayananModel.php(24): CodeIgniter\Database\BaseBuilder->get()
#5 /usr/local/var/www/app-p4i/app/Controllers/Home.php(31): App\Models\Backend\LayananModel->getLayananByKategori('Layanan Unggula...')
#6 /usr/local/var/www/app-p4i/vendor/codeigniter4/framework/system/CodeIgniter.php(918): App\Controllers\Home->index()
#7 /usr/local/var/www/app-p4i/vendor/codeigniter4/framework/system/CodeIgniter.php(404): CodeIgniter\CodeIgniter->runController(Object(App\Controllers\Home))
#8 /usr/local/var/www/app-p4i/vendor/codeigniter4/framework/system/CodeIgniter.php(312): CodeIgniter\CodeIgniter->handleRequest(NULL, Object(Config\Cache), false)
#9 /usr/local/var/www/app-p4i/public/index.php(45): CodeIgniter\CodeIgniter->run()
#10 /usr/local/var/www/app-p4i/vendor/codeigniter4/framework/system/Commands/Server/rewrite.php(34): require_once('/usr/local/var/...')
#11 {main}
INFO - 2023-08-03 22:35:12 --> Session: Class initialized using 'CodeIgniter\Session\Handlers\FileHandler' driver.
WARNING - 2023-08-03 22:35:12 --> Session: Sessions is enabled, and one exists.Please don't $session->start();
ERROR - 2023-08-03 22:35:12 --> mysqli_sql_exception: Table 'cms_p4i.bcms_layanan' doesn't exist in /usr/local/var/www/app-p4i/vendor/codeigniter4/framework/system/Database/MySQLi/Connection.php:331
Stack trace:
#0 /usr/local/var/www/app-p4i/vendor/codeigniter4/framework/system/Database/MySQLi/Connection.php(331): mysqli->query('SELECT *\nFROM `...')
#1 /usr/local/var/www/app-p4i/vendor/codeigniter4/framework/system/Database/BaseConnection.php(741): CodeIgniter\Database\MySQLi\Connection->execute('SELECT *\nFROM `...')
#2 /usr/local/var/www/app-p4i/vendor/codeigniter4/framework/system/Database/BaseConnection.php(669): CodeIgniter\Database\BaseConnection->simpleQuery('SELECT *\nFROM `...')
#3 /usr/local/var/www/app-p4i/vendor/codeigniter4/framework/system/Database/BaseBuilder.php(1860): CodeIgniter\Database\BaseConnection->query('SELECT *\nFROM `...', Array, false)
#4 /usr/local/var/www/app-p4i/app/Models/Backend/LayananModel.php(24): CodeIgniter\Database\BaseBuilder->get()
#5 /usr/local/var/www/app-p4i/app/Controllers/Home.php(31): App\Models\Backend\LayananModel->getLayananByKategori('Layanan Unggula...')
#6 /usr/local/var/www/app-p4i/vendor/codeigniter4/framework/system/CodeIgniter.php(918): App\Controllers\Home->index()
#7 /usr/local/var/www/app-p4i/vendor/codeigniter4/framework/system/CodeIgniter.php(404): CodeIgniter\CodeIgniter->runController(Object(App\Controllers\Home))
#8 /usr/local/var/www/app-p4i/vendor/codeigniter4/framework/system/CodeIgniter.php(312): CodeIgniter\CodeIgniter->handleRequest(NULL, Object(Config\Cache), false)
#9 /usr/local/var/www/app-p4i/public/index.php(45): CodeIgniter\CodeIgniter->run()
#10 /usr/local/var/www/app-p4i/vendor/codeigniter4/framework/system/Commands/Server/rewrite.php(34): require_once('/usr/local/var/...')
#11 {main}
INFO - 2023-08-03 22:37:00 --> Session: Class initialized using 'CodeIgniter\Session\Handlers\FileHandler' driver.
WARNING - 2023-08-03 22:37:00 --> Session: Sessions is enabled, and one exists.Please don't $session->start();
ERROR - 2023-08-03 22:37:00 --> mysqli_sql_exception: Table 'cms_p4i.bcms_layanan' doesn't exist in /usr/local/var/www/app-p4i/vendor/codeigniter4/framework/system/Database/MySQLi/Connection.php:331
Stack trace:
#0 /usr/local/var/www/app-p4i/vendor/codeigniter4/framework/system/Database/MySQLi/Connection.php(331): mysqli->query('SELECT *\nFROM `...')
#1 /usr/local/var/www/app-p4i/vendor/codeigniter4/framework/system/Database/BaseConnection.php(741): CodeIgniter\Database\MySQLi\Connection->execute('SELECT *\nFROM `...')
#2 /usr/local/var/www/app-p4i/vendor/codeigniter4/framework/system/Database/BaseConnection.php(669): CodeIgniter\Database\BaseConnection->simpleQuery('SELECT *\nFROM `...')
#3 /usr/local/var/www/app-p4i/vendor/codeigniter4/framework/system/Database/BaseBuilder.php(1860): CodeIgniter\Database\BaseConnection->query('SELECT *\nFROM `...', Array, false)
#4 /usr/local/var/www/app-p4i/app/Models/Backend/LayananModel.php(24): CodeIgniter\Database\BaseBuilder->get()
#5 /usr/local/var/www/app-p4i/app/Controllers/Home.php(31): App\Models\Backend\LayananModel->getLayananByKategori('Layanan Unggula...')
#6 /usr/local/var/www/app-p4i/vendor/codeigniter4/framework/system/CodeIgniter.php(918): App\Controllers\Home->index()
#7 /usr/local/var/www/app-p4i/vendor/codeigniter4/framework/system/CodeIgniter.php(404): CodeIgniter\CodeIgniter->runController(Object(App\Controllers\Home))
#8 /usr/local/var/www/app-p4i/vendor/codeigniter4/framework/system/CodeIgniter.php(312): CodeIgniter\CodeIgniter->handleRequest(NULL, Object(Config\Cache), false)
#9 /usr/local/var/www/app-p4i/public/index.php(45): CodeIgniter\CodeIgniter->run()
#10 /usr/local/var/www/app-p4i/vendor/codeigniter4/framework/system/Commands/Server/rewrite.php(34): require_once('/usr/local/var/...')
#11 {main}
INFO - 2023-08-03 22:37:02 --> Session: Class initialized using 'CodeIgniter\Session\Handlers\FileHandler' driver.
WARNING - 2023-08-03 22:37:02 --> Session: Sessions is enabled, and one exists.Please don't $session->start();
ERROR - 2023-08-03 22:37:02 --> mysqli_sql_exception: Table 'cms_p4i.bcms_layanan' doesn't exist in /usr/local/var/www/app-p4i/vendor/codeigniter4/framework/system/Database/MySQLi/Connection.php:331
Stack trace:
#0 /usr/local/var/www/app-p4i/vendor/codeigniter4/framework/system/Database/MySQLi/Connection.php(331): mysqli->query('SELECT *\nFROM `...')
#1 /usr/local/var/www/app-p4i/vendor/codeigniter4/framework/system/Database/BaseConnection.php(741): CodeIgniter\Database\MySQLi\Connection->execute('SELECT *\nFROM `...')
#2 /usr/local/var/www/app-p4i/vendor/codeigniter4/framework/system/Database/BaseConnection.php(669): CodeIgniter\Database\BaseConnection->simpleQuery('SELECT *\nFROM `...')
#3 /usr/local/var/www/app-p4i/vendor/codeigniter4/framework/system/Database/BaseBuilder.php(1860): CodeIgniter\Database\BaseConnection->query('SELECT *\nFROM `...', Array, false)
#4 /usr/local/var/www/app-p4i/app/Models/Backend/LayananModel.php(24): CodeIgniter\Database\BaseBuilder->get()
#5 /usr/local/var/www/app-p4i/app/Controllers/Home.php(31): App\Models\Backend\LayananModel->getLayananByKategori('Layanan Unggula...')
#6 /usr/local/var/www/app-p4i/vendor/codeigniter4/framework/system/CodeIgniter.php(918): App\Controllers\Home->index()
#7 /usr/local/var/www/app-p4i/vendor/codeigniter4/framework/system/CodeIgniter.php(404): CodeIgniter\CodeIgniter->runController(Object(App\Controllers\Home))
#8 /usr/local/var/www/app-p4i/vendor/codeigniter4/framework/system/CodeIgniter.php(312): CodeIgniter\CodeIgniter->handleRequest(NULL, Object(Config\Cache), false)
#9 /usr/local/var/www/app-p4i/public/index.php(45): CodeIgniter\CodeIgniter->run()
#10 /usr/local/var/www/app-p4i/vendor/codeigniter4/framework/system/Commands/Server/rewrite.php(34): require_once('/usr/local/var/...')
#11 {main}
INFO - 2023-08-03 22:39:27 --> Session: Class initialized using 'CodeIgniter\Session\Handlers\FileHandler' driver.
WARNING - 2023-08-03 22:39:27 --> Session: Sessions is enabled, and one exists.Please don't $session->start();
ERROR - 2023-08-03 22:39:27 --> mysqli_sql_exception: Table 'cms_p4i.bcms_layanan' doesn't exist in /usr/local/var/www/app-p4i/vendor/codeigniter4/framework/system/Database/MySQLi/Connection.php:331
Stack trace:
#0 /usr/local/var/www/app-p4i/vendor/codeigniter4/framework/system/Database/MySQLi/Connection.php(331): mysqli->query('SELECT *\nFROM `...')
#1 /usr/local/var/www/app-p4i/vendor/codeigniter4/framework/system/Database/BaseConnection.php(741): CodeIgniter\Database\MySQLi\Connection->execute('SELECT *\nFROM `...')
#2 /usr/local/var/www/app-p4i/vendor/codeigniter4/framework/system/Database/BaseConnection.php(669): CodeIgniter\Database\BaseConnection->simpleQuery('SELECT *\nFROM `...')
#3 /usr/local/var/www/app-p4i/vendor/codeigniter4/framework/system/Database/BaseBuilder.php(1860): CodeIgniter\Database\BaseConnection->query('SELECT *\nFROM `...', Array, false)
#4 /usr/local/var/www/app-p4i/app/Models/Backend/LayananModel.php(24): CodeIgniter\Database\BaseBuilder->get()
#5 /usr/local/var/www/app-p4i/app/Controllers/Home.php(31): App\Models\Backend\LayananModel->getLayananByKategori('Layanan Unggula...')
#6 /usr/local/var/www/app-p4i/vendor/codeigniter4/framework/system/CodeIgniter.php(918): App\Controllers\Home->index()
#7 /usr/local/var/www/app-p4i/vendor/codeigniter4/framework/system/CodeIgniter.php(404): CodeIgniter\CodeIgniter->runController(Object(App\Controllers\Home))
#8 /usr/local/var/www/app-p4i/vendor/codeigniter4/framework/system/CodeIgniter.php(312): CodeIgniter\CodeIgniter->handleRequest(NULL, Object(Config\Cache), false)
#9 /usr/local/var/www/app-p4i/public/index.php(45): CodeIgniter\CodeIgniter->run()
#10 /usr/local/var/www/app-p4i/vendor/codeigniter4/framework/system/Commands/Server/rewrite.php(34): require_once('/usr/local/var/...')
#11 {main}
INFO - 2023-08-03 22:39:29 --> Session: Class initialized using 'CodeIgniter\Session\Handlers\FileHandler' driver.
WARNING - 2023-08-03 22:39:29 --> Session: Sessions is enabled, and one exists.Please don't $session->start();
ERROR - 2023-08-03 22:39:29 --> mysqli_sql_exception: Table 'cms_p4i.bcms_layanan' doesn't exist in /usr/local/var/www/app-p4i/vendor/codeigniter4/framework/system/Database/MySQLi/Connection.php:331
Stack trace:
#0 /usr/local/var/www/app-p4i/vendor/codeigniter4/framework/system/Database/MySQLi/Connection.php(331): mysqli->query('SELECT *\nFROM `...')
#1 /usr/local/var/www/app-p4i/vendor/codeigniter4/framework/system/Database/BaseConnection.php(741): CodeIgniter\Database\MySQLi\Connection->execute('SELECT *\nFROM `...')
#2 /usr/local/var/www/app-p4i/vendor/codeigniter4/framework/system/Database/BaseConnection.php(669): CodeIgniter\Database\BaseConnection->simpleQuery('SELECT *\nFROM `...')
#3 /usr/local/var/www/app-p4i/vendor/codeigniter4/framework/system/Database/BaseBuilder.php(1860): CodeIgniter\Database\BaseConnection->query('SELECT *\nFROM `...', Array, false)
#4 /usr/local/var/www/app-p4i/app/Models/Backend/LayananModel.php(24): CodeIgniter\Database\BaseBuilder->get()
#5 /usr/local/var/www/app-p4i/app/Controllers/Home.php(31): App\Models\Backend\LayananModel->getLayananByKategori('Layanan Unggula...')
#6 /usr/local/var/www/app-p4i/vendor/codeigniter4/framework/system/CodeIgniter.php(918): App\Controllers\Home->index()
#7 /usr/local/var/www/app-p4i/vendor/codeigniter4/framework/system/CodeIgniter.php(404): CodeIgniter\CodeIgniter->runController(Object(App\Controllers\Home))
#8 /usr/local/var/www/app-p4i/vendor/codeigniter4/framework/system/CodeIgniter.php(312): CodeIgniter\CodeIgniter->handleRequest(NULL, Object(Config\Cache), false)
#9 /usr/local/var/www/app-p4i/public/index.php(45): CodeIgniter\CodeIgniter->run()
#10 /usr/local/var/www/app-p4i/vendor/codeigniter4/framework/system/Commands/Server/rewrite.php(34): require_once('/usr/local/var/...')
#11 {main}
INFO - 2023-08-03 22:40:39 --> Session: Class initialized using 'CodeIgniter\Session\Handlers\FileHandler' driver.
WARNING - 2023-08-03 22:40:39 --> Session: Sessions is enabled, and one exists.Please don't $session->start();
ERROR - 2023-08-03 22:40:39 --> mysqli_sql_exception: Table 'cms_p4i.bcms_layanan' doesn't exist in /usr/local/var/www/app-p4i/vendor/codeigniter4/framework/system/Database/MySQLi/Connection.php:331
Stack trace:
#0 /usr/local/var/www/app-p4i/vendor/codeigniter4/framework/system/Database/MySQLi/Connection.php(331): mysqli->query('SELECT *\nFROM `...')
#1 /usr/local/var/www/app-p4i/vendor/codeigniter4/framework/system/Database/BaseConnection.php(741): CodeIgniter\Database\MySQLi\Connection->execute('SELECT *\nFROM `...')
#2 /usr/local/var/www/app-p4i/vendor/codeigniter4/framework/system/Database/BaseConnection.php(669): CodeIgniter\Database\BaseConnection->simpleQuery('SELECT *\nFROM `...')
#3 /usr/local/var/www/app-p4i/vendor/codeigniter4/framework/system/Database/BaseBuilder.php(1860): CodeIgniter\Database\BaseConnection->query('SELECT *\nFROM `...', Array, false)
#4 /usr/local/var/www/app-p4i/app/Models/Backend/LayananModel.php(24): CodeIgniter\Database\BaseBuilder->get()
#5 /usr/local/var/www/app-p4i/app/Controllers/Home.php(31): App\Models\Backend\LayananModel->getLayananByKategori('Layanan Unggula...')
#6 /usr/local/var/www/app-p4i/vendor/codeigniter4/framework/system/CodeIgniter.php(918): App\Controllers\Home->index()
#7 /usr/local/var/www/app-p4i/vendor/codeigniter4/framework/system/CodeIgniter.php(404): CodeIgniter\CodeIgniter->runController(Object(App\Controllers\Home))
#8 /usr/local/var/www/app-p4i/vendor/codeigniter4/framework/system/CodeIgniter.php(312): CodeIgniter\CodeIgniter->handleRequest(NULL, Object(Config\Cache), false)
#9 /usr/local/var/www/app-p4i/public/index.php(45): CodeIgniter\CodeIgniter->run()
#10 /usr/local/var/www/app-p4i/vendor/codeigniter4/framework/system/Commands/Server/rewrite.php(34): require_once('/usr/local/var/...')
#11 {main}
INFO - 2023-08-03 22:40:41 --> Session: Class initialized using 'CodeIgniter\Session\Handlers\FileHandler' driver.
WARNING - 2023-08-03 22:40:41 --> Session: Sessions is enabled, and one exists.Please don't $session->start();
ERROR - 2023-08-03 22:40:41 --> mysqli_sql_exception: Table 'cms_p4i.bcms_layanan' doesn't exist in /usr/local/var/www/app-p4i/vendor/codeigniter4/framework/system/Database/MySQLi/Connection.php:331
Stack trace:
#0 /usr/local/var/www/app-p4i/vendor/codeigniter4/framework/system/Database/MySQLi/Connection.php(331): mysqli->query('SELECT *\nFROM `...')
#1 /usr/local/var/www/app-p4i/vendor/codeigniter4/framework/system/Database/BaseConnection.php(741): CodeIgniter\Database\MySQLi\Connection->execute('SELECT *\nFROM `...')
#2 /usr/local/var/www/app-p4i/vendor/codeigniter4/framework/system/Database/BaseConnection.php(669): CodeIgniter\Database\BaseConnection->simpleQuery('SELECT *\nFROM `...')
#3 /usr/local/var/www/app-p4i/vendor/codeigniter4/framework/system/Database/BaseBuilder.php(1860): CodeIgniter\Database\BaseConnection->query('SELECT *\nFROM `...', Array, false)
#4 /usr/local/var/www/app-p4i/app/Models/Backend/LayananModel.php(24): CodeIgniter\Database\BaseBuilder->get()
#5 /usr/local/var/www/app-p4i/app/Controllers/Home.php(31): App\Models\Backend\LayananModel->getLayananByKategori('Layanan Unggula...')
#6 /usr/local/var/www/app-p4i/vendor/codeigniter4/framework/system/CodeIgniter.php(918): App\Controllers\Home->index()
#7 /usr/local/var/www/app-p4i/vendor/codeigniter4/framework/system/CodeIgniter.php(404): CodeIgniter\CodeIgniter->runController(Object(App\Controllers\Home))
#8 /usr/local/var/www/app-p4i/vendor/codeigniter4/framework/system/CodeIgniter.php(312): CodeIgniter\CodeIgniter->handleRequest(NULL, Object(Config\Cache), false)
#9 /usr/local/var/www/app-p4i/public/index.php(45): CodeIgniter\CodeIgniter->run()
#10 /usr/local/var/www/app-p4i/vendor/codeigniter4/framework/system/Commands/Server/rewrite.php(34): require_once('/usr/local/var/...')
#11 {main}
INFO - 2023-08-03 22:41:01 --> Session: Class initialized using 'CodeIgniter\Session\Handlers\FileHandler' driver.
WARNING - 2023-08-03 22:41:01 --> Session: Sessions is enabled, and one exists.Please don't $session->start();
ERROR - 2023-08-03 22:41:01 --> mysqli_sql_exception: Table 'cms_p4i.bcms_layanan' doesn't exist in /usr/local/var/www/app-p4i/vendor/codeigniter4/framework/system/Database/MySQLi/Connection.php:331
Stack trace:
#0 /usr/local/var/www/app-p4i/vendor/codeigniter4/framework/system/Database/MySQLi/Connection.php(331): mysqli->query('SELECT *\nFROM `...')
#1 /usr/local/var/www/app-p4i/vendor/codeigniter4/framework/system/Database/BaseConnection.php(741): CodeIgniter\Database\MySQLi\Connection->execute('SELECT *\nFROM `...')
#2 /usr/local/var/www/app-p4i/vendor/codeigniter4/framework/system/Database/BaseConnection.php(669): CodeIgniter\Database\BaseConnection->simpleQuery('SELECT *\nFROM `...')
#3 /usr/local/var/www/app-p4i/vendor/codeigniter4/framework/system/Database/BaseBuilder.php(1860): CodeIgniter\Database\BaseConnection->query('SELECT *\nFROM `...', Array, false)
#4 /usr/local/var/www/app-p4i/app/Models/Backend/LayananModel.php(24): CodeIgniter\Database\BaseBuilder->get()
#5 /usr/local/var/www/app-p4i/app/Controllers/Home.php(31): App\Models\Backend\LayananModel->getLayananByKategori('Layanan Unggula...')
#6 /usr/local/var/www/app-p4i/vendor/codeigniter4/framework/system/CodeIgniter.php(918): App\Controllers\Home->index()
#7 /usr/local/var/www/app-p4i/vendor/codeigniter4/framework/system/CodeIgniter.php(404): CodeIgniter\CodeIgniter->runController(Object(App\Controllers\Home))
#8 /usr/local/var/www/app-p4i/vendor/codeigniter4/framework/system/CodeIgniter.php(312): CodeIgniter\CodeIgniter->handleRequest(NULL, Object(Config\Cache), false)
#9 /usr/local/var/www/app-p4i/public/index.php(45): CodeIgniter\CodeIgniter->run()
#10 /usr/local/var/www/app-p4i/vendor/codeigniter4/framework/system/Commands/Server/rewrite.php(34): require_once('/usr/local/var/...')
#11 {main}
INFO - 2023-08-03 22:41:04 --> Session: Class initialized using 'CodeIgniter\Session\Handlers\FileHandler' driver.
WARNING - 2023-08-03 22:41:04 --> Session: Sessions is enabled, and one exists.Please don't $session->start();
ERROR - 2023-08-03 22:41:04 --> mysqli_sql_exception: Table 'cms_p4i.bcms_layanan' doesn't exist in /usr/local/var/www/app-p4i/vendor/codeigniter4/framework/system/Database/MySQLi/Connection.php:331
Stack trace:
#0 /usr/local/var/www/app-p4i/vendor/codeigniter4/framework/system/Database/MySQLi/Connection.php(331): mysqli->query('SELECT *\nFROM `...')
#1 /usr/local/var/www/app-p4i/vendor/codeigniter4/framework/system/Database/BaseConnection.php(741): CodeIgniter\Database\MySQLi\Connection->execute('SELECT *\nFROM `...')
#2 /usr/local/var/www/app-p4i/vendor/codeigniter4/framework/system/Database/BaseConnection.php(669): CodeIgniter\Database\BaseConnection->simpleQuery('SELECT *\nFROM `...')
#3 /usr/local/var/www/app-p4i/vendor/codeigniter4/framework/system/Database/BaseBuilder.php(1860): CodeIgniter\Database\BaseConnection->query('SELECT *\nFROM `...', Array, false)
#4 /usr/local/var/www/app-p4i/app/Models/Backend/LayananModel.php(24): CodeIgniter\Database\BaseBuilder->get()
#5 /usr/local/var/www/app-p4i/app/Controllers/Home.php(31): App\Models\Backend\LayananModel->getLayananByKategori('Layanan Unggula...')
#6 /usr/local/var/www/app-p4i/vendor/codeigniter4/framework/system/CodeIgniter.php(918): App\Controllers\Home->index()
#7 /usr/local/var/www/app-p4i/vendor/codeigniter4/framework/system/CodeIgniter.php(404): CodeIgniter\CodeIgniter->runController(Object(App\Controllers\Home))
#8 /usr/local/var/www/app-p4i/vendor/codeigniter4/framework/system/CodeIgniter.php(312): CodeIgniter\CodeIgniter->handleRequest(NULL, Object(Config\Cache), false)
#9 /usr/local/var/www/app-p4i/public/index.php(45): CodeIgniter\CodeIgniter->run()
#10 /usr/local/var/www/app-p4i/vendor/codeigniter4/framework/system/Commands/Server/rewrite.php(34): require_once('/usr/local/var/...')
#11 {main}
INFO - 2023-08-03 22:41:37 --> Session: Class initialized using 'CodeIgniter\Session\Handlers\FileHandler' driver.
WARNING - 2023-08-03 22:41:37 --> Session: Sessions is enabled, and one exists.Please don't $session->start();
ERROR - 2023-08-03 22:41:37 --> mysqli_sql_exception: Table 'cms_p4i.bcms_layanan' doesn't exist in /usr/local/var/www/app-p4i/vendor/codeigniter4/framework/system/Database/MySQLi/Connection.php:331
Stack trace:
#0 /usr/local/var/www/app-p4i/vendor/codeigniter4/framework/system/Database/MySQLi/Connection.php(331): mysqli->query('SELECT *\nFROM `...')
#1 /usr/local/var/www/app-p4i/vendor/codeigniter4/framework/system/Database/BaseConnection.php(741): CodeIgniter\Database\MySQLi\Connection->execute('SELECT *\nFROM `...')
#2 /usr/local/var/www/app-p4i/vendor/codeigniter4/framework/system/Database/BaseConnection.php(669): CodeIgniter\Database\BaseConnection->simpleQuery('SELECT *\nFROM `...')
#3 /usr/local/var/www/app-p4i/vendor/codeigniter4/framework/system/Database/BaseBuilder.php(1860): CodeIgniter\Database\BaseConnection->query('SELECT *\nFROM `...', Array, false)
#4 /usr/local/var/www/app-p4i/app/Models/Backend/LayananModel.php(24): CodeIgniter\Database\BaseBuilder->get()
#5 /usr/local/var/www/app-p4i/app/Controllers/Home.php(31): App\Models\Backend\LayananModel->getLayananByKategori('Layanan Unggula...')
#6 /usr/local/var/www/app-p4i/vendor/codeigniter4/framework/system/CodeIgniter.php(918): App\Controllers\Home->index()
#7 /usr/local/var/www/app-p4i/vendor/codeigniter4/framework/system/CodeIgniter.php(404): CodeIgniter\CodeIgniter->runController(Object(App\Controllers\Home))
#8 /usr/local/var/www/app-p4i/vendor/codeigniter4/framework/system/CodeIgniter.php(312): CodeIgniter\CodeIgniter->handleRequest(NULL, Object(Config\Cache), false)
#9 /usr/local/var/www/app-p4i/public/index.php(45): CodeIgniter\CodeIgniter->run()
#10 /usr/local/var/www/app-p4i/vendor/codeigniter4/framework/system/Commands/Server/rewrite.php(34): require_once('/usr/local/var/...')
#11 {main}
INFO - 2023-08-03 22:41:39 --> Session: Class initialized using 'CodeIgniter\Session\Handlers\FileHandler' driver.
WARNING - 2023-08-03 22:41:39 --> Session: Sessions is enabled, and one exists.Please don't $session->start();
ERROR - 2023-08-03 22:41:39 --> mysqli_sql_exception: Table 'cms_p4i.bcms_layanan' doesn't exist in /usr/local/var/www/app-p4i/vendor/codeigniter4/framework/system/Database/MySQLi/Connection.php:331
Stack trace:
#0 /usr/local/var/www/app-p4i/vendor/codeigniter4/framework/system/Database/MySQLi/Connection.php(331): mysqli->query('SELECT *\nFROM `...')
#1 /usr/local/var/www/app-p4i/vendor/codeigniter4/framework/system/Database/BaseConnection.php(741): CodeIgniter\Database\MySQLi\Connection->execute('SELECT *\nFROM `...')
#2 /usr/local/var/www/app-p4i/vendor/codeigniter4/framework/system/Database/BaseConnection.php(669): CodeIgniter\Database\BaseConnection->simpleQuery('SELECT *\nFROM `...')
#3 /usr/local/var/www/app-p4i/vendor/codeigniter4/framework/system/Database/BaseBuilder.php(1860): CodeIgniter\Database\BaseConnection->query('SELECT *\nFROM `...', Array, false)
#4 /usr/local/var/www/app-p4i/app/Models/Backend/LayananModel.php(24): CodeIgniter\Database\BaseBuilder->get()
#5 /usr/local/var/www/app-p4i/app/Controllers/Home.php(31): App\Models\Backend\LayananModel->getLayananByKategori('Layanan Unggula...')
#6 /usr/local/var/www/app-p4i/vendor/codeigniter4/framework/system/CodeIgniter.php(918): App\Controllers\Home->index()
#7 /usr/local/var/www/app-p4i/vendor/codeigniter4/framework/system/CodeIgniter.php(404): CodeIgniter\CodeIgniter->runController(Object(App\Controllers\Home))
#8 /usr/local/var/www/app-p4i/vendor/codeigniter4/framework/system/CodeIgniter.php(312): CodeIgniter\CodeIgniter->handleRequest(NULL, Object(Config\Cache), false)
#9 /usr/local/var/www/app-p4i/public/index.php(45): CodeIgniter\CodeIgniter->run()
#10 /usr/local/var/www/app-p4i/vendor/codeigniter4/framework/system/Commands/Server/rewrite.php(34): require_once('/usr/local/var/...')
#11 {main}
INFO - 2023-08-03 22:47:01 --> Session: Class initialized using 'CodeIgniter\Session\Handlers\FileHandler' driver.
WARNING - 2023-08-03 22:47:01 --> Session: Sessions is enabled, and one exists.Please don't $session->start();
INFO - 2023-08-03 22:47:08 --> Session: Class initialized using 'CodeIgniter\Session\Handlers\FileHandler' driver.
WARNING - 2023-08-03 22:47:08 --> Session: Sessions is enabled, and one exists.Please don't $session->start();
INFO - 2023-08-03 22:47:11 --> Session: Class initialized using 'CodeIgniter\Session\Handlers\FileHandler' driver.
WARNING - 2023-08-03 22:47:11 --> Session: Sessions is enabled, and one exists.Please don't $session->start();
INFO - 2023-08-03 22:47:15 --> Session: Class initialized using 'CodeIgniter\Session\Handlers\FileHandler' driver.
WARNING - 2023-08-03 22:47:15 --> Session: Sessions is enabled, and one exists.Please don't $session->start();
ERROR - 2023-08-03 22:47:15 --> mysqli_sql_exception: Table 'cms_p4i.bcms_layanan' doesn't exist in /usr/local/var/www/app-p4i/vendor/codeigniter4/framework/system/Database/MySQLi/Connection.php:331
Stack trace:
#0 /usr/local/var/www/app-p4i/vendor/codeigniter4/framework/system/Database/MySQLi/Connection.php(331): mysqli->query('SELECT *\nFROM `...')
#1 /usr/local/var/www/app-p4i/vendor/codeigniter4/framework/system/Database/BaseConnection.php(741): CodeIgniter\Database\MySQLi\Connection->execute('SELECT *\nFROM `...')
#2 /usr/local/var/www/app-p4i/vendor/codeigniter4/framework/system/Database/BaseConnection.php(669): CodeIgniter\Database\BaseConnection->simpleQuery('SELECT *\nFROM `...')
#3 /usr/local/var/www/app-p4i/vendor/codeigniter4/framework/system/Database/BaseBuilder.php(1860): CodeIgniter\Database\BaseConnection->query('SELECT *\nFROM `...', Array, false)
#4 /usr/local/var/www/app-p4i/app/Models/Backend/LayananModel.php(24): CodeIgniter\Database\BaseBuilder->get()
#5 /usr/local/var/www/app-p4i/app/Controllers/Home.php(31): App\Models\Backend\LayananModel->getLayananByKategori('Layanan Unggula...')
#6 /usr/local/var/www/app-p4i/vendor/codeigniter4/framework/system/CodeIgniter.php(918): App\Controllers\Home->index()
#7 /usr/local/var/www/app-p4i/vendor/codeigniter4/framework/system/CodeIgniter.php(404): CodeIgniter\CodeIgniter->runController(Object(App\Controllers\Home))
#8 /usr/local/var/www/app-p4i/vendor/codeigniter4/framework/system/CodeIgniter.php(312): CodeIgniter\CodeIgniter->handleRequest(NULL, Object(Config\Cache), false)
#9 /usr/local/var/www/app-p4i/public/index.php(45): CodeIgniter\CodeIgniter->run()
#10 /usr/local/var/www/app-p4i/vendor/codeigniter4/framework/system/Commands/Server/rewrite.php(34): require_once('/usr/local/var/...')
#11 {main}
INFO - 2023-08-03 22:47:16 --> Session: Class initialized using 'CodeIgniter\Session\Handlers\FileHandler' driver.
WARNING - 2023-08-03 22:47:16 --> Session: Sessions is enabled, and one exists.Please don't $session->start();
ERROR - 2023-08-03 22:47:16 --> mysqli_sql_exception: Table 'cms_p4i.bcms_layanan' doesn't exist in /usr/local/var/www/app-p4i/vendor/codeigniter4/framework/system/Database/MySQLi/Connection.php:331
Stack trace:
#0 /usr/local/var/www/app-p4i/vendor/codeigniter4/framework/system/Database/MySQLi/Connection.php(331): mysqli->query('SELECT *\nFROM `...')
#1 /usr/local/var/www/app-p4i/vendor/codeigniter4/framework/system/Database/BaseConnection.php(741): CodeIgniter\Database\MySQLi\Connection->execute('SELECT *\nFROM `...')
#2 /usr/local/var/www/app-p4i/vendor/codeigniter4/framework/system/Database/BaseConnection.php(669): CodeIgniter\Database\BaseConnection->simpleQuery('SELECT *\nFROM `...')
#3 /usr/local/var/www/app-p4i/vendor/codeigniter4/framework/system/Database/BaseBuilder.php(1860): CodeIgniter\Database\BaseConnection->query('SELECT *\nFROM `...', Array, false)
#4 /usr/local/var/www/app-p4i/app/Models/Backend/LayananModel.php(24): CodeIgniter\Database\BaseBuilder->get()
#5 /usr/local/var/www/app-p4i/app/Controllers/Home.php(31): App\Models\Backend\LayananModel->getLayananByKategori('Layanan Unggula...')
#6 /usr/local/var/www/app-p4i/vendor/codeigniter4/framework/system/CodeIgniter.php(918): App\Controllers\Home->index()
#7 /usr/local/var/www/app-p4i/vendor/codeigniter4/framework/system/CodeIgniter.php(404): CodeIgniter\CodeIgniter->runController(Object(App\Controllers\Home))
#8 /usr/local/var/www/app-p4i/vendor/codeigniter4/framework/system/CodeIgniter.php(312): CodeIgniter\CodeIgniter->handleRequest(NULL, Object(Config\Cache), false)
#9 /usr/local/var/www/app-p4i/public/index.php(45): CodeIgniter\CodeIgniter->run()
#10 /usr/local/var/www/app-p4i/vendor/codeigniter4/framework/system/Commands/Server/rewrite.php(34): require_once('/usr/local/var/...')
#11 {main}
INFO - 2023-08-03 22:48:00 --> Session: Class initialized using 'CodeIgniter\Session\Handlers\FileHandler' driver.
WARNING - 2023-08-03 22:48:00 --> Session: Sessions is enabled, and one exists.Please don't $session->start();
INFO - 2023-08-03 22:48:03 --> Session: Class initialized using 'CodeIgniter\Session\Handlers\FileHandler' driver.
WARNING - 2023-08-03 22:48:03 --> Session: Sessions is enabled, and one exists.Please don't $session->start();
INFO - 2023-08-03 22:48:05 --> Session: Class initialized using 'CodeIgniter\Session\Handlers\FileHandler' driver.
WARNING - 2023-08-03 22:48:05 --> Session: Sessions is enabled, and one exists.Please don't $session->start();
INFO - 2023-08-03 22:48:10 --> Session: Class initialized using 'CodeIgniter\Session\Handlers\FileHandler' driver.
WARNING - 2023-08-03 22:48:10 --> Session: Sessions is enabled, and one exists.Please don't $session->start();
INFO - 2023-08-03 22:48:14 --> Session: Class initialized using 'CodeIgniter\Session\Handlers\FileHandler' driver.
WARNING - 2023-08-03 22:48:14 --> Session: Sessions is enabled, and one exists.Please don't $session->start();
INFO - 2023-08-03 22:48:15 --> Session: Class initialized using 'CodeIgniter\Session\Handlers\FileHandler' driver.
WARNING - 2023-08-03 22:48:15 --> Session: Sessions is enabled, and one exists.Please don't $session->start();
INFO - 2023-08-03 22:48:16 --> Session: Class initialized using 'CodeIgniter\Session\Handlers\FileHandler' driver.
WARNING - 2023-08-03 22:48:16 --> Session: Sessions is enabled, and one exists.Please don't $session->start();
INFO - 2023-08-03 22:48:17 --> Session: Class initialized using 'CodeIgniter\Session\Handlers\FileHandler' driver.
WARNING - 2023-08-03 22:48:17 --> Session: Sessions is enabled, and one exists.Please don't $session->start();
INFO - 2023-08-03 22:48:18 --> Session: Class initialized using 'CodeIgniter\Session\Handlers\FileHandler' driver.
WARNING - 2023-08-03 22:48:18 --> Session: Sessions is enabled, and one exists.Please don't $session->start();
INFO - 2023-08-03 22:48:20 --> Session: Class initialized using 'CodeIgniter\Session\Handlers\FileHandler' driver.
WARNING - 2023-08-03 22:48:20 --> Session: Sessions is enabled, and one exists.Please don't $session->start();
INFO - 2023-08-03 22:48:21 --> Session: Class initialized using 'CodeIgniter\Session\Handlers\FileHandler' driver.
WARNING - 2023-08-03 22:48:21 --> Session: Sessions is enabled, and one exists.Please don't $session->start();
INFO - 2023-08-03 22:48:23 --> Session: Class initialized using 'CodeIgniter\Session\Handlers\FileHandler' driver.
WARNING - 2023-08-03 22:48:23 --> Session: Sessions is enabled, and one exists.Please don't $session->start();
