INFO - 2023-06-20 00:03:01 --> Session: Class initialized using 'CodeIgniter\Session\Handlers\FileHandler' driver.
INFO - 2023-06-20 00:03:01 --> Session: Class initialized using 'CodeIgniter\Session\Handlers\FileHandler' driver.
WARNING - 2023-06-20 00:03:01 --> Session: Sessions is enabled, and one exists.Please don't $session->start();
INFO - 2023-06-20 00:03:10 --> Session: Class initialized using 'CodeIgniter\Session\Handlers\FileHandler' driver.
WARNING - 2023-06-20 00:03:10 --> Session: Sessions is enabled, and one exists.Please don't $session->start();
INFO - 2023-06-20 00:03:12 --> Session: Class initialized using 'CodeIgniter\Session\Handlers\FileHandler' driver.
INFO - 2023-06-20 00:03:30 --> Session: Class initialized using 'CodeIgniter\Session\Handlers\FileHandler' driver.
WARNING - 2023-06-20 00:03:30 --> Session: Sessions is enabled, and one exists.Please don't $session->start();
INFO - 2023-06-20 00:04:32 --> Session: Class initialized using 'CodeIgniter\Session\Handlers\FileHandler' driver.
INFO - 2023-06-20 00:04:35 --> Session: Class initialized using 'CodeIgniter\Session\Handlers\FileHandler' driver.
WARNING - 2023-06-20 00:04:35 --> Session: Sessions is enabled, and one exists.Please don't $session->start();
INFO - 2023-06-20 00:04:35 --> Session: Class initialized using 'CodeIgniter\Session\Handlers\FileHandler' driver.
WARNING - 2023-06-20 00:04:35 --> Session: Sessions is enabled, and one exists.Please don't $session->start();
INFO - 2023-06-20 00:04:37 --> Session: Class initialized using 'CodeIgniter\Session\Handlers\FileHandler' driver.
INFO - 2023-06-20 00:04:45 --> Session: Class initialized using 'CodeIgniter\Session\Handlers\FileHandler' driver.
WARNING - 2023-06-20 00:04:45 --> Session: Sessions is enabled, and one exists.Please don't $session->start();
INFO - 2023-06-20 00:04:46 --> Session: Class initialized using 'CodeIgniter\Session\Handlers\FileHandler' driver.
WARNING - 2023-06-20 00:04:46 --> Session: Sessions is enabled, and one exists.Please don't $session->start();
INFO - 2023-06-20 00:34:46 --> Session: Class initialized using 'CodeIgniter\Session\Handlers\FileHandler' driver.
WARNING - 2023-06-20 00:34:46 --> Session: Sessions is enabled, and one exists.Please don't $session->start();
INFO - 2023-06-20 00:34:46 --> Session: Class initialized using 'CodeIgniter\Session\Handlers\FileHandler' driver.
WARNING - 2023-06-20 00:34:46 --> Session: Sessions is enabled, and one exists.Please don't $session->start();
INFO - 2023-06-20 11:11:43 --> Session: Class initialized using 'CodeIgniter\Session\Handlers\FileHandler' driver.
WARNING - 2023-06-20 11:11:43 --> Session: Sessions is enabled, and one exists.Please don't $session->start();
INFO - 2023-06-20 11:11:43 --> Session: Class initialized using 'CodeIgniter\Session\Handlers\FileHandler' driver.
WARNING - 2023-06-20 11:11:43 --> Session: Sessions is enabled, and one exists.Please don't $session->start();
INFO - 2023-06-20 11:17:14 --> Session: Class initialized using 'CodeIgniter\Session\Handlers\FileHandler' driver.
WARNING - 2023-06-20 11:17:14 --> Session: Sessions is enabled, and one exists.Please don't $session->start();
INFO - 2023-06-20 11:18:56 --> Session: Class initialized using 'CodeIgniter\Session\Handlers\FileHandler' driver.
WARNING - 2023-06-20 11:18:56 --> Session: Sessions is enabled, and one exists.Please don't $session->start();
INFO - 2023-06-20 11:18:58 --> Session: Class initialized using 'CodeIgniter\Session\Handlers\FileHandler' driver.
INFO - 2023-06-20 11:45:03 --> Session: Class initialized using 'CodeIgniter\Session\Handlers\FileHandler' driver.
INFO - 2023-06-20 11:45:07 --> Session: Class initialized using 'CodeIgniter\Session\Handlers\FileHandler' driver.
WARNING - 2023-06-20 11:45:07 --> Session: Sessions is enabled, and one exists.Please don't $session->start();
INFO - 2023-06-20 11:45:07 --> Session: Class initialized using 'CodeIgniter\Session\Handlers\FileHandler' driver.
WARNING - 2023-06-20 11:45:07 --> Session: Sessions is enabled, and one exists.Please don't $session->start();
INFO - 2023-06-20 11:47:26 --> Session: Class initialized using 'CodeIgniter\Session\Handlers\FileHandler' driver.
WARNING - 2023-06-20 11:47:26 --> Session: Sessions is enabled, and one exists.Please don't $session->start();
INFO - 2023-06-20 11:47:27 --> Session: Class initialized using 'CodeIgniter\Session\Handlers\FileHandler' driver.
WARNING - 2023-06-20 11:47:27 --> Session: Sessions is enabled, and one exists.Please don't $session->start();
INFO - 2023-06-20 11:59:16 --> Session: Class initialized using 'CodeIgniter\Session\Handlers\FileHandler' driver.
WARNING - 2023-06-20 11:59:16 --> Session: Sessions is enabled, and one exists.Please don't $session->start();
INFO - 2023-06-20 11:59:17 --> Session: Class initialized using 'CodeIgniter\Session\Handlers\FileHandler' driver.
WARNING - 2023-06-20 11:59:17 --> Session: Sessions is enabled, and one exists.Please don't $session->start();
INFO - 2023-06-20 12:00:17 --> Session: Class initialized using 'CodeIgniter\Session\Handlers\FileHandler' driver.
WARNING - 2023-06-20 12:00:17 --> Session: Sessions is enabled, and one exists.Please don't $session->start();
INFO - 2023-06-20 12:00:18 --> Session: Class initialized using 'CodeIgniter\Session\Handlers\FileHandler' driver.
WARNING - 2023-06-20 12:00:18 --> Session: Sessions is enabled, and one exists.Please don't $session->start();
INFO - 2023-06-20 12:00:40 --> Session: Class initialized using 'CodeIgniter\Session\Handlers\FileHandler' driver.
WARNING - 2023-06-20 12:00:40 --> Session: Sessions is enabled, and one exists.Please don't $session->start();
INFO - 2023-06-20 12:00:40 --> Session: Class initialized using 'CodeIgniter\Session\Handlers\FileHandler' driver.
WARNING - 2023-06-20 12:00:40 --> Session: Sessions is enabled, and one exists.Please don't $session->start();
INFO - 2023-06-20 12:00:41 --> Session: Class initialized using 'CodeIgniter\Session\Handlers\FileHandler' driver.
WARNING - 2023-06-20 12:00:41 --> Session: Sessions is enabled, and one exists.Please don't $session->start();
INFO - 2023-06-20 12:01:11 --> Session: Class initialized using 'CodeIgniter\Session\Handlers\FileHandler' driver.
WARNING - 2023-06-20 12:01:11 --> Session: Sessions is enabled, and one exists.Please don't $session->start();
INFO - 2023-06-20 12:01:16 --> Session: Class initialized using 'CodeIgniter\Session\Handlers\FileHandler' driver.
WARNING - 2023-06-20 12:01:16 --> Session: Sessions is enabled, and one exists.Please don't $session->start();
INFO - 2023-06-20 12:04:21 --> Session: Class initialized using 'CodeIgniter\Session\Handlers\FileHandler' driver.
WARNING - 2023-06-20 12:04:21 --> Session: Sessions is enabled, and one exists.Please don't $session->start();
INFO - 2023-06-20 12:04:23 --> Session: Class initialized using 'CodeIgniter\Session\Handlers\FileHandler' driver.
WARNING - 2023-06-20 12:04:23 --> Session: Sessions is enabled, and one exists.Please don't $session->start();
INFO - 2023-06-20 12:04:24 --> Session: Class initialized using 'CodeIgniter\Session\Handlers\FileHandler' driver.
WARNING - 2023-06-20 12:04:24 --> Session: Sessions is enabled, and one exists.Please don't $session->start();
INFO - 2023-06-20 12:04:36 --> Session: Class initialized using 'CodeIgniter\Session\Handlers\FileHandler' driver.
WARNING - 2023-06-20 12:04:36 --> Session: Sessions is enabled, and one exists.Please don't $session->start();
INFO - 2023-06-20 12:04:39 --> Session: Class initialized using 'CodeIgniter\Session\Handlers\FileHandler' driver.
WARNING - 2023-06-20 12:04:39 --> Session: Sessions is enabled, and one exists.Please don't $session->start();
INFO - 2023-06-20 12:05:13 --> Session: Class initialized using 'CodeIgniter\Session\Handlers\FileHandler' driver.
WARNING - 2023-06-20 12:05:13 --> Session: Sessions is enabled, and one exists.Please don't $session->start();
INFO - 2023-06-20 12:05:15 --> Session: Class initialized using 'CodeIgniter\Session\Handlers\FileHandler' driver.
WARNING - 2023-06-20 12:05:15 --> Session: Sessions is enabled, and one exists.Please don't $session->start();
INFO - 2023-06-20 12:05:17 --> Session: Class initialized using 'CodeIgniter\Session\Handlers\FileHandler' driver.
WARNING - 2023-06-20 12:05:17 --> Session: Sessions is enabled, and one exists.Please don't $session->start();
INFO - 2023-06-20 12:09:49 --> Session: Class initialized using 'CodeIgniter\Session\Handlers\FileHandler' driver.
WARNING - 2023-06-20 12:09:49 --> Session: Sessions is enabled, and one exists.Please don't $session->start();
INFO - 2023-06-20 12:10:00 --> Session: Class initialized using 'CodeIgniter\Session\Handlers\FileHandler' driver.
WARNING - 2023-06-20 12:10:00 --> Session: Sessions is enabled, and one exists.Please don't $session->start();
INFO - 2023-06-20 12:10:01 --> Session: Class initialized using 'CodeIgniter\Session\Handlers\FileHandler' driver.
WARNING - 2023-06-20 12:10:01 --> Session: Sessions is enabled, and one exists.Please don't $session->start();
INFO - 2023-06-20 12:10:10 --> Session: Class initialized using 'CodeIgniter\Session\Handlers\FileHandler' driver.
WARNING - 2023-06-20 12:10:10 --> Session: Sessions is enabled, and one exists.Please don't $session->start();
INFO - 2023-06-20 12:11:00 --> Session: Class initialized using 'CodeIgniter\Session\Handlers\FileHandler' driver.
WARNING - 2023-06-20 12:11:00 --> Session: Sessions is enabled, and one exists.Please don't $session->start();
INFO - 2023-06-20 12:16:35 --> Session: Class initialized using 'CodeIgniter\Session\Handlers\FileHandler' driver.
WARNING - 2023-06-20 12:16:35 --> Session: Sessions is enabled, and one exists.Please don't $session->start();
INFO - 2023-06-20 12:16:36 --> Session: Class initialized using 'CodeIgniter\Session\Handlers\FileHandler' driver.
WARNING - 2023-06-20 12:16:36 --> Session: Sessions is enabled, and one exists.Please don't $session->start();
INFO - 2023-06-20 18:47:37 --> Session: Class initialized using 'CodeIgniter\Session\Handlers\FileHandler' driver.
WARNING - 2023-06-20 18:47:37 --> Session: Sessions is enabled, and one exists.Please don't $session->start();
INFO - 2023-06-20 18:47:37 --> Session: Class initialized using 'CodeIgniter\Session\Handlers\FileHandler' driver.
WARNING - 2023-06-20 18:47:37 --> Session: Sessions is enabled, and one exists.Please don't $session->start();
INFO - 2023-06-20 18:47:44 --> Session: Class initialized using 'CodeIgniter\Session\Handlers\FileHandler' driver.
WARNING - 2023-06-20 18:47:44 --> Session: Sessions is enabled, and one exists.Please don't $session->start();
INFO - 2023-06-20 18:47:47 --> Session: Class initialized using 'CodeIgniter\Session\Handlers\FileHandler' driver.
INFO - 2023-06-20 18:47:54 --> Session: Class initialized using 'CodeIgniter\Session\Handlers\FileHandler' driver.
INFO - 2023-06-20 18:47:57 --> Session: Class initialized using 'CodeIgniter\Session\Handlers\FileHandler' driver.
WARNING - 2023-06-20 18:47:57 --> Session: Sessions is enabled, and one exists.Please don't $session->start();
INFO - 2023-06-20 18:47:57 --> Session: Class initialized using 'CodeIgniter\Session\Handlers\FileHandler' driver.
WARNING - 2023-06-20 18:47:57 --> Session: Sessions is enabled, and one exists.Please don't $session->start();
INFO - 2023-06-20 18:50:13 --> Session: Class initialized using 'CodeIgniter\Session\Handlers\FileHandler' driver.
WARNING - 2023-06-20 18:50:13 --> Session: Sessions is enabled, and one exists.Please don't $session->start();
INFO - 2023-06-20 18:50:26 --> Session: Class initialized using 'CodeIgniter\Session\Handlers\FileHandler' driver.
WARNING - 2023-06-20 18:50:26 --> Session: Sessions is enabled, and one exists.Please don't $session->start();
INFO - 2023-06-20 18:50:45 --> Session: Class initialized using 'CodeIgniter\Session\Handlers\FileHandler' driver.
INFO - 2023-06-20 18:50:48 --> Session: Class initialized using 'CodeIgniter\Session\Handlers\FileHandler' driver.
WARNING - 2023-06-20 18:50:48 --> Session: Sessions is enabled, and one exists.Please don't $session->start();
INFO - 2023-06-20 18:50:49 --> Session: Class initialized using 'CodeIgniter\Session\Handlers\FileHandler' driver.
WARNING - 2023-06-20 18:50:49 --> Session: Sessions is enabled, and one exists.Please don't $session->start();
INFO - 2023-06-20 18:50:51 --> Session: Class initialized using 'CodeIgniter\Session\Handlers\FileHandler' driver.
WARNING - 2023-06-20 18:50:51 --> Session: Sessions is enabled, and one exists.Please don't $session->start();
INFO - 2023-06-20 18:50:52 --> Session: Class initialized using 'CodeIgniter\Session\Handlers\FileHandler' driver.
WARNING - 2023-06-20 18:50:52 --> Session: Sessions is enabled, and one exists.Please don't $session->start();
INFO - 2023-06-20 18:56:19 --> Session: Class initialized using 'CodeIgniter\Session\Handlers\FileHandler' driver.
WARNING - 2023-06-20 18:56:19 --> Session: Sessions is enabled, and one exists.Please don't $session->start();
INFO - 2023-06-20 18:56:20 --> Session: Class initialized using 'CodeIgniter\Session\Handlers\FileHandler' driver.
WARNING - 2023-06-20 18:56:20 --> Session: Sessions is enabled, and one exists.Please don't $session->start();
INFO - 2023-06-20 18:57:57 --> Session: Class initialized using 'CodeIgniter\Session\Handlers\FileHandler' driver.
WARNING - 2023-06-20 18:57:57 --> Session: Sessions is enabled, and one exists.Please don't $session->start();
INFO - 2023-06-20 18:57:57 --> Session: Class initialized using 'CodeIgniter\Session\Handlers\FileHandler' driver.
WARNING - 2023-06-20 18:57:57 --> Session: Sessions is enabled, and one exists.Please don't $session->start();
INFO - 2023-06-20 19:03:30 --> Session: Class initialized using 'CodeIgniter\Session\Handlers\FileHandler' driver.
WARNING - 2023-06-20 19:03:30 --> Session: Sessions is enabled, and one exists.Please don't $session->start();
INFO - 2023-06-20 19:03:30 --> Session: Class initialized using 'CodeIgniter\Session\Handlers\FileHandler' driver.
WARNING - 2023-06-20 19:03:30 --> Session: Sessions is enabled, and one exists.Please don't $session->start();
CRITICAL - 2023-06-20 19:03:30 --> Object of class stdClass could not be converted to string
#0 /usr/local/var/www/simkkn/vendor/codeigniter4/framework/system/CodeIgniter.php(918): App\Controllers\Backend\Periode->getData()
#1 /usr/local/var/www/simkkn/vendor/codeigniter4/framework/system/CodeIgniter.php(404): CodeIgniter\CodeIgniter->runController(Object(App\Controllers\Backend\Periode))
#2 /usr/local/var/www/simkkn/vendor/codeigniter4/framework/system/CodeIgniter.php(312): CodeIgniter\CodeIgniter->handleRequest(NULL, Object(Config\Cache), false)
#3 /usr/local/var/www/simkkn/public/index.php(45): CodeIgniter\CodeIgniter->run()
#4 /usr/local/var/www/simkkn/vendor/codeigniter4/framework/system/Commands/Server/rewrite.php(34): require_once('/usr/local/var/...')
#5 {main}
INFO - 2023-06-20 19:03:47 --> Session: Class initialized using 'CodeIgniter\Session\Handlers\FileHandler' driver.
WARNING - 2023-06-20 19:03:47 --> Session: Sessions is enabled, and one exists.Please don't $session->start();
INFO - 2023-06-20 19:03:47 --> Session: Class initialized using 'CodeIgniter\Session\Handlers\FileHandler' driver.
WARNING - 2023-06-20 19:03:47 --> Session: Sessions is enabled, and one exists.Please don't $session->start();
INFO - 2023-06-20 19:04:27 --> Session: Class initialized using 'CodeIgniter\Session\Handlers\FileHandler' driver.
WARNING - 2023-06-20 19:04:27 --> Session: Sessions is enabled, and one exists.Please don't $session->start();
INFO - 2023-06-20 19:04:27 --> Session: Class initialized using 'CodeIgniter\Session\Handlers\FileHandler' driver.
WARNING - 2023-06-20 19:04:27 --> Session: Sessions is enabled, and one exists.Please don't $session->start();
CRITICAL - 2023-06-20 19:04:27 --> Object of class stdClass could not be converted to string
#0 /usr/local/var/www/simkkn/vendor/codeigniter4/framework/system/CodeIgniter.php(918): App\Controllers\Backend\Periode->getData()
#1 /usr/local/var/www/simkkn/vendor/codeigniter4/framework/system/CodeIgniter.php(404): CodeIgniter\CodeIgniter->runController(Object(App\Controllers\Backend\Periode))
#2 /usr/local/var/www/simkkn/vendor/codeigniter4/framework/system/CodeIgniter.php(312): CodeIgniter\CodeIgniter->handleRequest(NULL, Object(Config\Cache), false)
#3 /usr/local/var/www/simkkn/public/index.php(45): CodeIgniter\CodeIgniter->run()
#4 /usr/local/var/www/simkkn/vendor/codeigniter4/framework/system/Commands/Server/rewrite.php(34): require_once('/usr/local/var/...')
#5 {main}
INFO - 2023-06-20 19:04:46 --> Session: Class initialized using 'CodeIgniter\Session\Handlers\FileHandler' driver.
WARNING - 2023-06-20 19:04:46 --> Session: Sessions is enabled, and one exists.Please don't $session->start();
INFO - 2023-06-20 19:04:46 --> Session: Class initialized using 'CodeIgniter\Session\Handlers\FileHandler' driver.
WARNING - 2023-06-20 19:04:46 --> Session: Sessions is enabled, and one exists.Please don't $session->start();
INFO - 2023-06-20 19:05:13 --> Session: Class initialized using 'CodeIgniter\Session\Handlers\FileHandler' driver.
WARNING - 2023-06-20 19:05:13 --> Session: Sessions is enabled, and one exists.Please don't $session->start();
INFO - 2023-06-20 19:05:14 --> Session: Class initialized using 'CodeIgniter\Session\Handlers\FileHandler' driver.
WARNING - 2023-06-20 19:05:14 --> Session: Sessions is enabled, and one exists.Please don't $session->start();
INFO - 2023-06-20 19:05:21 --> Session: Class initialized using 'CodeIgniter\Session\Handlers\FileHandler' driver.
WARNING - 2023-06-20 19:05:21 --> Session: Sessions is enabled, and one exists.Please don't $session->start();
INFO - 2023-06-20 19:05:22 --> Session: Class initialized using 'CodeIgniter\Session\Handlers\FileHandler' driver.
WARNING - 2023-06-20 19:05:22 --> Session: Sessions is enabled, and one exists.Please don't $session->start();
INFO - 2023-06-20 19:05:36 --> Session: Class initialized using 'CodeIgniter\Session\Handlers\FileHandler' driver.
WARNING - 2023-06-20 19:05:36 --> Session: Sessions is enabled, and one exists.Please don't $session->start();
INFO - 2023-06-20 19:05:37 --> Session: Class initialized using 'CodeIgniter\Session\Handlers\FileHandler' driver.
WARNING - 2023-06-20 19:05:37 --> Session: Sessions is enabled, and one exists.Please don't $session->start();
INFO - 2023-06-20 19:05:51 --> Session: Class initialized using 'CodeIgniter\Session\Handlers\FileHandler' driver.
WARNING - 2023-06-20 19:05:51 --> Session: Sessions is enabled, and one exists.Please don't $session->start();
INFO - 2023-06-20 19:05:51 --> Session: Class initialized using 'CodeIgniter\Session\Handlers\FileHandler' driver.
WARNING - 2023-06-20 19:05:51 --> Session: Sessions is enabled, and one exists.Please don't $session->start();
INFO - 2023-06-20 19:05:53 --> Session: Class initialized using 'CodeIgniter\Session\Handlers\FileHandler' driver.
WARNING - 2023-06-20 19:05:53 --> Session: Sessions is enabled, and one exists.Please don't $session->start();
INFO - 2023-06-20 19:05:54 --> Session: Class initialized using 'CodeIgniter\Session\Handlers\FileHandler' driver.
WARNING - 2023-06-20 19:05:54 --> Session: Sessions is enabled, and one exists.Please don't $session->start();
INFO - 2023-06-20 19:06:29 --> Session: Class initialized using 'CodeIgniter\Session\Handlers\FileHandler' driver.
WARNING - 2023-06-20 19:06:29 --> Session: Sessions is enabled, and one exists.Please don't $session->start();
INFO - 2023-06-20 19:06:30 --> Session: Class initialized using 'CodeIgniter\Session\Handlers\FileHandler' driver.
WARNING - 2023-06-20 19:06:30 --> Session: Sessions is enabled, and one exists.Please don't $session->start();
INFO - 2023-06-20 19:07:14 --> Session: Class initialized using 'CodeIgniter\Session\Handlers\FileHandler' driver.
WARNING - 2023-06-20 19:07:14 --> Session: Sessions is enabled, and one exists.Please don't $session->start();
INFO - 2023-06-20 19:07:14 --> Session: Class initialized using 'CodeIgniter\Session\Handlers\FileHandler' driver.
WARNING - 2023-06-20 19:07:14 --> Session: Sessions is enabled, and one exists.Please don't $session->start();
INFO - 2023-06-20 19:07:50 --> Session: Class initialized using 'CodeIgniter\Session\Handlers\FileHandler' driver.
WARNING - 2023-06-20 19:07:50 --> Session: Sessions is enabled, and one exists.Please don't $session->start();
INFO - 2023-06-20 19:07:51 --> Session: Class initialized using 'CodeIgniter\Session\Handlers\FileHandler' driver.
WARNING - 2023-06-20 19:07:51 --> Session: Sessions is enabled, and one exists.Please don't $session->start();
INFO - 2023-06-20 19:09:03 --> Session: Class initialized using 'CodeIgniter\Session\Handlers\FileHandler' driver.
WARNING - 2023-06-20 19:09:03 --> Session: Sessions is enabled, and one exists.Please don't $session->start();
INFO - 2023-06-20 19:09:04 --> Session: Class initialized using 'CodeIgniter\Session\Handlers\FileHandler' driver.
WARNING - 2023-06-20 19:09:04 --> Session: Sessions is enabled, and one exists.Please don't $session->start();
INFO - 2023-06-20 19:09:26 --> Session: Class initialized using 'CodeIgniter\Session\Handlers\FileHandler' driver.
WARNING - 2023-06-20 19:09:26 --> Session: Sessions is enabled, and one exists.Please don't $session->start();
INFO - 2023-06-20 19:09:26 --> Session: Class initialized using 'CodeIgniter\Session\Handlers\FileHandler' driver.
WARNING - 2023-06-20 19:09:26 --> Session: Sessions is enabled, and one exists.Please don't $session->start();
INFO - 2023-06-20 19:09:37 --> Session: Class initialized using 'CodeIgniter\Session\Handlers\FileHandler' driver.
WARNING - 2023-06-20 19:09:37 --> Session: Sessions is enabled, and one exists.Please don't $session->start();
INFO - 2023-06-20 19:09:37 --> Session: Class initialized using 'CodeIgniter\Session\Handlers\FileHandler' driver.
WARNING - 2023-06-20 19:09:37 --> Session: Sessions is enabled, and one exists.Please don't $session->start();
INFO - 2023-06-20 19:13:33 --> Session: Class initialized using 'CodeIgniter\Session\Handlers\FileHandler' driver.
WARNING - 2023-06-20 19:13:33 --> Session: Sessions is enabled, and one exists.Please don't $session->start();
INFO - 2023-06-20 19:13:34 --> Session: Class initialized using 'CodeIgniter\Session\Handlers\FileHandler' driver.
WARNING - 2023-06-20 19:13:34 --> Session: Sessions is enabled, and one exists.Please don't $session->start();
INFO - 2023-06-20 19:14:37 --> Session: Class initialized using 'CodeIgniter\Session\Handlers\FileHandler' driver.
WARNING - 2023-06-20 19:14:37 --> Session: Sessions is enabled, and one exists.Please don't $session->start();
INFO - 2023-06-20 19:14:38 --> Session: Class initialized using 'CodeIgniter\Session\Handlers\FileHandler' driver.
WARNING - 2023-06-20 19:14:38 --> Session: Sessions is enabled, and one exists.Please don't $session->start();
INFO - 2023-06-20 19:15:11 --> Session: Class initialized using 'CodeIgniter\Session\Handlers\FileHandler' driver.
WARNING - 2023-06-20 19:15:11 --> Session: Sessions is enabled, and one exists.Please don't $session->start();
INFO - 2023-06-20 19:15:12 --> Session: Class initialized using 'CodeIgniter\Session\Handlers\FileHandler' driver.
WARNING - 2023-06-20 19:15:12 --> Session: Sessions is enabled, and one exists.Please don't $session->start();
INFO - 2023-06-20 19:16:12 --> Session: Class initialized using 'CodeIgniter\Session\Handlers\FileHandler' driver.
WARNING - 2023-06-20 19:16:12 --> Session: Sessions is enabled, and one exists.Please don't $session->start();
INFO - 2023-06-20 19:16:13 --> Session: Class initialized using 'CodeIgniter\Session\Handlers\FileHandler' driver.
WARNING - 2023-06-20 19:16:13 --> Session: Sessions is enabled, and one exists.Please don't $session->start();
INFO - 2023-06-20 19:18:20 --> Session: Class initialized using 'CodeIgniter\Session\Handlers\FileHandler' driver.
WARNING - 2023-06-20 19:18:20 --> Session: Sessions is enabled, and one exists.Please don't $session->start();
INFO - 2023-06-20 19:18:20 --> Session: Class initialized using 'CodeIgniter\Session\Handlers\FileHandler' driver.
WARNING - 2023-06-20 19:18:20 --> Session: Sessions is enabled, and one exists.Please don't $session->start();
INFO - 2023-06-20 19:19:33 --> Session: Class initialized using 'CodeIgniter\Session\Handlers\FileHandler' driver.
WARNING - 2023-06-20 19:19:33 --> Session: Sessions is enabled, and one exists.Please don't $session->start();
INFO - 2023-06-20 19:19:33 --> Session: Class initialized using 'CodeIgniter\Session\Handlers\FileHandler' driver.
WARNING - 2023-06-20 19:19:33 --> Session: Sessions is enabled, and one exists.Please don't $session->start();
INFO - 2023-06-20 19:19:35 --> Session: Class initialized using 'CodeIgniter\Session\Handlers\FileHandler' driver.
WARNING - 2023-06-20 19:19:35 --> Session: Sessions is enabled, and one exists.Please don't $session->start();
INFO - 2023-06-20 19:19:39 --> Session: Class initialized using 'CodeIgniter\Session\Handlers\FileHandler' driver.
WARNING - 2023-06-20 19:19:39 --> Session: Sessions is enabled, and one exists.Please don't $session->start();
INFO - 2023-06-20 19:19:40 --> Session: Class initialized using 'CodeIgniter\Session\Handlers\FileHandler' driver.
WARNING - 2023-06-20 19:19:40 --> Session: Sessions is enabled, and one exists.Please don't $session->start();
INFO - 2023-06-20 19:19:42 --> Session: Class initialized using 'CodeIgniter\Session\Handlers\FileHandler' driver.
INFO - 2023-06-20 19:19:46 --> Session: Class initialized using 'CodeIgniter\Session\Handlers\FileHandler' driver.
WARNING - 2023-06-20 19:19:46 --> Session: Sessions is enabled, and one exists.Please don't $session->start();
INFO - 2023-06-20 19:19:46 --> Session: Class initialized using 'CodeIgniter\Session\Handlers\FileHandler' driver.
WARNING - 2023-06-20 19:19:46 --> Session: Sessions is enabled, and one exists.Please don't $session->start();
INFO - 2023-06-20 19:19:50 --> Session: Class initialized using 'CodeIgniter\Session\Handlers\FileHandler' driver.
WARNING - 2023-06-20 19:19:50 --> Session: Sessions is enabled, and one exists.Please don't $session->start();
INFO - 2023-06-20 19:19:50 --> Session: Class initialized using 'CodeIgniter\Session\Handlers\FileHandler' driver.
WARNING - 2023-06-20 19:19:50 --> Session: Sessions is enabled, and one exists.Please don't $session->start();
INFO - 2023-06-20 19:19:52 --> Session: Class initialized using 'CodeIgniter\Session\Handlers\FileHandler' driver.
WARNING - 2023-06-20 19:19:52 --> Session: Sessions is enabled, and one exists.Please don't $session->start();
INFO - 2023-06-20 19:19:52 --> Session: Class initialized using 'CodeIgniter\Session\Handlers\FileHandler' driver.
WARNING - 2023-06-20 19:19:52 --> Session: Sessions is enabled, and one exists.Please don't $session->start();
INFO - 2023-06-20 19:19:54 --> Session: Class initialized using 'CodeIgniter\Session\Handlers\FileHandler' driver.
WARNING - 2023-06-20 19:19:54 --> Session: Sessions is enabled, and one exists.Please don't $session->start();
INFO - 2023-06-20 19:19:54 --> Session: Class initialized using 'CodeIgniter\Session\Handlers\FileHandler' driver.
WARNING - 2023-06-20 19:19:54 --> Session: Sessions is enabled, and one exists.Please don't $session->start();
INFO - 2023-06-20 19:19:55 --> Session: Class initialized using 'CodeIgniter\Session\Handlers\FileHandler' driver.
WARNING - 2023-06-20 19:19:55 --> Session: Sessions is enabled, and one exists.Please don't $session->start();
INFO - 2023-06-20 19:19:55 --> Session: Class initialized using 'CodeIgniter\Session\Handlers\FileHandler' driver.
WARNING - 2023-06-20 19:19:55 --> Session: Sessions is enabled, and one exists.Please don't $session->start();
INFO - 2023-06-20 19:19:57 --> Session: Class initialized using 'CodeIgniter\Session\Handlers\FileHandler' driver.
WARNING - 2023-06-20 19:19:57 --> Session: Sessions is enabled, and one exists.Please don't $session->start();
INFO - 2023-06-20 19:19:57 --> Session: Class initialized using 'CodeIgniter\Session\Handlers\FileHandler' driver.
WARNING - 2023-06-20 19:19:57 --> Session: Sessions is enabled, and one exists.Please don't $session->start();
INFO - 2023-06-20 19:20:01 --> Session: Class initialized using 'CodeIgniter\Session\Handlers\FileHandler' driver.
WARNING - 2023-06-20 19:20:01 --> Session: Sessions is enabled, and one exists.Please don't $session->start();
INFO - 2023-06-20 19:20:01 --> Session: Class initialized using 'CodeIgniter\Session\Handlers\FileHandler' driver.
WARNING - 2023-06-20 19:20:01 --> Session: Sessions is enabled, and one exists.Please don't $session->start();
INFO - 2023-06-20 19:20:03 --> Session: Class initialized using 'CodeIgniter\Session\Handlers\FileHandler' driver.
WARNING - 2023-06-20 19:20:03 --> Session: Sessions is enabled, and one exists.Please don't $session->start();
INFO - 2023-06-20 19:20:04 --> Session: Class initialized using 'CodeIgniter\Session\Handlers\FileHandler' driver.
WARNING - 2023-06-20 19:20:04 --> Session: Sessions is enabled, and one exists.Please don't $session->start();
INFO - 2023-06-20 19:20:17 --> Session: Class initialized using 'CodeIgniter\Session\Handlers\FileHandler' driver.
WARNING - 2023-06-20 19:20:17 --> Session: Sessions is enabled, and one exists.Please don't $session->start();
INFO - 2023-06-20 19:20:17 --> Session: Class initialized using 'CodeIgniter\Session\Handlers\FileHandler' driver.
WARNING - 2023-06-20 19:20:17 --> Session: Sessions is enabled, and one exists.Please don't $session->start();
INFO - 2023-06-20 19:21:33 --> Session: Class initialized using 'CodeIgniter\Session\Handlers\FileHandler' driver.
INFO - 2023-06-20 19:21:35 --> Session: Class initialized using 'CodeIgniter\Session\Handlers\FileHandler' driver.
WARNING - 2023-06-20 19:21:35 --> Session: Sessions is enabled, and one exists.Please don't $session->start();
INFO - 2023-06-20 19:21:35 --> Session: Class initialized using 'CodeIgniter\Session\Handlers\FileHandler' driver.
WARNING - 2023-06-20 19:21:35 --> Session: Sessions is enabled, and one exists.Please don't $session->start();
CRITICAL - 2023-06-20 19:23:04 --> Class 'App\Controllers\BaseController' not found
#0 /usr/local/var/www/simkkn/vendor/codeigniter4/framework/system/Autoloader/Autoloader.php(365): require_once()
#1 /usr/local/var/www/simkkn/vendor/codeigniter4/framework/system/Autoloader/Autoloader.php(296): CodeIgniter\Autoloader\Autoloader->requireFile('/usr/local/var/...')
#2 /usr/local/var/www/simkkn/vendor/codeigniter4/framework/system/Autoloader/Autoloader.php(258): CodeIgniter\Autoloader\Autoloader->loadInNamespace('App\\Controllers...')
#3 [internal function]: CodeIgniter\Autoloader\Autoloader->loadClass('App\\Controllers...')
#4 [internal function]: spl_autoload_call('App\\Controllers...')
#5 /usr/local/var/www/simkkn/vendor/codeigniter4/framework/system/CodeIgniter.php(869): class_exists('\\App\\Controller...', true)
#6 /usr/local/var/www/simkkn/vendor/codeigniter4/framework/system/CodeIgniter.php(394): CodeIgniter\CodeIgniter->startController()
#7 /usr/local/var/www/simkkn/vendor/codeigniter4/framework/system/CodeIgniter.php(312): CodeIgniter\CodeIgniter->handleRequest(NULL, Object(Config\Cache), false)
#8 /usr/local/var/www/simkkn/public/index.php(45): CodeIgniter\CodeIgniter->run()
#9 /usr/local/var/www/simkkn/vendor/codeigniter4/framework/system/Commands/Server/rewrite.php(34): require_once('/usr/local/var/...')
#10 {main}
CRITICAL - 2023-06-20 19:23:07 --> Class 'App\Controllers\BaseController' not found
#0 /usr/local/var/www/simkkn/vendor/codeigniter4/framework/system/Autoloader/Autoloader.php(365): require_once()
#1 /usr/local/var/www/simkkn/vendor/codeigniter4/framework/system/Autoloader/Autoloader.php(296): CodeIgniter\Autoloader\Autoloader->requireFile('/usr/local/var/...')
#2 /usr/local/var/www/simkkn/vendor/codeigniter4/framework/system/Autoloader/Autoloader.php(258): CodeIgniter\Autoloader\Autoloader->loadInNamespace('App\\Controllers...')
#3 [internal function]: CodeIgniter\Autoloader\Autoloader->loadClass('App\\Controllers...')
#4 [internal function]: spl_autoload_call('App\\Controllers...')
#5 /usr/local/var/www/simkkn/vendor/codeigniter4/framework/system/CodeIgniter.php(869): class_exists('\\App\\Controller...', true)
#6 /usr/local/var/www/simkkn/vendor/codeigniter4/framework/system/CodeIgniter.php(394): CodeIgniter\CodeIgniter->startController()
#7 /usr/local/var/www/simkkn/vendor/codeigniter4/framework/system/CodeIgniter.php(312): CodeIgniter\CodeIgniter->handleRequest(NULL, Object(Config\Cache), false)
#8 /usr/local/var/www/simkkn/public/index.php(45): CodeIgniter\CodeIgniter->run()
#9 /usr/local/var/www/simkkn/vendor/codeigniter4/framework/system/Commands/Server/rewrite.php(34): require_once('/usr/local/var/...')
#10 {main}
INFO - 2023-06-20 19:23:14 --> Session: Class initialized using 'CodeIgniter\Session\Handlers\FileHandler' driver.
INFO - 2023-06-20 19:23:18 --> Session: Class initialized using 'CodeIgniter\Session\Handlers\FileHandler' driver.
WARNING - 2023-06-20 19:23:18 --> Session: Sessions is enabled, and one exists.Please don't $session->start();
INFO - 2023-06-20 19:23:18 --> Session: Class initialized using 'CodeIgniter\Session\Handlers\FileHandler' driver.
WARNING - 2023-06-20 19:23:18 --> Session: Sessions is enabled, and one exists.Please don't $session->start();
INFO - 2023-06-20 19:23:21 --> Session: Class initialized using 'CodeIgniter\Session\Handlers\FileHandler' driver.
WARNING - 2023-06-20 19:23:21 --> Session: Sessions is enabled, and one exists.Please don't $session->start();
INFO - 2023-06-20 19:23:21 --> Session: Class initialized using 'CodeIgniter\Session\Handlers\FileHandler' driver.
WARNING - 2023-06-20 19:23:21 --> Session: Sessions is enabled, and one exists.Please don't $session->start();
INFO - 2023-06-20 19:23:22 --> Session: Class initialized using 'CodeIgniter\Session\Handlers\FileHandler' driver.
WARNING - 2023-06-20 19:23:22 --> Session: Sessions is enabled, and one exists.Please don't $session->start();
INFO - 2023-06-20 19:23:23 --> Session: Class initialized using 'CodeIgniter\Session\Handlers\FileHandler' driver.
WARNING - 2023-06-20 19:23:23 --> Session: Sessions is enabled, and one exists.Please don't $session->start();
INFO - 2023-06-20 19:23:28 --> Session: Class initialized using 'CodeIgniter\Session\Handlers\FileHandler' driver.
WARNING - 2023-06-20 19:23:28 --> Session: Sessions is enabled, and one exists.Please don't $session->start();
INFO - 2023-06-20 19:26:12 --> Session: Class initialized using 'CodeIgniter\Session\Handlers\FileHandler' driver.
WARNING - 2023-06-20 19:26:12 --> Session: Sessions is enabled, and one exists.Please don't $session->start();
INFO - 2023-06-20 19:26:13 --> Session: Class initialized using 'CodeIgniter\Session\Handlers\FileHandler' driver.
INFO - 2023-06-20 19:26:15 --> Session: Class initialized using 'CodeIgniter\Session\Handlers\FileHandler' driver.
WARNING - 2023-06-20 19:26:15 --> Session: Sessions is enabled, and one exists.Please don't $session->start();
INFO - 2023-06-20 19:26:15 --> Session: Class initialized using 'CodeIgniter\Session\Handlers\FileHandler' driver.
WARNING - 2023-06-20 19:26:15 --> Session: Sessions is enabled, and one exists.Please don't $session->start();
INFO - 2023-06-20 19:26:18 --> Session: Class initialized using 'CodeIgniter\Session\Handlers\FileHandler' driver.
WARNING - 2023-06-20 19:26:18 --> Session: Sessions is enabled, and one exists.Please don't $session->start();
INFO - 2023-06-20 19:26:19 --> Session: Class initialized using 'CodeIgniter\Session\Handlers\FileHandler' driver.
WARNING - 2023-06-20 19:26:19 --> Session: Sessions is enabled, and one exists.Please don't $session->start();
INFO - 2023-06-20 19:26:20 --> Session: Class initialized using 'CodeIgniter\Session\Handlers\FileHandler' driver.
WARNING - 2023-06-20 19:26:20 --> Session: Sessions is enabled, and one exists.Please don't $session->start();
INFO - 2023-06-20 19:26:21 --> Session: Class initialized using 'CodeIgniter\Session\Handlers\FileHandler' driver.
WARNING - 2023-06-20 19:26:21 --> Session: Sessions is enabled, and one exists.Please don't $session->start();
