CRITICAL - 2020-09-08 12:34:16 --> Invalid file: front/pages/detail_articles.php
#0 /var/www/html/momea/vendor/codeigniter4/framework/system/View/View.php(228): CodeIgniter\Exceptions\FrameworkException::forInvalidFile('front/pages/det...')
#1 /var/www/html/momea/vendor/codeigniter4/framework/system/Common.php(1119): CodeIgniter\View\View->render('front/pages/det...', Array, true)
#2 /var/www/html/momea/app/Controllers/Pages.php(59): view('front/pages/det...', Array)
#3 /var/www/html/momea/vendor/codeigniter4/framework/system/CodeIgniter.php(918): App\Controllers\Pages->detail_articles()
#4 /var/www/html/momea/vendor/codeigniter4/framework/system/CodeIgniter.php(404): CodeIgniter\CodeIgniter->runController(Object(App\Controllers\Pages))
#5 /var/www/html/momea/vendor/codeigniter4/framework/system/CodeIgniter.php(312): CodeIgniter\CodeIgniter->handleRequest(NULL, Object(Config\Cache), false)
#6 /var/www/html/momea/public/index.php(45): CodeIgniter\CodeIgniter->run()
#7 /var/www/html/momea/vendor/codeigniter4/framework/system/Commands/Server/rewrite.php(34): require_once('/var/www/html/m...')
#8 {main}
CRITICAL - 2020-09-08 12:34:19 --> Invalid file: front/pages/detail_articles.php
#0 /var/www/html/momea/vendor/codeigniter4/framework/system/View/View.php(228): CodeIgniter\Exceptions\FrameworkException::forInvalidFile('front/pages/det...')
#1 /var/www/html/momea/vendor/codeigniter4/framework/system/Common.php(1119): CodeIgniter\View\View->render('front/pages/det...', Array, true)
#2 /var/www/html/momea/app/Controllers/Pages.php(59): view('front/pages/det...', Array)
#3 /var/www/html/momea/vendor/codeigniter4/framework/system/CodeIgniter.php(918): App\Controllers\Pages->detail_articles()
#4 /var/www/html/momea/vendor/codeigniter4/framework/system/CodeIgniter.php(404): CodeIgniter\CodeIgniter->runController(Object(App\Controllers\Pages))
#5 /var/www/html/momea/vendor/codeigniter4/framework/system/CodeIgniter.php(312): CodeIgniter\CodeIgniter->handleRequest(NULL, Object(Config\Cache), false)
#6 /var/www/html/momea/public/index.php(45): CodeIgniter\CodeIgniter->run()
#7 /var/www/html/momea/vendor/codeigniter4/framework/system/Commands/Server/rewrite.php(34): require_once('/var/www/html/m...')
#8 {main}
CRITICAL - 2020-09-08 12:36:53 --> Invalid file: front/pages/detail_articles.php
#0 /var/www/html/momea/vendor/codeigniter4/framework/system/View/View.php(228): CodeIgniter\Exceptions\FrameworkException::forInvalidFile('front/pages/det...')
#1 /var/www/html/momea/vendor/codeigniter4/framework/system/Common.php(1119): CodeIgniter\View\View->render('front/pages/det...', Array, true)
#2 /var/www/html/momea/app/Controllers/Pages.php(59): view('front/pages/det...', Array)
#3 /var/www/html/momea/vendor/codeigniter4/framework/system/CodeIgniter.php(918): App\Controllers\Pages->detail_articles()
#4 /var/www/html/momea/vendor/codeigniter4/framework/system/CodeIgniter.php(404): CodeIgniter\CodeIgniter->runController(Object(App\Controllers\Pages))
#5 /var/www/html/momea/vendor/codeigniter4/framework/system/CodeIgniter.php(312): CodeIgniter\CodeIgniter->handleRequest(NULL, Object(Config\Cache), false)
#6 /var/www/html/momea/public/index.php(45): CodeIgniter\CodeIgniter->run()
#7 /var/www/html/momea/vendor/codeigniter4/framework/system/Commands/Server/rewrite.php(34): require_once('/var/www/html/m...')
#8 {main}
CRITICAL - 2020-09-08 12:38:09 --> Invalid file: front/pages/detail_articles.php
#0 /var/www/html/momea/vendor/codeigniter4/framework/system/View/View.php(228): CodeIgniter\Exceptions\FrameworkException::forInvalidFile('front/pages/det...')
#1 /var/www/html/momea/vendor/codeigniter4/framework/system/Common.php(1119): CodeIgniter\View\View->render('front/pages/det...', Array, true)
#2 /var/www/html/momea/app/Controllers/Pages.php(59): view('front/pages/det...', Array)
#3 /var/www/html/momea/vendor/codeigniter4/framework/system/CodeIgniter.php(918): App\Controllers\Pages->detail_articles()
#4 /var/www/html/momea/vendor/codeigniter4/framework/system/CodeIgniter.php(404): CodeIgniter\CodeIgniter->runController(Object(App\Controllers\Pages))
#5 /var/www/html/momea/vendor/codeigniter4/framework/system/CodeIgniter.php(312): CodeIgniter\CodeIgniter->handleRequest(NULL, Object(Config\Cache), false)
#6 /var/www/html/momea/public/index.php(45): CodeIgniter\CodeIgniter->run()
#7 /var/www/html/momea/vendor/codeigniter4/framework/system/Commands/Server/rewrite.php(34): require_once('/var/www/html/m...')
#8 {main}
CRITICAL - 2020-09-08 12:38:11 --> Invalid file: front/pages/detail_articles.php
#0 /var/www/html/momea/vendor/codeigniter4/framework/system/View/View.php(228): CodeIgniter\Exceptions\FrameworkException::forInvalidFile('front/pages/det...')
#1 /var/www/html/momea/vendor/codeigniter4/framework/system/Common.php(1119): CodeIgniter\View\View->render('front/pages/det...', Array, true)
#2 /var/www/html/momea/app/Controllers/Pages.php(59): view('front/pages/det...', Array)
#3 /var/www/html/momea/vendor/codeigniter4/framework/system/CodeIgniter.php(918): App\Controllers\Pages->detail_articles()
#4 /var/www/html/momea/vendor/codeigniter4/framework/system/CodeIgniter.php(404): CodeIgniter\CodeIgniter->runController(Object(App\Controllers\Pages))
#5 /var/www/html/momea/vendor/codeigniter4/framework/system/CodeIgniter.php(312): CodeIgniter\CodeIgniter->handleRequest(NULL, Object(Config\Cache), false)
#6 /var/www/html/momea/public/index.php(45): CodeIgniter\CodeIgniter->run()
#7 /var/www/html/momea/vendor/codeigniter4/framework/system/Commands/Server/rewrite.php(34): require_once('/var/www/html/m...')
#8 {main}
