INFO - 2024-07-21 19:08:00 --> Session: Class initialized using 'CodeIgniter\Session\Handlers\FileHandler' driver.
WARNING - 2024-07-21 19:08:00 --> Session: Sessions is enabled, and one exists.Please don't $session->start();
ERROR - 2024-07-21 19:08:02 --> mysqli_sql_exception: Table 'cms_p4i.bcms_layanan' doesn't exist in /usr/local/var/www/app-p4i/vendor/codeigniter4/framework/system/Database/MySQLi/Connection.php:331
Stack trace:
#0 /usr/local/var/www/app-p4i/vendor/codeigniter4/framework/system/Database/MySQLi/Connection.php(331): mysqli->query('SELECT *\nFROM `...')
#1 /usr/local/var/www/app-p4i/vendor/codeigniter4/framework/system/Database/BaseConnection.php(741): CodeIgniter\Database\MySQLi\Connection->execute('SELECT *\nFROM `...')
#2 /usr/local/var/www/app-p4i/vendor/codeigniter4/framework/system/Database/BaseConnection.php(669): CodeIgniter\Database\BaseConnection->simpleQuery('SELECT *\nFROM `...')
#3 /usr/local/var/www/app-p4i/vendor/codeigniter4/framework/system/Database/BaseBuilder.php(1860): CodeIgniter\Database\BaseConnection->query('SELECT *\nFROM `...', Array, false)
#4 /usr/local/var/www/app-p4i/app/Models/Backend/LayananModel.php(24): CodeIgniter\Database\BaseBuilder->get()
#5 /usr/local/var/www/app-p4i/app/Controllers/Home.php(31): App\Models\Backend\LayananModel->getLayananByKategori('Layanan Unggula...')
#6 /usr/local/var/www/app-p4i/vendor/codeigniter4/framework/system/CodeIgniter.php(918): App\Controllers\Home->index()
#7 /usr/local/var/www/app-p4i/vendor/codeigniter4/framework/system/CodeIgniter.php(404): CodeIgniter\CodeIgniter->runController(Object(App\Controllers\Home))
#8 /usr/local/var/www/app-p4i/vendor/codeigniter4/framework/system/CodeIgniter.php(312): CodeIgniter\CodeIgniter->handleRequest(NULL, Object(Config\Cache), false)
#9 /usr/local/var/www/app-p4i/public/index.php(45): CodeIgniter\CodeIgniter->run()
#10 /usr/local/var/www/app-p4i/vendor/codeigniter4/framework/system/Commands/Server/rewrite.php(34): require_once('/usr/local/var/...')
#11 {main}
INFO - 2024-07-21 19:08:19 --> Session: Class initialized using 'CodeIgniter\Session\Handlers\FileHandler' driver.
WARNING - 2024-07-21 19:08:19 --> Session: Sessions is enabled, and one exists.Please don't $session->start();
INFO - 2024-07-21 19:08:22 --> Session: Class initialized using 'CodeIgniter\Session\Handlers\FileHandler' driver.
WARNING - 2024-07-21 19:08:22 --> Session: Sessions is enabled, and one exists.Please don't $session->start();
INFO - 2024-07-21 19:08:56 --> Session: Class initialized using 'CodeIgniter\Session\Handlers\FileHandler' driver.
WARNING - 2024-07-21 19:08:56 --> Session: Sessions is enabled, and one exists.Please don't $session->start();
INFO - 2024-07-21 19:09:07 --> Session: Class initialized using 'CodeIgniter\Session\Handlers\FileHandler' driver.
WARNING - 2024-07-21 19:09:07 --> Session: Sessions is enabled, and one exists.Please don't $session->start();
INFO - 2024-07-21 19:09:13 --> Session: Class initialized using 'CodeIgniter\Session\Handlers\FileHandler' driver.
WARNING - 2024-07-21 19:09:13 --> Session: Sessions is enabled, and one exists.Please don't $session->start();
INFO - 2024-07-21 19:09:23 --> Session: Class initialized using 'CodeIgniter\Session\Handlers\FileHandler' driver.
WARNING - 2024-07-21 19:09:23 --> Session: Sessions is enabled, and one exists.Please don't $session->start();
INFO - 2024-07-21 19:09:25 --> Session: Class initialized using 'CodeIgniter\Session\Handlers\FileHandler' driver.
INFO - 2024-07-21 19:10:38 --> Session: Class initialized using 'CodeIgniter\Session\Handlers\FileHandler' driver.
WARNING - 2024-07-21 19:10:38 --> Session: Sessions is enabled, and one exists.Please don't $session->start();
INFO - 2024-07-21 19:10:38 --> Session: Class initialized using 'CodeIgniter\Session\Handlers\FileHandler' driver.
WARNING - 2024-07-21 19:10:38 --> Session: Sessions is enabled, and one exists.Please don't $session->start();
INFO - 2024-07-21 19:10:39 --> Session: Class initialized using 'CodeIgniter\Session\Handlers\FileHandler' driver.
WARNING - 2024-07-21 19:10:39 --> Session: Sessions is enabled, and one exists.Please don't $session->start();
INFO - 2024-07-21 19:10:40 --> Session: Class initialized using 'CodeIgniter\Session\Handlers\FileHandler' driver.
WARNING - 2024-07-21 19:10:40 --> Session: Sessions is enabled, and one exists.Please don't $session->start();
INFO - 2024-07-21 19:10:48 --> Session: Class initialized using 'CodeIgniter\Session\Handlers\FileHandler' driver.
WARNING - 2024-07-21 19:10:48 --> Session: Sessions is enabled, and one exists.Please don't $session->start();
INFO - 2024-07-21 19:10:48 --> Session: Class initialized using 'CodeIgniter\Session\Handlers\FileHandler' driver.
WARNING - 2024-07-21 19:10:48 --> Session: Sessions is enabled, and one exists.Please don't $session->start();
INFO - 2024-07-21 19:10:54 --> Session: Class initialized using 'CodeIgniter\Session\Handlers\FileHandler' driver.
WARNING - 2024-07-21 19:10:54 --> Session: Sessions is enabled, and one exists.Please don't $session->start();
INFO - 2024-07-21 19:10:54 --> Session: Class initialized using 'CodeIgniter\Session\Handlers\FileHandler' driver.
WARNING - 2024-07-21 19:10:54 --> Session: Sessions is enabled, and one exists.Please don't $session->start();
INFO - 2024-07-21 19:13:10 --> Session: Class initialized using 'CodeIgniter\Session\Handlers\FileHandler' driver.
WARNING - 2024-07-21 19:13:10 --> Session: Sessions is enabled, and one exists.Please don't $session->start();
INFO - 2024-07-21 19:13:11 --> Session: Class initialized using 'CodeIgniter\Session\Handlers\FileHandler' driver.
WARNING - 2024-07-21 19:13:11 --> Session: Sessions is enabled, and one exists.Please don't $session->start();
INFO - 2024-07-21 19:13:12 --> Session: Class initialized using 'CodeIgniter\Session\Handlers\FileHandler' driver.
WARNING - 2024-07-21 19:13:12 --> Session: Sessions is enabled, and one exists.Please don't $session->start();
INFO - 2024-07-21 19:13:13 --> Session: Class initialized using 'CodeIgniter\Session\Handlers\FileHandler' driver.
WARNING - 2024-07-21 19:13:13 --> Session: Sessions is enabled, and one exists.Please don't $session->start();
INFO - 2024-07-21 19:15:30 --> Session: Class initialized using 'CodeIgniter\Session\Handlers\FileHandler' driver.
WARNING - 2024-07-21 19:15:30 --> Session: Sessions is enabled, and one exists.Please don't $session->start();
ERROR - 2024-07-21 19:15:30 --> mysqli_sql_exception: Table 'cms_p4i.bcms_layanan' doesn't exist in /usr/local/var/www/app-p4i/vendor/codeigniter4/framework/system/Database/MySQLi/Connection.php:331
Stack trace:
#0 /usr/local/var/www/app-p4i/vendor/codeigniter4/framework/system/Database/MySQLi/Connection.php(331): mysqli->query('SELECT *\nFROM `...')
#1 /usr/local/var/www/app-p4i/vendor/codeigniter4/framework/system/Database/BaseConnection.php(741): CodeIgniter\Database\MySQLi\Connection->execute('SELECT *\nFROM `...')
#2 /usr/local/var/www/app-p4i/vendor/codeigniter4/framework/system/Database/BaseConnection.php(669): CodeIgniter\Database\BaseConnection->simpleQuery('SELECT *\nFROM `...')
#3 /usr/local/var/www/app-p4i/vendor/codeigniter4/framework/system/Database/BaseBuilder.php(1860): CodeIgniter\Database\BaseConnection->query('SELECT *\nFROM `...', Array, false)
#4 /usr/local/var/www/app-p4i/app/Models/Backend/LayananModel.php(24): CodeIgniter\Database\BaseBuilder->get()
#5 /usr/local/var/www/app-p4i/app/Controllers/Home.php(31): App\Models\Backend\LayananModel->getLayananByKategori('Layanan Unggula...')
#6 /usr/local/var/www/app-p4i/vendor/codeigniter4/framework/system/CodeIgniter.php(918): App\Controllers\Home->index()
#7 /usr/local/var/www/app-p4i/vendor/codeigniter4/framework/system/CodeIgniter.php(404): CodeIgniter\CodeIgniter->runController(Object(App\Controllers\Home))
#8 /usr/local/var/www/app-p4i/vendor/codeigniter4/framework/system/CodeIgniter.php(312): CodeIgniter\CodeIgniter->handleRequest(NULL, Object(Config\Cache), false)
#9 /usr/local/var/www/app-p4i/public/index.php(45): CodeIgniter\CodeIgniter->run()
#10 /usr/local/var/www/app-p4i/vendor/codeigniter4/framework/system/Commands/Server/rewrite.php(34): require_once('/usr/local/var/...')
#11 {main}
INFO - 2024-07-21 19:15:33 --> Session: Class initialized using 'CodeIgniter\Session\Handlers\FileHandler' driver.
WARNING - 2024-07-21 19:15:33 --> Session: Sessions is enabled, and one exists.Please don't $session->start();
INFO - 2024-07-21 19:15:35 --> Session: Class initialized using 'CodeIgniter\Session\Handlers\FileHandler' driver.
WARNING - 2024-07-21 19:15:35 --> Session: Sessions is enabled, and one exists.Please don't $session->start();
INFO - 2024-07-21 19:15:37 --> Session: Class initialized using 'CodeIgniter\Session\Handlers\FileHandler' driver.
WARNING - 2024-07-21 19:15:37 --> Session: Sessions is enabled, and one exists.Please don't $session->start();
INFO - 2024-07-21 19:15:39 --> Session: Class initialized using 'CodeIgniter\Session\Handlers\FileHandler' driver.
WARNING - 2024-07-21 19:15:39 --> Session: Sessions is enabled, and one exists.Please don't $session->start();
INFO - 2024-07-21 19:16:04 --> Session: Class initialized using 'CodeIgniter\Session\Handlers\FileHandler' driver.
WARNING - 2024-07-21 19:16:04 --> Session: Sessions is enabled, and one exists.Please don't $session->start();
INFO - 2024-07-21 19:17:48 --> Session: Class initialized using 'CodeIgniter\Session\Handlers\FileHandler' driver.
WARNING - 2024-07-21 19:17:48 --> Session: Sessions is enabled, and one exists.Please don't $session->start();
INFO - 2024-07-21 19:17:50 --> Session: Class initialized using 'CodeIgniter\Session\Handlers\FileHandler' driver.
WARNING - 2024-07-21 19:17:50 --> Session: Sessions is enabled, and one exists.Please don't $session->start();
ERROR - 2024-07-21 19:17:50 --> mysqli_sql_exception: Table 'cms_p4i.bcms_layanan' doesn't exist in /usr/local/var/www/app-p4i/vendor/codeigniter4/framework/system/Database/MySQLi/Connection.php:331
Stack trace:
#0 /usr/local/var/www/app-p4i/vendor/codeigniter4/framework/system/Database/MySQLi/Connection.php(331): mysqli->query('SELECT *\nFROM `...')
#1 /usr/local/var/www/app-p4i/vendor/codeigniter4/framework/system/Database/BaseConnection.php(741): CodeIgniter\Database\MySQLi\Connection->execute('SELECT *\nFROM `...')
#2 /usr/local/var/www/app-p4i/vendor/codeigniter4/framework/system/Database/BaseConnection.php(669): CodeIgniter\Database\BaseConnection->simpleQuery('SELECT *\nFROM `...')
#3 /usr/local/var/www/app-p4i/vendor/codeigniter4/framework/system/Database/BaseBuilder.php(1860): CodeIgniter\Database\BaseConnection->query('SELECT *\nFROM `...', Array, false)
#4 /usr/local/var/www/app-p4i/app/Models/Backend/LayananModel.php(24): CodeIgniter\Database\BaseBuilder->get()
#5 /usr/local/var/www/app-p4i/app/Controllers/Home.php(31): App\Models\Backend\LayananModel->getLayananByKategori('Layanan Unggula...')
#6 /usr/local/var/www/app-p4i/vendor/codeigniter4/framework/system/CodeIgniter.php(918): App\Controllers\Home->index()
#7 /usr/local/var/www/app-p4i/vendor/codeigniter4/framework/system/CodeIgniter.php(404): CodeIgniter\CodeIgniter->runController(Object(App\Controllers\Home))
#8 /usr/local/var/www/app-p4i/vendor/codeigniter4/framework/system/CodeIgniter.php(312): CodeIgniter\CodeIgniter->handleRequest(NULL, Object(Config\Cache), false)
#9 /usr/local/var/www/app-p4i/public/index.php(45): CodeIgniter\CodeIgniter->run()
#10 /usr/local/var/www/app-p4i/vendor/codeigniter4/framework/system/Commands/Server/rewrite.php(34): require_once('/usr/local/var/...')
#11 {main}
INFO - 2024-07-21 19:17:54 --> Session: Class initialized using 'CodeIgniter\Session\Handlers\FileHandler' driver.
WARNING - 2024-07-21 19:17:54 --> Session: Sessions is enabled, and one exists.Please don't $session->start();
INFO - 2024-07-21 19:17:59 --> Session: Class initialized using 'CodeIgniter\Session\Handlers\FileHandler' driver.
WARNING - 2024-07-21 19:17:59 --> Session: Sessions is enabled, and one exists.Please don't $session->start();
INFO - 2024-07-21 19:18:05 --> Session: Class initialized using 'CodeIgniter\Session\Handlers\FileHandler' driver.
WARNING - 2024-07-21 19:18:05 --> Session: Sessions is enabled, and one exists.Please don't $session->start();
INFO - 2024-07-21 19:18:07 --> Session: Class initialized using 'CodeIgniter\Session\Handlers\FileHandler' driver.
WARNING - 2024-07-21 19:18:07 --> Session: Sessions is enabled, and one exists.Please don't $session->start();
INFO - 2024-07-21 19:18:35 --> Session: Class initialized using 'CodeIgniter\Session\Handlers\FileHandler' driver.
WARNING - 2024-07-21 19:18:35 --> Session: Sessions is enabled, and one exists.Please don't $session->start();
INFO - 2024-07-21 19:18:37 --> Session: Class initialized using 'CodeIgniter\Session\Handlers\FileHandler' driver.
WARNING - 2024-07-21 19:18:37 --> Session: Sessions is enabled, and one exists.Please don't $session->start();
INFO - 2024-07-21 19:18:41 --> Session: Class initialized using 'CodeIgniter\Session\Handlers\FileHandler' driver.
WARNING - 2024-07-21 19:18:41 --> Session: Sessions is enabled, and one exists.Please don't $session->start();
INFO - 2024-07-21 19:18:47 --> Session: Class initialized using 'CodeIgniter\Session\Handlers\FileHandler' driver.
WARNING - 2024-07-21 19:18:47 --> Session: Sessions is enabled, and one exists.Please don't $session->start();
INFO - 2024-07-21 19:18:51 --> Session: Class initialized using 'CodeIgniter\Session\Handlers\FileHandler' driver.
WARNING - 2024-07-21 19:18:51 --> Session: Sessions is enabled, and one exists.Please don't $session->start();
INFO - 2024-07-21 19:18:54 --> Session: Class initialized using 'CodeIgniter\Session\Handlers\FileHandler' driver.
WARNING - 2024-07-21 19:18:54 --> Session: Sessions is enabled, and one exists.Please don't $session->start();
INFO - 2024-07-21 19:18:57 --> Session: Class initialized using 'CodeIgniter\Session\Handlers\FileHandler' driver.
WARNING - 2024-07-21 19:18:57 --> Session: Sessions is enabled, and one exists.Please don't $session->start();
ERROR - 2024-07-21 19:18:57 --> mysqli_sql_exception: Table 'cms_p4i.bcms_layanan' doesn't exist in /usr/local/var/www/app-p4i/vendor/codeigniter4/framework/system/Database/MySQLi/Connection.php:331
Stack trace:
#0 /usr/local/var/www/app-p4i/vendor/codeigniter4/framework/system/Database/MySQLi/Connection.php(331): mysqli->query('SELECT *\nFROM `...')
#1 /usr/local/var/www/app-p4i/vendor/codeigniter4/framework/system/Database/BaseConnection.php(741): CodeIgniter\Database\MySQLi\Connection->execute('SELECT *\nFROM `...')
#2 /usr/local/var/www/app-p4i/vendor/codeigniter4/framework/system/Database/BaseConnection.php(669): CodeIgniter\Database\BaseConnection->simpleQuery('SELECT *\nFROM `...')
#3 /usr/local/var/www/app-p4i/vendor/codeigniter4/framework/system/Database/BaseBuilder.php(1860): CodeIgniter\Database\BaseConnection->query('SELECT *\nFROM `...', Array, false)
#4 /usr/local/var/www/app-p4i/app/Models/Backend/LayananModel.php(24): CodeIgniter\Database\BaseBuilder->get()
#5 /usr/local/var/www/app-p4i/app/Controllers/Home.php(31): App\Models\Backend\LayananModel->getLayananByKategori('Layanan Unggula...')
#6 /usr/local/var/www/app-p4i/vendor/codeigniter4/framework/system/CodeIgniter.php(918): App\Controllers\Home->index()
#7 /usr/local/var/www/app-p4i/vendor/codeigniter4/framework/system/CodeIgniter.php(404): CodeIgniter\CodeIgniter->runController(Object(App\Controllers\Home))
#8 /usr/local/var/www/app-p4i/vendor/codeigniter4/framework/system/CodeIgniter.php(312): CodeIgniter\CodeIgniter->handleRequest(NULL, Object(Config\Cache), false)
#9 /usr/local/var/www/app-p4i/public/index.php(45): CodeIgniter\CodeIgniter->run()
#10 /usr/local/var/www/app-p4i/vendor/codeigniter4/framework/system/Commands/Server/rewrite.php(34): require_once('/usr/local/var/...')
#11 {main}
INFO - 2024-07-21 19:19:12 --> Session: Class initialized using 'CodeIgniter\Session\Handlers\FileHandler' driver.
WARNING - 2024-07-21 19:19:12 --> Session: Sessions is enabled, and one exists.Please don't $session->start();
ERROR - 2024-07-21 19:19:12 --> mysqli_sql_exception: Table 'cms_p4i.bcms_layanan' doesn't exist in /usr/local/var/www/app-p4i/vendor/codeigniter4/framework/system/Database/MySQLi/Connection.php:331
Stack trace:
#0 /usr/local/var/www/app-p4i/vendor/codeigniter4/framework/system/Database/MySQLi/Connection.php(331): mysqli->query('SELECT *\nFROM `...')
#1 /usr/local/var/www/app-p4i/vendor/codeigniter4/framework/system/Database/BaseConnection.php(741): CodeIgniter\Database\MySQLi\Connection->execute('SELECT *\nFROM `...')
#2 /usr/local/var/www/app-p4i/vendor/codeigniter4/framework/system/Database/BaseConnection.php(669): CodeIgniter\Database\BaseConnection->simpleQuery('SELECT *\nFROM `...')
#3 /usr/local/var/www/app-p4i/vendor/codeigniter4/framework/system/Database/BaseBuilder.php(1860): CodeIgniter\Database\BaseConnection->query('SELECT *\nFROM `...', Array, false)
#4 /usr/local/var/www/app-p4i/app/Models/Backend/LayananModel.php(24): CodeIgniter\Database\BaseBuilder->get()
#5 /usr/local/var/www/app-p4i/app/Controllers/Home.php(31): App\Models\Backend\LayananModel->getLayananByKategori('Layanan Unggula...')
#6 /usr/local/var/www/app-p4i/vendor/codeigniter4/framework/system/CodeIgniter.php(918): App\Controllers\Home->index()
#7 /usr/local/var/www/app-p4i/vendor/codeigniter4/framework/system/CodeIgniter.php(404): CodeIgniter\CodeIgniter->runController(Object(App\Controllers\Home))
#8 /usr/local/var/www/app-p4i/vendor/codeigniter4/framework/system/CodeIgniter.php(312): CodeIgniter\CodeIgniter->handleRequest(NULL, Object(Config\Cache), false)
#9 /usr/local/var/www/app-p4i/public/index.php(45): CodeIgniter\CodeIgniter->run()
#10 /usr/local/var/www/app-p4i/vendor/codeigniter4/framework/system/Commands/Server/rewrite.php(34): require_once('/usr/local/var/...')
#11 {main}
INFO - 2024-07-21 19:19:17 --> Session: Class initialized using 'CodeIgniter\Session\Handlers\FileHandler' driver.
WARNING - 2024-07-21 19:19:17 --> Session: Sessions is enabled, and one exists.Please don't $session->start();
INFO - 2024-07-21 19:19:20 --> Session: Class initialized using 'CodeIgniter\Session\Handlers\FileHandler' driver.
WARNING - 2024-07-21 19:19:20 --> Session: Sessions is enabled, and one exists.Please don't $session->start();
INFO - 2024-07-21 19:19:22 --> Session: Class initialized using 'CodeIgniter\Session\Handlers\FileHandler' driver.
WARNING - 2024-07-21 19:19:22 --> Session: Sessions is enabled, and one exists.Please don't $session->start();
CRITICAL - 2024-07-21 19:19:22 --> Invalid file: front/pages/pasien/alur-pelayanan.php
#0 /usr/local/var/www/app-p4i/vendor/codeigniter4/framework/system/View/View.php(228): CodeIgniter\Exceptions\FrameworkException::forInvalidFile('front/pages/pas...')
#1 /usr/local/var/www/app-p4i/vendor/codeigniter4/framework/system/Common.php(1119): CodeIgniter\View\View->render('front/pages/pas...', Array, true)
#2 /usr/local/var/www/app-p4i/app/Controllers/Informasi.php(427): view('front/pages/pas...', Array)
#3 /usr/local/var/www/app-p4i/vendor/codeigniter4/framework/system/CodeIgniter.php(918): App\Controllers\Informasi->artikel()
#4 /usr/local/var/www/app-p4i/vendor/codeigniter4/framework/system/CodeIgniter.php(404): CodeIgniter\CodeIgniter->runController(Object(App\Controllers\Informasi))
#5 /usr/local/var/www/app-p4i/vendor/codeigniter4/framework/system/CodeIgniter.php(312): CodeIgniter\CodeIgniter->handleRequest(NULL, Object(Config\Cache), false)
#6 /usr/local/var/www/app-p4i/public/index.php(45): CodeIgniter\CodeIgniter->run()
#7 /usr/local/var/www/app-p4i/vendor/codeigniter4/framework/system/Commands/Server/rewrite.php(34): require_once('/usr/local/var/...')
#8 {main}
INFO - 2024-07-21 19:19:30 --> Session: Class initialized using 'CodeIgniter\Session\Handlers\FileHandler' driver.
WARNING - 2024-07-21 19:19:30 --> Session: Sessions is enabled, and one exists.Please don't $session->start();
CRITICAL - 2024-07-21 19:19:30 --> Invalid file: front/pages/pasien/alur-pelayanan.php
#0 /usr/local/var/www/app-p4i/vendor/codeigniter4/framework/system/View/View.php(228): CodeIgniter\Exceptions\FrameworkException::forInvalidFile('front/pages/pas...')
#1 /usr/local/var/www/app-p4i/vendor/codeigniter4/framework/system/Common.php(1119): CodeIgniter\View\View->render('front/pages/pas...', Array, true)
#2 /usr/local/var/www/app-p4i/app/Controllers/Informasi.php(427): view('front/pages/pas...', Array)
#3 /usr/local/var/www/app-p4i/vendor/codeigniter4/framework/system/CodeIgniter.php(918): App\Controllers\Informasi->artikel()
#4 /usr/local/var/www/app-p4i/vendor/codeigniter4/framework/system/CodeIgniter.php(404): CodeIgniter\CodeIgniter->runController(Object(App\Controllers\Informasi))
#5 /usr/local/var/www/app-p4i/vendor/codeigniter4/framework/system/CodeIgniter.php(312): CodeIgniter\CodeIgniter->handleRequest(NULL, Object(Config\Cache), false)
#6 /usr/local/var/www/app-p4i/public/index.php(45): CodeIgniter\CodeIgniter->run()
#7 /usr/local/var/www/app-p4i/vendor/codeigniter4/framework/system/Commands/Server/rewrite.php(34): require_once('/usr/local/var/...')
#8 {main}
INFO - 2024-07-21 19:19:31 --> Session: Class initialized using 'CodeIgniter\Session\Handlers\FileHandler' driver.
WARNING - 2024-07-21 19:19:31 --> Session: Sessions is enabled, and one exists.Please don't $session->start();
CRITICAL - 2024-07-21 19:19:31 --> Invalid file: front/pages/pasien/alur-pelayanan.php
#0 /usr/local/var/www/app-p4i/vendor/codeigniter4/framework/system/View/View.php(228): CodeIgniter\Exceptions\FrameworkException::forInvalidFile('front/pages/pas...')
#1 /usr/local/var/www/app-p4i/vendor/codeigniter4/framework/system/Common.php(1119): CodeIgniter\View\View->render('front/pages/pas...', Array, true)
#2 /usr/local/var/www/app-p4i/app/Controllers/Informasi.php(427): view('front/pages/pas...', Array)
#3 /usr/local/var/www/app-p4i/vendor/codeigniter4/framework/system/CodeIgniter.php(918): App\Controllers\Informasi->artikel()
#4 /usr/local/var/www/app-p4i/vendor/codeigniter4/framework/system/CodeIgniter.php(404): CodeIgniter\CodeIgniter->runController(Object(App\Controllers\Informasi))
#5 /usr/local/var/www/app-p4i/vendor/codeigniter4/framework/system/CodeIgniter.php(312): CodeIgniter\CodeIgniter->handleRequest(NULL, Object(Config\Cache), false)
#6 /usr/local/var/www/app-p4i/public/index.php(45): CodeIgniter\CodeIgniter->run()
#7 /usr/local/var/www/app-p4i/vendor/codeigniter4/framework/system/Commands/Server/rewrite.php(34): require_once('/usr/local/var/...')
#8 {main}
INFO - 2024-07-21 19:20:02 --> Session: Class initialized using 'CodeIgniter\Session\Handlers\FileHandler' driver.
WARNING - 2024-07-21 19:20:02 --> Session: Sessions is enabled, and one exists.Please don't $session->start();
INFO - 2024-07-21 19:20:33 --> Session: Class initialized using 'CodeIgniter\Session\Handlers\FileHandler' driver.
WARNING - 2024-07-21 19:20:33 --> Session: Sessions is enabled, and one exists.Please don't $session->start();
CRITICAL - 2024-07-21 19:20:33 --> Invalid file: front/pages/pasien/alur-pelayanan.php
#0 /usr/local/var/www/app-p4i/vendor/codeigniter4/framework/system/View/View.php(228): CodeIgniter\Exceptions\FrameworkException::forInvalidFile('front/pages/pas...')
#1 /usr/local/var/www/app-p4i/vendor/codeigniter4/framework/system/Common.php(1119): CodeIgniter\View\View->render('front/pages/pas...', Array, true)
#2 /usr/local/var/www/app-p4i/app/Controllers/Informasi.php(427): view('front/pages/pas...', Array)
#3 /usr/local/var/www/app-p4i/vendor/codeigniter4/framework/system/CodeIgniter.php(918): App\Controllers\Informasi->artikel()
#4 /usr/local/var/www/app-p4i/vendor/codeigniter4/framework/system/CodeIgniter.php(404): CodeIgniter\CodeIgniter->runController(Object(App\Controllers\Informasi))
#5 /usr/local/var/www/app-p4i/vendor/codeigniter4/framework/system/CodeIgniter.php(312): CodeIgniter\CodeIgniter->handleRequest(NULL, Object(Config\Cache), false)
#6 /usr/local/var/www/app-p4i/public/index.php(45): CodeIgniter\CodeIgniter->run()
#7 /usr/local/var/www/app-p4i/vendor/codeigniter4/framework/system/Commands/Server/rewrite.php(34): require_once('/usr/local/var/...')
#8 {main}
INFO - 2024-07-21 19:21:04 --> Session: Class initialized using 'CodeIgniter\Session\Handlers\FileHandler' driver.
WARNING - 2024-07-21 19:21:04 --> Session: Sessions is enabled, and one exists.Please don't $session->start();
INFO - 2024-07-21 19:22:53 --> Session: Class initialized using 'CodeIgniter\Session\Handlers\FileHandler' driver.
WARNING - 2024-07-21 19:22:53 --> Session: Sessions is enabled, and one exists.Please don't $session->start();
INFO - 2024-07-21 19:28:14 --> Session: Class initialized using 'CodeIgniter\Session\Handlers\FileHandler' driver.
WARNING - 2024-07-21 19:28:14 --> Session: Sessions is enabled, and one exists.Please don't $session->start();
INFO - 2024-07-21 19:28:32 --> Session: Class initialized using 'CodeIgniter\Session\Handlers\FileHandler' driver.
WARNING - 2024-07-21 19:28:32 --> Session: Sessions is enabled, and one exists.Please don't $session->start();
INFO - 2024-07-21 19:28:37 --> Session: Class initialized using 'CodeIgniter\Session\Handlers\FileHandler' driver.
WARNING - 2024-07-21 19:28:37 --> Session: Sessions is enabled, and one exists.Please don't $session->start();
INFO - 2024-07-21 19:28:52 --> Session: Class initialized using 'CodeIgniter\Session\Handlers\FileHandler' driver.
WARNING - 2024-07-21 19:28:52 --> Session: Sessions is enabled, and one exists.Please don't $session->start();
INFO - 2024-07-21 19:28:54 --> Session: Class initialized using 'CodeIgniter\Session\Handlers\FileHandler' driver.
WARNING - 2024-07-21 19:28:54 --> Session: Sessions is enabled, and one exists.Please don't $session->start();
INFO - 2024-07-21 19:28:57 --> Session: Class initialized using 'CodeIgniter\Session\Handlers\FileHandler' driver.
WARNING - 2024-07-21 19:28:57 --> Session: Sessions is enabled, and one exists.Please don't $session->start();
INFO - 2024-07-21 19:29:12 --> Session: Class initialized using 'CodeIgniter\Session\Handlers\FileHandler' driver.
WARNING - 2024-07-21 19:29:12 --> Session: Sessions is enabled, and one exists.Please don't $session->start();
INFO - 2024-07-21 19:29:14 --> Session: Class initialized using 'CodeIgniter\Session\Handlers\FileHandler' driver.
WARNING - 2024-07-21 19:29:14 --> Session: Sessions is enabled, and one exists.Please don't $session->start();
INFO - 2024-07-21 19:29:17 --> Session: Class initialized using 'CodeIgniter\Session\Handlers\FileHandler' driver.
WARNING - 2024-07-21 19:29:17 --> Session: Sessions is enabled, and one exists.Please don't $session->start();
INFO - 2024-07-21 19:29:30 --> Session: Class initialized using 'CodeIgniter\Session\Handlers\FileHandler' driver.
WARNING - 2024-07-21 19:29:30 --> Session: Sessions is enabled, and one exists.Please don't $session->start();
INFO - 2024-07-21 19:29:31 --> Session: Class initialized using 'CodeIgniter\Session\Handlers\FileHandler' driver.
WARNING - 2024-07-21 19:29:31 --> Session: Sessions is enabled, and one exists.Please don't $session->start();
INFO - 2024-07-21 19:29:34 --> Session: Class initialized using 'CodeIgniter\Session\Handlers\FileHandler' driver.
WARNING - 2024-07-21 19:29:34 --> Session: Sessions is enabled, and one exists.Please don't $session->start();
INFO - 2024-07-21 19:29:45 --> Session: Class initialized using 'CodeIgniter\Session\Handlers\FileHandler' driver.
WARNING - 2024-07-21 19:29:45 --> Session: Sessions is enabled, and one exists.Please don't $session->start();
INFO - 2024-07-21 19:29:47 --> Session: Class initialized using 'CodeIgniter\Session\Handlers\FileHandler' driver.
WARNING - 2024-07-21 19:29:47 --> Session: Sessions is enabled, and one exists.Please don't $session->start();
INFO - 2024-07-21 19:29:49 --> Session: Class initialized using 'CodeIgniter\Session\Handlers\FileHandler' driver.
WARNING - 2024-07-21 19:29:49 --> Session: Sessions is enabled, and one exists.Please don't $session->start();
ERROR - 2024-07-21 19:29:49 --> mysqli_sql_exception: Table 'cms_p4i.bcms_layanan' doesn't exist in /usr/local/var/www/app-p4i/vendor/codeigniter4/framework/system/Database/MySQLi/Connection.php:331
Stack trace:
#0 /usr/local/var/www/app-p4i/vendor/codeigniter4/framework/system/Database/MySQLi/Connection.php(331): mysqli->query('SELECT *\nFROM `...')
#1 /usr/local/var/www/app-p4i/vendor/codeigniter4/framework/system/Database/BaseConnection.php(741): CodeIgniter\Database\MySQLi\Connection->execute('SELECT *\nFROM `...')
#2 /usr/local/var/www/app-p4i/vendor/codeigniter4/framework/system/Database/BaseConnection.php(669): CodeIgniter\Database\BaseConnection->simpleQuery('SELECT *\nFROM `...')
#3 /usr/local/var/www/app-p4i/vendor/codeigniter4/framework/system/Database/BaseBuilder.php(1860): CodeIgniter\Database\BaseConnection->query('SELECT *\nFROM `...', Array, false)
#4 /usr/local/var/www/app-p4i/app/Models/Backend/LayananModel.php(24): CodeIgniter\Database\BaseBuilder->get()
#5 /usr/local/var/www/app-p4i/app/Controllers/Home.php(31): App\Models\Backend\LayananModel->getLayananByKategori('Layanan Unggula...')
#6 /usr/local/var/www/app-p4i/vendor/codeigniter4/framework/system/CodeIgniter.php(918): App\Controllers\Home->index()
#7 /usr/local/var/www/app-p4i/vendor/codeigniter4/framework/system/CodeIgniter.php(404): CodeIgniter\CodeIgniter->runController(Object(App\Controllers\Home))
#8 /usr/local/var/www/app-p4i/vendor/codeigniter4/framework/system/CodeIgniter.php(312): CodeIgniter\CodeIgniter->handleRequest(NULL, Object(Config\Cache), false)
#9 /usr/local/var/www/app-p4i/public/index.php(45): CodeIgniter\CodeIgniter->run()
#10 /usr/local/var/www/app-p4i/vendor/codeigniter4/framework/system/Commands/Server/rewrite.php(34): require_once('/usr/local/var/...')
#11 {main}
INFO - 2024-07-21 19:29:51 --> Session: Class initialized using 'CodeIgniter\Session\Handlers\FileHandler' driver.
WARNING - 2024-07-21 19:29:51 --> Session: Sessions is enabled, and one exists.Please don't $session->start();
INFO - 2024-07-21 19:29:53 --> Session: Class initialized using 'CodeIgniter\Session\Handlers\FileHandler' driver.
WARNING - 2024-07-21 19:29:53 --> Session: Sessions is enabled, and one exists.Please don't $session->start();
INFO - 2024-07-21 19:29:55 --> Session: Class initialized using 'CodeIgniter\Session\Handlers\FileHandler' driver.
WARNING - 2024-07-21 19:29:55 --> Session: Sessions is enabled, and one exists.Please don't $session->start();
INFO - 2024-07-21 19:29:59 --> Session: Class initialized using 'CodeIgniter\Session\Handlers\FileHandler' driver.
WARNING - 2024-07-21 19:29:59 --> Session: Sessions is enabled, and one exists.Please don't $session->start();
INFO - 2024-07-21 19:40:24 --> Session: Class initialized using 'CodeIgniter\Session\Handlers\FileHandler' driver.
WARNING - 2024-07-21 19:40:24 --> Session: Sessions is enabled, and one exists.Please don't $session->start();
INFO - 2024-07-21 19:40:32 --> Session: Class initialized using 'CodeIgniter\Session\Handlers\FileHandler' driver.
WARNING - 2024-07-21 19:40:32 --> Session: Sessions is enabled, and one exists.Please don't $session->start();
INFO - 2024-07-21 19:40:36 --> Session: Class initialized using 'CodeIgniter\Session\Handlers\FileHandler' driver.
WARNING - 2024-07-21 19:40:36 --> Session: Sessions is enabled, and one exists.Please don't $session->start();
INFO - 2024-07-21 19:40:38 --> Session: Class initialized using 'CodeIgniter\Session\Handlers\FileHandler' driver.
WARNING - 2024-07-21 19:40:38 --> Session: Sessions is enabled, and one exists.Please don't $session->start();
INFO - 2024-07-21 19:40:40 --> Session: Class initialized using 'CodeIgniter\Session\Handlers\FileHandler' driver.
WARNING - 2024-07-21 19:40:40 --> Session: Sessions is enabled, and one exists.Please don't $session->start();
INFO - 2024-07-21 19:40:43 --> Session: Class initialized using 'CodeIgniter\Session\Handlers\FileHandler' driver.
WARNING - 2024-07-21 19:40:43 --> Session: Sessions is enabled, and one exists.Please don't $session->start();
ERROR - 2024-07-21 19:40:43 --> mysqli_sql_exception: Table 'cms_p4i.bcms_layanan' doesn't exist in /usr/local/var/www/app-p4i/vendor/codeigniter4/framework/system/Database/MySQLi/Connection.php:331
Stack trace:
#0 /usr/local/var/www/app-p4i/vendor/codeigniter4/framework/system/Database/MySQLi/Connection.php(331): mysqli->query('SELECT *\nFROM `...')
#1 /usr/local/var/www/app-p4i/vendor/codeigniter4/framework/system/Database/BaseConnection.php(741): CodeIgniter\Database\MySQLi\Connection->execute('SELECT *\nFROM `...')
#2 /usr/local/var/www/app-p4i/vendor/codeigniter4/framework/system/Database/BaseConnection.php(669): CodeIgniter\Database\BaseConnection->simpleQuery('SELECT *\nFROM `...')
#3 /usr/local/var/www/app-p4i/vendor/codeigniter4/framework/system/Database/BaseBuilder.php(1860): CodeIgniter\Database\BaseConnection->query('SELECT *\nFROM `...', Array, false)
#4 /usr/local/var/www/app-p4i/app/Models/Backend/LayananModel.php(24): CodeIgniter\Database\BaseBuilder->get()
#5 /usr/local/var/www/app-p4i/app/Controllers/Home.php(31): App\Models\Backend\LayananModel->getLayananByKategori('Layanan Unggula...')
#6 /usr/local/var/www/app-p4i/vendor/codeigniter4/framework/system/CodeIgniter.php(918): App\Controllers\Home->index()
#7 /usr/local/var/www/app-p4i/vendor/codeigniter4/framework/system/CodeIgniter.php(404): CodeIgniter\CodeIgniter->runController(Object(App\Controllers\Home))
#8 /usr/local/var/www/app-p4i/vendor/codeigniter4/framework/system/CodeIgniter.php(312): CodeIgniter\CodeIgniter->handleRequest(NULL, Object(Config\Cache), false)
#9 /usr/local/var/www/app-p4i/public/index.php(45): CodeIgniter\CodeIgniter->run()
#10 /usr/local/var/www/app-p4i/vendor/codeigniter4/framework/system/Commands/Server/rewrite.php(34): require_once('/usr/local/var/...')
#11 {main}
INFO - 2024-07-21 19:41:03 --> Session: Class initialized using 'CodeIgniter\Session\Handlers\FileHandler' driver.
WARNING - 2024-07-21 19:41:03 --> Session: Sessions is enabled, and one exists.Please don't $session->start();
ERROR - 2024-07-21 19:41:03 --> mysqli_sql_exception: Table 'cms_p4i.bcms_layanan' doesn't exist in /usr/local/var/www/app-p4i/vendor/codeigniter4/framework/system/Database/MySQLi/Connection.php:331
Stack trace:
#0 /usr/local/var/www/app-p4i/vendor/codeigniter4/framework/system/Database/MySQLi/Connection.php(331): mysqli->query('SELECT *\nFROM `...')
#1 /usr/local/var/www/app-p4i/vendor/codeigniter4/framework/system/Database/BaseConnection.php(741): CodeIgniter\Database\MySQLi\Connection->execute('SELECT *\nFROM `...')
#2 /usr/local/var/www/app-p4i/vendor/codeigniter4/framework/system/Database/BaseConnection.php(669): CodeIgniter\Database\BaseConnection->simpleQuery('SELECT *\nFROM `...')
#3 /usr/local/var/www/app-p4i/vendor/codeigniter4/framework/system/Database/BaseBuilder.php(1860): CodeIgniter\Database\BaseConnection->query('SELECT *\nFROM `...', Array, false)
#4 /usr/local/var/www/app-p4i/app/Models/Backend/LayananModel.php(24): CodeIgniter\Database\BaseBuilder->get()
#5 /usr/local/var/www/app-p4i/app/Controllers/Home.php(31): App\Models\Backend\LayananModel->getLayananByKategori('Layanan Unggula...')
#6 /usr/local/var/www/app-p4i/vendor/codeigniter4/framework/system/CodeIgniter.php(918): App\Controllers\Home->index()
#7 /usr/local/var/www/app-p4i/vendor/codeigniter4/framework/system/CodeIgniter.php(404): CodeIgniter\CodeIgniter->runController(Object(App\Controllers\Home))
#8 /usr/local/var/www/app-p4i/vendor/codeigniter4/framework/system/CodeIgniter.php(312): CodeIgniter\CodeIgniter->handleRequest(NULL, Object(Config\Cache), false)
#9 /usr/local/var/www/app-p4i/public/index.php(45): CodeIgniter\CodeIgniter->run()
#10 /usr/local/var/www/app-p4i/vendor/codeigniter4/framework/system/Commands/Server/rewrite.php(34): require_once('/usr/local/var/...')
#11 {main}
INFO - 2024-07-21 19:41:06 --> Session: Class initialized using 'CodeIgniter\Session\Handlers\FileHandler' driver.
WARNING - 2024-07-21 19:41:06 --> Session: Sessions is enabled, and one exists.Please don't $session->start();
INFO - 2024-07-21 19:42:09 --> Session: Class initialized using 'CodeIgniter\Session\Handlers\FileHandler' driver.
WARNING - 2024-07-21 19:42:09 --> Session: Sessions is enabled, and one exists.Please don't $session->start();
INFO - 2024-07-21 19:42:11 --> Session: Class initialized using 'CodeIgniter\Session\Handlers\FileHandler' driver.
WARNING - 2024-07-21 19:42:11 --> Session: Sessions is enabled, and one exists.Please don't $session->start();
INFO - 2024-07-21 19:42:13 --> Session: Class initialized using 'CodeIgniter\Session\Handlers\FileHandler' driver.
WARNING - 2024-07-21 19:42:13 --> Session: Sessions is enabled, and one exists.Please don't $session->start();
ERROR - 2024-07-21 19:42:13 --> mysqli_sql_exception: Table 'cms_p4i.bcms_layanan' doesn't exist in /usr/local/var/www/app-p4i/vendor/codeigniter4/framework/system/Database/MySQLi/Connection.php:331
Stack trace:
#0 /usr/local/var/www/app-p4i/vendor/codeigniter4/framework/system/Database/MySQLi/Connection.php(331): mysqli->query('SELECT *\nFROM `...')
#1 /usr/local/var/www/app-p4i/vendor/codeigniter4/framework/system/Database/BaseConnection.php(741): CodeIgniter\Database\MySQLi\Connection->execute('SELECT *\nFROM `...')
#2 /usr/local/var/www/app-p4i/vendor/codeigniter4/framework/system/Database/BaseConnection.php(669): CodeIgniter\Database\BaseConnection->simpleQuery('SELECT *\nFROM `...')
#3 /usr/local/var/www/app-p4i/vendor/codeigniter4/framework/system/Database/BaseBuilder.php(1860): CodeIgniter\Database\BaseConnection->query('SELECT *\nFROM `...', Array, false)
#4 /usr/local/var/www/app-p4i/app/Models/Backend/LayananModel.php(24): CodeIgniter\Database\BaseBuilder->get()
#5 /usr/local/var/www/app-p4i/app/Controllers/Home.php(31): App\Models\Backend\LayananModel->getLayananByKategori('Layanan Unggula...')
#6 /usr/local/var/www/app-p4i/vendor/codeigniter4/framework/system/CodeIgniter.php(918): App\Controllers\Home->index()
#7 /usr/local/var/www/app-p4i/vendor/codeigniter4/framework/system/CodeIgniter.php(404): CodeIgniter\CodeIgniter->runController(Object(App\Controllers\Home))
#8 /usr/local/var/www/app-p4i/vendor/codeigniter4/framework/system/CodeIgniter.php(312): CodeIgniter\CodeIgniter->handleRequest(NULL, Object(Config\Cache), false)
#9 /usr/local/var/www/app-p4i/public/index.php(45): CodeIgniter\CodeIgniter->run()
#10 /usr/local/var/www/app-p4i/vendor/codeigniter4/framework/system/Commands/Server/rewrite.php(34): require_once('/usr/local/var/...')
#11 {main}
INFO - 2024-07-21 19:42:59 --> Session: Class initialized using 'CodeIgniter\Session\Handlers\FileHandler' driver.
WARNING - 2024-07-21 19:42:59 --> Session: Sessions is enabled, and one exists.Please don't $session->start();
ERROR - 2024-07-21 19:42:59 --> mysqli_sql_exception: Table 'cms_p4i.bcms_layanan' doesn't exist in /usr/local/var/www/app-p4i/vendor/codeigniter4/framework/system/Database/MySQLi/Connection.php:331
Stack trace:
#0 /usr/local/var/www/app-p4i/vendor/codeigniter4/framework/system/Database/MySQLi/Connection.php(331): mysqli->query('SELECT *\nFROM `...')
#1 /usr/local/var/www/app-p4i/vendor/codeigniter4/framework/system/Database/BaseConnection.php(741): CodeIgniter\Database\MySQLi\Connection->execute('SELECT *\nFROM `...')
#2 /usr/local/var/www/app-p4i/vendor/codeigniter4/framework/system/Database/BaseConnection.php(669): CodeIgniter\Database\BaseConnection->simpleQuery('SELECT *\nFROM `...')
#3 /usr/local/var/www/app-p4i/vendor/codeigniter4/framework/system/Database/BaseBuilder.php(1860): CodeIgniter\Database\BaseConnection->query('SELECT *\nFROM `...', Array, false)
#4 /usr/local/var/www/app-p4i/app/Models/Backend/LayananModel.php(24): CodeIgniter\Database\BaseBuilder->get()
#5 /usr/local/var/www/app-p4i/app/Controllers/Home.php(31): App\Models\Backend\LayananModel->getLayananByKategori('Layanan Unggula...')
#6 /usr/local/var/www/app-p4i/vendor/codeigniter4/framework/system/CodeIgniter.php(918): App\Controllers\Home->index()
#7 /usr/local/var/www/app-p4i/vendor/codeigniter4/framework/system/CodeIgniter.php(404): CodeIgniter\CodeIgniter->runController(Object(App\Controllers\Home))
#8 /usr/local/var/www/app-p4i/vendor/codeigniter4/framework/system/CodeIgniter.php(312): CodeIgniter\CodeIgniter->handleRequest(NULL, Object(Config\Cache), false)
#9 /usr/local/var/www/app-p4i/public/index.php(45): CodeIgniter\CodeIgniter->run()
#10 /usr/local/var/www/app-p4i/vendor/codeigniter4/framework/system/Commands/Server/rewrite.php(34): require_once('/usr/local/var/...')
#11 {main}
INFO - 2024-07-21 19:43:13 --> Session: Class initialized using 'CodeIgniter\Session\Handlers\FileHandler' driver.
WARNING - 2024-07-21 19:43:13 --> Session: Sessions is enabled, and one exists.Please don't $session->start();
INFO - 2024-07-21 19:43:13 --> Session: Class initialized using 'CodeIgniter\Session\Handlers\FileHandler' driver.
WARNING - 2024-07-21 19:43:13 --> Session: Sessions is enabled, and one exists.Please don't $session->start();
INFO - 2024-07-21 19:43:57 --> Session: Class initialized using 'CodeIgniter\Session\Handlers\FileHandler' driver.
WARNING - 2024-07-21 19:43:57 --> Session: Sessions is enabled, and one exists.Please don't $session->start();
ERROR - 2024-07-21 19:43:57 --> mysqli_sql_exception: Table 'cms_p4i.bcms_layanan' doesn't exist in /usr/local/var/www/app-p4i/vendor/codeigniter4/framework/system/Database/MySQLi/Connection.php:331
Stack trace:
#0 /usr/local/var/www/app-p4i/vendor/codeigniter4/framework/system/Database/MySQLi/Connection.php(331): mysqli->query('SELECT *\nFROM `...')
#1 /usr/local/var/www/app-p4i/vendor/codeigniter4/framework/system/Database/BaseConnection.php(741): CodeIgniter\Database\MySQLi\Connection->execute('SELECT *\nFROM `...')
#2 /usr/local/var/www/app-p4i/vendor/codeigniter4/framework/system/Database/BaseConnection.php(669): CodeIgniter\Database\BaseConnection->simpleQuery('SELECT *\nFROM `...')
#3 /usr/local/var/www/app-p4i/vendor/codeigniter4/framework/system/Database/BaseBuilder.php(1860): CodeIgniter\Database\BaseConnection->query('SELECT *\nFROM `...', Array, false)
#4 /usr/local/var/www/app-p4i/app/Models/Backend/LayananModel.php(24): CodeIgniter\Database\BaseBuilder->get()
#5 /usr/local/var/www/app-p4i/app/Controllers/Home.php(31): App\Models\Backend\LayananModel->getLayananByKategori('Layanan Unggula...')
#6 /usr/local/var/www/app-p4i/vendor/codeigniter4/framework/system/CodeIgniter.php(918): App\Controllers\Home->index()
#7 /usr/local/var/www/app-p4i/vendor/codeigniter4/framework/system/CodeIgniter.php(404): CodeIgniter\CodeIgniter->runController(Object(App\Controllers\Home))
#8 /usr/local/var/www/app-p4i/vendor/codeigniter4/framework/system/CodeIgniter.php(312): CodeIgniter\CodeIgniter->handleRequest(NULL, Object(Config\Cache), false)
#9 /usr/local/var/www/app-p4i/public/index.php(45): CodeIgniter\CodeIgniter->run()
#10 /usr/local/var/www/app-p4i/vendor/codeigniter4/framework/system/Commands/Server/rewrite.php(34): require_once('/usr/local/var/...')
#11 {main}
INFO - 2024-07-21 19:44:00 --> Session: Class initialized using 'CodeIgniter\Session\Handlers\FileHandler' driver.
WARNING - 2024-07-21 19:44:00 --> Session: Sessions is enabled, and one exists.Please don't $session->start();
INFO - 2024-07-21 19:44:02 --> Session: Class initialized using 'CodeIgniter\Session\Handlers\FileHandler' driver.
WARNING - 2024-07-21 19:44:02 --> Session: Sessions is enabled, and one exists.Please don't $session->start();
INFO - 2024-07-21 19:44:04 --> Session: Class initialized using 'CodeIgniter\Session\Handlers\FileHandler' driver.
WARNING - 2024-07-21 19:44:04 --> Session: Sessions is enabled, and one exists.Please don't $session->start();
INFO - 2024-07-21 19:44:06 --> Session: Class initialized using 'CodeIgniter\Session\Handlers\FileHandler' driver.
WARNING - 2024-07-21 19:44:06 --> Session: Sessions is enabled, and one exists.Please don't $session->start();
INFO - 2024-07-21 19:44:08 --> Session: Class initialized using 'CodeIgniter\Session\Handlers\FileHandler' driver.
WARNING - 2024-07-21 19:44:08 --> Session: Sessions is enabled, and one exists.Please don't $session->start();
INFO - 2024-07-21 19:44:27 --> Session: Class initialized using 'CodeIgniter\Session\Handlers\FileHandler' driver.
WARNING - 2024-07-21 19:44:27 --> Session: Sessions is enabled, and one exists.Please don't $session->start();
INFO - 2024-07-21 19:44:31 --> Session: Class initialized using 'CodeIgniter\Session\Handlers\FileHandler' driver.
WARNING - 2024-07-21 19:44:31 --> Session: Sessions is enabled, and one exists.Please don't $session->start();
INFO - 2024-07-21 19:44:35 --> Session: Class initialized using 'CodeIgniter\Session\Handlers\FileHandler' driver.
WARNING - 2024-07-21 19:44:35 --> Session: Sessions is enabled, and one exists.Please don't $session->start();
INFO - 2024-07-21 19:44:37 --> Session: Class initialized using 'CodeIgniter\Session\Handlers\FileHandler' driver.
WARNING - 2024-07-21 19:44:37 --> Session: Sessions is enabled, and one exists.Please don't $session->start();
INFO - 2024-07-21 19:44:39 --> Session: Class initialized using 'CodeIgniter\Session\Handlers\FileHandler' driver.
WARNING - 2024-07-21 19:44:39 --> Session: Sessions is enabled, and one exists.Please don't $session->start();
INFO - 2024-07-21 19:44:41 --> Session: Class initialized using 'CodeIgniter\Session\Handlers\FileHandler' driver.
WARNING - 2024-07-21 19:44:41 --> Session: Sessions is enabled, and one exists.Please don't $session->start();
INFO - 2024-07-21 19:44:43 --> Session: Class initialized using 'CodeIgniter\Session\Handlers\FileHandler' driver.
WARNING - 2024-07-21 19:44:43 --> Session: Sessions is enabled, and one exists.Please don't $session->start();
ERROR - 2024-07-21 19:44:43 --> mysqli_sql_exception: Table 'cms_p4i.bcms_layanan' doesn't exist in /usr/local/var/www/app-p4i/vendor/codeigniter4/framework/system/Database/MySQLi/Connection.php:331
Stack trace:
#0 /usr/local/var/www/app-p4i/vendor/codeigniter4/framework/system/Database/MySQLi/Connection.php(331): mysqli->query('SELECT *\nFROM `...')
#1 /usr/local/var/www/app-p4i/vendor/codeigniter4/framework/system/Database/BaseConnection.php(741): CodeIgniter\Database\MySQLi\Connection->execute('SELECT *\nFROM `...')
#2 /usr/local/var/www/app-p4i/vendor/codeigniter4/framework/system/Database/BaseConnection.php(669): CodeIgniter\Database\BaseConnection->simpleQuery('SELECT *\nFROM `...')
#3 /usr/local/var/www/app-p4i/vendor/codeigniter4/framework/system/Database/BaseBuilder.php(1860): CodeIgniter\Database\BaseConnection->query('SELECT *\nFROM `...', Array, false)
#4 /usr/local/var/www/app-p4i/app/Models/Backend/LayananModel.php(24): CodeIgniter\Database\BaseBuilder->get()
#5 /usr/local/var/www/app-p4i/app/Controllers/Home.php(31): App\Models\Backend\LayananModel->getLayananByKategori('Layanan Unggula...')
#6 /usr/local/var/www/app-p4i/vendor/codeigniter4/framework/system/CodeIgniter.php(918): App\Controllers\Home->index()
#7 /usr/local/var/www/app-p4i/vendor/codeigniter4/framework/system/CodeIgniter.php(404): CodeIgniter\CodeIgniter->runController(Object(App\Controllers\Home))
#8 /usr/local/var/www/app-p4i/vendor/codeigniter4/framework/system/CodeIgniter.php(312): CodeIgniter\CodeIgniter->handleRequest(NULL, Object(Config\Cache), false)
#9 /usr/local/var/www/app-p4i/public/index.php(45): CodeIgniter\CodeIgniter->run()
#10 /usr/local/var/www/app-p4i/vendor/codeigniter4/framework/system/Commands/Server/rewrite.php(34): require_once('/usr/local/var/...')
#11 {main}
INFO - 2024-07-21 20:03:40 --> Session: Class initialized using 'CodeIgniter\Session\Handlers\FileHandler' driver.
WARNING - 2024-07-21 20:03:40 --> Session: Sessions is enabled, and one exists.Please don't $session->start();
INFO - 2024-07-21 20:03:42 --> Session: Class initialized using 'CodeIgniter\Session\Handlers\FileHandler' driver.
WARNING - 2024-07-21 20:03:42 --> Session: Sessions is enabled, and one exists.Please don't $session->start();
INFO - 2024-07-21 20:03:47 --> Session: Class initialized using 'CodeIgniter\Session\Handlers\FileHandler' driver.
WARNING - 2024-07-21 20:03:47 --> Session: Sessions is enabled, and one exists.Please don't $session->start();
ERROR - 2024-07-21 20:03:47 --> mysqli_sql_exception: Table 'cms_p4i.bcms_layanan' doesn't exist in /usr/local/var/www/app-p4i/vendor/codeigniter4/framework/system/Database/MySQLi/Connection.php:331
Stack trace:
#0 /usr/local/var/www/app-p4i/vendor/codeigniter4/framework/system/Database/MySQLi/Connection.php(331): mysqli->query('SELECT *\nFROM `...')
#1 /usr/local/var/www/app-p4i/vendor/codeigniter4/framework/system/Database/BaseConnection.php(741): CodeIgniter\Database\MySQLi\Connection->execute('SELECT *\nFROM `...')
#2 /usr/local/var/www/app-p4i/vendor/codeigniter4/framework/system/Database/BaseConnection.php(669): CodeIgniter\Database\BaseConnection->simpleQuery('SELECT *\nFROM `...')
#3 /usr/local/var/www/app-p4i/vendor/codeigniter4/framework/system/Database/BaseBuilder.php(1860): CodeIgniter\Database\BaseConnection->query('SELECT *\nFROM `...', Array, false)
#4 /usr/local/var/www/app-p4i/app/Models/Backend/LayananModel.php(24): CodeIgniter\Database\BaseBuilder->get()
#5 /usr/local/var/www/app-p4i/app/Controllers/Home.php(31): App\Models\Backend\LayananModel->getLayananByKategori('Layanan Unggula...')
#6 /usr/local/var/www/app-p4i/vendor/codeigniter4/framework/system/CodeIgniter.php(918): App\Controllers\Home->index()
#7 /usr/local/var/www/app-p4i/vendor/codeigniter4/framework/system/CodeIgniter.php(404): CodeIgniter\CodeIgniter->runController(Object(App\Controllers\Home))
#8 /usr/local/var/www/app-p4i/vendor/codeigniter4/framework/system/CodeIgniter.php(312): CodeIgniter\CodeIgniter->handleRequest(NULL, Object(Config\Cache), false)
#9 /usr/local/var/www/app-p4i/public/index.php(45): CodeIgniter\CodeIgniter->run()
#10 /usr/local/var/www/app-p4i/vendor/codeigniter4/framework/system/Commands/Server/rewrite.php(34): require_once('/usr/local/var/...')
#11 {main}
INFO - 2024-07-21 20:04:51 --> Session: Class initialized using 'CodeIgniter\Session\Handlers\FileHandler' driver.
WARNING - 2024-07-21 20:04:51 --> Session: Sessions is enabled, and one exists.Please don't $session->start();
INFO - 2024-07-21 20:04:53 --> Session: Class initialized using 'CodeIgniter\Session\Handlers\FileHandler' driver.
WARNING - 2024-07-21 20:04:53 --> Session: Sessions is enabled, and one exists.Please don't $session->start();
INFO - 2024-07-21 20:04:54 --> Session: Class initialized using 'CodeIgniter\Session\Handlers\FileHandler' driver.
WARNING - 2024-07-21 20:04:54 --> Session: Sessions is enabled, and one exists.Please don't $session->start();
INFO - 2024-07-21 20:04:55 --> Session: Class initialized using 'CodeIgniter\Session\Handlers\FileHandler' driver.
INFO - 2024-07-21 20:13:54 --> Session: Class initialized using 'CodeIgniter\Session\Handlers\FileHandler' driver.
WARNING - 2024-07-21 20:13:54 --> Session: Sessions is enabled, and one exists.Please don't $session->start();
INFO - 2024-07-21 20:14:32 --> Session: Class initialized using 'CodeIgniter\Session\Handlers\FileHandler' driver.
WARNING - 2024-07-21 20:14:32 --> Session: Sessions is enabled, and one exists.Please don't $session->start();
INFO - 2024-07-21 20:14:44 --> Session: Class initialized using 'CodeIgniter\Session\Handlers\FileHandler' driver.
WARNING - 2024-07-21 20:14:44 --> Session: Sessions is enabled, and one exists.Please don't $session->start();
INFO - 2024-07-21 20:15:35 --> Session: Class initialized using 'CodeIgniter\Session\Handlers\FileHandler' driver.
WARNING - 2024-07-21 20:15:35 --> Session: Sessions is enabled, and one exists.Please don't $session->start();
INFO - 2024-07-21 20:16:08 --> Session: Class initialized using 'CodeIgniter\Session\Handlers\FileHandler' driver.
WARNING - 2024-07-21 20:16:08 --> Session: Sessions is enabled, and one exists.Please don't $session->start();
INFO - 2024-07-21 20:16:35 --> Session: Class initialized using 'CodeIgniter\Session\Handlers\FileHandler' driver.
WARNING - 2024-07-21 20:16:35 --> Session: Sessions is enabled, and one exists.Please don't $session->start();
INFO - 2024-07-21 20:16:40 --> Session: Class initialized using 'CodeIgniter\Session\Handlers\FileHandler' driver.
WARNING - 2024-07-21 20:16:40 --> Session: Sessions is enabled, and one exists.Please don't $session->start();
INFO - 2024-07-21 20:16:57 --> Session: Class initialized using 'CodeIgniter\Session\Handlers\FileHandler' driver.
WARNING - 2024-07-21 20:16:57 --> Session: Sessions is enabled, and one exists.Please don't $session->start();
INFO - 2024-07-21 20:18:17 --> Session: Class initialized using 'CodeIgniter\Session\Handlers\FileHandler' driver.
WARNING - 2024-07-21 20:18:17 --> Session: Sessions is enabled, and one exists.Please don't $session->start();
INFO - 2024-07-21 20:18:19 --> Session: Class initialized using 'CodeIgniter\Session\Handlers\FileHandler' driver.
INFO - 2024-07-21 20:18:40 --> Session: Class initialized using 'CodeIgniter\Session\Handlers\FileHandler' driver.
INFO - 2024-07-21 20:19:19 --> Session: Class initialized using 'CodeIgniter\Session\Handlers\FileHandler' driver.
WARNING - 2024-07-21 20:19:19 --> Session: Sessions is enabled, and one exists.Please don't $session->start();
INFO - 2024-07-21 20:19:20 --> Session: Class initialized using 'CodeIgniter\Session\Handlers\FileHandler' driver.
WARNING - 2024-07-21 20:19:20 --> Session: Sessions is enabled, and one exists.Please don't $session->start();
INFO - 2024-07-21 20:19:29 --> Session: Class initialized using 'CodeIgniter\Session\Handlers\FileHandler' driver.
WARNING - 2024-07-21 20:19:29 --> Session: Sessions is enabled, and one exists.Please don't $session->start();
INFO - 2024-07-21 20:19:29 --> Session: Class initialized using 'CodeIgniter\Session\Handlers\FileHandler' driver.
WARNING - 2024-07-21 20:19:29 --> Session: Sessions is enabled, and one exists.Please don't $session->start();
INFO - 2024-07-21 20:20:07 --> Session: Class initialized using 'CodeIgniter\Session\Handlers\FileHandler' driver.
WARNING - 2024-07-21 20:20:07 --> Session: Sessions is enabled, and one exists.Please don't $session->start();
INFO - 2024-07-21 20:20:08 --> Session: Class initialized using 'CodeIgniter\Session\Handlers\FileHandler' driver.
WARNING - 2024-07-21 20:20:08 --> Session: Sessions is enabled, and one exists.Please don't $session->start();
INFO - 2024-07-21 20:20:10 --> Session: Class initialized using 'CodeIgniter\Session\Handlers\FileHandler' driver.
WARNING - 2024-07-21 20:20:10 --> Session: Sessions is enabled, and one exists.Please don't $session->start();
INFO - 2024-07-21 20:20:11 --> Session: Class initialized using 'CodeIgniter\Session\Handlers\FileHandler' driver.
WARNING - 2024-07-21 20:20:11 --> Session: Sessions is enabled, and one exists.Please don't $session->start();
INFO - 2024-07-21 20:20:15 --> Session: Class initialized using 'CodeIgniter\Session\Handlers\FileHandler' driver.
WARNING - 2024-07-21 20:20:15 --> Session: Sessions is enabled, and one exists.Please don't $session->start();
INFO - 2024-07-21 20:20:15 --> Session: Class initialized using 'CodeIgniter\Session\Handlers\FileHandler' driver.
WARNING - 2024-07-21 20:20:15 --> Session: Sessions is enabled, and one exists.Please don't $session->start();
INFO - 2024-07-21 20:20:59 --> Session: Class initialized using 'CodeIgniter\Session\Handlers\FileHandler' driver.
WARNING - 2024-07-21 20:20:59 --> Session: Sessions is enabled, and one exists.Please don't $session->start();
INFO - 2024-07-21 20:21:01 --> Session: Class initialized using 'CodeIgniter\Session\Handlers\FileHandler' driver.
WARNING - 2024-07-21 20:21:01 --> Session: Sessions is enabled, and one exists.Please don't $session->start();
INFO - 2024-07-21 20:21:02 --> Session: Class initialized using 'CodeIgniter\Session\Handlers\FileHandler' driver.
WARNING - 2024-07-21 20:21:02 --> Session: Sessions is enabled, and one exists.Please don't $session->start();
INFO - 2024-07-21 20:21:02 --> Session: Class initialized using 'CodeIgniter\Session\Handlers\FileHandler' driver.
WARNING - 2024-07-21 20:21:02 --> Session: Sessions is enabled, and one exists.Please don't $session->start();
INFO - 2024-07-21 20:21:06 --> Session: Class initialized using 'CodeIgniter\Session\Handlers\FileHandler' driver.
WARNING - 2024-07-21 20:21:06 --> Session: Sessions is enabled, and one exists.Please don't $session->start();
INFO - 2024-07-21 20:21:07 --> Session: Class initialized using 'CodeIgniter\Session\Handlers\FileHandler' driver.
WARNING - 2024-07-21 20:21:07 --> Session: Sessions is enabled, and one exists.Please don't $session->start();
INFO - 2024-07-21 20:21:09 --> Session: Class initialized using 'CodeIgniter\Session\Handlers\FileHandler' driver.
WARNING - 2024-07-21 20:21:09 --> Session: Sessions is enabled, and one exists.Please don't $session->start();
INFO - 2024-07-21 20:21:09 --> Session: Class initialized using 'CodeIgniter\Session\Handlers\FileHandler' driver.
WARNING - 2024-07-21 20:21:09 --> Session: Sessions is enabled, and one exists.Please don't $session->start();
INFO - 2024-07-21 20:23:12 --> Session: Class initialized using 'CodeIgniter\Session\Handlers\FileHandler' driver.
WARNING - 2024-07-21 20:23:12 --> Session: Sessions is enabled, and one exists.Please don't $session->start();
INFO - 2024-07-21 20:23:13 --> Session: Class initialized using 'CodeIgniter\Session\Handlers\FileHandler' driver.
WARNING - 2024-07-21 20:23:13 --> Session: Sessions is enabled, and one exists.Please don't $session->start();
INFO - 2024-07-21 20:23:20 --> Session: Class initialized using 'CodeIgniter\Session\Handlers\FileHandler' driver.
WARNING - 2024-07-21 20:23:20 --> Session: Sessions is enabled, and one exists.Please don't $session->start();
ERROR - 2024-07-21 20:23:20 --> mysqli_sql_exception: Table 'cms_p4i.bcms_layanan' doesn't exist in /usr/local/var/www/app-p4i/vendor/codeigniter4/framework/system/Database/MySQLi/Connection.php:331
Stack trace:
#0 /usr/local/var/www/app-p4i/vendor/codeigniter4/framework/system/Database/MySQLi/Connection.php(331): mysqli->query('SELECT *\nFROM `...')
#1 /usr/local/var/www/app-p4i/vendor/codeigniter4/framework/system/Database/BaseConnection.php(741): CodeIgniter\Database\MySQLi\Connection->execute('SELECT *\nFROM `...')
#2 /usr/local/var/www/app-p4i/vendor/codeigniter4/framework/system/Database/BaseConnection.php(669): CodeIgniter\Database\BaseConnection->simpleQuery('SELECT *\nFROM `...')
#3 /usr/local/var/www/app-p4i/vendor/codeigniter4/framework/system/Database/BaseBuilder.php(1860): CodeIgniter\Database\BaseConnection->query('SELECT *\nFROM `...', Array, false)
#4 /usr/local/var/www/app-p4i/app/Models/Backend/LayananModel.php(24): CodeIgniter\Database\BaseBuilder->get()
#5 /usr/local/var/www/app-p4i/app/Controllers/Home.php(31): App\Models\Backend\LayananModel->getLayananByKategori('Layanan Unggula...')
#6 /usr/local/var/www/app-p4i/vendor/codeigniter4/framework/system/CodeIgniter.php(918): App\Controllers\Home->index()
#7 /usr/local/var/www/app-p4i/vendor/codeigniter4/framework/system/CodeIgniter.php(404): CodeIgniter\CodeIgniter->runController(Object(App\Controllers\Home))
#8 /usr/local/var/www/app-p4i/vendor/codeigniter4/framework/system/CodeIgniter.php(312): CodeIgniter\CodeIgniter->handleRequest(NULL, Object(Config\Cache), false)
#9 /usr/local/var/www/app-p4i/public/index.php(45): CodeIgniter\CodeIgniter->run()
#10 /usr/local/var/www/app-p4i/vendor/codeigniter4/framework/system/Commands/Server/rewrite.php(34): require_once('/usr/local/var/...')
#11 {main}
INFO - 2024-07-21 20:23:44 --> Session: Class initialized using 'CodeIgniter\Session\Handlers\FileHandler' driver.
WARNING - 2024-07-21 20:23:44 --> Session: Sessions is enabled, and one exists.Please don't $session->start();
INFO - 2024-07-21 20:23:45 --> Session: Class initialized using 'CodeIgniter\Session\Handlers\FileHandler' driver.
WARNING - 2024-07-21 20:23:45 --> Session: Sessions is enabled, and one exists.Please don't $session->start();
INFO - 2024-07-21 20:23:48 --> Session: Class initialized using 'CodeIgniter\Session\Handlers\FileHandler' driver.
WARNING - 2024-07-21 20:23:48 --> Session: Sessions is enabled, and one exists.Please don't $session->start();
INFO - 2024-07-21 20:23:48 --> Session: Class initialized using 'CodeIgniter\Session\Handlers\FileHandler' driver.
WARNING - 2024-07-21 20:23:48 --> Session: Sessions is enabled, and one exists.Please don't $session->start();
INFO - 2024-07-21 20:25:24 --> Session: Class initialized using 'CodeIgniter\Session\Handlers\FileHandler' driver.
WARNING - 2024-07-21 20:25:24 --> Session: Sessions is enabled, and one exists.Please don't $session->start();
INFO - 2024-07-21 20:25:25 --> Session: Class initialized using 'CodeIgniter\Session\Handlers\FileHandler' driver.
WARNING - 2024-07-21 20:25:25 --> Session: Sessions is enabled, and one exists.Please don't $session->start();
INFO - 2024-07-21 20:25:34 --> Session: Class initialized using 'CodeIgniter\Session\Handlers\FileHandler' driver.
WARNING - 2024-07-21 20:25:34 --> Session: Sessions is enabled, and one exists.Please don't $session->start();
INFO - 2024-07-21 20:25:53 --> Session: Class initialized using 'CodeIgniter\Session\Handlers\FileHandler' driver.
WARNING - 2024-07-21 20:25:53 --> Session: Sessions is enabled, and one exists.Please don't $session->start();
INFO - 2024-07-21 20:25:53 --> Session: Class initialized using 'CodeIgniter\Session\Handlers\FileHandler' driver.
WARNING - 2024-07-21 20:25:53 --> Session: Sessions is enabled, and one exists.Please don't $session->start();
INFO - 2024-07-21 20:25:59 --> Session: Class initialized using 'CodeIgniter\Session\Handlers\FileHandler' driver.
WARNING - 2024-07-21 20:25:59 --> Session: Sessions is enabled, and one exists.Please don't $session->start();
INFO - 2024-07-21 20:26:01 --> Session: Class initialized using 'CodeIgniter\Session\Handlers\FileHandler' driver.
WARNING - 2024-07-21 20:26:01 --> Session: Sessions is enabled, and one exists.Please don't $session->start();
INFO - 2024-07-21 20:26:42 --> Session: Class initialized using 'CodeIgniter\Session\Handlers\FileHandler' driver.
WARNING - 2024-07-21 20:26:42 --> Session: Sessions is enabled, and one exists.Please don't $session->start();
INFO - 2024-07-21 20:26:42 --> Session: Class initialized using 'CodeIgniter\Session\Handlers\FileHandler' driver.
WARNING - 2024-07-21 20:26:42 --> Session: Sessions is enabled, and one exists.Please don't $session->start();
INFO - 2024-07-21 20:30:21 --> Session: Class initialized using 'CodeIgniter\Session\Handlers\FileHandler' driver.
WARNING - 2024-07-21 20:30:21 --> Session: Sessions is enabled, and one exists.Please don't $session->start();
INFO - 2024-07-21 20:30:21 --> Session: Class initialized using 'CodeIgniter\Session\Handlers\FileHandler' driver.
WARNING - 2024-07-21 20:30:21 --> Session: Sessions is enabled, and one exists.Please don't $session->start();
INFO - 2024-07-21 20:30:48 --> Session: Class initialized using 'CodeIgniter\Session\Handlers\FileHandler' driver.
WARNING - 2024-07-21 20:30:48 --> Session: Sessions is enabled, and one exists.Please don't $session->start();
INFO - 2024-07-21 20:30:49 --> Session: Class initialized using 'CodeIgniter\Session\Handlers\FileHandler' driver.
WARNING - 2024-07-21 20:30:49 --> Session: Sessions is enabled, and one exists.Please don't $session->start();
INFO - 2024-07-21 20:30:53 --> Session: Class initialized using 'CodeIgniter\Session\Handlers\FileHandler' driver.
WARNING - 2024-07-21 20:30:53 --> Session: Sessions is enabled, and one exists.Please don't $session->start();
INFO - 2024-07-21 20:30:53 --> Session: Class initialized using 'CodeIgniter\Session\Handlers\FileHandler' driver.
WARNING - 2024-07-21 20:30:53 --> Session: Sessions is enabled, and one exists.Please don't $session->start();
INFO - 2024-07-21 20:30:57 --> Session: Class initialized using 'CodeIgniter\Session\Handlers\FileHandler' driver.
WARNING - 2024-07-21 20:30:57 --> Session: Sessions is enabled, and one exists.Please don't $session->start();
INFO - 2024-07-21 20:30:57 --> Session: Class initialized using 'CodeIgniter\Session\Handlers\FileHandler' driver.
WARNING - 2024-07-21 20:30:57 --> Session: Sessions is enabled, and one exists.Please don't $session->start();
INFO - 2024-07-21 20:32:43 --> Session: Class initialized using 'CodeIgniter\Session\Handlers\FileHandler' driver.
WARNING - 2024-07-21 20:32:43 --> Session: Sessions is enabled, and one exists.Please don't $session->start();
INFO - 2024-07-21 20:32:43 --> Session: Class initialized using 'CodeIgniter\Session\Handlers\FileHandler' driver.
WARNING - 2024-07-21 20:32:43 --> Session: Sessions is enabled, and one exists.Please don't $session->start();
INFO - 2024-07-21 20:32:55 --> Session: Class initialized using 'CodeIgniter\Session\Handlers\FileHandler' driver.
WARNING - 2024-07-21 20:32:55 --> Session: Sessions is enabled, and one exists.Please don't $session->start();
INFO - 2024-07-21 20:32:55 --> Session: Class initialized using 'CodeIgniter\Session\Handlers\FileHandler' driver.
WARNING - 2024-07-21 20:32:55 --> Session: Sessions is enabled, and one exists.Please don't $session->start();
INFO - 2024-07-21 20:34:56 --> Session: Class initialized using 'CodeIgniter\Session\Handlers\FileHandler' driver.
INFO - 2024-07-21 20:35:14 --> Session: Class initialized using 'CodeIgniter\Session\Handlers\FileHandler' driver.
WARNING - 2024-07-21 20:35:14 --> Session: Sessions is enabled, and one exists.Please don't $session->start();
INFO - 2024-07-21 20:35:14 --> Session: Class initialized using 'CodeIgniter\Session\Handlers\FileHandler' driver.
WARNING - 2024-07-21 20:35:14 --> Session: Sessions is enabled, and one exists.Please don't $session->start();
INFO - 2024-07-21 20:43:31 --> Session: Class initialized using 'CodeIgniter\Session\Handlers\FileHandler' driver.
WARNING - 2024-07-21 20:43:31 --> Session: Sessions is enabled, and one exists.Please don't $session->start();
INFO - 2024-07-21 20:43:32 --> Session: Class initialized using 'CodeIgniter\Session\Handlers\FileHandler' driver.
WARNING - 2024-07-21 20:43:32 --> Session: Sessions is enabled, and one exists.Please don't $session->start();
INFO - 2024-07-21 20:43:54 --> Session: Class initialized using 'CodeIgniter\Session\Handlers\FileHandler' driver.
WARNING - 2024-07-21 20:43:54 --> Session: Sessions is enabled, and one exists.Please don't $session->start();
INFO - 2024-07-21 20:43:54 --> Session: Class initialized using 'CodeIgniter\Session\Handlers\FileHandler' driver.
WARNING - 2024-07-21 20:43:54 --> Session: Sessions is enabled, and one exists.Please don't $session->start();
INFO - 2024-07-21 20:43:57 --> Session: Class initialized using 'CodeIgniter\Session\Handlers\FileHandler' driver.
WARNING - 2024-07-21 20:43:57 --> Session: Sessions is enabled, and one exists.Please don't $session->start();
INFO - 2024-07-21 20:43:57 --> Session: Class initialized using 'CodeIgniter\Session\Handlers\FileHandler' driver.
WARNING - 2024-07-21 20:43:57 --> Session: Sessions is enabled, and one exists.Please don't $session->start();
INFO - 2024-07-21 20:44:03 --> Session: Class initialized using 'CodeIgniter\Session\Handlers\FileHandler' driver.
WARNING - 2024-07-21 20:44:03 --> Session: Sessions is enabled, and one exists.Please don't $session->start();
INFO - 2024-07-21 20:44:03 --> Session: Class initialized using 'CodeIgniter\Session\Handlers\FileHandler' driver.
WARNING - 2024-07-21 20:44:03 --> Session: Sessions is enabled, and one exists.Please don't $session->start();
INFO - 2024-07-21 20:44:10 --> Session: Class initialized using 'CodeIgniter\Session\Handlers\FileHandler' driver.
WARNING - 2024-07-21 20:44:10 --> Session: Sessions is enabled, and one exists.Please don't $session->start();
INFO - 2024-07-21 20:44:11 --> Session: Class initialized using 'CodeIgniter\Session\Handlers\FileHandler' driver.
WARNING - 2024-07-21 20:44:11 --> Session: Sessions is enabled, and one exists.Please don't $session->start();
INFO - 2024-07-21 20:44:16 --> Session: Class initialized using 'CodeIgniter\Session\Handlers\FileHandler' driver.
WARNING - 2024-07-21 20:44:16 --> Session: Sessions is enabled, and one exists.Please don't $session->start();
INFO - 2024-07-21 20:44:16 --> Session: Class initialized using 'CodeIgniter\Session\Handlers\FileHandler' driver.
WARNING - 2024-07-21 20:44:16 --> Session: Sessions is enabled, and one exists.Please don't $session->start();
INFO - 2024-07-21 20:44:30 --> Session: Class initialized using 'CodeIgniter\Session\Handlers\FileHandler' driver.
WARNING - 2024-07-21 20:44:30 --> Session: Sessions is enabled, and one exists.Please don't $session->start();
INFO - 2024-07-21 20:44:30 --> Session: Class initialized using 'CodeIgniter\Session\Handlers\FileHandler' driver.
WARNING - 2024-07-21 20:44:30 --> Session: Sessions is enabled, and one exists.Please don't $session->start();
INFO - 2024-07-21 20:46:28 --> Session: Class initialized using 'CodeIgniter\Session\Handlers\FileHandler' driver.
WARNING - 2024-07-21 20:46:28 --> Session: Sessions is enabled, and one exists.Please don't $session->start();
INFO - 2024-07-21 20:46:29 --> Session: Class initialized using 'CodeIgniter\Session\Handlers\FileHandler' driver.
WARNING - 2024-07-21 20:46:29 --> Session: Sessions is enabled, and one exists.Please don't $session->start();
INFO - 2024-07-21 20:46:47 --> Session: Class initialized using 'CodeIgniter\Session\Handlers\FileHandler' driver.
WARNING - 2024-07-21 20:46:47 --> Session: Sessions is enabled, and one exists.Please don't $session->start();
INFO - 2024-07-21 20:46:48 --> Session: Class initialized using 'CodeIgniter\Session\Handlers\FileHandler' driver.
WARNING - 2024-07-21 20:46:48 --> Session: Sessions is enabled, and one exists.Please don't $session->start();
INFO - 2024-07-21 20:55:35 --> Session: Class initialized using 'CodeIgniter\Session\Handlers\FileHandler' driver.
WARNING - 2024-07-21 20:55:35 --> Session: Sessions is enabled, and one exists.Please don't $session->start();
INFO - 2024-07-21 21:04:57 --> Session: Class initialized using 'CodeIgniter\Session\Handlers\FileHandler' driver.
INFO - 2024-07-21 21:16:48 --> Session: Class initialized using 'CodeIgniter\Session\Handlers\FileHandler' driver.
WARNING - 2024-07-21 21:16:48 --> Session: Sessions is enabled, and one exists.Please don't $session->start();
INFO - 2024-07-21 21:16:48 --> Session: Class initialized using 'CodeIgniter\Session\Handlers\FileHandler' driver.
WARNING - 2024-07-21 21:16:48 --> Session: Sessions is enabled, and one exists.Please don't $session->start();
INFO - 2024-07-21 21:25:36 --> Session: Class initialized using 'CodeIgniter\Session\Handlers\FileHandler' driver.
WARNING - 2024-07-21 21:25:36 --> Session: Sessions is enabled, and one exists.Please don't $session->start();
INFO - 2024-07-21 21:34:57 --> Session: Class initialized using 'CodeIgniter\Session\Handlers\FileHandler' driver.
INFO - 2024-07-21 21:46:49 --> Session: Class initialized using 'CodeIgniter\Session\Handlers\FileHandler' driver.
WARNING - 2024-07-21 21:46:49 --> Session: Sessions is enabled, and one exists.Please don't $session->start();
INFO - 2024-07-21 21:46:49 --> Session: Class initialized using 'CodeIgniter\Session\Handlers\FileHandler' driver.
WARNING - 2024-07-21 21:46:49 --> Session: Sessions is enabled, and one exists.Please don't $session->start();
INFO - 2024-07-21 21:55:36 --> Session: Class initialized using 'CodeIgniter\Session\Handlers\FileHandler' driver.
WARNING - 2024-07-21 21:55:36 --> Session: Sessions is enabled, and one exists.Please don't $session->start();
INFO - 2024-07-21 22:04:58 --> Session: Class initialized using 'CodeIgniter\Session\Handlers\FileHandler' driver.
INFO - 2024-07-21 22:16:49 --> Session: Class initialized using 'CodeIgniter\Session\Handlers\FileHandler' driver.
WARNING - 2024-07-21 22:16:49 --> Session: Sessions is enabled, and one exists.Please don't $session->start();
INFO - 2024-07-21 22:16:49 --> Session: Class initialized using 'CodeIgniter\Session\Handlers\FileHandler' driver.
WARNING - 2024-07-21 22:16:49 --> Session: Sessions is enabled, and one exists.Please don't $session->start();
INFO - 2024-07-21 22:25:37 --> Session: Class initialized using 'CodeIgniter\Session\Handlers\FileHandler' driver.
WARNING - 2024-07-21 22:25:37 --> Session: Sessions is enabled, and one exists.Please don't $session->start();
INFO - 2024-07-21 22:34:58 --> Session: Class initialized using 'CodeIgniter\Session\Handlers\FileHandler' driver.
INFO - 2024-07-21 22:46:50 --> Session: Class initialized using 'CodeIgniter\Session\Handlers\FileHandler' driver.
WARNING - 2024-07-21 22:46:50 --> Session: Sessions is enabled, and one exists.Please don't $session->start();
INFO - 2024-07-21 22:46:50 --> Session: Class initialized using 'CodeIgniter\Session\Handlers\FileHandler' driver.
WARNING - 2024-07-21 22:46:50 --> Session: Sessions is enabled, and one exists.Please don't $session->start();
INFO - 2024-07-21 22:55:38 --> Session: Class initialized using 'CodeIgniter\Session\Handlers\FileHandler' driver.
WARNING - 2024-07-21 22:55:38 --> Session: Sessions is enabled, and one exists.Please don't $session->start();
