CRITICAL - 2020-08-06 15:55:35 --> Undefined property: App\Controllers\Admin\Product::$load
#0 /var/www/html/testCi4/app/Controllers/Admin/Product.php(56): CodeIgniter\Debug\Exceptions->errorHandler(8, 'Undefined prope...', '/var/www/html/t...', 56, Array)
#1 /var/www/html/testCi4/vendor/codeigniter4/framework/system/CodeIgniter.php(918): App\Controllers\Admin\Product->do_upload()
#2 /var/www/html/testCi4/vendor/codeigniter4/framework/system/CodeIgniter.php(404): CodeIgniter\CodeIgniter->runController(Object(App\Controllers\Admin\Product))
#3 /var/www/html/testCi4/vendor/codeigniter4/framework/system/CodeIgniter.php(312): CodeIgniter\CodeIgniter->handleRequest(NULL, Object(Config\Cache), false)
#4 /var/www/html/testCi4/public/index.php(45): CodeIgniter\CodeIgniter->run()
#5 /var/www/html/testCi4/vendor/codeigniter4/framework/system/Commands/Server/rewrite.php(34): require_once('/var/www/html/t...')
#6 {main}
CRITICAL - 2020-08-06 15:56:08 --> Call to undefined method App\Controllers\Admin\Product::library()
#0 /var/www/html/testCi4/vendor/codeigniter4/framework/system/CodeIgniter.php(918): App\Controllers\Admin\Product->do_upload()
#1 /var/www/html/testCi4/vendor/codeigniter4/framework/system/CodeIgniter.php(404): CodeIgniter\CodeIgniter->runController(Object(App\Controllers\Admin\Product))
#2 /var/www/html/testCi4/vendor/codeigniter4/framework/system/CodeIgniter.php(312): CodeIgniter\CodeIgniter->handleRequest(NULL, Object(Config\Cache), false)
#3 /var/www/html/testCi4/public/index.php(45): CodeIgniter\CodeIgniter->run()
#4 /var/www/html/testCi4/vendor/codeigniter4/framework/system/Commands/Server/rewrite.php(34): require_once('/var/www/html/t...')
#5 {main}
CRITICAL - 2020-08-06 15:57:42 --> Undefined property: App\Controllers\Admin\Product::$load
#0 /var/www/html/testCi4/app/Controllers/Admin/Product.php(56): CodeIgniter\Debug\Exceptions->errorHandler(8, 'Undefined prope...', '/var/www/html/t...', 56, Array)
#1 /var/www/html/testCi4/vendor/codeigniter4/framework/system/CodeIgniter.php(918): App\Controllers\Admin\Product->do_upload()
#2 /var/www/html/testCi4/vendor/codeigniter4/framework/system/CodeIgniter.php(404): CodeIgniter\CodeIgniter->runController(Object(App\Controllers\Admin\Product))
#3 /var/www/html/testCi4/vendor/codeigniter4/framework/system/CodeIgniter.php(312): CodeIgniter\CodeIgniter->handleRequest(NULL, Object(Config\Cache), false)
#4 /var/www/html/testCi4/public/index.php(45): CodeIgniter\CodeIgniter->run()
#5 /var/www/html/testCi4/vendor/codeigniter4/framework/system/Commands/Server/rewrite.php(34): require_once('/var/www/html/t...')
#6 {main}
CRITICAL - 2020-08-06 20:35:03 --> Invalid file: admin/banner/v_banner.php
#0 /var/www/html/testCi4/vendor/codeigniter4/framework/system/View/View.php(228): CodeIgniter\Exceptions\FrameworkException::forInvalidFile('admin/banner/v_...')
#1 /var/www/html/testCi4/vendor/codeigniter4/framework/system/Common.php(1119): CodeIgniter\View\View->render('admin/banner/v_...', Array, true)
#2 /var/www/html/testCi4/app/Views/admin/layout/v_content.php(3): view('admin/banner/v_...')
#3 /var/www/html/testCi4/vendor/codeigniter4/framework/system/View/View.php(246): include('/var/www/html/t...')
#4 /var/www/html/testCi4/vendor/codeigniter4/framework/system/Common.php(1119): CodeIgniter\View\View->render('admin/layout/v_...', Array, true)
#5 /var/www/html/testCi4/app/Views/admin/layout/v_wrapper.php(5): view('admin/layout/v_...')
#6 /var/www/html/testCi4/vendor/codeigniter4/framework/system/View/View.php(246): include('/var/www/html/t...')
#7 /var/www/html/testCi4/vendor/codeigniter4/framework/system/Common.php(1119): CodeIgniter\View\View->render('admin/layout/v_...', Array, true)
#8 /var/www/html/testCi4/app/Controllers/Admin/Banner.php(19): view('admin/layout/v_...', Array)
#9 /var/www/html/testCi4/vendor/codeigniter4/framework/system/CodeIgniter.php(918): App\Controllers\Admin\Banner->index()
#10 /var/www/html/testCi4/vendor/codeigniter4/framework/system/CodeIgniter.php(404): CodeIgniter\CodeIgniter->runController(Object(App\Controllers\Admin\Banner))
#11 /var/www/html/testCi4/vendor/codeigniter4/framework/system/CodeIgniter.php(312): CodeIgniter\CodeIgniter->handleRequest(NULL, Object(Config\Cache), false)
#12 /var/www/html/testCi4/public/index.php(45): CodeIgniter\CodeIgniter->run()
#13 /var/www/html/testCi4/vendor/codeigniter4/framework/system/Commands/Server/rewrite.php(34): require_once('/var/www/html/t...')
#14 {main}
CRITICAL - 2020-08-06 22:30:01 --> Invalid file: admin/banner/v_banner.php
#0 /var/www/html/testCi4/vendor/codeigniter4/framework/system/View/View.php(228): CodeIgniter\Exceptions\FrameworkException::forInvalidFile('admin/banner/v_...')
#1 /var/www/html/testCi4/vendor/codeigniter4/framework/system/Common.php(1119): CodeIgniter\View\View->render('admin/banner/v_...', Array, true)
#2 /var/www/html/testCi4/app/Views/admin/layout/v_content.php(3): view('admin/banner/v_...')
#3 /var/www/html/testCi4/vendor/codeigniter4/framework/system/View/View.php(246): include('/var/www/html/t...')
#4 /var/www/html/testCi4/vendor/codeigniter4/framework/system/Common.php(1119): CodeIgniter\View\View->render('admin/layout/v_...', Array, true)
#5 /var/www/html/testCi4/app/Views/admin/layout/v_wrapper.php(5): view('admin/layout/v_...')
#6 /var/www/html/testCi4/vendor/codeigniter4/framework/system/View/View.php(246): include('/var/www/html/t...')
#7 /var/www/html/testCi4/vendor/codeigniter4/framework/system/Common.php(1119): CodeIgniter\View\View->render('admin/layout/v_...', Array, true)
#8 /var/www/html/testCi4/app/Controllers/Admin/Product.php(19): view('admin/layout/v_...', Array)
#9 /var/www/html/testCi4/vendor/codeigniter4/framework/system/CodeIgniter.php(918): App\Controllers\Admin\Product->index()
#10 /var/www/html/testCi4/vendor/codeigniter4/framework/system/CodeIgniter.php(404): CodeIgniter\CodeIgniter->runController(Object(App\Controllers\Admin\Product))
#11 /var/www/html/testCi4/vendor/codeigniter4/framework/system/CodeIgniter.php(312): CodeIgniter\CodeIgniter->handleRequest(NULL, Object(Config\Cache), false)
#12 /var/www/html/testCi4/public/index.php(45): CodeIgniter\CodeIgniter->run()
#13 /var/www/html/testCi4/vendor/codeigniter4/framework/system/Commands/Server/rewrite.php(34): require_once('/var/www/html/t...')
#14 {main}
CRITICAL - 2020-08-06 22:30:03 --> Invalid file: admin/banner/v_banner.php
#0 /var/www/html/testCi4/vendor/codeigniter4/framework/system/View/View.php(228): CodeIgniter\Exceptions\FrameworkException::forInvalidFile('admin/banner/v_...')
#1 /var/www/html/testCi4/vendor/codeigniter4/framework/system/Common.php(1119): CodeIgniter\View\View->render('admin/banner/v_...', Array, true)
#2 /var/www/html/testCi4/app/Views/admin/layout/v_content.php(3): view('admin/banner/v_...')
#3 /var/www/html/testCi4/vendor/codeigniter4/framework/system/View/View.php(246): include('/var/www/html/t...')
#4 /var/www/html/testCi4/vendor/codeigniter4/framework/system/Common.php(1119): CodeIgniter\View\View->render('admin/layout/v_...', Array, true)
#5 /var/www/html/testCi4/app/Views/admin/layout/v_wrapper.php(5): view('admin/layout/v_...')
#6 /var/www/html/testCi4/vendor/codeigniter4/framework/system/View/View.php(246): include('/var/www/html/t...')
#7 /var/www/html/testCi4/vendor/codeigniter4/framework/system/Common.php(1119): CodeIgniter\View\View->render('admin/layout/v_...', Array, true)
#8 /var/www/html/testCi4/app/Controllers/Admin/Banner.php(19): view('admin/layout/v_...', Array)
#9 /var/www/html/testCi4/vendor/codeigniter4/framework/system/CodeIgniter.php(918): App\Controllers\Admin\Banner->index()
#10 /var/www/html/testCi4/vendor/codeigniter4/framework/system/CodeIgniter.php(404): CodeIgniter\CodeIgniter->runController(Object(App\Controllers\Admin\Banner))
#11 /var/www/html/testCi4/vendor/codeigniter4/framework/system/CodeIgniter.php(312): CodeIgniter\CodeIgniter->handleRequest(NULL, Object(Config\Cache), false)
#12 /var/www/html/testCi4/public/index.php(45): CodeIgniter\CodeIgniter->run()
#13 /var/www/html/testCi4/vendor/codeigniter4/framework/system/Commands/Server/rewrite.php(34): require_once('/var/www/html/t...')
#14 {main}
CRITICAL - 2020-08-06 22:30:04 --> Invalid file: admin/banner/v_banner.php
#0 /var/www/html/testCi4/vendor/codeigniter4/framework/system/View/View.php(228): CodeIgniter\Exceptions\FrameworkException::forInvalidFile('admin/banner/v_...')
#1 /var/www/html/testCi4/vendor/codeigniter4/framework/system/Common.php(1119): CodeIgniter\View\View->render('admin/banner/v_...', Array, true)
#2 /var/www/html/testCi4/app/Views/admin/layout/v_content.php(3): view('admin/banner/v_...')
#3 /var/www/html/testCi4/vendor/codeigniter4/framework/system/View/View.php(246): include('/var/www/html/t...')
#4 /var/www/html/testCi4/vendor/codeigniter4/framework/system/Common.php(1119): CodeIgniter\View\View->render('admin/layout/v_...', Array, true)
#5 /var/www/html/testCi4/app/Views/admin/layout/v_wrapper.php(5): view('admin/layout/v_...')
#6 /var/www/html/testCi4/vendor/codeigniter4/framework/system/View/View.php(246): include('/var/www/html/t...')
#7 /var/www/html/testCi4/vendor/codeigniter4/framework/system/Common.php(1119): CodeIgniter\View\View->render('admin/layout/v_...', Array, true)
#8 /var/www/html/testCi4/app/Controllers/Admin/Product.php(19): view('admin/layout/v_...', Array)
#9 /var/www/html/testCi4/vendor/codeigniter4/framework/system/CodeIgniter.php(918): App\Controllers\Admin\Product->index()
#10 /var/www/html/testCi4/vendor/codeigniter4/framework/system/CodeIgniter.php(404): CodeIgniter\CodeIgniter->runController(Object(App\Controllers\Admin\Product))
#11 /var/www/html/testCi4/vendor/codeigniter4/framework/system/CodeIgniter.php(312): CodeIgniter\CodeIgniter->handleRequest(NULL, Object(Config\Cache), false)
#12 /var/www/html/testCi4/public/index.php(45): CodeIgniter\CodeIgniter->run()
#13 /var/www/html/testCi4/vendor/codeigniter4/framework/system/Commands/Server/rewrite.php(34): require_once('/var/www/html/t...')
#14 {main}
CRITICAL - 2020-08-06 22:30:06 --> Invalid file: admin/banner/v_banner.php
#0 /var/www/html/testCi4/vendor/codeigniter4/framework/system/View/View.php(228): CodeIgniter\Exceptions\FrameworkException::forInvalidFile('admin/banner/v_...')
#1 /var/www/html/testCi4/vendor/codeigniter4/framework/system/Common.php(1119): CodeIgniter\View\View->render('admin/banner/v_...', Array, true)
#2 /var/www/html/testCi4/app/Views/admin/layout/v_content.php(3): view('admin/banner/v_...')
#3 /var/www/html/testCi4/vendor/codeigniter4/framework/system/View/View.php(246): include('/var/www/html/t...')
#4 /var/www/html/testCi4/vendor/codeigniter4/framework/system/Common.php(1119): CodeIgniter\View\View->render('admin/layout/v_...', Array, true)
#5 /var/www/html/testCi4/app/Views/admin/layout/v_wrapper.php(5): view('admin/layout/v_...')
#6 /var/www/html/testCi4/vendor/codeigniter4/framework/system/View/View.php(246): include('/var/www/html/t...')
#7 /var/www/html/testCi4/vendor/codeigniter4/framework/system/Common.php(1119): CodeIgniter\View\View->render('admin/layout/v_...', Array, true)
#8 /var/www/html/testCi4/app/Controllers/Admin/Product.php(19): view('admin/layout/v_...', Array)
#9 /var/www/html/testCi4/vendor/codeigniter4/framework/system/CodeIgniter.php(918): App\Controllers\Admin\Product->index()
#10 /var/www/html/testCi4/vendor/codeigniter4/framework/system/CodeIgniter.php(404): CodeIgniter\CodeIgniter->runController(Object(App\Controllers\Admin\Product))
#11 /var/www/html/testCi4/vendor/codeigniter4/framework/system/CodeIgniter.php(312): CodeIgniter\CodeIgniter->handleRequest(NULL, Object(Config\Cache), false)
#12 /var/www/html/testCi4/public/index.php(45): CodeIgniter\CodeIgniter->run()
#13 /var/www/html/testCi4/vendor/codeigniter4/framework/system/Commands/Server/rewrite.php(34): require_once('/var/www/html/t...')
#14 {main}
CRITICAL - 2020-08-06 22:30:06 --> Invalid file: admin/banner/v_banner.php
#0 /var/www/html/testCi4/vendor/codeigniter4/framework/system/View/View.php(228): CodeIgniter\Exceptions\FrameworkException::forInvalidFile('admin/banner/v_...')
#1 /var/www/html/testCi4/vendor/codeigniter4/framework/system/Common.php(1119): CodeIgniter\View\View->render('admin/banner/v_...', Array, true)
#2 /var/www/html/testCi4/app/Views/admin/layout/v_content.php(3): view('admin/banner/v_...')
#3 /var/www/html/testCi4/vendor/codeigniter4/framework/system/View/View.php(246): include('/var/www/html/t...')
#4 /var/www/html/testCi4/vendor/codeigniter4/framework/system/Common.php(1119): CodeIgniter\View\View->render('admin/layout/v_...', Array, true)
#5 /var/www/html/testCi4/app/Views/admin/layout/v_wrapper.php(5): view('admin/layout/v_...')
#6 /var/www/html/testCi4/vendor/codeigniter4/framework/system/View/View.php(246): include('/var/www/html/t...')
#7 /var/www/html/testCi4/vendor/codeigniter4/framework/system/Common.php(1119): CodeIgniter\View\View->render('admin/layout/v_...', Array, true)
#8 /var/www/html/testCi4/app/Controllers/Admin/Product.php(19): view('admin/layout/v_...', Array)
#9 /var/www/html/testCi4/vendor/codeigniter4/framework/system/CodeIgniter.php(918): App\Controllers\Admin\Product->index()
#10 /var/www/html/testCi4/vendor/codeigniter4/framework/system/CodeIgniter.php(404): CodeIgniter\CodeIgniter->runController(Object(App\Controllers\Admin\Product))
#11 /var/www/html/testCi4/vendor/codeigniter4/framework/system/CodeIgniter.php(312): CodeIgniter\CodeIgniter->handleRequest(NULL, Object(Config\Cache), false)
#12 /var/www/html/testCi4/public/index.php(45): CodeIgniter\CodeIgniter->run()
#13 /var/www/html/testCi4/vendor/codeigniter4/framework/system/Commands/Server/rewrite.php(34): require_once('/var/www/html/t...')
#14 {main}
CRITICAL - 2020-08-06 22:30:06 --> Invalid file: admin/banner/v_banner.php
#0 /var/www/html/testCi4/vendor/codeigniter4/framework/system/View/View.php(228): CodeIgniter\Exceptions\FrameworkException::forInvalidFile('admin/banner/v_...')
#1 /var/www/html/testCi4/vendor/codeigniter4/framework/system/Common.php(1119): CodeIgniter\View\View->render('admin/banner/v_...', Array, true)
#2 /var/www/html/testCi4/app/Views/admin/layout/v_content.php(3): view('admin/banner/v_...')
#3 /var/www/html/testCi4/vendor/codeigniter4/framework/system/View/View.php(246): include('/var/www/html/t...')
#4 /var/www/html/testCi4/vendor/codeigniter4/framework/system/Common.php(1119): CodeIgniter\View\View->render('admin/layout/v_...', Array, true)
#5 /var/www/html/testCi4/app/Views/admin/layout/v_wrapper.php(5): view('admin/layout/v_...')
#6 /var/www/html/testCi4/vendor/codeigniter4/framework/system/View/View.php(246): include('/var/www/html/t...')
#7 /var/www/html/testCi4/vendor/codeigniter4/framework/system/Common.php(1119): CodeIgniter\View\View->render('admin/layout/v_...', Array, true)
#8 /var/www/html/testCi4/app/Controllers/Admin/Product.php(19): view('admin/layout/v_...', Array)
#9 /var/www/html/testCi4/vendor/codeigniter4/framework/system/CodeIgniter.php(918): App\Controllers\Admin\Product->index()
#10 /var/www/html/testCi4/vendor/codeigniter4/framework/system/CodeIgniter.php(404): CodeIgniter\CodeIgniter->runController(Object(App\Controllers\Admin\Product))
#11 /var/www/html/testCi4/vendor/codeigniter4/framework/system/CodeIgniter.php(312): CodeIgniter\CodeIgniter->handleRequest(NULL, Object(Config\Cache), false)
#12 /var/www/html/testCi4/public/index.php(45): CodeIgniter\CodeIgniter->run()
#13 /var/www/html/testCi4/vendor/codeigniter4/framework/system/Commands/Server/rewrite.php(34): require_once('/var/www/html/t...')
#14 {main}
CRITICAL - 2020-08-06 22:30:07 --> Invalid file: admin/banner/v_banner.php
#0 /var/www/html/testCi4/vendor/codeigniter4/framework/system/View/View.php(228): CodeIgniter\Exceptions\FrameworkException::forInvalidFile('admin/banner/v_...')
#1 /var/www/html/testCi4/vendor/codeigniter4/framework/system/Common.php(1119): CodeIgniter\View\View->render('admin/banner/v_...', Array, true)
#2 /var/www/html/testCi4/app/Views/admin/layout/v_content.php(3): view('admin/banner/v_...')
#3 /var/www/html/testCi4/vendor/codeigniter4/framework/system/View/View.php(246): include('/var/www/html/t...')
#4 /var/www/html/testCi4/vendor/codeigniter4/framework/system/Common.php(1119): CodeIgniter\View\View->render('admin/layout/v_...', Array, true)
#5 /var/www/html/testCi4/app/Views/admin/layout/v_wrapper.php(5): view('admin/layout/v_...')
#6 /var/www/html/testCi4/vendor/codeigniter4/framework/system/View/View.php(246): include('/var/www/html/t...')
#7 /var/www/html/testCi4/vendor/codeigniter4/framework/system/Common.php(1119): CodeIgniter\View\View->render('admin/layout/v_...', Array, true)
#8 /var/www/html/testCi4/app/Controllers/Admin/Product.php(19): view('admin/layout/v_...', Array)
#9 /var/www/html/testCi4/vendor/codeigniter4/framework/system/CodeIgniter.php(918): App\Controllers\Admin\Product->index()
#10 /var/www/html/testCi4/vendor/codeigniter4/framework/system/CodeIgniter.php(404): CodeIgniter\CodeIgniter->runController(Object(App\Controllers\Admin\Product))
#11 /var/www/html/testCi4/vendor/codeigniter4/framework/system/CodeIgniter.php(312): CodeIgniter\CodeIgniter->handleRequest(NULL, Object(Config\Cache), false)
#12 /var/www/html/testCi4/public/index.php(45): CodeIgniter\CodeIgniter->run()
#13 /var/www/html/testCi4/vendor/codeigniter4/framework/system/Commands/Server/rewrite.php(34): require_once('/var/www/html/t...')
#14 {main}
CRITICAL - 2020-08-06 22:30:25 --> Invalid file: admin/banner/v_banner.php
#0 /var/www/html/testCi4/vendor/codeigniter4/framework/system/View/View.php(228): CodeIgniter\Exceptions\FrameworkException::forInvalidFile('admin/banner/v_...')
#1 /var/www/html/testCi4/vendor/codeigniter4/framework/system/Common.php(1119): CodeIgniter\View\View->render('admin/banner/v_...', Array, true)
#2 /var/www/html/testCi4/app/Views/admin/layout/v_content.php(3): view('admin/banner/v_...')
#3 /var/www/html/testCi4/vendor/codeigniter4/framework/system/View/View.php(246): include('/var/www/html/t...')
#4 /var/www/html/testCi4/vendor/codeigniter4/framework/system/Common.php(1119): CodeIgniter\View\View->render('admin/layout/v_...', Array, true)
#5 /var/www/html/testCi4/app/Views/admin/layout/v_wrapper.php(5): view('admin/layout/v_...')
#6 /var/www/html/testCi4/vendor/codeigniter4/framework/system/View/View.php(246): include('/var/www/html/t...')
#7 /var/www/html/testCi4/vendor/codeigniter4/framework/system/Common.php(1119): CodeIgniter\View\View->render('admin/layout/v_...', Array, true)
#8 /var/www/html/testCi4/app/Controllers/Admin/Banner.php(19): view('admin/layout/v_...', Array)
#9 /var/www/html/testCi4/vendor/codeigniter4/framework/system/CodeIgniter.php(918): App\Controllers\Admin\Banner->index()
#10 /var/www/html/testCi4/vendor/codeigniter4/framework/system/CodeIgniter.php(404): CodeIgniter\CodeIgniter->runController(Object(App\Controllers\Admin\Banner))
#11 /var/www/html/testCi4/vendor/codeigniter4/framework/system/CodeIgniter.php(312): CodeIgniter\CodeIgniter->handleRequest(NULL, Object(Config\Cache), false)
#12 /var/www/html/testCi4/public/index.php(45): CodeIgniter\CodeIgniter->run()
#13 /var/www/html/testCi4/vendor/codeigniter4/framework/system/Commands/Server/rewrite.php(34): require_once('/var/www/html/t...')
#14 {main}
