CRITICAL - 2020-09-10 11:07:11 --> Unable to connect to the database.
#0 /var/www/html/momeawedding/vendor/codeigniter4/framework/system/Database/BaseConnection.php(646): CodeIgniter\Database\BaseConnection->initialize()
#1 /var/www/html/momeawedding/vendor/codeigniter4/framework/system/Database/BaseBuilder.php(1860): CodeIgniter\Database\BaseConnection->query()
#2 /var/www/html/momeawedding/app/Models/SliderModel.php(18): CodeIgniter\Database\BaseBuilder->get()
#3 /var/www/html/momeawedding/app/Controllers/Pages.php(12): App\Models\SliderModel->get_slider()
#4 /var/www/html/momeawedding/vendor/codeigniter4/framework/system/CodeIgniter.php(918): App\Controllers\Pages->index()
#5 /var/www/html/momeawedding/vendor/codeigniter4/framework/system/CodeIgniter.php(404): CodeIgniter\CodeIgniter->runController()
#6 /var/www/html/momeawedding/vendor/codeigniter4/framework/system/CodeIgniter.php(312): CodeIgniter\CodeIgniter->handleRequest()
#7 /var/www/html/momeawedding/public/index.php(45): CodeIgniter\CodeIgniter->run()
#8 /var/www/html/momeawedding/vendor/codeigniter4/framework/system/Commands/Server/rewrite.php(34): require_once('/var/www/html/m...')
#9 {main}
CRITICAL - 2020-09-10 11:07:11 --> Unable to connect to the database.
#0 /var/www/html/momeawedding/vendor/codeigniter4/framework/system/Database/BaseConnection.php(646): CodeIgniter\Database\BaseConnection->initialize()
#1 /var/www/html/momeawedding/vendor/codeigniter4/framework/system/Database/BaseBuilder.php(1860): CodeIgniter\Database\BaseConnection->query()
#2 /var/www/html/momeawedding/app/Models/SliderModel.php(18): CodeIgniter\Database\BaseBuilder->get()
#3 /var/www/html/momeawedding/app/Controllers/Pages.php(12): App\Models\SliderModel->get_slider()
#4 /var/www/html/momeawedding/vendor/codeigniter4/framework/system/CodeIgniter.php(918): App\Controllers\Pages->index()
#5 /var/www/html/momeawedding/vendor/codeigniter4/framework/system/CodeIgniter.php(404): CodeIgniter\CodeIgniter->runController()
#6 /var/www/html/momeawedding/vendor/codeigniter4/framework/system/CodeIgniter.php(312): CodeIgniter\CodeIgniter->handleRequest()
#7 /var/www/html/momeawedding/public/index.php(45): CodeIgniter\CodeIgniter->run()
#8 /var/www/html/momeawedding/vendor/codeigniter4/framework/system/Commands/Server/rewrite.php(34): require_once('/var/www/html/m...')
#9 {main}
CRITICAL - 2020-09-10 11:07:38 --> Unknown column 'status_cd' in 'where clause'
#0 /var/www/html/momeawedding/vendor/codeigniter4/framework/system/Database/MySQLi/Connection.php(331): mysqli->query()
#1 /var/www/html/momeawedding/vendor/codeigniter4/framework/system/Database/BaseConnection.php(741): CodeIgniter\Database\MySQLi\Connection->execute()
#2 /var/www/html/momeawedding/vendor/codeigniter4/framework/system/Database/BaseConnection.php(669): CodeIgniter\Database\BaseConnection->simpleQuery()
#3 /var/www/html/momeawedding/vendor/codeigniter4/framework/system/Database/BaseBuilder.php(1860): CodeIgniter\Database\BaseConnection->query()
#4 /var/www/html/momeawedding/app/Models/SliderModel.php(18): CodeIgniter\Database\BaseBuilder->get()
#5 /var/www/html/momeawedding/app/Controllers/Pages.php(12): App\Models\SliderModel->get_slider()
#6 /var/www/html/momeawedding/vendor/codeigniter4/framework/system/CodeIgniter.php(918): App\Controllers\Pages->index()
#7 /var/www/html/momeawedding/vendor/codeigniter4/framework/system/CodeIgniter.php(404): CodeIgniter\CodeIgniter->runController()
#8 /var/www/html/momeawedding/vendor/codeigniter4/framework/system/CodeIgniter.php(312): CodeIgniter\CodeIgniter->handleRequest()
#9 /var/www/html/momeawedding/public/index.php(45): CodeIgniter\CodeIgniter->run()
#10 /var/www/html/momeawedding/vendor/codeigniter4/framework/system/Commands/Server/rewrite.php(34): require_once('/var/www/html/m...')
#11 {main}
CRITICAL - 2020-09-10 11:07:39 --> Unknown column 'status_cd' in 'where clause'
#0 /var/www/html/momeawedding/vendor/codeigniter4/framework/system/Database/MySQLi/Connection.php(331): mysqli->query()
#1 /var/www/html/momeawedding/vendor/codeigniter4/framework/system/Database/BaseConnection.php(741): CodeIgniter\Database\MySQLi\Connection->execute()
#2 /var/www/html/momeawedding/vendor/codeigniter4/framework/system/Database/BaseConnection.php(669): CodeIgniter\Database\BaseConnection->simpleQuery()
#3 /var/www/html/momeawedding/vendor/codeigniter4/framework/system/Database/BaseBuilder.php(1860): CodeIgniter\Database\BaseConnection->query()
#4 /var/www/html/momeawedding/app/Models/SliderModel.php(18): CodeIgniter\Database\BaseBuilder->get()
#5 /var/www/html/momeawedding/app/Controllers/Pages.php(12): App\Models\SliderModel->get_slider()
#6 /var/www/html/momeawedding/vendor/codeigniter4/framework/system/CodeIgniter.php(918): App\Controllers\Pages->index()
#7 /var/www/html/momeawedding/vendor/codeigniter4/framework/system/CodeIgniter.php(404): CodeIgniter\CodeIgniter->runController()
#8 /var/www/html/momeawedding/vendor/codeigniter4/framework/system/CodeIgniter.php(312): CodeIgniter\CodeIgniter->handleRequest()
#9 /var/www/html/momeawedding/public/index.php(45): CodeIgniter\CodeIgniter->run()
#10 /var/www/html/momeawedding/vendor/codeigniter4/framework/system/Commands/Server/rewrite.php(34): require_once('/var/www/html/m...')
#11 {main}
CRITICAL - 2020-09-10 11:14:52 --> Invalid file: admin/layout/v_wrapper.php
#0 /var/www/html/momeawedding/vendor/codeigniter4/framework/system/View/View.php(228): CodeIgniter\Exceptions\FrameworkException::forInvalidFile()
#1 /var/www/html/momeawedding/vendor/codeigniter4/framework/system/Common.php(1119): CodeIgniter\View\View->render()
#2 /var/www/html/momeawedding/app/Controllers/Admin/Dashboard.php(20): view()
#3 /var/www/html/momeawedding/vendor/codeigniter4/framework/system/CodeIgniter.php(918): App\Controllers\Admin\Dashboard->index()
#4 /var/www/html/momeawedding/vendor/codeigniter4/framework/system/CodeIgniter.php(404): CodeIgniter\CodeIgniter->runController()
#5 /var/www/html/momeawedding/vendor/codeigniter4/framework/system/CodeIgniter.php(312): CodeIgniter\CodeIgniter->handleRequest()
#6 /var/www/html/momeawedding/public/index.php(45): CodeIgniter\CodeIgniter->run()
#7 /var/www/html/momeawedding/vendor/codeigniter4/framework/system/Commands/Server/rewrite.php(34): require_once('/var/www/html/m...')
#8 {main}
CRITICAL - 2020-09-10 11:14:52 --> Invalid file: admin/layout/v_wrapper.php
#0 /var/www/html/momeawedding/vendor/codeigniter4/framework/system/View/View.php(228): CodeIgniter\Exceptions\FrameworkException::forInvalidFile()
#1 /var/www/html/momeawedding/vendor/codeigniter4/framework/system/Common.php(1119): CodeIgniter\View\View->render()
#2 /var/www/html/momeawedding/app/Controllers/Admin/Dashboard.php(20): view()
#3 /var/www/html/momeawedding/vendor/codeigniter4/framework/system/CodeIgniter.php(918): App\Controllers\Admin\Dashboard->index()
#4 /var/www/html/momeawedding/vendor/codeigniter4/framework/system/CodeIgniter.php(404): CodeIgniter\CodeIgniter->runController()
#5 /var/www/html/momeawedding/vendor/codeigniter4/framework/system/CodeIgniter.php(312): CodeIgniter\CodeIgniter->handleRequest()
#6 /var/www/html/momeawedding/public/index.php(45): CodeIgniter\CodeIgniter->run()
#7 /var/www/html/momeawedding/vendor/codeigniter4/framework/system/Commands/Server/rewrite.php(34): require_once('/var/www/html/m...')
#8 {main}
CRITICAL - 2020-09-10 11:15:30 --> Class 'App\Models\Companymodel' not found
#0 /var/www/html/momeawedding/vendor/codeigniter4/framework/system/CodeIgniter.php(890): App\Controllers\Admin\Company->__construct()
#1 /var/www/html/momeawedding/vendor/codeigniter4/framework/system/CodeIgniter.php(399): CodeIgniter\CodeIgniter->createController()
#2 /var/www/html/momeawedding/vendor/codeigniter4/framework/system/CodeIgniter.php(312): CodeIgniter\CodeIgniter->handleRequest()
#3 /var/www/html/momeawedding/public/index.php(45): CodeIgniter\CodeIgniter->run()
#4 /var/www/html/momeawedding/vendor/codeigniter4/framework/system/Commands/Server/rewrite.php(34): require_once('/var/www/html/m...')
#5 {main}
CRITICAL - 2020-09-10 11:15:42 --> Class 'App\Models\Slidermodel' not found
#0 /var/www/html/momeawedding/vendor/codeigniter4/framework/system/CodeIgniter.php(890): App\Controllers\Admin\Slider->__construct()
#1 /var/www/html/momeawedding/vendor/codeigniter4/framework/system/CodeIgniter.php(399): CodeIgniter\CodeIgniter->createController()
#2 /var/www/html/momeawedding/vendor/codeigniter4/framework/system/CodeIgniter.php(312): CodeIgniter\CodeIgniter->handleRequest()
#3 /var/www/html/momeawedding/public/index.php(45): CodeIgniter\CodeIgniter->run()
#4 /var/www/html/momeawedding/vendor/codeigniter4/framework/system/Commands/Server/rewrite.php(34): require_once('/var/www/html/m...')
#5 {main}
CRITICAL - 2020-09-10 11:15:42 --> Class 'App\Models\Slidermodel' not found
#0 /var/www/html/momeawedding/vendor/codeigniter4/framework/system/CodeIgniter.php(890): App\Controllers\Admin\Slider->__construct()
#1 /var/www/html/momeawedding/vendor/codeigniter4/framework/system/CodeIgniter.php(399): CodeIgniter\CodeIgniter->createController()
#2 /var/www/html/momeawedding/vendor/codeigniter4/framework/system/CodeIgniter.php(312): CodeIgniter\CodeIgniter->handleRequest()
#3 /var/www/html/momeawedding/public/index.php(45): CodeIgniter\CodeIgniter->run()
#4 /var/www/html/momeawedding/vendor/codeigniter4/framework/system/Commands/Server/rewrite.php(34): require_once('/var/www/html/m...')
#5 {main}
CRITICAL - 2020-09-10 11:19:54 --> Call to undefined method App\Models\SliderModel::getbyid
#0 /var/www/html/momeawedding/app/Controllers/Admin/Slider.php(281): CodeIgniter\Model->__call()
#1 /var/www/html/momeawedding/vendor/codeigniter4/framework/system/CodeIgniter.php(918): App\Controllers\Admin\Slider->detail()
#2 /var/www/html/momeawedding/vendor/codeigniter4/framework/system/CodeIgniter.php(404): CodeIgniter\CodeIgniter->runController()
#3 /var/www/html/momeawedding/vendor/codeigniter4/framework/system/CodeIgniter.php(312): CodeIgniter\CodeIgniter->handleRequest()
#4 /var/www/html/momeawedding/public/index.php(45): CodeIgniter\CodeIgniter->run()
#5 /var/www/html/momeawedding/vendor/codeigniter4/framework/system/Commands/Server/rewrite.php(34): require_once('/var/www/html/m...')
#6 {main}
CRITICAL - 2020-09-10 11:19:59 --> Call to undefined method App\Models\SliderModel::getbyid
#0 /var/www/html/momeawedding/app/Controllers/Admin/Slider.php(281): CodeIgniter\Model->__call()
#1 /var/www/html/momeawedding/vendor/codeigniter4/framework/system/CodeIgniter.php(918): App\Controllers\Admin\Slider->detail()
#2 /var/www/html/momeawedding/vendor/codeigniter4/framework/system/CodeIgniter.php(404): CodeIgniter\CodeIgniter->runController()
#3 /var/www/html/momeawedding/vendor/codeigniter4/framework/system/CodeIgniter.php(312): CodeIgniter\CodeIgniter->handleRequest()
#4 /var/www/html/momeawedding/public/index.php(45): CodeIgniter\CodeIgniter->run()
#5 /var/www/html/momeawedding/vendor/codeigniter4/framework/system/Commands/Server/rewrite.php(34): require_once('/var/www/html/m...')
#6 {main}
CRITICAL - 2020-09-10 11:23:44 --> Unknown column 'status_act' in 'where clause'
#0 /var/www/html/momeawedding/vendor/codeigniter4/framework/system/Database/MySQLi/Connection.php(331): mysqli->query()
#1 /var/www/html/momeawedding/vendor/codeigniter4/framework/system/Database/BaseConnection.php(741): CodeIgniter\Database\MySQLi\Connection->execute()
#2 /var/www/html/momeawedding/vendor/codeigniter4/framework/system/Database/BaseConnection.php(669): CodeIgniter\Database\BaseConnection->simpleQuery()
#3 /var/www/html/momeawedding/vendor/codeigniter4/framework/system/Database/BaseBuilder.php(1860): CodeIgniter\Database\BaseConnection->query()
#4 /var/www/html/momeawedding/app/Models/SliderModel.php(18): CodeIgniter\Database\BaseBuilder->get()
#5 /var/www/html/momeawedding/app/Controllers/Admin/Slider.php(26): App\Models\SliderModel->get_slider()
#6 /var/www/html/momeawedding/vendor/codeigniter4/framework/system/CodeIgniter.php(918): App\Controllers\Admin\Slider->index()
#7 /var/www/html/momeawedding/vendor/codeigniter4/framework/system/CodeIgniter.php(404): CodeIgniter\CodeIgniter->runController()
#8 /var/www/html/momeawedding/vendor/codeigniter4/framework/system/CodeIgniter.php(312): CodeIgniter\CodeIgniter->handleRequest()
#9 /var/www/html/momeawedding/public/index.php(45): CodeIgniter\CodeIgniter->run()
#10 /var/www/html/momeawedding/vendor/codeigniter4/framework/system/Commands/Server/rewrite.php(34): require_once('/var/www/html/m...')
#11 {main}
CRITICAL - 2020-09-10 11:23:45 --> Unknown column 'status_act' in 'where clause'
#0 /var/www/html/momeawedding/vendor/codeigniter4/framework/system/Database/MySQLi/Connection.php(331): mysqli->query()
#1 /var/www/html/momeawedding/vendor/codeigniter4/framework/system/Database/BaseConnection.php(741): CodeIgniter\Database\MySQLi\Connection->execute()
#2 /var/www/html/momeawedding/vendor/codeigniter4/framework/system/Database/BaseConnection.php(669): CodeIgniter\Database\BaseConnection->simpleQuery()
#3 /var/www/html/momeawedding/vendor/codeigniter4/framework/system/Database/BaseBuilder.php(1860): CodeIgniter\Database\BaseConnection->query()
#4 /var/www/html/momeawedding/app/Models/SliderModel.php(18): CodeIgniter\Database\BaseBuilder->get()
#5 /var/www/html/momeawedding/app/Controllers/Admin/Slider.php(26): App\Models\SliderModel->get_slider()
#6 /var/www/html/momeawedding/vendor/codeigniter4/framework/system/CodeIgniter.php(918): App\Controllers\Admin\Slider->index()
#7 /var/www/html/momeawedding/vendor/codeigniter4/framework/system/CodeIgniter.php(404): CodeIgniter\CodeIgniter->runController()
#8 /var/www/html/momeawedding/vendor/codeigniter4/framework/system/CodeIgniter.php(312): CodeIgniter\CodeIgniter->handleRequest()
#9 /var/www/html/momeawedding/public/index.php(45): CodeIgniter\CodeIgniter->run()
#10 /var/www/html/momeawedding/vendor/codeigniter4/framework/system/Commands/Server/rewrite.php(34): require_once('/var/www/html/m...')
#11 {main}
CRITICAL - 2020-09-10 11:36:46 --> Unable to connect to the database.
#0 /var/www/html/momeawedding/vendor/codeigniter4/framework/system/Database/BaseConnection.php(646): CodeIgniter\Database\BaseConnection->initialize()
#1 /var/www/html/momeawedding/vendor/codeigniter4/framework/system/Database/BaseBuilder.php(1860): CodeIgniter\Database\BaseConnection->query('SELECT *\nFROM `...', Array, false)
#2 /var/www/html/momeawedding/app/Models/SliderModel.php(18): CodeIgniter\Database\BaseBuilder->get()
#3 /var/www/html/momeawedding/app/Controllers/Pages.php(12): App\Models\SliderModel->get_slider()
#4 /var/www/html/momeawedding/vendor/codeigniter4/framework/system/CodeIgniter.php(918): App\Controllers\Pages->index()
#5 /var/www/html/momeawedding/vendor/codeigniter4/framework/system/CodeIgniter.php(404): CodeIgniter\CodeIgniter->runController(Object(App\Controllers\Pages))
#6 /var/www/html/momeawedding/vendor/codeigniter4/framework/system/CodeIgniter.php(312): CodeIgniter\CodeIgniter->handleRequest(NULL, Object(Config\Cache), false)
#7 /var/www/html/momeawedding/public/index.php(45): CodeIgniter\CodeIgniter->run()
#8 /var/www/html/momeawedding/vendor/codeigniter4/framework/system/Commands/Server/rewrite.php(34): require_once('/var/www/html/m...')
#9 {main}
CRITICAL - 2020-09-10 11:36:46 --> Uncaught ErrorException: print_r(): Property access is not allowed yet in /var/www/html/momeawedding/app/Views/errors/html/error_exception.php:98
Stack trace:
#0 [internal function]: CodeIgniter\Debug\Exceptions->errorHandler(2, 'print_r(): Prop...', '/var/www/html/m...', 98, Array)
#1 /var/www/html/momeawedding/app/Views/errors/html/error_exception.php(98): print_r(Object(App\Controllers\Pages), true)
#2 /var/www/html/momeawedding/vendor/codeigniter4/framework/system/Debug/Exceptions.php(308): include('/var/www/html/m...')
#3 /var/www/html/momeawedding/vendor/codeigniter4/framework/system/Debug/Exceptions.php(174): CodeIgniter\Debug\Exceptions->render(Object(CodeIgniter\Database\Exceptions\DatabaseException), 500)
#4 [internal function]: CodeIgniter\Debug\Exceptions->exceptionHandler(Object(CodeIgniter\Database\Exceptions\DatabaseException))
#5 {main}
  thrown
#0 [internal function]: CodeIgniter\Debug\Exceptions->shutdownHandler()
#1 {main}
CRITICAL - 2020-09-10 11:47:56 --> Cannot use object of type mysqli as array
#0 /var/www/html/momeawedding/vendor/codeigniter4/framework/system/View/View.php(246): include()
#1 /var/www/html/momeawedding/vendor/codeigniter4/framework/system/Common.php(1119): CodeIgniter\View\View->render('front/pages/con...', Array, true)
#2 /var/www/html/momeawedding/app/Controllers/Pages.php(78): view('front/pages/con...', Array)
#3 /var/www/html/momeawedding/vendor/codeigniter4/framework/system/CodeIgniter.php(918): App\Controllers\Pages->contact()
#4 /var/www/html/momeawedding/vendor/codeigniter4/framework/system/CodeIgniter.php(404): CodeIgniter\CodeIgniter->runController(Object(App\Controllers\Pages))
#5 /var/www/html/momeawedding/vendor/codeigniter4/framework/system/CodeIgniter.php(312): CodeIgniter\CodeIgniter->handleRequest(NULL, Object(Config\Cache), false)
#6 /var/www/html/momeawedding/public/index.php(45): CodeIgniter\CodeIgniter->run()
#7 /var/www/html/momeawedding/vendor/codeigniter4/framework/system/Commands/Server/rewrite.php(34): require_once('/var/www/html/m...')
#8 {main}
CRITICAL - 2020-09-10 14:25:41 --> Cannot use object of type mysqli as array
#0 /var/www/html/momeawedding/vendor/codeigniter4/framework/system/View/View.php(246): include()
#1 /var/www/html/momeawedding/vendor/codeigniter4/framework/system/Common.php(1119): CodeIgniter\View\View->render('front/pages/con...', Array, true)
#2 /var/www/html/momeawedding/app/Controllers/Pages.php(78): view('front/pages/con...', Array)
#3 /var/www/html/momeawedding/vendor/codeigniter4/framework/system/CodeIgniter.php(918): App\Controllers\Pages->contact()
#4 /var/www/html/momeawedding/vendor/codeigniter4/framework/system/CodeIgniter.php(404): CodeIgniter\CodeIgniter->runController(Object(App\Controllers\Pages))
#5 /var/www/html/momeawedding/vendor/codeigniter4/framework/system/CodeIgniter.php(312): CodeIgniter\CodeIgniter->handleRequest(NULL, Object(Config\Cache), false)
#6 /var/www/html/momeawedding/public/index.php(45): CodeIgniter\CodeIgniter->run()
#7 /var/www/html/momeawedding/vendor/codeigniter4/framework/system/Commands/Server/rewrite.php(34): require_once('/var/www/html/m...')
#8 {main}
CRITICAL - 2020-09-10 14:27:10 --> Cannot use object of type mysqli as array
#0 /var/www/html/momeawedding/vendor/codeigniter4/framework/system/View/View.php(246): include()
#1 /var/www/html/momeawedding/vendor/codeigniter4/framework/system/Common.php(1119): CodeIgniter\View\View->render('front/pages/con...', Array, true)
#2 /var/www/html/momeawedding/app/Controllers/Pages.php(78): view('front/pages/con...', Array)
#3 /var/www/html/momeawedding/vendor/codeigniter4/framework/system/CodeIgniter.php(918): App\Controllers\Pages->contact()
#4 /var/www/html/momeawedding/vendor/codeigniter4/framework/system/CodeIgniter.php(404): CodeIgniter\CodeIgniter->runController(Object(App\Controllers\Pages))
#5 /var/www/html/momeawedding/vendor/codeigniter4/framework/system/CodeIgniter.php(312): CodeIgniter\CodeIgniter->handleRequest(NULL, Object(Config\Cache), false)
#6 /var/www/html/momeawedding/public/index.php(45): CodeIgniter\CodeIgniter->run()
#7 /var/www/html/momeawedding/vendor/codeigniter4/framework/system/Commands/Server/rewrite.php(34): require_once('/var/www/html/m...')
#8 {main}
CRITICAL - 2020-09-10 15:42:58 --> syntax error, unexpected ';', expecting ')'
#0 /var/www/html/momeawedding/vendor/codeigniter4/framework/system/Common.php(1119): CodeIgniter\View\View->render('admin/category/...', Array, true)
#1 /var/www/html/momeawedding/app/Controllers/Admin/Category.php(29): view('admin/category/...', Array)
#2 /var/www/html/momeawedding/vendor/codeigniter4/framework/system/CodeIgniter.php(918): App\Controllers\Admin\Category->index()
#3 /var/www/html/momeawedding/vendor/codeigniter4/framework/system/CodeIgniter.php(404): CodeIgniter\CodeIgniter->runController(Object(App\Controllers\Admin\Category))
#4 /var/www/html/momeawedding/vendor/codeigniter4/framework/system/CodeIgniter.php(312): CodeIgniter\CodeIgniter->handleRequest(NULL, Object(Config\Cache), false)
#5 /var/www/html/momeawedding/public/index.php(45): CodeIgniter\CodeIgniter->run()
#6 /var/www/html/momeawedding/vendor/codeigniter4/framework/system/Commands/Server/rewrite.php(34): require_once('/var/www/html/m...')
#7 {main}
CRITICAL - 2020-09-10 18:37:21 --> Invalid file: admin/user/v_modaldetail.php
#0 /var/www/html/momeawedding/vendor/codeigniter4/framework/system/View/View.php(228): CodeIgniter\Exceptions\FrameworkException::forInvalidFile('admin/user/v_mo...')
#1 /var/www/html/momeawedding/vendor/codeigniter4/framework/system/Common.php(1119): CodeIgniter\View\View->render('admin/user/v_mo...', Array, true)
#2 /var/www/html/momeawedding/app/Controllers/Admin/User.php(357): view('admin/user/v_mo...', Array)
#3 /var/www/html/momeawedding/vendor/codeigniter4/framework/system/CodeIgniter.php(918): App\Controllers\Admin\User->detail()
#4 /var/www/html/momeawedding/vendor/codeigniter4/framework/system/CodeIgniter.php(404): CodeIgniter\CodeIgniter->runController(Object(App\Controllers\Admin\User))
#5 /var/www/html/momeawedding/vendor/codeigniter4/framework/system/CodeIgniter.php(312): CodeIgniter\CodeIgniter->handleRequest(NULL, Object(Config\Cache), false)
#6 /var/www/html/momeawedding/public/index.php(45): CodeIgniter\CodeIgniter->run()
#7 /var/www/html/momeawedding/vendor/codeigniter4/framework/system/Commands/Server/rewrite.php(34): require_once('/var/www/html/m...')
#8 {main}
