CRITICAL - 2020-07-23 03:41:45 --> syntax error, unexpected '<'
#0 /var/www/html/testCi4/vendor/codeigniter4/framework/system/View/View.php(525): CodeIgniter\View\View->render('layout/navbar', NULL, true)
#1 /var/www/html/testCi4/app/Views/layout/template.php(38): CodeIgniter\View\View->include('layout/navbar')
#2 /var/www/html/testCi4/vendor/codeigniter4/framework/system/View/View.php(246): include('/var/www/html/t...')
#3 /var/www/html/testCi4/vendor/codeigniter4/framework/system/View/View.php(257): CodeIgniter\View\View->render('layout/template', Array, true)
#4 /var/www/html/testCi4/vendor/codeigniter4/framework/system/Common.php(1119): CodeIgniter\View\View->render('pages/home', Array, true)
#5 /var/www/html/testCi4/app/Controllers/Pages.php(11): view('pages/home', Array)
#6 /var/www/html/testCi4/vendor/codeigniter4/framework/system/CodeIgniter.php(918): App\Controllers\Pages->index()
#7 /var/www/html/testCi4/vendor/codeigniter4/framework/system/CodeIgniter.php(404): CodeIgniter\CodeIgniter->runController(Object(App\Controllers\Pages))
#8 /var/www/html/testCi4/vendor/codeigniter4/framework/system/CodeIgniter.php(312): CodeIgniter\CodeIgniter->handleRequest(NULL, Object(Config\Cache), false)
#9 /var/www/html/testCi4/public/index.php(45): CodeIgniter\CodeIgniter->run()
#10 /var/www/html/testCi4/vendor/codeigniter4/framework/system/Commands/Server/rewrite.php(34): require_once('/var/www/html/t...')
#11 {main}
CRITICAL - 2020-07-23 03:43:00 --> syntax error, unexpected '<', expecting end of file
#0 /var/www/html/testCi4/vendor/codeigniter4/framework/system/View/View.php(525): CodeIgniter\View\View->render('layout/navbar', NULL, true)
#1 /var/www/html/testCi4/app/Views/layout/template.php(38): CodeIgniter\View\View->include('layout/navbar')
#2 /var/www/html/testCi4/vendor/codeigniter4/framework/system/View/View.php(246): include('/var/www/html/t...')
#3 /var/www/html/testCi4/vendor/codeigniter4/framework/system/View/View.php(257): CodeIgniter\View\View->render('layout/template', Array, true)
#4 /var/www/html/testCi4/vendor/codeigniter4/framework/system/Common.php(1119): CodeIgniter\View\View->render('pages/home', Array, true)
#5 /var/www/html/testCi4/app/Controllers/Pages.php(11): view('pages/home', Array)
#6 /var/www/html/testCi4/vendor/codeigniter4/framework/system/CodeIgniter.php(918): App\Controllers\Pages->index()
#7 /var/www/html/testCi4/vendor/codeigniter4/framework/system/CodeIgniter.php(404): CodeIgniter\CodeIgniter->runController(Object(App\Controllers\Pages))
#8 /var/www/html/testCi4/vendor/codeigniter4/framework/system/CodeIgniter.php(312): CodeIgniter\CodeIgniter->handleRequest(NULL, Object(Config\Cache), false)
#9 /var/www/html/testCi4/public/index.php(45): CodeIgniter\CodeIgniter->run()
#10 /var/www/html/testCi4/vendor/codeigniter4/framework/system/Commands/Server/rewrite.php(34): require_once('/var/www/html/t...')
#11 {main}
CRITICAL - 2020-07-23 03:53:07 --> Undefined variable: nm_menu
#0 /var/www/html/testCi4/app/Views/layout/navbar.php(58): CodeIgniter\Debug\Exceptions->errorHandler(8, 'Undefined varia...', '/var/www/html/t...', 58, Array)
#1 /var/www/html/testCi4/vendor/codeigniter4/framework/system/View/View.php(246): include('/var/www/html/t...')
#2 /var/www/html/testCi4/vendor/codeigniter4/framework/system/View/View.php(525): CodeIgniter\View\View->render('layout/navbar', NULL, true)
#3 /var/www/html/testCi4/app/Views/layout/template.php(38): CodeIgniter\View\View->include('layout/navbar')
#4 /var/www/html/testCi4/vendor/codeigniter4/framework/system/View/View.php(246): include('/var/www/html/t...')
#5 /var/www/html/testCi4/vendor/codeigniter4/framework/system/View/View.php(257): CodeIgniter\View\View->render('layout/template', Array, true)
#6 /var/www/html/testCi4/vendor/codeigniter4/framework/system/Common.php(1119): CodeIgniter\View\View->render('pages/home', Array, true)
#7 /var/www/html/testCi4/app/Controllers/Pages.php(13): view('pages/home', Array)
#8 /var/www/html/testCi4/vendor/codeigniter4/framework/system/CodeIgniter.php(918): App\Controllers\Pages->index()
#9 /var/www/html/testCi4/vendor/codeigniter4/framework/system/CodeIgniter.php(404): CodeIgniter\CodeIgniter->runController(Object(App\Controllers\Pages))
#10 /var/www/html/testCi4/vendor/codeigniter4/framework/system/CodeIgniter.php(312): CodeIgniter\CodeIgniter->handleRequest(NULL, Object(Config\Cache), false)
#11 /var/www/html/testCi4/public/index.php(45): CodeIgniter\CodeIgniter->run()
#12 /var/www/html/testCi4/vendor/codeigniter4/framework/system/Commands/Server/rewrite.php(34): require_once('/var/www/html/t...')
#13 {main}
CRITICAL - 2020-07-23 21:55:29 --> Undefined variable: active_menu
#0 /var/www/html/testCi4/app/Controllers/Pages.php(13): CodeIgniter\Debug\Exceptions->errorHandler(8, 'Undefined varia...', '/var/www/html/t...', 13, Array)
#1 /var/www/html/testCi4/vendor/codeigniter4/framework/system/CodeIgniter.php(918): App\Controllers\Pages->index()
#2 /var/www/html/testCi4/vendor/codeigniter4/framework/system/CodeIgniter.php(404): CodeIgniter\CodeIgniter->runController(Object(App\Controllers\Pages))
#3 /var/www/html/testCi4/vendor/codeigniter4/framework/system/CodeIgniter.php(312): CodeIgniter\CodeIgniter->handleRequest(NULL, Object(Config\Cache), false)
#4 /var/www/html/testCi4/public/index.php(45): CodeIgniter\CodeIgniter->run()
#5 /var/www/html/testCi4/vendor/codeigniter4/framework/system/Commands/Server/rewrite.php(34): require_once('/var/www/html/t...')
#6 {main}
CRITICAL - 2020-07-23 21:55:54 --> Undefined variable: active_menu
#0 /var/www/html/testCi4/app/Controllers/Pages.php(13): CodeIgniter\Debug\Exceptions->errorHandler(8, 'Undefined varia...', '/var/www/html/t...', 13, Array)
#1 /var/www/html/testCi4/vendor/codeigniter4/framework/system/CodeIgniter.php(918): App\Controllers\Pages->index()
#2 /var/www/html/testCi4/vendor/codeigniter4/framework/system/CodeIgniter.php(404): CodeIgniter\CodeIgniter->runController(Object(App\Controllers\Pages))
#3 /var/www/html/testCi4/vendor/codeigniter4/framework/system/CodeIgniter.php(312): CodeIgniter\CodeIgniter->handleRequest(NULL, Object(Config\Cache), false)
#4 /var/www/html/testCi4/public/index.php(45): CodeIgniter\CodeIgniter->run()
#5 /var/www/html/testCi4/vendor/codeigniter4/framework/system/Commands/Server/rewrite.php(34): require_once('/var/www/html/t...')
#6 {main}
CRITICAL - 2020-07-23 21:55:57 --> Undefined variable: active_menu
#0 /var/www/html/testCi4/app/Controllers/Pages.php(13): CodeIgniter\Debug\Exceptions->errorHandler(8, 'Undefined varia...', '/var/www/html/t...', 13, Array)
#1 /var/www/html/testCi4/vendor/codeigniter4/framework/system/CodeIgniter.php(918): App\Controllers\Pages->index()
#2 /var/www/html/testCi4/vendor/codeigniter4/framework/system/CodeIgniter.php(404): CodeIgniter\CodeIgniter->runController(Object(App\Controllers\Pages))
#3 /var/www/html/testCi4/vendor/codeigniter4/framework/system/CodeIgniter.php(312): CodeIgniter\CodeIgniter->handleRequest(NULL, Object(Config\Cache), false)
#4 /var/www/html/testCi4/public/index.php(45): CodeIgniter\CodeIgniter->run()
#5 /var/www/html/testCi4/vendor/codeigniter4/framework/system/Commands/Server/rewrite.php(34): require_once('/var/www/html/t...')
#6 {main}
CRITICAL - 2020-07-23 22:45:54 --> Class 'App\Controllers\front\BaseController' not found
#0 /var/www/html/testCi4/vendor/codeigniter4/framework/system/Autoloader/Autoloader.php(365): require_once()
#1 /var/www/html/testCi4/vendor/codeigniter4/framework/system/Autoloader/Autoloader.php(296): CodeIgniter\Autoloader\Autoloader->requireFile('/var/www/html/t...')
#2 /var/www/html/testCi4/vendor/codeigniter4/framework/system/Autoloader/Autoloader.php(258): CodeIgniter\Autoloader\Autoloader->loadInNamespace('App\\Controllers...')
#3 [internal function]: CodeIgniter\Autoloader\Autoloader->loadClass('App\\Controllers...')
#4 [internal function]: spl_autoload_call('App\\Controllers...')
#5 /var/www/html/testCi4/vendor/codeigniter4/framework/system/CodeIgniter.php(869): class_exists('\\App\\Controller...', true)
#6 /var/www/html/testCi4/vendor/codeigniter4/framework/system/CodeIgniter.php(394): CodeIgniter\CodeIgniter->startController()
#7 /var/www/html/testCi4/vendor/codeigniter4/framework/system/CodeIgniter.php(312): CodeIgniter\CodeIgniter->handleRequest(NULL, Object(Config\Cache), false)
#8 /var/www/html/testCi4/public/index.php(45): CodeIgniter\CodeIgniter->run()
#9 /var/www/html/testCi4/vendor/codeigniter4/framework/system/Commands/Server/rewrite.php(34): require_once('/var/www/html/t...')
#10 {main}
CRITICAL - 2020-07-23 22:46:01 --> Class 'App\Controllers\front\BaseController' not found
#0 /var/www/html/testCi4/vendor/codeigniter4/framework/system/Autoloader/Autoloader.php(365): require_once()
#1 /var/www/html/testCi4/vendor/codeigniter4/framework/system/Autoloader/Autoloader.php(296): CodeIgniter\Autoloader\Autoloader->requireFile('/var/www/html/t...')
#2 /var/www/html/testCi4/vendor/codeigniter4/framework/system/Autoloader/Autoloader.php(258): CodeIgniter\Autoloader\Autoloader->loadInNamespace('App\\Controllers...')
#3 [internal function]: CodeIgniter\Autoloader\Autoloader->loadClass('App\\Controllers...')
#4 [internal function]: spl_autoload_call('App\\Controllers...')
#5 /var/www/html/testCi4/vendor/codeigniter4/framework/system/CodeIgniter.php(869): class_exists('\\App\\Controller...', true)
#6 /var/www/html/testCi4/vendor/codeigniter4/framework/system/CodeIgniter.php(394): CodeIgniter\CodeIgniter->startController()
#7 /var/www/html/testCi4/vendor/codeigniter4/framework/system/CodeIgniter.php(312): CodeIgniter\CodeIgniter->handleRequest(NULL, Object(Config\Cache), false)
#8 /var/www/html/testCi4/public/index.php(45): CodeIgniter\CodeIgniter->run()
#9 /var/www/html/testCi4/vendor/codeigniter4/framework/system/Commands/Server/rewrite.php(34): require_once('/var/www/html/t...')
#10 {main}
CRITICAL - 2020-07-23 23:49:52 --> Undefined variable: title
#0 /var/www/html/testCi4/app/Views/pages/contact.php(7): CodeIgniter\Debug\Exceptions->errorHandler(8, 'Undefined varia...', '/var/www/html/t...', 7, Array)
#1 /var/www/html/testCi4/vendor/codeigniter4/framework/system/View/View.php(246): include('/var/www/html/t...')
#2 /var/www/html/testCi4/vendor/codeigniter4/framework/system/Common.php(1119): CodeIgniter\View\View->render('pages/contact', Array, true)
#3 /var/www/html/testCi4/app/Controllers/Admin/Login.php(11): view('pages/contact')
#4 /var/www/html/testCi4/vendor/codeigniter4/framework/system/CodeIgniter.php(918): App\Controllers\Admin\Login->index()
#5 /var/www/html/testCi4/vendor/codeigniter4/framework/system/CodeIgniter.php(404): CodeIgniter\CodeIgniter->runController(Object(App\Controllers\Admin\Login))
#6 /var/www/html/testCi4/vendor/codeigniter4/framework/system/CodeIgniter.php(312): CodeIgniter\CodeIgniter->handleRequest(NULL, Object(Config\Cache), false)
#7 /var/www/html/testCi4/public/index.php(45): CodeIgniter\CodeIgniter->run()
#8 /var/www/html/testCi4/vendor/codeigniter4/framework/system/Commands/Server/rewrite.php(34): require_once('/var/www/html/t...')
#9 {main}
CRITICAL - 2020-07-23 23:55:52 --> Invalid file: layout/template.php
#0 /var/www/html/testCi4/vendor/codeigniter4/framework/system/View/View.php(228): CodeIgniter\Exceptions\FrameworkException::forInvalidFile('layout/template...')
#1 /var/www/html/testCi4/vendor/codeigniter4/framework/system/View/View.php(257): CodeIgniter\View\View->render('layout/template', Array, true)
#2 /var/www/html/testCi4/vendor/codeigniter4/framework/system/Common.php(1119): CodeIgniter\View\View->render('front/pages/hom...', Array, true)
#3 /var/www/html/testCi4/app/Controllers/Pages.php(13): view('front/pages/hom...', Array)
#4 /var/www/html/testCi4/vendor/codeigniter4/framework/system/CodeIgniter.php(918): App\Controllers\Pages->index()
#5 /var/www/html/testCi4/vendor/codeigniter4/framework/system/CodeIgniter.php(404): CodeIgniter\CodeIgniter->runController(Object(App\Controllers\Pages))
#6 /var/www/html/testCi4/vendor/codeigniter4/framework/system/CodeIgniter.php(312): CodeIgniter\CodeIgniter->handleRequest(NULL, Object(Config\Cache), false)
#7 /var/www/html/testCi4/public/index.php(45): CodeIgniter\CodeIgniter->run()
#8 /var/www/html/testCi4/vendor/codeigniter4/framework/system/Commands/Server/rewrite.php(34): require_once('/var/www/html/t...')
#9 {main}
CRITICAL - 2020-07-23 23:56:25 --> Invalid file: layout/template.php
#0 /var/www/html/testCi4/vendor/codeigniter4/framework/system/View/View.php(228): CodeIgniter\Exceptions\FrameworkException::forInvalidFile('layout/template...')
#1 /var/www/html/testCi4/vendor/codeigniter4/framework/system/View/View.php(257): CodeIgniter\View\View->render('layout/template', Array, true)
#2 /var/www/html/testCi4/vendor/codeigniter4/framework/system/Common.php(1119): CodeIgniter\View\View->render('front/pages/hom...', Array, true)
#3 /var/www/html/testCi4/app/Controllers/Pages.php(13): view('front/pages/hom...', Array)
#4 /var/www/html/testCi4/vendor/codeigniter4/framework/system/CodeIgniter.php(918): App\Controllers\Pages->index()
#5 /var/www/html/testCi4/vendor/codeigniter4/framework/system/CodeIgniter.php(404): CodeIgniter\CodeIgniter->runController(Object(App\Controllers\Pages))
#6 /var/www/html/testCi4/vendor/codeigniter4/framework/system/CodeIgniter.php(312): CodeIgniter\CodeIgniter->handleRequest(NULL, Object(Config\Cache), false)
#7 /var/www/html/testCi4/public/index.php(45): CodeIgniter\CodeIgniter->run()
#8 /var/www/html/testCi4/vendor/codeigniter4/framework/system/Commands/Server/rewrite.php(34): require_once('/var/www/html/t...')
#9 {main}
CRITICAL - 2020-07-23 23:56:55 --> Invalid file: layout/template.php
#0 /var/www/html/testCi4/vendor/codeigniter4/framework/system/View/View.php(228): CodeIgniter\Exceptions\FrameworkException::forInvalidFile('layout/template...')
#1 /var/www/html/testCi4/vendor/codeigniter4/framework/system/View/View.php(257): CodeIgniter\View\View->render('layout/template', Array, true)
#2 /var/www/html/testCi4/vendor/codeigniter4/framework/system/Common.php(1119): CodeIgniter\View\View->render('front/pages/abo...', Array, true)
#3 /var/www/html/testCi4/app/Controllers/Pages.php(22): view('front/pages/abo...', Array)
#4 /var/www/html/testCi4/vendor/codeigniter4/framework/system/CodeIgniter.php(918): App\Controllers\Pages->about()
#5 /var/www/html/testCi4/vendor/codeigniter4/framework/system/CodeIgniter.php(404): CodeIgniter\CodeIgniter->runController(Object(App\Controllers\Pages))
#6 /var/www/html/testCi4/vendor/codeigniter4/framework/system/CodeIgniter.php(312): CodeIgniter\CodeIgniter->handleRequest(NULL, Object(Config\Cache), false)
#7 /var/www/html/testCi4/public/index.php(45): CodeIgniter\CodeIgniter->run()
#8 /var/www/html/testCi4/vendor/codeigniter4/framework/system/Commands/Server/rewrite.php(34): require_once('/var/www/html/t...')
#9 {main}
CRITICAL - 2020-07-23 23:57:21 --> Invalid file: layout/template.php
#0 /var/www/html/testCi4/vendor/codeigniter4/framework/system/View/View.php(228): CodeIgniter\Exceptions\FrameworkException::forInvalidFile('layout/template...')
#1 /var/www/html/testCi4/vendor/codeigniter4/framework/system/View/View.php(257): CodeIgniter\View\View->render('layout/template', Array, true)
#2 /var/www/html/testCi4/vendor/codeigniter4/framework/system/Common.php(1119): CodeIgniter\View\View->render('front/pages/con...', Array, true)
#3 /var/www/html/testCi4/app/Controllers/Pages.php(31): view('front/pages/con...', Array)
#4 /var/www/html/testCi4/vendor/codeigniter4/framework/system/CodeIgniter.php(918): App\Controllers\Pages->contact()
#5 /var/www/html/testCi4/vendor/codeigniter4/framework/system/CodeIgniter.php(404): CodeIgniter\CodeIgniter->runController(Object(App\Controllers\Pages))
#6 /var/www/html/testCi4/vendor/codeigniter4/framework/system/CodeIgniter.php(312): CodeIgniter\CodeIgniter->handleRequest(NULL, Object(Config\Cache), false)
#7 /var/www/html/testCi4/public/index.php(45): CodeIgniter\CodeIgniter->run()
#8 /var/www/html/testCi4/vendor/codeigniter4/framework/system/Commands/Server/rewrite.php(34): require_once('/var/www/html/t...')
#9 {main}
