INFO - 2023-07-17 22:27:51 --> Session: Class initialized using 'CodeIgniter\Session\Handlers\FileHandler' driver.
WARNING - 2023-07-17 22:27:51 --> Session: Sessions is enabled, and one exists.Please don't $session->start();
ERROR - 2023-07-17 22:27:51 --> mysqli_sql_exception: Table 'cms_p4i.bcms_layanan' doesn't exist in /usr/local/var/www/app-p4i/vendor/codeigniter4/framework/system/Database/MySQLi/Connection.php:331
Stack trace:
#0 /usr/local/var/www/app-p4i/vendor/codeigniter4/framework/system/Database/MySQLi/Connection.php(331): mysqli->query('SELECT *\nFROM `...')
#1 /usr/local/var/www/app-p4i/vendor/codeigniter4/framework/system/Database/BaseConnection.php(741): CodeIgniter\Database\MySQLi\Connection->execute('SELECT *\nFROM `...')
#2 /usr/local/var/www/app-p4i/vendor/codeigniter4/framework/system/Database/BaseConnection.php(669): CodeIgniter\Database\BaseConnection->simpleQuery('SELECT *\nFROM `...')
#3 /usr/local/var/www/app-p4i/vendor/codeigniter4/framework/system/Database/BaseBuilder.php(1860): CodeIgniter\Database\BaseConnection->query('SELECT *\nFROM `...', Array, false)
#4 /usr/local/var/www/app-p4i/app/Models/Backend/LayananModel.php(24): CodeIgniter\Database\BaseBuilder->get()
#5 /usr/local/var/www/app-p4i/app/Controllers/Home.php(31): App\Models\Backend\LayananModel->getLayananByKategori('Layanan Unggula...')
#6 /usr/local/var/www/app-p4i/vendor/codeigniter4/framework/system/CodeIgniter.php(918): App\Controllers\Home->index()
#7 /usr/local/var/www/app-p4i/vendor/codeigniter4/framework/system/CodeIgniter.php(404): CodeIgniter\CodeIgniter->runController(Object(App\Controllers\Home))
#8 /usr/local/var/www/app-p4i/vendor/codeigniter4/framework/system/CodeIgniter.php(312): CodeIgniter\CodeIgniter->handleRequest(NULL, Object(Config\Cache), false)
#9 /usr/local/var/www/app-p4i/public/index.php(45): CodeIgniter\CodeIgniter->run()
#10 /usr/local/var/www/app-p4i/vendor/codeigniter4/framework/system/Commands/Server/rewrite.php(34): require_once('/usr/local/var/...')
#11 {main}
ERROR - 2023-07-17 22:27:51 --> mysqli_sql_exception: Table 'cms_p4i.bcms_company' doesn't exist in /usr/local/var/www/app-p4i/vendor/codeigniter4/framework/system/Database/MySQLi/Connection.php:331
Stack trace:
#0 /usr/local/var/www/app-p4i/vendor/codeigniter4/framework/system/Database/MySQLi/Connection.php(331): mysqli->query('SELECT *\nFROM `...')
#1 /usr/local/var/www/app-p4i/vendor/codeigniter4/framework/system/Database/BaseConnection.php(741): CodeIgniter\Database\MySQLi\Connection->execute('SELECT *\nFROM `...')
#2 /usr/local/var/www/app-p4i/vendor/codeigniter4/framework/system/Database/BaseConnection.php(669): CodeIgniter\Database\BaseConnection->simpleQuery('SELECT *\nFROM `...')
#3 /usr/local/var/www/app-p4i/vendor/codeigniter4/framework/system/Database/BaseBuilder.php(1860): CodeIgniter\Database\BaseConnection->query('SELECT *\nFROM `...', Array, false)
#4 /usr/local/var/www/app-p4i/app/Models/Backend/InstansiModel.php(14): CodeIgniter\Database\BaseBuilder->get()
#5 /usr/local/var/www/app-p4i/app/Controllers/Home.php(158): App\Models\Backend\InstansiModel->getInstansi()
#6 /usr/local/var/www/app-p4i/vendor/codeigniter4/framework/system/CodeIgniter.php(918): App\Controllers\Home->index()
#7 /usr/local/var/www/app-p4i/vendor/codeigniter4/framework/system/CodeIgniter.php(404): CodeIgniter\CodeIgniter->runController(Object(App\Controllers\Home))
#8 /usr/local/var/www/app-p4i/vendor/codeigniter4/framework/system/CodeIgniter.php(312): CodeIgniter\CodeIgniter->handleRequest(NULL, Object(Config\Cache), false)
#9 /usr/local/var/www/app-p4i/public/index.php(45): CodeIgniter\CodeIgniter->run()
#10 /usr/local/var/www/app-p4i/vendor/codeigniter4/framework/system/Commands/Server/rewrite.php(34): require_once('/usr/local/var/...')
#11 {main}
INFO - 2023-07-17 22:27:52 --> Session: Class initialized using 'CodeIgniter\Session\Handlers\FileHandler' driver.
WARNING - 2023-07-17 22:27:52 --> Session: Sessions is enabled, and one exists.Please don't $session->start();
ERROR - 2023-07-17 22:27:52 --> mysqli_sql_exception: Table 'cms_p4i.bcms_layanan' doesn't exist in /usr/local/var/www/app-p4i/vendor/codeigniter4/framework/system/Database/MySQLi/Connection.php:331
Stack trace:
#0 /usr/local/var/www/app-p4i/vendor/codeigniter4/framework/system/Database/MySQLi/Connection.php(331): mysqli->query('SELECT *\nFROM `...')
#1 /usr/local/var/www/app-p4i/vendor/codeigniter4/framework/system/Database/BaseConnection.php(741): CodeIgniter\Database\MySQLi\Connection->execute('SELECT *\nFROM `...')
#2 /usr/local/var/www/app-p4i/vendor/codeigniter4/framework/system/Database/BaseConnection.php(669): CodeIgniter\Database\BaseConnection->simpleQuery('SELECT *\nFROM `...')
#3 /usr/local/var/www/app-p4i/vendor/codeigniter4/framework/system/Database/BaseBuilder.php(1860): CodeIgniter\Database\BaseConnection->query('SELECT *\nFROM `...', Array, false)
#4 /usr/local/var/www/app-p4i/app/Models/Backend/LayananModel.php(24): CodeIgniter\Database\BaseBuilder->get()
#5 /usr/local/var/www/app-p4i/app/Controllers/Home.php(31): App\Models\Backend\LayananModel->getLayananByKategori('Layanan Unggula...')
#6 /usr/local/var/www/app-p4i/vendor/codeigniter4/framework/system/CodeIgniter.php(918): App\Controllers\Home->index()
#7 /usr/local/var/www/app-p4i/vendor/codeigniter4/framework/system/CodeIgniter.php(404): CodeIgniter\CodeIgniter->runController(Object(App\Controllers\Home))
#8 /usr/local/var/www/app-p4i/vendor/codeigniter4/framework/system/CodeIgniter.php(312): CodeIgniter\CodeIgniter->handleRequest(NULL, Object(Config\Cache), false)
#9 /usr/local/var/www/app-p4i/public/index.php(45): CodeIgniter\CodeIgniter->run()
#10 /usr/local/var/www/app-p4i/vendor/codeigniter4/framework/system/Commands/Server/rewrite.php(34): require_once('/usr/local/var/...')
#11 {main}
ERROR - 2023-07-17 22:27:52 --> mysqli_sql_exception: Table 'cms_p4i.bcms_company' doesn't exist in /usr/local/var/www/app-p4i/vendor/codeigniter4/framework/system/Database/MySQLi/Connection.php:331
Stack trace:
#0 /usr/local/var/www/app-p4i/vendor/codeigniter4/framework/system/Database/MySQLi/Connection.php(331): mysqli->query('SELECT *\nFROM `...')
#1 /usr/local/var/www/app-p4i/vendor/codeigniter4/framework/system/Database/BaseConnection.php(741): CodeIgniter\Database\MySQLi\Connection->execute('SELECT *\nFROM `...')
#2 /usr/local/var/www/app-p4i/vendor/codeigniter4/framework/system/Database/BaseConnection.php(669): CodeIgniter\Database\BaseConnection->simpleQuery('SELECT *\nFROM `...')
#3 /usr/local/var/www/app-p4i/vendor/codeigniter4/framework/system/Database/BaseBuilder.php(1860): CodeIgniter\Database\BaseConnection->query('SELECT *\nFROM `...', Array, false)
#4 /usr/local/var/www/app-p4i/app/Models/Backend/InstansiModel.php(14): CodeIgniter\Database\BaseBuilder->get()
#5 /usr/local/var/www/app-p4i/app/Controllers/Home.php(158): App\Models\Backend\InstansiModel->getInstansi()
#6 /usr/local/var/www/app-p4i/vendor/codeigniter4/framework/system/CodeIgniter.php(918): App\Controllers\Home->index()
#7 /usr/local/var/www/app-p4i/vendor/codeigniter4/framework/system/CodeIgniter.php(404): CodeIgniter\CodeIgniter->runController(Object(App\Controllers\Home))
#8 /usr/local/var/www/app-p4i/vendor/codeigniter4/framework/system/CodeIgniter.php(312): CodeIgniter\CodeIgniter->handleRequest(NULL, Object(Config\Cache), false)
#9 /usr/local/var/www/app-p4i/public/index.php(45): CodeIgniter\CodeIgniter->run()
#10 /usr/local/var/www/app-p4i/vendor/codeigniter4/framework/system/Commands/Server/rewrite.php(34): require_once('/usr/local/var/...')
#11 {main}
INFO - 2023-07-17 22:27:58 --> Session: Class initialized using 'CodeIgniter\Session\Handlers\FileHandler' driver.
WARNING - 2023-07-17 22:27:58 --> Session: Sessions is enabled, and one exists.Please don't $session->start();
INFO - 2023-07-17 22:28:05 --> Session: Class initialized using 'CodeIgniter\Session\Handlers\FileHandler' driver.
WARNING - 2023-07-17 22:28:05 --> Session: Sessions is enabled, and one exists.Please don't $session->start();
INFO - 2023-07-17 22:28:09 --> Session: Class initialized using 'CodeIgniter\Session\Handlers\FileHandler' driver.
WARNING - 2023-07-17 22:28:09 --> Session: Sessions is enabled, and one exists.Please don't $session->start();
INFO - 2023-07-17 22:28:12 --> Session: Class initialized using 'CodeIgniter\Session\Handlers\FileHandler' driver.
INFO - 2023-07-17 22:28:16 --> Session: Class initialized using 'CodeIgniter\Session\Handlers\FileHandler' driver.
WARNING - 2023-07-17 22:28:16 --> Session: Sessions is enabled, and one exists.Please don't $session->start();
INFO - 2023-07-17 22:28:16 --> Session: Class initialized using 'CodeIgniter\Session\Handlers\FileHandler' driver.
WARNING - 2023-07-17 22:28:16 --> Session: Sessions is enabled, and one exists.Please don't $session->start();
INFO - 2023-07-17 22:28:53 --> Session: Class initialized using 'CodeIgniter\Session\Handlers\FileHandler' driver.
WARNING - 2023-07-17 22:28:53 --> Session: Sessions is enabled, and one exists.Please don't $session->start();
INFO - 2023-07-17 22:28:53 --> Session: Class initialized using 'CodeIgniter\Session\Handlers\FileHandler' driver.
WARNING - 2023-07-17 22:28:53 --> Session: Sessions is enabled, and one exists.Please don't $session->start();
INFO - 2023-07-17 22:29:09 --> Session: Class initialized using 'CodeIgniter\Session\Handlers\FileHandler' driver.
WARNING - 2023-07-17 22:29:09 --> Session: Sessions is enabled, and one exists.Please don't $session->start();
INFO - 2023-07-17 22:29:10 --> Session: Class initialized using 'CodeIgniter\Session\Handlers\FileHandler' driver.
WARNING - 2023-07-17 22:29:10 --> Session: Sessions is enabled, and one exists.Please don't $session->start();
INFO - 2023-07-17 22:29:11 --> Session: Class initialized using 'CodeIgniter\Session\Handlers\FileHandler' driver.
WARNING - 2023-07-17 22:29:11 --> Session: Sessions is enabled, and one exists.Please don't $session->start();
INFO - 2023-07-17 22:29:11 --> Session: Class initialized using 'CodeIgniter\Session\Handlers\FileHandler' driver.
WARNING - 2023-07-17 22:29:11 --> Session: Sessions is enabled, and one exists.Please don't $session->start();
INFO - 2023-07-17 22:29:33 --> Session: Class initialized using 'CodeIgniter\Session\Handlers\FileHandler' driver.
WARNING - 2023-07-17 22:29:33 --> Session: Sessions is enabled, and one exists.Please don't $session->start();
INFO - 2023-07-17 22:29:33 --> Session: Class initialized using 'CodeIgniter\Session\Handlers\FileHandler' driver.
WARNING - 2023-07-17 22:29:33 --> Session: Sessions is enabled, and one exists.Please don't $session->start();
INFO - 2023-07-17 22:59:10 --> Session: Class initialized using 'CodeIgniter\Session\Handlers\FileHandler' driver.
WARNING - 2023-07-17 22:59:10 --> Session: Sessions is enabled, and one exists.Please don't $session->start();
INFO - 2023-07-17 22:59:10 --> Session: Class initialized using 'CodeIgniter\Session\Handlers\FileHandler' driver.
WARNING - 2023-07-17 22:59:10 --> Session: Sessions is enabled, and one exists.Please don't $session->start();
