CRITICAL - 2020-09-20 19:31:18 --> Trying to get property 'category_nm' of non-object
#0 /var/www/html/momeawedding/app/Controllers/Admin/Category.php(135): CodeIgniter\Debug\Exceptions->errorHandler(8, 'Trying to get p...', '/var/www/html/m...', 135, Array)
#1 /var/www/html/momeawedding/vendor/codeigniter4/framework/system/CodeIgniter.php(918): App\Controllers\Admin\Category->simpandata()
#2 /var/www/html/momeawedding/vendor/codeigniter4/framework/system/CodeIgniter.php(404): CodeIgniter\CodeIgniter->runController(Object(App\Controllers\Admin\Category))
#3 /var/www/html/momeawedding/vendor/codeigniter4/framework/system/CodeIgniter.php(312): CodeIgniter\CodeIgniter->handleRequest(NULL, Object(Config\Cache), false)
#4 /var/www/html/momeawedding/public/index.php(45): CodeIgniter\CodeIgniter->run()
#5 /var/www/html/momeawedding/vendor/codeigniter4/framework/system/Commands/Server/rewrite.php(34): require_once('/var/www/html/m...')
#6 {main}
CRITICAL - 2020-09-20 19:31:29 --> Trying to get property 'category_nm' of non-object
#0 /var/www/html/momeawedding/app/Controllers/Admin/Category.php(135): CodeIgniter\Debug\Exceptions->errorHandler(8, 'Trying to get p...', '/var/www/html/m...', 135, Array)
#1 /var/www/html/momeawedding/vendor/codeigniter4/framework/system/CodeIgniter.php(918): App\Controllers\Admin\Category->simpandata()
#2 /var/www/html/momeawedding/vendor/codeigniter4/framework/system/CodeIgniter.php(404): CodeIgniter\CodeIgniter->runController(Object(App\Controllers\Admin\Category))
#3 /var/www/html/momeawedding/vendor/codeigniter4/framework/system/CodeIgniter.php(312): CodeIgniter\CodeIgniter->handleRequest(NULL, Object(Config\Cache), false)
#4 /var/www/html/momeawedding/public/index.php(45): CodeIgniter\CodeIgniter->run()
#5 /var/www/html/momeawedding/vendor/codeigniter4/framework/system/Commands/Server/rewrite.php(34): require_once('/var/www/html/m...')
#6 {main}
CRITICAL - 2020-09-20 19:45:34 --> count(): Parameter must be an array or an object that implements Countable
#0 [internal function]: CodeIgniter\Debug\Exceptions->errorHandler(2, 'count(): Parame...', '/var/www/html/m...', 134, Array)
#1 /var/www/html/momeawedding/app/Controllers/Admin/Category.php(134): count(NULL)
#2 /var/www/html/momeawedding/vendor/codeigniter4/framework/system/CodeIgniter.php(918): App\Controllers\Admin\Category->simpandata()
#3 /var/www/html/momeawedding/vendor/codeigniter4/framework/system/CodeIgniter.php(404): CodeIgniter\CodeIgniter->runController(Object(App\Controllers\Admin\Category))
#4 /var/www/html/momeawedding/vendor/codeigniter4/framework/system/CodeIgniter.php(312): CodeIgniter\CodeIgniter->handleRequest(NULL, Object(Config\Cache), false)
#5 /var/www/html/momeawedding/public/index.php(45): CodeIgniter\CodeIgniter->run()
#6 /var/www/html/momeawedding/vendor/codeigniter4/framework/system/Commands/Server/rewrite.php(34): require_once('/var/www/html/m...')
#7 {main}
CRITICAL - 2020-09-20 22:07:26 --> Undefined variable: vendor_nm
#0 /var/www/html/momeawedding/app/Views/admin/vendor/vendor.php(41): CodeIgniter\Debug\Exceptions->errorHandler(8, 'Undefined varia...', '/var/www/html/m...', 41, Array)
#1 /var/www/html/momeawedding/vendor/codeigniter4/framework/system/View/View.php(246): include('/var/www/html/m...')
#2 /var/www/html/momeawedding/vendor/codeigniter4/framework/system/Common.php(1119): CodeIgniter\View\View->render('admin/vendor/ve...', Array, true)
#3 /var/www/html/momeawedding/app/Controllers/Admin/Vendor.php(31): view('admin/vendor/ve...', Array)
#4 /var/www/html/momeawedding/vendor/codeigniter4/framework/system/CodeIgniter.php(918): App\Controllers\Admin\vendor->index()
#5 /var/www/html/momeawedding/vendor/codeigniter4/framework/system/CodeIgniter.php(404): CodeIgniter\CodeIgniter->runController(Object(App\Controllers\Admin\vendor))
#6 /var/www/html/momeawedding/vendor/codeigniter4/framework/system/CodeIgniter.php(312): CodeIgniter\CodeIgniter->handleRequest(NULL, Object(Config\Cache), false)
#7 /var/www/html/momeawedding/public/index.php(45): CodeIgniter\CodeIgniter->run()
#8 /var/www/html/momeawedding/vendor/codeigniter4/framework/system/Commands/Server/rewrite.php(34): require_once('/var/www/html/m...')
#9 {main}
CRITICAL - 2020-09-20 22:07:40 --> Undefined variable: vendor_nm
#0 /var/www/html/momeawedding/app/Views/admin/vendor/vendor.php(41): CodeIgniter\Debug\Exceptions->errorHandler(8, 'Undefined varia...', '/var/www/html/m...', 41, Array)
#1 /var/www/html/momeawedding/vendor/codeigniter4/framework/system/View/View.php(246): include('/var/www/html/m...')
#2 /var/www/html/momeawedding/vendor/codeigniter4/framework/system/Common.php(1119): CodeIgniter\View\View->render('admin/vendor/ve...', Array, true)
#3 /var/www/html/momeawedding/app/Controllers/Admin/Vendor.php(31): view('admin/vendor/ve...', Array)
#4 /var/www/html/momeawedding/vendor/codeigniter4/framework/system/CodeIgniter.php(918): App\Controllers\Admin\vendor->index()
#5 /var/www/html/momeawedding/vendor/codeigniter4/framework/system/CodeIgniter.php(404): CodeIgniter\CodeIgniter->runController(Object(App\Controllers\Admin\vendor))
#6 /var/www/html/momeawedding/vendor/codeigniter4/framework/system/CodeIgniter.php(312): CodeIgniter\CodeIgniter->handleRequest(NULL, Object(Config\Cache), false)
#7 /var/www/html/momeawedding/public/index.php(45): CodeIgniter\CodeIgniter->run()
#8 /var/www/html/momeawedding/vendor/codeigniter4/framework/system/Commands/Server/rewrite.php(34): require_once('/var/www/html/m...')
#9 {main}
