CRITICAL - 2020-08-08 02:20:19 --> Undefined variable: msg
#0 /var/www/html/testCi4/app/Controllers/Admin/Login.php(40): CodeIgniter\Debug\Exceptions->errorHandler(8, 'Undefined varia...', '/var/www/html/t...', 40, Array)
#1 /var/www/html/testCi4/vendor/codeigniter4/framework/system/CodeIgniter.php(918): App\Controllers\Admin\Login->cek_login()
#2 /var/www/html/testCi4/vendor/codeigniter4/framework/system/CodeIgniter.php(404): CodeIgniter\CodeIgniter->runController(Object(App\Controllers\Admin\Login))
#3 /var/www/html/testCi4/vendor/codeigniter4/framework/system/CodeIgniter.php(312): CodeIgniter\CodeIgniter->handleRequest(NULL, Object(Config\Cache), false)
#4 /var/www/html/testCi4/public/index.php(45): CodeIgniter\CodeIgniter->run()
#5 /var/www/html/testCi4/vendor/codeigniter4/framework/system/Commands/Server/rewrite.php(34): require_once('/var/www/html/t...')
#6 {main}
CRITICAL - 2020-08-08 02:20:20 --> Undefined variable: msg
#0 /var/www/html/testCi4/app/Controllers/Admin/Login.php(40): CodeIgniter\Debug\Exceptions->errorHandler(8, 'Undefined varia...', '/var/www/html/t...', 40, Array)
#1 /var/www/html/testCi4/vendor/codeigniter4/framework/system/CodeIgniter.php(918): App\Controllers\Admin\Login->cek_login()
#2 /var/www/html/testCi4/vendor/codeigniter4/framework/system/CodeIgniter.php(404): CodeIgniter\CodeIgniter->runController(Object(App\Controllers\Admin\Login))
#3 /var/www/html/testCi4/vendor/codeigniter4/framework/system/CodeIgniter.php(312): CodeIgniter\CodeIgniter->handleRequest(NULL, Object(Config\Cache), false)
#4 /var/www/html/testCi4/public/index.php(45): CodeIgniter\CodeIgniter->run()
#5 /var/www/html/testCi4/vendor/codeigniter4/framework/system/Commands/Server/rewrite.php(34): require_once('/var/www/html/t...')
#6 {main}
CRITICAL - 2020-08-08 02:20:48 --> Undefined variable: msg
#0 /var/www/html/testCi4/app/Controllers/Admin/Login.php(40): CodeIgniter\Debug\Exceptions->errorHandler(8, 'Undefined varia...', '/var/www/html/t...', 40, Array)
#1 /var/www/html/testCi4/vendor/codeigniter4/framework/system/CodeIgniter.php(918): App\Controllers\Admin\Login->cek_login()
#2 /var/www/html/testCi4/vendor/codeigniter4/framework/system/CodeIgniter.php(404): CodeIgniter\CodeIgniter->runController(Object(App\Controllers\Admin\Login))
#3 /var/www/html/testCi4/vendor/codeigniter4/framework/system/CodeIgniter.php(312): CodeIgniter\CodeIgniter->handleRequest(NULL, Object(Config\Cache), false)
#4 /var/www/html/testCi4/public/index.php(45): CodeIgniter\CodeIgniter->run()
#5 /var/www/html/testCi4/vendor/codeigniter4/framework/system/Commands/Server/rewrite.php(34): require_once('/var/www/html/t...')
#6 {main}
CRITICAL - 2020-08-08 02:20:49 --> Undefined variable: msg
#0 /var/www/html/testCi4/app/Controllers/Admin/Login.php(40): CodeIgniter\Debug\Exceptions->errorHandler(8, 'Undefined varia...', '/var/www/html/t...', 40, Array)
#1 /var/www/html/testCi4/vendor/codeigniter4/framework/system/CodeIgniter.php(918): App\Controllers\Admin\Login->cek_login()
#2 /var/www/html/testCi4/vendor/codeigniter4/framework/system/CodeIgniter.php(404): CodeIgniter\CodeIgniter->runController(Object(App\Controllers\Admin\Login))
#3 /var/www/html/testCi4/vendor/codeigniter4/framework/system/CodeIgniter.php(312): CodeIgniter\CodeIgniter->handleRequest(NULL, Object(Config\Cache), false)
#4 /var/www/html/testCi4/public/index.php(45): CodeIgniter\CodeIgniter->run()
#5 /var/www/html/testCi4/vendor/codeigniter4/framework/system/Commands/Server/rewrite.php(34): require_once('/var/www/html/t...')
#6 {main}
CRITICAL - 2020-08-08 02:20:49 --> Undefined variable: msg
#0 /var/www/html/testCi4/app/Controllers/Admin/Login.php(40): CodeIgniter\Debug\Exceptions->errorHandler(8, 'Undefined varia...', '/var/www/html/t...', 40, Array)
#1 /var/www/html/testCi4/vendor/codeigniter4/framework/system/CodeIgniter.php(918): App\Controllers\Admin\Login->cek_login()
#2 /var/www/html/testCi4/vendor/codeigniter4/framework/system/CodeIgniter.php(404): CodeIgniter\CodeIgniter->runController(Object(App\Controllers\Admin\Login))
#3 /var/www/html/testCi4/vendor/codeigniter4/framework/system/CodeIgniter.php(312): CodeIgniter\CodeIgniter->handleRequest(NULL, Object(Config\Cache), false)
#4 /var/www/html/testCi4/public/index.php(45): CodeIgniter\CodeIgniter->run()
#5 /var/www/html/testCi4/vendor/codeigniter4/framework/system/Commands/Server/rewrite.php(34): require_once('/var/www/html/t...')
#6 {main}
CRITICAL - 2020-08-08 02:20:49 --> Undefined variable: msg
#0 /var/www/html/testCi4/app/Controllers/Admin/Login.php(40): CodeIgniter\Debug\Exceptions->errorHandler(8, 'Undefined varia...', '/var/www/html/t...', 40, Array)
#1 /var/www/html/testCi4/vendor/codeigniter4/framework/system/CodeIgniter.php(918): App\Controllers\Admin\Login->cek_login()
#2 /var/www/html/testCi4/vendor/codeigniter4/framework/system/CodeIgniter.php(404): CodeIgniter\CodeIgniter->runController(Object(App\Controllers\Admin\Login))
#3 /var/www/html/testCi4/vendor/codeigniter4/framework/system/CodeIgniter.php(312): CodeIgniter\CodeIgniter->handleRequest(NULL, Object(Config\Cache), false)
#4 /var/www/html/testCi4/public/index.php(45): CodeIgniter\CodeIgniter->run()
#5 /var/www/html/testCi4/vendor/codeigniter4/framework/system/Commands/Server/rewrite.php(34): require_once('/var/www/html/t...')
#6 {main}
CRITICAL - 2020-08-08 02:20:49 --> Undefined variable: msg
#0 /var/www/html/testCi4/app/Controllers/Admin/Login.php(40): CodeIgniter\Debug\Exceptions->errorHandler(8, 'Undefined varia...', '/var/www/html/t...', 40, Array)
#1 /var/www/html/testCi4/vendor/codeigniter4/framework/system/CodeIgniter.php(918): App\Controllers\Admin\Login->cek_login()
#2 /var/www/html/testCi4/vendor/codeigniter4/framework/system/CodeIgniter.php(404): CodeIgniter\CodeIgniter->runController(Object(App\Controllers\Admin\Login))
#3 /var/www/html/testCi4/vendor/codeigniter4/framework/system/CodeIgniter.php(312): CodeIgniter\CodeIgniter->handleRequest(NULL, Object(Config\Cache), false)
#4 /var/www/html/testCi4/public/index.php(45): CodeIgniter\CodeIgniter->run()
#5 /var/www/html/testCi4/vendor/codeigniter4/framework/system/Commands/Server/rewrite.php(34): require_once('/var/www/html/t...')
#6 {main}
CRITICAL - 2020-08-08 02:22:17 --> Undefined variable: msg
#0 /var/www/html/testCi4/app/Controllers/Admin/Login.php(40): CodeIgniter\Debug\Exceptions->errorHandler(8, 'Undefined varia...', '/var/www/html/t...', 40, Array)
#1 /var/www/html/testCi4/vendor/codeigniter4/framework/system/CodeIgniter.php(918): App\Controllers\Admin\Login->cek_login()
#2 /var/www/html/testCi4/vendor/codeigniter4/framework/system/CodeIgniter.php(404): CodeIgniter\CodeIgniter->runController(Object(App\Controllers\Admin\Login))
#3 /var/www/html/testCi4/vendor/codeigniter4/framework/system/CodeIgniter.php(312): CodeIgniter\CodeIgniter->handleRequest(NULL, Object(Config\Cache), false)
#4 /var/www/html/testCi4/public/index.php(45): CodeIgniter\CodeIgniter->run()
#5 /var/www/html/testCi4/vendor/codeigniter4/framework/system/Commands/Server/rewrite.php(34): require_once('/var/www/html/t...')
#6 {main}
CRITICAL - 2020-08-08 02:22:31 --> Undefined variable: msg
#0 /var/www/html/testCi4/app/Controllers/Admin/Login.php(41): CodeIgniter\Debug\Exceptions->errorHandler(8, 'Undefined varia...', '/var/www/html/t...', 41, Array)
#1 /var/www/html/testCi4/vendor/codeigniter4/framework/system/CodeIgniter.php(918): App\Controllers\Admin\Login->cek_login()
#2 /var/www/html/testCi4/vendor/codeigniter4/framework/system/CodeIgniter.php(404): CodeIgniter\CodeIgniter->runController(Object(App\Controllers\Admin\Login))
#3 /var/www/html/testCi4/vendor/codeigniter4/framework/system/CodeIgniter.php(312): CodeIgniter\CodeIgniter->handleRequest(NULL, Object(Config\Cache), false)
#4 /var/www/html/testCi4/public/index.php(45): CodeIgniter\CodeIgniter->run()
#5 /var/www/html/testCi4/vendor/codeigniter4/framework/system/Commands/Server/rewrite.php(34): require_once('/var/www/html/t...')
#6 {main}
CRITICAL - 2020-08-08 02:34:32 --> Undefined variable: msg
#0 /var/www/html/testCi4/app/Controllers/Admin/Login.php(38): CodeIgniter\Debug\Exceptions->errorHandler(8, 'Undefined varia...', '/var/www/html/t...', 38, Array)
#1 /var/www/html/testCi4/vendor/codeigniter4/framework/system/CodeIgniter.php(918): App\Controllers\Admin\Login->cek_login()
#2 /var/www/html/testCi4/vendor/codeigniter4/framework/system/CodeIgniter.php(404): CodeIgniter\CodeIgniter->runController(Object(App\Controllers\Admin\Login))
#3 /var/www/html/testCi4/vendor/codeigniter4/framework/system/CodeIgniter.php(312): CodeIgniter\CodeIgniter->handleRequest(NULL, Object(Config\Cache), false)
#4 /var/www/html/testCi4/public/index.php(45): CodeIgniter\CodeIgniter->run()
#5 /var/www/html/testCi4/vendor/codeigniter4/framework/system/Commands/Server/rewrite.php(34): require_once('/var/www/html/t...')
#6 {main}
CRITICAL - 2020-08-08 02:34:34 --> Undefined variable: msg
#0 /var/www/html/testCi4/app/Controllers/Admin/Login.php(38): CodeIgniter\Debug\Exceptions->errorHandler(8, 'Undefined varia...', '/var/www/html/t...', 38, Array)
#1 /var/www/html/testCi4/vendor/codeigniter4/framework/system/CodeIgniter.php(918): App\Controllers\Admin\Login->cek_login()
#2 /var/www/html/testCi4/vendor/codeigniter4/framework/system/CodeIgniter.php(404): CodeIgniter\CodeIgniter->runController(Object(App\Controllers\Admin\Login))
#3 /var/www/html/testCi4/vendor/codeigniter4/framework/system/CodeIgniter.php(312): CodeIgniter\CodeIgniter->handleRequest(NULL, Object(Config\Cache), false)
#4 /var/www/html/testCi4/public/index.php(45): CodeIgniter\CodeIgniter->run()
#5 /var/www/html/testCi4/vendor/codeigniter4/framework/system/Commands/Server/rewrite.php(34): require_once('/var/www/html/t...')
#6 {main}
CRITICAL - 2020-08-08 02:34:34 --> Undefined variable: msg
#0 /var/www/html/testCi4/app/Controllers/Admin/Login.php(38): CodeIgniter\Debug\Exceptions->errorHandler(8, 'Undefined varia...', '/var/www/html/t...', 38, Array)
#1 /var/www/html/testCi4/vendor/codeigniter4/framework/system/CodeIgniter.php(918): App\Controllers\Admin\Login->cek_login()
#2 /var/www/html/testCi4/vendor/codeigniter4/framework/system/CodeIgniter.php(404): CodeIgniter\CodeIgniter->runController(Object(App\Controllers\Admin\Login))
#3 /var/www/html/testCi4/vendor/codeigniter4/framework/system/CodeIgniter.php(312): CodeIgniter\CodeIgniter->handleRequest(NULL, Object(Config\Cache), false)
#4 /var/www/html/testCi4/public/index.php(45): CodeIgniter\CodeIgniter->run()
#5 /var/www/html/testCi4/vendor/codeigniter4/framework/system/Commands/Server/rewrite.php(34): require_once('/var/www/html/t...')
#6 {main}
CRITICAL - 2020-08-08 02:34:34 --> Undefined variable: msg
#0 /var/www/html/testCi4/app/Controllers/Admin/Login.php(38): CodeIgniter\Debug\Exceptions->errorHandler(8, 'Undefined varia...', '/var/www/html/t...', 38, Array)
#1 /var/www/html/testCi4/vendor/codeigniter4/framework/system/CodeIgniter.php(918): App\Controllers\Admin\Login->cek_login()
#2 /var/www/html/testCi4/vendor/codeigniter4/framework/system/CodeIgniter.php(404): CodeIgniter\CodeIgniter->runController(Object(App\Controllers\Admin\Login))
#3 /var/www/html/testCi4/vendor/codeigniter4/framework/system/CodeIgniter.php(312): CodeIgniter\CodeIgniter->handleRequest(NULL, Object(Config\Cache), false)
#4 /var/www/html/testCi4/public/index.php(45): CodeIgniter\CodeIgniter->run()
#5 /var/www/html/testCi4/vendor/codeigniter4/framework/system/Commands/Server/rewrite.php(34): require_once('/var/www/html/t...')
#6 {main}
CRITICAL - 2020-08-08 02:34:34 --> Undefined variable: msg
#0 /var/www/html/testCi4/app/Controllers/Admin/Login.php(38): CodeIgniter\Debug\Exceptions->errorHandler(8, 'Undefined varia...', '/var/www/html/t...', 38, Array)
#1 /var/www/html/testCi4/vendor/codeigniter4/framework/system/CodeIgniter.php(918): App\Controllers\Admin\Login->cek_login()
#2 /var/www/html/testCi4/vendor/codeigniter4/framework/system/CodeIgniter.php(404): CodeIgniter\CodeIgniter->runController(Object(App\Controllers\Admin\Login))
#3 /var/www/html/testCi4/vendor/codeigniter4/framework/system/CodeIgniter.php(312): CodeIgniter\CodeIgniter->handleRequest(NULL, Object(Config\Cache), false)
#4 /var/www/html/testCi4/public/index.php(45): CodeIgniter\CodeIgniter->run()
#5 /var/www/html/testCi4/vendor/codeigniter4/framework/system/Commands/Server/rewrite.php(34): require_once('/var/www/html/t...')
#6 {main}
CRITICAL - 2020-08-08 02:35:52 --> Undefined variable: msg
#0 /var/www/html/testCi4/app/Controllers/Admin/Login.php(38): CodeIgniter\Debug\Exceptions->errorHandler(8, 'Undefined varia...', '/var/www/html/t...', 38, Array)
#1 /var/www/html/testCi4/vendor/codeigniter4/framework/system/CodeIgniter.php(918): App\Controllers\Admin\Login->cek_login()
#2 /var/www/html/testCi4/vendor/codeigniter4/framework/system/CodeIgniter.php(404): CodeIgniter\CodeIgniter->runController(Object(App\Controllers\Admin\Login))
#3 /var/www/html/testCi4/vendor/codeigniter4/framework/system/CodeIgniter.php(312): CodeIgniter\CodeIgniter->handleRequest(NULL, Object(Config\Cache), false)
#4 /var/www/html/testCi4/public/index.php(45): CodeIgniter\CodeIgniter->run()
#5 /var/www/html/testCi4/vendor/codeigniter4/framework/system/Commands/Server/rewrite.php(34): require_once('/var/www/html/t...')
#6 {main}
CRITICAL - 2020-08-08 02:41:24 --> Undefined variable: msg
#0 /var/www/html/testCi4/app/Controllers/Admin/Login.php(46): CodeIgniter\Debug\Exceptions->errorHandler(8, 'Undefined varia...', '/var/www/html/t...', 46, Array)
#1 /var/www/html/testCi4/vendor/codeigniter4/framework/system/CodeIgniter.php(918): App\Controllers\Admin\Login->cek_login()
#2 /var/www/html/testCi4/vendor/codeigniter4/framework/system/CodeIgniter.php(404): CodeIgniter\CodeIgniter->runController(Object(App\Controllers\Admin\Login))
#3 /var/www/html/testCi4/vendor/codeigniter4/framework/system/CodeIgniter.php(312): CodeIgniter\CodeIgniter->handleRequest(NULL, Object(Config\Cache), false)
#4 /var/www/html/testCi4/public/index.php(45): CodeIgniter\CodeIgniter->run()
#5 /var/www/html/testCi4/vendor/codeigniter4/framework/system/Commands/Server/rewrite.php(34): require_once('/var/www/html/t...')
#6 {main}
CRITICAL - 2020-08-08 02:41:26 --> Undefined variable: msg
#0 /var/www/html/testCi4/app/Controllers/Admin/Login.php(46): CodeIgniter\Debug\Exceptions->errorHandler(8, 'Undefined varia...', '/var/www/html/t...', 46, Array)
#1 /var/www/html/testCi4/vendor/codeigniter4/framework/system/CodeIgniter.php(918): App\Controllers\Admin\Login->cek_login()
#2 /var/www/html/testCi4/vendor/codeigniter4/framework/system/CodeIgniter.php(404): CodeIgniter\CodeIgniter->runController(Object(App\Controllers\Admin\Login))
#3 /var/www/html/testCi4/vendor/codeigniter4/framework/system/CodeIgniter.php(312): CodeIgniter\CodeIgniter->handleRequest(NULL, Object(Config\Cache), false)
#4 /var/www/html/testCi4/public/index.php(45): CodeIgniter\CodeIgniter->run()
#5 /var/www/html/testCi4/vendor/codeigniter4/framework/system/Commands/Server/rewrite.php(34): require_once('/var/www/html/t...')
#6 {main}
CRITICAL - 2020-08-08 02:54:45 --> Undefined variable: msg
#0 /var/www/html/testCi4/app/Controllers/Admin/Login.php(40): CodeIgniter\Debug\Exceptions->errorHandler(8, 'Undefined varia...', '/var/www/html/t...', 40, Array)
#1 /var/www/html/testCi4/vendor/codeigniter4/framework/system/CodeIgniter.php(918): App\Controllers\Admin\Login->cek_login()
#2 /var/www/html/testCi4/vendor/codeigniter4/framework/system/CodeIgniter.php(404): CodeIgniter\CodeIgniter->runController(Object(App\Controllers\Admin\Login))
#3 /var/www/html/testCi4/vendor/codeigniter4/framework/system/CodeIgniter.php(312): CodeIgniter\CodeIgniter->handleRequest(NULL, Object(Config\Cache), false)
#4 /var/www/html/testCi4/public/index.php(45): CodeIgniter\CodeIgniter->run()
#5 /var/www/html/testCi4/vendor/codeigniter4/framework/system/Commands/Server/rewrite.php(34): require_once('/var/www/html/t...')
#6 {main}
CRITICAL - 2020-08-08 02:54:47 --> Undefined variable: msg
#0 /var/www/html/testCi4/app/Controllers/Admin/Login.php(40): CodeIgniter\Debug\Exceptions->errorHandler(8, 'Undefined varia...', '/var/www/html/t...', 40, Array)
#1 /var/www/html/testCi4/vendor/codeigniter4/framework/system/CodeIgniter.php(918): App\Controllers\Admin\Login->cek_login()
#2 /var/www/html/testCi4/vendor/codeigniter4/framework/system/CodeIgniter.php(404): CodeIgniter\CodeIgniter->runController(Object(App\Controllers\Admin\Login))
#3 /var/www/html/testCi4/vendor/codeigniter4/framework/system/CodeIgniter.php(312): CodeIgniter\CodeIgniter->handleRequest(NULL, Object(Config\Cache), false)
#4 /var/www/html/testCi4/public/index.php(45): CodeIgniter\CodeIgniter->run()
#5 /var/www/html/testCi4/vendor/codeigniter4/framework/system/Commands/Server/rewrite.php(34): require_once('/var/www/html/t...')
#6 {main}
CRITICAL - 2020-08-08 02:54:47 --> Undefined variable: msg
#0 /var/www/html/testCi4/app/Controllers/Admin/Login.php(40): CodeIgniter\Debug\Exceptions->errorHandler(8, 'Undefined varia...', '/var/www/html/t...', 40, Array)
#1 /var/www/html/testCi4/vendor/codeigniter4/framework/system/CodeIgniter.php(918): App\Controllers\Admin\Login->cek_login()
#2 /var/www/html/testCi4/vendor/codeigniter4/framework/system/CodeIgniter.php(404): CodeIgniter\CodeIgniter->runController(Object(App\Controllers\Admin\Login))
#3 /var/www/html/testCi4/vendor/codeigniter4/framework/system/CodeIgniter.php(312): CodeIgniter\CodeIgniter->handleRequest(NULL, Object(Config\Cache), false)
#4 /var/www/html/testCi4/public/index.php(45): CodeIgniter\CodeIgniter->run()
#5 /var/www/html/testCi4/vendor/codeigniter4/framework/system/Commands/Server/rewrite.php(34): require_once('/var/www/html/t...')
#6 {main}
CRITICAL - 2020-08-08 02:54:47 --> Undefined variable: msg
#0 /var/www/html/testCi4/app/Controllers/Admin/Login.php(40): CodeIgniter\Debug\Exceptions->errorHandler(8, 'Undefined varia...', '/var/www/html/t...', 40, Array)
#1 /var/www/html/testCi4/vendor/codeigniter4/framework/system/CodeIgniter.php(918): App\Controllers\Admin\Login->cek_login()
#2 /var/www/html/testCi4/vendor/codeigniter4/framework/system/CodeIgniter.php(404): CodeIgniter\CodeIgniter->runController(Object(App\Controllers\Admin\Login))
#3 /var/www/html/testCi4/vendor/codeigniter4/framework/system/CodeIgniter.php(312): CodeIgniter\CodeIgniter->handleRequest(NULL, Object(Config\Cache), false)
#4 /var/www/html/testCi4/public/index.php(45): CodeIgniter\CodeIgniter->run()
#5 /var/www/html/testCi4/vendor/codeigniter4/framework/system/Commands/Server/rewrite.php(34): require_once('/var/www/html/t...')
#6 {main}
CRITICAL - 2020-08-08 02:54:47 --> Undefined variable: msg
#0 /var/www/html/testCi4/app/Controllers/Admin/Login.php(40): CodeIgniter\Debug\Exceptions->errorHandler(8, 'Undefined varia...', '/var/www/html/t...', 40, Array)
#1 /var/www/html/testCi4/vendor/codeigniter4/framework/system/CodeIgniter.php(918): App\Controllers\Admin\Login->cek_login()
#2 /var/www/html/testCi4/vendor/codeigniter4/framework/system/CodeIgniter.php(404): CodeIgniter\CodeIgniter->runController(Object(App\Controllers\Admin\Login))
#3 /var/www/html/testCi4/vendor/codeigniter4/framework/system/CodeIgniter.php(312): CodeIgniter\CodeIgniter->handleRequest(NULL, Object(Config\Cache), false)
#4 /var/www/html/testCi4/public/index.php(45): CodeIgniter\CodeIgniter->run()
#5 /var/www/html/testCi4/vendor/codeigniter4/framework/system/Commands/Server/rewrite.php(34): require_once('/var/www/html/t...')
#6 {main}
CRITICAL - 2020-08-08 02:55:43 --> Undefined variable: msg
#0 /var/www/html/testCi4/app/Controllers/Admin/Login.php(41): CodeIgniter\Debug\Exceptions->errorHandler(8, 'Undefined varia...', '/var/www/html/t...', 41, Array)
#1 /var/www/html/testCi4/vendor/codeigniter4/framework/system/CodeIgniter.php(918): App\Controllers\Admin\Login->cek_login()
#2 /var/www/html/testCi4/vendor/codeigniter4/framework/system/CodeIgniter.php(404): CodeIgniter\CodeIgniter->runController(Object(App\Controllers\Admin\Login))
#3 /var/www/html/testCi4/vendor/codeigniter4/framework/system/CodeIgniter.php(312): CodeIgniter\CodeIgniter->handleRequest(NULL, Object(Config\Cache), false)
#4 /var/www/html/testCi4/public/index.php(45): CodeIgniter\CodeIgniter->run()
#5 /var/www/html/testCi4/vendor/codeigniter4/framework/system/Commands/Server/rewrite.php(34): require_once('/var/www/html/t...')
#6 {main}
CRITICAL - 2020-08-08 02:55:43 --> Undefined variable: msg
#0 /var/www/html/testCi4/app/Controllers/Admin/Login.php(41): CodeIgniter\Debug\Exceptions->errorHandler(8, 'Undefined varia...', '/var/www/html/t...', 41, Array)
#1 /var/www/html/testCi4/vendor/codeigniter4/framework/system/CodeIgniter.php(918): App\Controllers\Admin\Login->cek_login()
#2 /var/www/html/testCi4/vendor/codeigniter4/framework/system/CodeIgniter.php(404): CodeIgniter\CodeIgniter->runController(Object(App\Controllers\Admin\Login))
#3 /var/www/html/testCi4/vendor/codeigniter4/framework/system/CodeIgniter.php(312): CodeIgniter\CodeIgniter->handleRequest(NULL, Object(Config\Cache), false)
#4 /var/www/html/testCi4/public/index.php(45): CodeIgniter\CodeIgniter->run()
#5 /var/www/html/testCi4/vendor/codeigniter4/framework/system/Commands/Server/rewrite.php(34): require_once('/var/www/html/t...')
#6 {main}
CRITICAL - 2020-08-08 02:55:44 --> Undefined variable: msg
#0 /var/www/html/testCi4/app/Controllers/Admin/Login.php(41): CodeIgniter\Debug\Exceptions->errorHandler(8, 'Undefined varia...', '/var/www/html/t...', 41, Array)
#1 /var/www/html/testCi4/vendor/codeigniter4/framework/system/CodeIgniter.php(918): App\Controllers\Admin\Login->cek_login()
#2 /var/www/html/testCi4/vendor/codeigniter4/framework/system/CodeIgniter.php(404): CodeIgniter\CodeIgniter->runController(Object(App\Controllers\Admin\Login))
#3 /var/www/html/testCi4/vendor/codeigniter4/framework/system/CodeIgniter.php(312): CodeIgniter\CodeIgniter->handleRequest(NULL, Object(Config\Cache), false)
#4 /var/www/html/testCi4/public/index.php(45): CodeIgniter\CodeIgniter->run()
#5 /var/www/html/testCi4/vendor/codeigniter4/framework/system/Commands/Server/rewrite.php(34): require_once('/var/www/html/t...')
#6 {main}
CRITICAL - 2020-08-08 02:55:45 --> Undefined variable: msg
#0 /var/www/html/testCi4/app/Controllers/Admin/Login.php(41): CodeIgniter\Debug\Exceptions->errorHandler(8, 'Undefined varia...', '/var/www/html/t...', 41, Array)
#1 /var/www/html/testCi4/vendor/codeigniter4/framework/system/CodeIgniter.php(918): App\Controllers\Admin\Login->cek_login()
#2 /var/www/html/testCi4/vendor/codeigniter4/framework/system/CodeIgniter.php(404): CodeIgniter\CodeIgniter->runController(Object(App\Controllers\Admin\Login))
#3 /var/www/html/testCi4/vendor/codeigniter4/framework/system/CodeIgniter.php(312): CodeIgniter\CodeIgniter->handleRequest(NULL, Object(Config\Cache), false)
#4 /var/www/html/testCi4/public/index.php(45): CodeIgniter\CodeIgniter->run()
#5 /var/www/html/testCi4/vendor/codeigniter4/framework/system/Commands/Server/rewrite.php(34): require_once('/var/www/html/t...')
#6 {main}
CRITICAL - 2020-08-08 02:55:45 --> Undefined variable: msg
#0 /var/www/html/testCi4/app/Controllers/Admin/Login.php(41): CodeIgniter\Debug\Exceptions->errorHandler(8, 'Undefined varia...', '/var/www/html/t...', 41, Array)
#1 /var/www/html/testCi4/vendor/codeigniter4/framework/system/CodeIgniter.php(918): App\Controllers\Admin\Login->cek_login()
#2 /var/www/html/testCi4/vendor/codeigniter4/framework/system/CodeIgniter.php(404): CodeIgniter\CodeIgniter->runController(Object(App\Controllers\Admin\Login))
#3 /var/www/html/testCi4/vendor/codeigniter4/framework/system/CodeIgniter.php(312): CodeIgniter\CodeIgniter->handleRequest(NULL, Object(Config\Cache), false)
#4 /var/www/html/testCi4/public/index.php(45): CodeIgniter\CodeIgniter->run()
#5 /var/www/html/testCi4/vendor/codeigniter4/framework/system/Commands/Server/rewrite.php(34): require_once('/var/www/html/t...')
#6 {main}
CRITICAL - 2020-08-08 02:55:45 --> Undefined variable: msg
#0 /var/www/html/testCi4/app/Controllers/Admin/Login.php(41): CodeIgniter\Debug\Exceptions->errorHandler(8, 'Undefined varia...', '/var/www/html/t...', 41, Array)
#1 /var/www/html/testCi4/vendor/codeigniter4/framework/system/CodeIgniter.php(918): App\Controllers\Admin\Login->cek_login()
#2 /var/www/html/testCi4/vendor/codeigniter4/framework/system/CodeIgniter.php(404): CodeIgniter\CodeIgniter->runController(Object(App\Controllers\Admin\Login))
#3 /var/www/html/testCi4/vendor/codeigniter4/framework/system/CodeIgniter.php(312): CodeIgniter\CodeIgniter->handleRequest(NULL, Object(Config\Cache), false)
#4 /var/www/html/testCi4/public/index.php(45): CodeIgniter\CodeIgniter->run()
#5 /var/www/html/testCi4/vendor/codeigniter4/framework/system/Commands/Server/rewrite.php(34): require_once('/var/www/html/t...')
#6 {main}
CRITICAL - 2020-08-08 12:34:27 --> Undefined variable: msg
#0 /var/www/html/testCi4/app/Controllers/Admin/Login.php(38): CodeIgniter\Debug\Exceptions->errorHandler(8, 'Undefined varia...', '/var/www/html/t...', 38, Array)
#1 /var/www/html/testCi4/vendor/codeigniter4/framework/system/CodeIgniter.php(918): App\Controllers\Admin\Login->cek_login()
#2 /var/www/html/testCi4/vendor/codeigniter4/framework/system/CodeIgniter.php(404): CodeIgniter\CodeIgniter->runController(Object(App\Controllers\Admin\Login))
#3 /var/www/html/testCi4/vendor/codeigniter4/framework/system/CodeIgniter.php(312): CodeIgniter\CodeIgniter->handleRequest(NULL, Object(Config\Cache), false)
#4 /var/www/html/testCi4/public/index.php(45): CodeIgniter\CodeIgniter->run()
#5 /var/www/html/testCi4/vendor/codeigniter4/framework/system/Commands/Server/rewrite.php(34): require_once('/var/www/html/t...')
#6 {main}
CRITICAL - 2020-08-08 12:34:28 --> Undefined variable: msg
#0 /var/www/html/testCi4/app/Controllers/Admin/Login.php(38): CodeIgniter\Debug\Exceptions->errorHandler(8, 'Undefined varia...', '/var/www/html/t...', 38, Array)
#1 /var/www/html/testCi4/vendor/codeigniter4/framework/system/CodeIgniter.php(918): App\Controllers\Admin\Login->cek_login()
#2 /var/www/html/testCi4/vendor/codeigniter4/framework/system/CodeIgniter.php(404): CodeIgniter\CodeIgniter->runController(Object(App\Controllers\Admin\Login))
#3 /var/www/html/testCi4/vendor/codeigniter4/framework/system/CodeIgniter.php(312): CodeIgniter\CodeIgniter->handleRequest(NULL, Object(Config\Cache), false)
#4 /var/www/html/testCi4/public/index.php(45): CodeIgniter\CodeIgniter->run()
#5 /var/www/html/testCi4/vendor/codeigniter4/framework/system/Commands/Server/rewrite.php(34): require_once('/var/www/html/t...')
#6 {main}
CRITICAL - 2020-08-08 12:35:15 --> Undefined variable: msg
#0 /var/www/html/testCi4/app/Controllers/Admin/Login.php(37): CodeIgniter\Debug\Exceptions->errorHandler(8, 'Undefined varia...', '/var/www/html/t...', 37, Array)
#1 /var/www/html/testCi4/vendor/codeigniter4/framework/system/CodeIgniter.php(918): App\Controllers\Admin\Login->cek_login()
#2 /var/www/html/testCi4/vendor/codeigniter4/framework/system/CodeIgniter.php(404): CodeIgniter\CodeIgniter->runController(Object(App\Controllers\Admin\Login))
#3 /var/www/html/testCi4/vendor/codeigniter4/framework/system/CodeIgniter.php(312): CodeIgniter\CodeIgniter->handleRequest(NULL, Object(Config\Cache), false)
#4 /var/www/html/testCi4/public/index.php(45): CodeIgniter\CodeIgniter->run()
#5 /var/www/html/testCi4/vendor/codeigniter4/framework/system/Commands/Server/rewrite.php(34): require_once('/var/www/html/t...')
#6 {main}
CRITICAL - 2020-08-08 12:35:29 --> Undefined variable: msg
#0 /var/www/html/testCi4/app/Controllers/Admin/Login.php(37): CodeIgniter\Debug\Exceptions->errorHandler(8, 'Undefined varia...', '/var/www/html/t...', 37, Array)
#1 /var/www/html/testCi4/vendor/codeigniter4/framework/system/CodeIgniter.php(918): App\Controllers\Admin\Login->cek_login()
#2 /var/www/html/testCi4/vendor/codeigniter4/framework/system/CodeIgniter.php(404): CodeIgniter\CodeIgniter->runController(Object(App\Controllers\Admin\Login))
#3 /var/www/html/testCi4/vendor/codeigniter4/framework/system/CodeIgniter.php(312): CodeIgniter\CodeIgniter->handleRequest(NULL, Object(Config\Cache), false)
#4 /var/www/html/testCi4/public/index.php(45): CodeIgniter\CodeIgniter->run()
#5 /var/www/html/testCi4/vendor/codeigniter4/framework/system/Commands/Server/rewrite.php(34): require_once('/var/www/html/t...')
#6 {main}
CRITICAL - 2020-08-08 12:35:29 --> Undefined variable: msg
#0 /var/www/html/testCi4/app/Controllers/Admin/Login.php(37): CodeIgniter\Debug\Exceptions->errorHandler(8, 'Undefined varia...', '/var/www/html/t...', 37, Array)
#1 /var/www/html/testCi4/vendor/codeigniter4/framework/system/CodeIgniter.php(918): App\Controllers\Admin\Login->cek_login()
#2 /var/www/html/testCi4/vendor/codeigniter4/framework/system/CodeIgniter.php(404): CodeIgniter\CodeIgniter->runController(Object(App\Controllers\Admin\Login))
#3 /var/www/html/testCi4/vendor/codeigniter4/framework/system/CodeIgniter.php(312): CodeIgniter\CodeIgniter->handleRequest(NULL, Object(Config\Cache), false)
#4 /var/www/html/testCi4/public/index.php(45): CodeIgniter\CodeIgniter->run()
#5 /var/www/html/testCi4/vendor/codeigniter4/framework/system/Commands/Server/rewrite.php(34): require_once('/var/www/html/t...')
#6 {main}
CRITICAL - 2020-08-08 12:35:30 --> Undefined variable: msg
#0 /var/www/html/testCi4/app/Controllers/Admin/Login.php(37): CodeIgniter\Debug\Exceptions->errorHandler(8, 'Undefined varia...', '/var/www/html/t...', 37, Array)
#1 /var/www/html/testCi4/vendor/codeigniter4/framework/system/CodeIgniter.php(918): App\Controllers\Admin\Login->cek_login()
#2 /var/www/html/testCi4/vendor/codeigniter4/framework/system/CodeIgniter.php(404): CodeIgniter\CodeIgniter->runController(Object(App\Controllers\Admin\Login))
#3 /var/www/html/testCi4/vendor/codeigniter4/framework/system/CodeIgniter.php(312): CodeIgniter\CodeIgniter->handleRequest(NULL, Object(Config\Cache), false)
#4 /var/www/html/testCi4/public/index.php(45): CodeIgniter\CodeIgniter->run()
#5 /var/www/html/testCi4/vendor/codeigniter4/framework/system/Commands/Server/rewrite.php(34): require_once('/var/www/html/t...')
#6 {main}
CRITICAL - 2020-08-08 12:35:30 --> Undefined variable: msg
#0 /var/www/html/testCi4/app/Controllers/Admin/Login.php(37): CodeIgniter\Debug\Exceptions->errorHandler(8, 'Undefined varia...', '/var/www/html/t...', 37, Array)
#1 /var/www/html/testCi4/vendor/codeigniter4/framework/system/CodeIgniter.php(918): App\Controllers\Admin\Login->cek_login()
#2 /var/www/html/testCi4/vendor/codeigniter4/framework/system/CodeIgniter.php(404): CodeIgniter\CodeIgniter->runController(Object(App\Controllers\Admin\Login))
#3 /var/www/html/testCi4/vendor/codeigniter4/framework/system/CodeIgniter.php(312): CodeIgniter\CodeIgniter->handleRequest(NULL, Object(Config\Cache), false)
#4 /var/www/html/testCi4/public/index.php(45): CodeIgniter\CodeIgniter->run()
#5 /var/www/html/testCi4/vendor/codeigniter4/framework/system/Commands/Server/rewrite.php(34): require_once('/var/www/html/t...')
#6 {main}
CRITICAL - 2020-08-08 12:35:30 --> Undefined variable: msg
#0 /var/www/html/testCi4/app/Controllers/Admin/Login.php(37): CodeIgniter\Debug\Exceptions->errorHandler(8, 'Undefined varia...', '/var/www/html/t...', 37, Array)
#1 /var/www/html/testCi4/vendor/codeigniter4/framework/system/CodeIgniter.php(918): App\Controllers\Admin\Login->cek_login()
#2 /var/www/html/testCi4/vendor/codeigniter4/framework/system/CodeIgniter.php(404): CodeIgniter\CodeIgniter->runController(Object(App\Controllers\Admin\Login))
#3 /var/www/html/testCi4/vendor/codeigniter4/framework/system/CodeIgniter.php(312): CodeIgniter\CodeIgniter->handleRequest(NULL, Object(Config\Cache), false)
#4 /var/www/html/testCi4/public/index.php(45): CodeIgniter\CodeIgniter->run()
#5 /var/www/html/testCi4/vendor/codeigniter4/framework/system/Commands/Server/rewrite.php(34): require_once('/var/www/html/t...')
#6 {main}
CRITICAL - 2020-08-08 12:41:25 --> syntax error, unexpected '}'
#0 /var/www/html/testCi4/vendor/codeigniter4/framework/system/Router/Router.php(195): CodeIgniter\Router\Router->autoRoute('Admin/login/log...')
#1 /var/www/html/testCi4/vendor/codeigniter4/framework/system/CodeIgniter.php(793): CodeIgniter\Router\Router->handle('Admin/login/log...')
#2 /var/www/html/testCi4/vendor/codeigniter4/framework/system/CodeIgniter.php(364): CodeIgniter\CodeIgniter->tryToRouteIt(Object(CodeIgniter\Router\RouteCollection))
#3 /var/www/html/testCi4/vendor/codeigniter4/framework/system/CodeIgniter.php(312): CodeIgniter\CodeIgniter->handleRequest(NULL, Object(Config\Cache), false)
#4 /var/www/html/testCi4/public/index.php(45): CodeIgniter\CodeIgniter->run()
#5 /var/www/html/testCi4/vendor/codeigniter4/framework/system/Commands/Server/rewrite.php(34): require_once('/var/www/html/t...')
#6 {main}
CRITICAL - 2020-08-08 13:53:25 --> syntax error, unexpected '}'
#0 /var/www/html/testCi4/vendor/codeigniter4/framework/system/Router/Router.php(195): CodeIgniter\Router\Router->autoRoute('Admin/login/cek...')
#1 /var/www/html/testCi4/vendor/codeigniter4/framework/system/CodeIgniter.php(793): CodeIgniter\Router\Router->handle('Admin/login/cek...')
#2 /var/www/html/testCi4/vendor/codeigniter4/framework/system/CodeIgniter.php(364): CodeIgniter\CodeIgniter->tryToRouteIt(Object(CodeIgniter\Router\RouteCollection))
#3 /var/www/html/testCi4/vendor/codeigniter4/framework/system/CodeIgniter.php(312): CodeIgniter\CodeIgniter->handleRequest(NULL, Object(Config\Cache), false)
#4 /var/www/html/testCi4/public/index.php(45): CodeIgniter\CodeIgniter->run()
#5 /var/www/html/testCi4/vendor/codeigniter4/framework/system/Commands/Server/rewrite.php(34): require_once('/var/www/html/t...')
#6 {main}
CRITICAL - 2020-08-08 13:53:27 --> syntax error, unexpected '}'
#0 /var/www/html/testCi4/vendor/codeigniter4/framework/system/Autoloader/Autoloader.php(296): CodeIgniter\Autoloader\Autoloader->requireFile('/var/www/html/t...')
#1 /var/www/html/testCi4/vendor/codeigniter4/framework/system/Autoloader/Autoloader.php(258): CodeIgniter\Autoloader\Autoloader->loadInNamespace('App\\Controllers...')
#2 [internal function]: CodeIgniter\Autoloader\Autoloader->loadClass('App\\Controllers...')
#3 [internal function]: spl_autoload_call('App\\Controllers...')
#4 /var/www/html/testCi4/vendor/codeigniter4/framework/system/CodeIgniter.php(869): class_exists('\\App\\Controller...', true)
#5 /var/www/html/testCi4/vendor/codeigniter4/framework/system/CodeIgniter.php(394): CodeIgniter\CodeIgniter->startController()
#6 /var/www/html/testCi4/vendor/codeigniter4/framework/system/CodeIgniter.php(312): CodeIgniter\CodeIgniter->handleRequest(NULL, Object(Config\Cache), false)
#7 /var/www/html/testCi4/public/index.php(45): CodeIgniter\CodeIgniter->run()
#8 /var/www/html/testCi4/vendor/codeigniter4/framework/system/Commands/Server/rewrite.php(34): require_once('/var/www/html/t...')
#9 {main}
CRITICAL - 2020-08-08 13:53:48 --> syntax error, unexpected '}'
#0 /var/www/html/testCi4/vendor/codeigniter4/framework/system/Autoloader/Autoloader.php(296): CodeIgniter\Autoloader\Autoloader->requireFile('/var/www/html/t...')
#1 /var/www/html/testCi4/vendor/codeigniter4/framework/system/Autoloader/Autoloader.php(258): CodeIgniter\Autoloader\Autoloader->loadInNamespace('App\\Controllers...')
#2 [internal function]: CodeIgniter\Autoloader\Autoloader->loadClass('App\\Controllers...')
#3 [internal function]: spl_autoload_call('App\\Controllers...')
#4 /var/www/html/testCi4/vendor/codeigniter4/framework/system/CodeIgniter.php(869): class_exists('\\App\\Controller...', true)
#5 /var/www/html/testCi4/vendor/codeigniter4/framework/system/CodeIgniter.php(394): CodeIgniter\CodeIgniter->startController()
#6 /var/www/html/testCi4/vendor/codeigniter4/framework/system/CodeIgniter.php(312): CodeIgniter\CodeIgniter->handleRequest(NULL, Object(Config\Cache), false)
#7 /var/www/html/testCi4/public/index.php(45): CodeIgniter\CodeIgniter->run()
#8 /var/www/html/testCi4/vendor/codeigniter4/framework/system/Commands/Server/rewrite.php(34): require_once('/var/www/html/t...')
#9 {main}
CRITICAL - 2020-08-08 20:39:17 --> Invalid file: admin/banner/v_banner.php
#0 /var/www/html/testCi4/vendor/codeigniter4/framework/system/View/View.php(228): CodeIgniter\Exceptions\FrameworkException::forInvalidFile('admin/banner/v_...')
#1 /var/www/html/testCi4/vendor/codeigniter4/framework/system/Common.php(1119): CodeIgniter\View\View->render('admin/banner/v_...', Array, true)
#2 /var/www/html/testCi4/app/Views/admin/layout/v_content.php(3): view('admin/banner/v_...')
#3 /var/www/html/testCi4/vendor/codeigniter4/framework/system/View/View.php(246): include('/var/www/html/t...')
#4 /var/www/html/testCi4/vendor/codeigniter4/framework/system/Common.php(1119): CodeIgniter\View\View->render('admin/layout/v_...', Array, true)
#5 /var/www/html/testCi4/app/Views/admin/layout/v_wrapper.php(5): view('admin/layout/v_...')
#6 /var/www/html/testCi4/vendor/codeigniter4/framework/system/View/View.php(246): include('/var/www/html/t...')
#7 /var/www/html/testCi4/vendor/codeigniter4/framework/system/Common.php(1119): CodeIgniter\View\View->render('admin/layout/v_...', Array, true)
#8 /var/www/html/testCi4/app/Controllers/Admin/Banner.php(19): view('admin/layout/v_...', Array)
#9 /var/www/html/testCi4/vendor/codeigniter4/framework/system/CodeIgniter.php(918): App\Controllers\Admin\Banner->index()
#10 /var/www/html/testCi4/vendor/codeigniter4/framework/system/CodeIgniter.php(404): CodeIgniter\CodeIgniter->runController(Object(App\Controllers\Admin\Banner))
#11 /var/www/html/testCi4/vendor/codeigniter4/framework/system/CodeIgniter.php(312): CodeIgniter\CodeIgniter->handleRequest(NULL, Object(Config\Cache), false)
#12 /var/www/html/testCi4/public/index.php(45): CodeIgniter\CodeIgniter->run()
#13 /var/www/html/testCi4/vendor/codeigniter4/framework/system/Commands/Server/rewrite.php(34): require_once('/var/www/html/t...')
#14 {main}
CRITICAL - 2020-08-08 21:30:13 --> Undefined index: gender
#0 /var/www/html/testCi4/app/Views/admin/product/v_table.php(21): CodeIgniter\Debug\Exceptions->errorHandler(8, 'Undefined index...', '/var/www/html/t...', 21, Array)
#1 /var/www/html/testCi4/vendor/codeigniter4/framework/system/View/View.php(246): include('/var/www/html/t...')
#2 /var/www/html/testCi4/vendor/codeigniter4/framework/system/Common.php(1119): CodeIgniter\View\View->render('admin/product/v...', Array, true)
#3 /var/www/html/testCi4/app/Controllers/Admin/Product.php(29): view('admin/product/v...', Array)
#4 /var/www/html/testCi4/vendor/codeigniter4/framework/system/CodeIgniter.php(918): App\Controllers\Admin\Product->ambildata()
#5 /var/www/html/testCi4/vendor/codeigniter4/framework/system/CodeIgniter.php(404): CodeIgniter\CodeIgniter->runController(Object(App\Controllers\Admin\Product))
#6 /var/www/html/testCi4/vendor/codeigniter4/framework/system/CodeIgniter.php(312): CodeIgniter\CodeIgniter->handleRequest(NULL, Object(Config\Cache), false)
#7 /var/www/html/testCi4/public/index.php(45): CodeIgniter\CodeIgniter->run()
#8 /var/www/html/testCi4/vendor/codeigniter4/framework/system/Commands/Server/rewrite.php(34): require_once('/var/www/html/t...')
#9 {main}
CRITICAL - 2020-08-08 21:33:01 --> Undefined index: name
#0 /var/www/html/testCi4/app/Views/admin/product/v_table.php(24): CodeIgniter\Debug\Exceptions->errorHandler(8, 'Undefined index...', '/var/www/html/t...', 24, Array)
#1 /var/www/html/testCi4/vendor/codeigniter4/framework/system/View/View.php(246): include('/var/www/html/t...')
#2 /var/www/html/testCi4/vendor/codeigniter4/framework/system/Common.php(1119): CodeIgniter\View\View->render('admin/product/v...', Array, true)
#3 /var/www/html/testCi4/app/Controllers/Admin/Product.php(29): view('admin/product/v...', Array)
#4 /var/www/html/testCi4/vendor/codeigniter4/framework/system/CodeIgniter.php(918): App\Controllers\Admin\Product->ambildata()
#5 /var/www/html/testCi4/vendor/codeigniter4/framework/system/CodeIgniter.php(404): CodeIgniter\CodeIgniter->runController(Object(App\Controllers\Admin\Product))
#6 /var/www/html/testCi4/vendor/codeigniter4/framework/system/CodeIgniter.php(312): CodeIgniter\CodeIgniter->handleRequest(NULL, Object(Config\Cache), false)
#7 /var/www/html/testCi4/public/index.php(45): CodeIgniter\CodeIgniter->run()
#8 /var/www/html/testCi4/vendor/codeigniter4/framework/system/Commands/Server/rewrite.php(34): require_once('/var/www/html/t...')
#9 {main}
CRITICAL - 2020-08-08 21:33:06 --> Undefined index: name
#0 /var/www/html/testCi4/app/Views/admin/product/v_table.php(24): CodeIgniter\Debug\Exceptions->errorHandler(8, 'Undefined index...', '/var/www/html/t...', 24, Array)
#1 /var/www/html/testCi4/vendor/codeigniter4/framework/system/View/View.php(246): include('/var/www/html/t...')
#2 /var/www/html/testCi4/vendor/codeigniter4/framework/system/Common.php(1119): CodeIgniter\View\View->render('admin/product/v...', Array, true)
#3 /var/www/html/testCi4/app/Controllers/Admin/Product.php(29): view('admin/product/v...', Array)
#4 /var/www/html/testCi4/vendor/codeigniter4/framework/system/CodeIgniter.php(918): App\Controllers\Admin\Product->ambildata()
#5 /var/www/html/testCi4/vendor/codeigniter4/framework/system/CodeIgniter.php(404): CodeIgniter\CodeIgniter->runController(Object(App\Controllers\Admin\Product))
#6 /var/www/html/testCi4/vendor/codeigniter4/framework/system/CodeIgniter.php(312): CodeIgniter\CodeIgniter->handleRequest(NULL, Object(Config\Cache), false)
#7 /var/www/html/testCi4/public/index.php(45): CodeIgniter\CodeIgniter->run()
#8 /var/www/html/testCi4/vendor/codeigniter4/framework/system/Commands/Server/rewrite.php(34): require_once('/var/www/html/t...')
#9 {main}
