CRITICAL - 2020-07-22 02:00:07 --> Invalid file: welcome_messages.php
#0 /var/www/html/projectCi/vendor/codeigniter4/framework/system/View/View.php(228): CodeIgniter\Exceptions\FrameworkException::forInvalidFile('welcome_message...')
#1 /var/www/html/projectCi/vendor/codeigniter4/framework/system/Common.php(1119): CodeIgniter\View\View->render('welcome_message...', Array, true)
#2 /var/www/html/projectCi/app/Controllers/Home.php(7): view('welcome_message...')
#3 /var/www/html/projectCi/vendor/codeigniter4/framework/system/CodeIgniter.php(918): App\Controllers\Home->index()
#4 /var/www/html/projectCi/vendor/codeigniter4/framework/system/CodeIgniter.php(404): CodeIgniter\CodeIgniter->runController(Object(App\Controllers\Home))
#5 /var/www/html/projectCi/vendor/codeigniter4/framework/system/CodeIgniter.php(312): CodeIgniter\CodeIgniter->handleRequest(NULL, Object(Config\Cache), false)
#6 /var/www/html/projectCi/public/index.php(45): CodeIgniter\CodeIgniter->run()
#7 /var/www/html/projectCi/vendor/codeigniter4/framework/system/Commands/Server/rewrite.php(34): require_once('/var/www/html/p...')
#8 {main}
CRITICAL - 2020-07-22 02:07:38 --> Undefined variable: nama
#0 /var/www/html/projectCi/app/Controllers/Coba.php(12): CodeIgniter\Debug\Exceptions->errorHandler(8, 'Undefined varia...', '/var/www/html/p...', 12, Array)
#1 /var/www/html/projectCi/vendor/codeigniter4/framework/system/CodeIgniter.php(918): App\Controllers\Coba->about()
#2 /var/www/html/projectCi/vendor/codeigniter4/framework/system/CodeIgniter.php(404): CodeIgniter\CodeIgniter->runController(Object(App\Controllers\Coba))
#3 /var/www/html/projectCi/vendor/codeigniter4/framework/system/CodeIgniter.php(312): CodeIgniter\CodeIgniter->handleRequest(NULL, Object(Config\Cache), false)
#4 /var/www/html/projectCi/public/index.php(45): CodeIgniter\CodeIgniter->run()
#5 /var/www/html/projectCi/vendor/codeigniter4/framework/system/Commands/Server/rewrite.php(34): require_once('/var/www/html/p...')
#6 {main}
CRITICAL - 2020-07-22 02:17:48 --> Too few arguments to function App\Controllers\Coba::about(), 0 passed in /var/www/html/projectCi/vendor/codeigniter4/framework/system/CodeIgniter.php on line 918 and exactly 1 expected
#0 /var/www/html/projectCi/vendor/codeigniter4/framework/system/CodeIgniter.php(918): App\Controllers\Coba->about()
#1 /var/www/html/projectCi/vendor/codeigniter4/framework/system/CodeIgniter.php(404): CodeIgniter\CodeIgniter->runController(Object(App\Controllers\Coba))
#2 /var/www/html/projectCi/vendor/codeigniter4/framework/system/CodeIgniter.php(312): CodeIgniter\CodeIgniter->handleRequest(NULL, Object(Config\Cache), false)
#3 /var/www/html/projectCi/public/index.php(45): CodeIgniter\CodeIgniter->run()
#4 /var/www/html/projectCi/vendor/codeigniter4/framework/system/Commands/Server/rewrite.php(34): require_once('/var/www/html/p...')
#5 {main}
CRITICAL - 2020-07-22 23:54:00 --> Undefined variable: title
#0 /var/www/html/projectCi/app/Views/layout/template.php(11): CodeIgniter\Debug\Exceptions->errorHandler(8, 'Undefined varia...', '/var/www/html/p...', 11, Array)
#1 /var/www/html/projectCi/vendor/codeigniter4/framework/system/View/View.php(246): include('/var/www/html/p...')
#2 /var/www/html/projectCi/vendor/codeigniter4/framework/system/View/View.php(257): CodeIgniter\View\View->render('layout/template', Array, true)
#3 /var/www/html/projectCi/vendor/codeigniter4/framework/system/Common.php(1119): CodeIgniter\View\View->render('pages/home', Array, true)
#4 /var/www/html/projectCi/app/Controllers/Pages.php(10): view('pages/home', Array)
#5 /var/www/html/projectCi/vendor/codeigniter4/framework/system/CodeIgniter.php(918): App\Controllers\Pages->index()
#6 /var/www/html/projectCi/vendor/codeigniter4/framework/system/CodeIgniter.php(404): CodeIgniter\CodeIgniter->runController(Object(App\Controllers\Pages))
#7 /var/www/html/projectCi/vendor/codeigniter4/framework/system/CodeIgniter.php(312): CodeIgniter\CodeIgniter->handleRequest(NULL, Object(Config\Cache), false)
#8 /var/www/html/projectCi/public/index.php(45): CodeIgniter\CodeIgniter->run()
#9 /var/www/html/projectCi/vendor/codeigniter4/framework/system/Commands/Server/rewrite.php(34): require_once('/var/www/html/p...')
#10 {main}
CRITICAL - 2020-07-22 23:54:32 --> Undefined variable: title
#0 /var/www/html/projectCi/app/Views/layout/template.php(11): CodeIgniter\Debug\Exceptions->errorHandler(8, 'Undefined varia...', '/var/www/html/p...', 11, Array)
#1 /var/www/html/projectCi/vendor/codeigniter4/framework/system/View/View.php(246): include('/var/www/html/p...')
#2 /var/www/html/projectCi/vendor/codeigniter4/framework/system/View/View.php(257): CodeIgniter\View\View->render('layout/template', Array, true)
#3 /var/www/html/projectCi/vendor/codeigniter4/framework/system/Common.php(1119): CodeIgniter\View\View->render('pages/about', Array, true)
#4 /var/www/html/projectCi/app/Controllers/Pages.php(18): view('pages/about', Array)
#5 /var/www/html/projectCi/vendor/codeigniter4/framework/system/CodeIgniter.php(918): App\Controllers\Pages->about()
#6 /var/www/html/projectCi/vendor/codeigniter4/framework/system/CodeIgniter.php(404): CodeIgniter\CodeIgniter->runController(Object(App\Controllers\Pages))
#7 /var/www/html/projectCi/vendor/codeigniter4/framework/system/CodeIgniter.php(312): CodeIgniter\CodeIgniter->handleRequest(NULL, Object(Config\Cache), false)
#8 /var/www/html/projectCi/public/index.php(45): CodeIgniter\CodeIgniter->run()
#9 /var/www/html/projectCi/vendor/codeigniter4/framework/system/Commands/Server/rewrite.php(34): require_once('/var/www/html/p...')
#10 {main}
