CRITICAL - 2020-09-15 00:03:29 --> Argument 3 passed to view() must be of the type array, string given, called in /var/www/html/momeawedding/app/Controllers/Pages.php on line 98
#0 /var/www/html/momeawedding/app/Controllers/Pages.php(98): view('front/pages/hom...', Array, '<div class="swi...')
#1 /var/www/html/momeawedding/vendor/codeigniter4/framework/system/CodeIgniter.php(918): App\Controllers\Pages->index()
#2 /var/www/html/momeawedding/vendor/codeigniter4/framework/system/CodeIgniter.php(404): CodeIgniter\CodeIgniter->runController(Object(App\Controllers\Pages))
#3 /var/www/html/momeawedding/vendor/codeigniter4/framework/system/CodeIgniter.php(312): CodeIgniter\CodeIgniter->handleRequest(NULL, Object(Config\Cache), false)
#4 /var/www/html/momeawedding/public/index.php(45): CodeIgniter\CodeIgniter->run()
#5 /var/www/html/momeawedding/vendor/codeigniter4/framework/system/Commands/Server/rewrite.php(34): require_once('/var/www/html/m...')
#6 {main}
CRITICAL - 2020-09-15 00:04:32 --> Array to string conversion
#0 /var/www/html/momeawedding/app/Views/front/pages/home.php(8): CodeIgniter\Debug\Exceptions->errorHandler(8, 'Array to string...', '/var/www/html/m...', 8, Array)
#1 /var/www/html/momeawedding/vendor/codeigniter4/framework/system/View/View.php(246): include('/var/www/html/m...')
#2 /var/www/html/momeawedding/vendor/codeigniter4/framework/system/Common.php(1119): CodeIgniter\View\View->render('front/pages/hom...', Array, true)
#3 /var/www/html/momeawedding/app/Controllers/Pages.php(99): view('front/pages/hom...', Array)
#4 /var/www/html/momeawedding/vendor/codeigniter4/framework/system/CodeIgniter.php(918): App\Controllers\Pages->index()
#5 /var/www/html/momeawedding/vendor/codeigniter4/framework/system/CodeIgniter.php(404): CodeIgniter\CodeIgniter->runController(Object(App\Controllers\Pages))
#6 /var/www/html/momeawedding/vendor/codeigniter4/framework/system/CodeIgniter.php(312): CodeIgniter\CodeIgniter->handleRequest(NULL, Object(Config\Cache), false)
#7 /var/www/html/momeawedding/public/index.php(45): CodeIgniter\CodeIgniter->run()
#8 /var/www/html/momeawedding/vendor/codeigniter4/framework/system/Commands/Server/rewrite.php(34): require_once('/var/www/html/m...')
#9 {main}
CRITICAL - 2020-09-15 00:04:46 --> Undefined variable: resSlider
#0 /var/www/html/momeawedding/app/Views/front/pages/home.php(8): CodeIgniter\Debug\Exceptions->errorHandler(8, 'Undefined varia...', '/var/www/html/m...', 8, Array)
#1 /var/www/html/momeawedding/vendor/codeigniter4/framework/system/View/View.php(246): include('/var/www/html/m...')
#2 /var/www/html/momeawedding/vendor/codeigniter4/framework/system/Common.php(1119): CodeIgniter\View\View->render('front/pages/hom...', Array, true)
#3 /var/www/html/momeawedding/app/Controllers/Pages.php(96): view('front/pages/hom...', Array)
#4 /var/www/html/momeawedding/vendor/codeigniter4/framework/system/CodeIgniter.php(918): App\Controllers\Pages->index()
#5 /var/www/html/momeawedding/vendor/codeigniter4/framework/system/CodeIgniter.php(404): CodeIgniter\CodeIgniter->runController(Object(App\Controllers\Pages))
#6 /var/www/html/momeawedding/vendor/codeigniter4/framework/system/CodeIgniter.php(312): CodeIgniter\CodeIgniter->handleRequest(NULL, Object(Config\Cache), false)
#7 /var/www/html/momeawedding/public/index.php(45): CodeIgniter\CodeIgniter->run()
#8 /var/www/html/momeawedding/vendor/codeigniter4/framework/system/Commands/Server/rewrite.php(34): require_once('/var/www/html/m...')
#9 {main}
CRITICAL - 2020-09-15 00:07:18 --> Undefined variable: resArtikel
#0 /var/www/html/momeawedding/app/Views/front/pages/home.php(488): CodeIgniter\Debug\Exceptions->errorHandler(8, 'Undefined varia...', '/var/www/html/m...', 488, Array)
#1 /var/www/html/momeawedding/vendor/codeigniter4/framework/system/View/View.php(246): include('/var/www/html/m...')
#2 /var/www/html/momeawedding/vendor/codeigniter4/framework/system/Common.php(1119): CodeIgniter\View\View->render('front/pages/hom...', Array, true)
#3 /var/www/html/momeawedding/app/Controllers/Pages.php(55): view('front/pages/hom...', Array)
#4 /var/www/html/momeawedding/vendor/codeigniter4/framework/system/CodeIgniter.php(918): App\Controllers\Pages->index()
#5 /var/www/html/momeawedding/vendor/codeigniter4/framework/system/CodeIgniter.php(404): CodeIgniter\CodeIgniter->runController(Object(App\Controllers\Pages))
#6 /var/www/html/momeawedding/vendor/codeigniter4/framework/system/CodeIgniter.php(312): CodeIgniter\CodeIgniter->handleRequest(NULL, Object(Config\Cache), false)
#7 /var/www/html/momeawedding/public/index.php(45): CodeIgniter\CodeIgniter->run()
#8 /var/www/html/momeawedding/vendor/codeigniter4/framework/system/Commands/Server/rewrite.php(34): require_once('/var/www/html/m...')
#9 {main}
CRITICAL - 2020-09-15 00:15:30 --> Undefined variable: resSlider
#0 /var/www/html/momeawedding/app/Views/front/pages/home.php(8): CodeIgniter\Debug\Exceptions->errorHandler(8, 'Undefined varia...', '/var/www/html/m...', 8, Array)
#1 /var/www/html/momeawedding/vendor/codeigniter4/framework/system/View/View.php(246): include('/var/www/html/m...')
#2 /var/www/html/momeawedding/vendor/codeigniter4/framework/system/Common.php(1119): CodeIgniter\View\View->render('front/pages/hom...', Array, true)
#3 /var/www/html/momeawedding/app/Controllers/Pages.php(14): view('front/pages/hom...', Array)
#4 /var/www/html/momeawedding/vendor/codeigniter4/framework/system/CodeIgniter.php(918): App\Controllers\Pages->index()
#5 /var/www/html/momeawedding/vendor/codeigniter4/framework/system/CodeIgniter.php(404): CodeIgniter\CodeIgniter->runController(Object(App\Controllers\Pages))
#6 /var/www/html/momeawedding/vendor/codeigniter4/framework/system/CodeIgniter.php(312): CodeIgniter\CodeIgniter->handleRequest(NULL, Object(Config\Cache), false)
#7 /var/www/html/momeawedding/public/index.php(45): CodeIgniter\CodeIgniter->run()
#8 /var/www/html/momeawedding/vendor/codeigniter4/framework/system/Commands/Server/rewrite.php(34): require_once('/var/www/html/m...')
#9 {main}
CRITICAL - 2020-09-15 00:17:20 --> Cannot use object of type mysqli as array
#0 /var/www/html/momeawedding/vendor/codeigniter4/framework/system/View/View.php(246): include()
#1 /var/www/html/momeawedding/vendor/codeigniter4/framework/system/Common.php(1119): CodeIgniter\View\View->render('front/pages/hom...', Array, true)
#2 /var/www/html/momeawedding/app/Controllers/Pages.php(14): view('front/pages/hom...', Array)
#3 /var/www/html/momeawedding/vendor/codeigniter4/framework/system/CodeIgniter.php(918): App\Controllers\Pages->index()
#4 /var/www/html/momeawedding/vendor/codeigniter4/framework/system/CodeIgniter.php(404): CodeIgniter\CodeIgniter->runController(Object(App\Controllers\Pages))
#5 /var/www/html/momeawedding/vendor/codeigniter4/framework/system/CodeIgniter.php(312): CodeIgniter\CodeIgniter->handleRequest(NULL, Object(Config\Cache), false)
#6 /var/www/html/momeawedding/public/index.php(45): CodeIgniter\CodeIgniter->run()
#7 /var/www/html/momeawedding/vendor/codeigniter4/framework/system/Commands/Server/rewrite.php(34): require_once('/var/www/html/m...')
#8 {main}
CRITICAL - 2020-09-15 00:17:50 --> Cannot use object of type mysqli as array
#0 /var/www/html/momeawedding/vendor/codeigniter4/framework/system/View/View.php(246): include()
#1 /var/www/html/momeawedding/vendor/codeigniter4/framework/system/Common.php(1119): CodeIgniter\View\View->render('front/pages/hom...', Array, true)
#2 /var/www/html/momeawedding/app/Controllers/Pages.php(14): view('front/pages/hom...', Array)
#3 /var/www/html/momeawedding/vendor/codeigniter4/framework/system/CodeIgniter.php(918): App\Controllers\Pages->index()
#4 /var/www/html/momeawedding/vendor/codeigniter4/framework/system/CodeIgniter.php(404): CodeIgniter\CodeIgniter->runController(Object(App\Controllers\Pages))
#5 /var/www/html/momeawedding/vendor/codeigniter4/framework/system/CodeIgniter.php(312): CodeIgniter\CodeIgniter->handleRequest(NULL, Object(Config\Cache), false)
#6 /var/www/html/momeawedding/public/index.php(45): CodeIgniter\CodeIgniter->run()
#7 /var/www/html/momeawedding/vendor/codeigniter4/framework/system/Commands/Server/rewrite.php(34): require_once('/var/www/html/m...')
#8 {main}
CRITICAL - 2020-09-15 00:19:41 --> Cannot use object of type mysqli as array
#0 /var/www/html/momeawedding/vendor/codeigniter4/framework/system/View/View.php(246): include()
#1 /var/www/html/momeawedding/vendor/codeigniter4/framework/system/Common.php(1119): CodeIgniter\View\View->render('front/pages/hom...', Array, true)
#2 /var/www/html/momeawedding/app/Controllers/Pages.php(14): view('front/pages/hom...', Array)
#3 /var/www/html/momeawedding/vendor/codeigniter4/framework/system/CodeIgniter.php(918): App\Controllers\Pages->index()
#4 /var/www/html/momeawedding/vendor/codeigniter4/framework/system/CodeIgniter.php(404): CodeIgniter\CodeIgniter->runController(Object(App\Controllers\Pages))
#5 /var/www/html/momeawedding/vendor/codeigniter4/framework/system/CodeIgniter.php(312): CodeIgniter\CodeIgniter->handleRequest(NULL, Object(Config\Cache), false)
#6 /var/www/html/momeawedding/public/index.php(45): CodeIgniter\CodeIgniter->run()
#7 /var/www/html/momeawedding/vendor/codeigniter4/framework/system/Commands/Server/rewrite.php(34): require_once('/var/www/html/m...')
#8 {main}
CRITICAL - 2020-09-15 00:21:43 --> Cannot use object of type stdClass as array
#0 /var/www/html/momeawedding/vendor/codeigniter4/framework/system/View/View.php(246): include()
#1 /var/www/html/momeawedding/vendor/codeigniter4/framework/system/Common.php(1119): CodeIgniter\View\View->render('front/pages/hom...', Array, true)
#2 /var/www/html/momeawedding/app/Controllers/Pages.php(14): view('front/pages/hom...', Array)
#3 /var/www/html/momeawedding/vendor/codeigniter4/framework/system/CodeIgniter.php(918): App\Controllers\Pages->index()
#4 /var/www/html/momeawedding/vendor/codeigniter4/framework/system/CodeIgniter.php(404): CodeIgniter\CodeIgniter->runController(Object(App\Controllers\Pages))
#5 /var/www/html/momeawedding/vendor/codeigniter4/framework/system/CodeIgniter.php(312): CodeIgniter\CodeIgniter->handleRequest(NULL, Object(Config\Cache), false)
#6 /var/www/html/momeawedding/public/index.php(45): CodeIgniter\CodeIgniter->run()
#7 /var/www/html/momeawedding/vendor/codeigniter4/framework/system/Commands/Server/rewrite.php(34): require_once('/var/www/html/m...')
#8 {main}
CRITICAL - 2020-09-15 00:46:59 --> Undefined variable: overlay
#0 /var/www/html/momeawedding/app/Views/front/pages/home.php(21): CodeIgniter\Debug\Exceptions->errorHandler(8, 'Undefined varia...', '/var/www/html/m...', 21, Array)
#1 /var/www/html/momeawedding/vendor/codeigniter4/framework/system/View/View.php(246): include('/var/www/html/m...')
#2 /var/www/html/momeawedding/vendor/codeigniter4/framework/system/Common.php(1119): CodeIgniter\View\View->render('front/pages/hom...', Array, true)
#3 /var/www/html/momeawedding/app/Controllers/Pages.php(14): view('front/pages/hom...', Array)
#4 /var/www/html/momeawedding/vendor/codeigniter4/framework/system/CodeIgniter.php(918): App\Controllers\Pages->index()
#5 /var/www/html/momeawedding/vendor/codeigniter4/framework/system/CodeIgniter.php(404): CodeIgniter\CodeIgniter->runController(Object(App\Controllers\Pages))
#6 /var/www/html/momeawedding/vendor/codeigniter4/framework/system/CodeIgniter.php(312): CodeIgniter\CodeIgniter->handleRequest(NULL, Object(Config\Cache), false)
#7 /var/www/html/momeawedding/public/index.php(45): CodeIgniter\CodeIgniter->run()
#8 /var/www/html/momeawedding/vendor/codeigniter4/framework/system/Commands/Server/rewrite.php(34): require_once('/var/www/html/m...')
#9 {main}
CRITICAL - 2020-09-15 00:47:27 --> Undefined variable: overlay
#0 /var/www/html/momeawedding/app/Views/front/pages/home.php(22): CodeIgniter\Debug\Exceptions->errorHandler(8, 'Undefined varia...', '/var/www/html/m...', 22, Array)
#1 /var/www/html/momeawedding/vendor/codeigniter4/framework/system/View/View.php(246): include('/var/www/html/m...')
#2 /var/www/html/momeawedding/vendor/codeigniter4/framework/system/Common.php(1119): CodeIgniter\View\View->render('front/pages/hom...', Array, true)
#3 /var/www/html/momeawedding/app/Controllers/Pages.php(14): view('front/pages/hom...', Array)
#4 /var/www/html/momeawedding/vendor/codeigniter4/framework/system/CodeIgniter.php(918): App\Controllers\Pages->index()
#5 /var/www/html/momeawedding/vendor/codeigniter4/framework/system/CodeIgniter.php(404): CodeIgniter\CodeIgniter->runController(Object(App\Controllers\Pages))
#6 /var/www/html/momeawedding/vendor/codeigniter4/framework/system/CodeIgniter.php(312): CodeIgniter\CodeIgniter->handleRequest(NULL, Object(Config\Cache), false)
#7 /var/www/html/momeawedding/public/index.php(45): CodeIgniter\CodeIgniter->run()
#8 /var/www/html/momeawedding/vendor/codeigniter4/framework/system/Commands/Server/rewrite.php(34): require_once('/var/www/html/m...')
#9 {main}
CRITICAL - 2020-09-15 00:47:46 --> Undefined variable: overlay
#0 /var/www/html/momeawedding/app/Views/front/pages/home.php(21): CodeIgniter\Debug\Exceptions->errorHandler(8, 'Undefined varia...', '/var/www/html/m...', 21, Array)
#1 /var/www/html/momeawedding/vendor/codeigniter4/framework/system/View/View.php(246): include('/var/www/html/m...')
#2 /var/www/html/momeawedding/vendor/codeigniter4/framework/system/Common.php(1119): CodeIgniter\View\View->render('front/pages/hom...', Array, true)
#3 /var/www/html/momeawedding/app/Controllers/Pages.php(14): view('front/pages/hom...', Array)
#4 /var/www/html/momeawedding/vendor/codeigniter4/framework/system/CodeIgniter.php(918): App\Controllers\Pages->index()
#5 /var/www/html/momeawedding/vendor/codeigniter4/framework/system/CodeIgniter.php(404): CodeIgniter\CodeIgniter->runController(Object(App\Controllers\Pages))
#6 /var/www/html/momeawedding/vendor/codeigniter4/framework/system/CodeIgniter.php(312): CodeIgniter\CodeIgniter->handleRequest(NULL, Object(Config\Cache), false)
#7 /var/www/html/momeawedding/public/index.php(45): CodeIgniter\CodeIgniter->run()
#8 /var/www/html/momeawedding/vendor/codeigniter4/framework/system/Commands/Server/rewrite.php(34): require_once('/var/www/html/m...')
#9 {main}
CRITICAL - 2020-09-15 01:11:18 --> Invalid argument supplied for foreach()
#0 /var/www/html/momeawedding/app/Views/front/pages/home.php(8): CodeIgniter\Debug\Exceptions->errorHandler(2, 'Invalid argumen...', '/var/www/html/m...', 8, Array)
#1 /var/www/html/momeawedding/vendor/codeigniter4/framework/system/View/View.php(246): include('/var/www/html/m...')
#2 /var/www/html/momeawedding/vendor/codeigniter4/framework/system/Common.php(1119): CodeIgniter\View\View->render('front/pages/hom...', Array, true)
#3 /var/www/html/momeawedding/app/Controllers/Pages.php(56): view('front/pages/hom...', Array)
#4 /var/www/html/momeawedding/vendor/codeigniter4/framework/system/CodeIgniter.php(918): App\Controllers\Pages->index()
#5 /var/www/html/momeawedding/vendor/codeigniter4/framework/system/CodeIgniter.php(404): CodeIgniter\CodeIgniter->runController(Object(App\Controllers\Pages))
#6 /var/www/html/momeawedding/vendor/codeigniter4/framework/system/CodeIgniter.php(312): CodeIgniter\CodeIgniter->handleRequest(NULL, Object(Config\Cache), false)
#7 /var/www/html/momeawedding/public/index.php(45): CodeIgniter\CodeIgniter->run()
#8 /var/www/html/momeawedding/vendor/codeigniter4/framework/system/Commands/Server/rewrite.php(34): require_once('/var/www/html/m...')
#9 {main}
CRITICAL - 2020-09-15 01:12:31 --> Invalid argument supplied for foreach()
#0 /var/www/html/momeawedding/app/Views/front/pages/home.php(8): CodeIgniter\Debug\Exceptions->errorHandler(2, 'Invalid argumen...', '/var/www/html/m...', 8, Array)
#1 /var/www/html/momeawedding/vendor/codeigniter4/framework/system/View/View.php(246): include('/var/www/html/m...')
#2 /var/www/html/momeawedding/vendor/codeigniter4/framework/system/Common.php(1119): CodeIgniter\View\View->render('front/pages/hom...', Array, true)
#3 /var/www/html/momeawedding/app/Controllers/Pages.php(57): view('front/pages/hom...', Array)
#4 /var/www/html/momeawedding/vendor/codeigniter4/framework/system/CodeIgniter.php(918): App\Controllers\Pages->index()
#5 /var/www/html/momeawedding/vendor/codeigniter4/framework/system/CodeIgniter.php(404): CodeIgniter\CodeIgniter->runController(Object(App\Controllers\Pages))
#6 /var/www/html/momeawedding/vendor/codeigniter4/framework/system/CodeIgniter.php(312): CodeIgniter\CodeIgniter->handleRequest(NULL, Object(Config\Cache), false)
#7 /var/www/html/momeawedding/public/index.php(45): CodeIgniter\CodeIgniter->run()
#8 /var/www/html/momeawedding/vendor/codeigniter4/framework/system/Commands/Server/rewrite.php(34): require_once('/var/www/html/m...')
#9 {main}
CRITICAL - 2020-09-15 01:15:29 --> Undefined variable: resSlider
#0 /var/www/html/momeawedding/app/Views/front/pages/home.php(8): CodeIgniter\Debug\Exceptions->errorHandler(8, 'Undefined varia...', '/var/www/html/m...', 8, Array)
#1 /var/www/html/momeawedding/vendor/codeigniter4/framework/system/View/View.php(246): include('/var/www/html/m...')
#2 /var/www/html/momeawedding/vendor/codeigniter4/framework/system/Common.php(1119): CodeIgniter\View\View->render('front/pages/hom...', Array, true)
#3 /var/www/html/momeawedding/app/Controllers/Pages.php(56): view('front/pages/hom...', Array)
#4 /var/www/html/momeawedding/vendor/codeigniter4/framework/system/CodeIgniter.php(918): App\Controllers\Pages->index()
#5 /var/www/html/momeawedding/vendor/codeigniter4/framework/system/CodeIgniter.php(404): CodeIgniter\CodeIgniter->runController(Object(App\Controllers\Pages))
#6 /var/www/html/momeawedding/vendor/codeigniter4/framework/system/CodeIgniter.php(312): CodeIgniter\CodeIgniter->handleRequest(NULL, Object(Config\Cache), false)
#7 /var/www/html/momeawedding/public/index.php(45): CodeIgniter\CodeIgniter->run()
#8 /var/www/html/momeawedding/vendor/codeigniter4/framework/system/Commands/Server/rewrite.php(34): require_once('/var/www/html/m...')
#9 {main}
CRITICAL - 2020-09-15 01:19:51 --> Object of class stdClass could not be converted to string
#0 /var/www/html/momeawedding/app/Views/front/pages/home.php(8): CodeIgniter\Debug\Exceptions->errorHandler(4096, 'Object of class...', '/var/www/html/m...', 8, Array)
#1 /var/www/html/momeawedding/vendor/codeigniter4/framework/system/View/View.php(246): include('/var/www/html/m...')
#2 /var/www/html/momeawedding/vendor/codeigniter4/framework/system/Common.php(1119): CodeIgniter\View\View->render('front/pages/hom...', Array, true)
#3 /var/www/html/momeawedding/app/Controllers/Pages.php(56): view('front/pages/hom...', Array)
#4 /var/www/html/momeawedding/vendor/codeigniter4/framework/system/CodeIgniter.php(918): App\Controllers\Pages->index()
#5 /var/www/html/momeawedding/vendor/codeigniter4/framework/system/CodeIgniter.php(404): CodeIgniter\CodeIgniter->runController(Object(App\Controllers\Pages))
#6 /var/www/html/momeawedding/vendor/codeigniter4/framework/system/CodeIgniter.php(312): CodeIgniter\CodeIgniter->handleRequest(NULL, Object(Config\Cache), false)
#7 /var/www/html/momeawedding/public/index.php(45): CodeIgniter\CodeIgniter->run()
#8 /var/www/html/momeawedding/vendor/codeigniter4/framework/system/Commands/Server/rewrite.php(34): require_once('/var/www/html/m...')
#9 {main}
CRITICAL - 2020-09-15 01:23:39 --> Undefined variable: resSlider
#0 /var/www/html/momeawedding/app/Views/front/pages/home.php(47): CodeIgniter\Debug\Exceptions->errorHandler(8, 'Undefined varia...', '/var/www/html/m...', 47, Array)
#1 /var/www/html/momeawedding/vendor/codeigniter4/framework/system/View/View.php(246): include('/var/www/html/m...')
#2 /var/www/html/momeawedding/vendor/codeigniter4/framework/system/Common.php(1119): CodeIgniter\View\View->render('front/pages/hom...', Array, true)
#3 /var/www/html/momeawedding/app/Controllers/Pages.php(56): view('front/pages/hom...', Array)
#4 /var/www/html/momeawedding/vendor/codeigniter4/framework/system/CodeIgniter.php(918): App\Controllers\Pages->index()
#5 /var/www/html/momeawedding/vendor/codeigniter4/framework/system/CodeIgniter.php(404): CodeIgniter\CodeIgniter->runController(Object(App\Controllers\Pages))
#6 /var/www/html/momeawedding/vendor/codeigniter4/framework/system/CodeIgniter.php(312): CodeIgniter\CodeIgniter->handleRequest(NULL, Object(Config\Cache), false)
#7 /var/www/html/momeawedding/public/index.php(45): CodeIgniter\CodeIgniter->run()
#8 /var/www/html/momeawedding/vendor/codeigniter4/framework/system/Commands/Server/rewrite.php(34): require_once('/var/www/html/m...')
#9 {main}
CRITICAL - 2020-09-15 01:23:55 --> Undefined variable: resSlider
#0 /var/www/html/momeawedding/app/Views/front/pages/home.php(47): CodeIgniter\Debug\Exceptions->errorHandler(8, 'Undefined varia...', '/var/www/html/m...', 47, Array)
#1 /var/www/html/momeawedding/vendor/codeigniter4/framework/system/View/View.php(246): include('/var/www/html/m...')
#2 /var/www/html/momeawedding/vendor/codeigniter4/framework/system/Common.php(1119): CodeIgniter\View\View->render('front/pages/hom...', Array, true)
#3 /var/www/html/momeawedding/app/Controllers/Pages.php(56): view('front/pages/hom...', Array)
#4 /var/www/html/momeawedding/vendor/codeigniter4/framework/system/CodeIgniter.php(918): App\Controllers\Pages->index()
#5 /var/www/html/momeawedding/vendor/codeigniter4/framework/system/CodeIgniter.php(404): CodeIgniter\CodeIgniter->runController(Object(App\Controllers\Pages))
#6 /var/www/html/momeawedding/vendor/codeigniter4/framework/system/CodeIgniter.php(312): CodeIgniter\CodeIgniter->handleRequest(NULL, Object(Config\Cache), false)
#7 /var/www/html/momeawedding/public/index.php(45): CodeIgniter\CodeIgniter->run()
#8 /var/www/html/momeawedding/vendor/codeigniter4/framework/system/Commands/Server/rewrite.php(34): require_once('/var/www/html/m...')
#9 {main}
CRITICAL - 2020-09-15 02:43:50 --> Call to undefined method App\Models\ArtikelModel::get_atikel
#0 /var/www/html/momeawedding/app/Controllers/Pages.php(55): CodeIgniter\Model->__call('get_atikel', Array)
#1 /var/www/html/momeawedding/vendor/codeigniter4/framework/system/CodeIgniter.php(918): App\Controllers\Pages->index()
#2 /var/www/html/momeawedding/vendor/codeigniter4/framework/system/CodeIgniter.php(404): CodeIgniter\CodeIgniter->runController(Object(App\Controllers\Pages))
#3 /var/www/html/momeawedding/vendor/codeigniter4/framework/system/CodeIgniter.php(312): CodeIgniter\CodeIgniter->handleRequest(NULL, Object(Config\Cache), false)
#4 /var/www/html/momeawedding/public/index.php(45): CodeIgniter\CodeIgniter->run()
#5 /var/www/html/momeawedding/vendor/codeigniter4/framework/system/Commands/Server/rewrite.php(34): require_once('/var/www/html/m...')
#6 {main}
CRITICAL - 2020-09-15 02:47:13 --> syntax error, unexpected 's' (T_STRING), expecting ',' or ';'
#0 /var/www/html/momeawedding/vendor/codeigniter4/framework/system/Common.php(1119): CodeIgniter\View\View->render('front/pages/hom...', Array, true)
#1 /var/www/html/momeawedding/app/Controllers/Pages.php(57): view('front/pages/hom...', Array)
#2 /var/www/html/momeawedding/vendor/codeigniter4/framework/system/CodeIgniter.php(918): App\Controllers\Pages->index()
#3 /var/www/html/momeawedding/vendor/codeigniter4/framework/system/CodeIgniter.php(404): CodeIgniter\CodeIgniter->runController(Object(App\Controllers\Pages))
#4 /var/www/html/momeawedding/vendor/codeigniter4/framework/system/CodeIgniter.php(312): CodeIgniter\CodeIgniter->handleRequest(NULL, Object(Config\Cache), false)
#5 /var/www/html/momeawedding/public/index.php(45): CodeIgniter\CodeIgniter->run()
#6 /var/www/html/momeawedding/vendor/codeigniter4/framework/system/Commands/Server/rewrite.php(34): require_once('/var/www/html/m...')
#7 {main}
CRITICAL - 2020-09-15 02:47:39 --> syntax error, unexpected 'swiper' (T_STRING), expecting ',' or ';'
#0 /var/www/html/momeawedding/vendor/codeigniter4/framework/system/Common.php(1119): CodeIgniter\View\View->render('front/pages/hom...', Array, true)
#1 /var/www/html/momeawedding/app/Controllers/Pages.php(57): view('front/pages/hom...', Array)
#2 /var/www/html/momeawedding/vendor/codeigniter4/framework/system/CodeIgniter.php(918): App\Controllers\Pages->index()
#3 /var/www/html/momeawedding/vendor/codeigniter4/framework/system/CodeIgniter.php(404): CodeIgniter\CodeIgniter->runController(Object(App\Controllers\Pages))
#4 /var/www/html/momeawedding/vendor/codeigniter4/framework/system/CodeIgniter.php(312): CodeIgniter\CodeIgniter->handleRequest(NULL, Object(Config\Cache), false)
#5 /var/www/html/momeawedding/public/index.php(45): CodeIgniter\CodeIgniter->run()
#6 /var/www/html/momeawedding/vendor/codeigniter4/framework/system/Commands/Server/rewrite.php(34): require_once('/var/www/html/m...')
#7 {main}
CRITICAL - 2020-09-15 13:50:14 --> syntax error, unexpected 'if' (T_IF)
#0 /var/www/html/momeawedding/vendor/codeigniter4/framework/system/Autoloader/Autoloader.php(296): CodeIgniter\Autoloader\Autoloader->requireFile('/var/www/html/m...')
#1 /var/www/html/momeawedding/vendor/codeigniter4/framework/system/Autoloader/Autoloader.php(258): CodeIgniter\Autoloader\Autoloader->loadInNamespace('App\\Controllers...')
#2 [internal function]: CodeIgniter\Autoloader\Autoloader->loadClass('App\\Controllers...')
#3 [internal function]: spl_autoload_call('App\\Controllers...')
#4 /var/www/html/momeawedding/vendor/codeigniter4/framework/system/CodeIgniter.php(869): class_exists('\\App\\Controller...', true)
#5 /var/www/html/momeawedding/vendor/codeigniter4/framework/system/CodeIgniter.php(394): CodeIgniter\CodeIgniter->startController()
#6 /var/www/html/momeawedding/vendor/codeigniter4/framework/system/CodeIgniter.php(312): CodeIgniter\CodeIgniter->handleRequest(NULL, Object(Config\Cache), false)
#7 /var/www/html/momeawedding/public/index.php(45): CodeIgniter\CodeIgniter->run()
#8 /var/www/html/momeawedding/vendor/codeigniter4/framework/system/Commands/Server/rewrite.php(34): require_once('/var/www/html/m...')
#9 {main}
CRITICAL - 2020-09-15 13:55:54 --> Undefined variable: resSlider
#0 /var/www/html/momeawedding/app/Controllers/Pages.php(46): CodeIgniter\Debug\Exceptions->errorHandler(8, 'Undefined varia...', '/var/www/html/m...', 46, Array)
#1 /var/www/html/momeawedding/vendor/codeigniter4/framework/system/CodeIgniter.php(918): App\Controllers\Pages->index()
#2 /var/www/html/momeawedding/vendor/codeigniter4/framework/system/CodeIgniter.php(404): CodeIgniter\CodeIgniter->runController(Object(App\Controllers\Pages))
#3 /var/www/html/momeawedding/vendor/codeigniter4/framework/system/CodeIgniter.php(312): CodeIgniter\CodeIgniter->handleRequest(NULL, Object(Config\Cache), false)
#4 /var/www/html/momeawedding/public/index.php(45): CodeIgniter\CodeIgniter->run()
#5 /var/www/html/momeawedding/vendor/codeigniter4/framework/system/Commands/Server/rewrite.php(34): require_once('/var/www/html/m...')
#6 {main}
CRITICAL - 2020-09-15 14:37:15 --> Undefined property: stdClass::$image
#0 /var/www/html/momeawedding/app/Controllers/Pages.php(87): CodeIgniter\Debug\Exceptions->errorHandler(8, 'Undefined prope...', '/var/www/html/m...', 87, Array)
#1 /var/www/html/momeawedding/vendor/codeigniter4/framework/system/CodeIgniter.php(918): App\Controllers\Pages->index()
#2 /var/www/html/momeawedding/vendor/codeigniter4/framework/system/CodeIgniter.php(404): CodeIgniter\CodeIgniter->runController(Object(App\Controllers\Pages))
#3 /var/www/html/momeawedding/vendor/codeigniter4/framework/system/CodeIgniter.php(312): CodeIgniter\CodeIgniter->handleRequest(NULL, Object(Config\Cache), false)
#4 /var/www/html/momeawedding/public/index.php(45): CodeIgniter\CodeIgniter->run()
#5 /var/www/html/momeawedding/vendor/codeigniter4/framework/system/Commands/Server/rewrite.php(34): require_once('/var/www/html/m...')
#6 {main}
CRITICAL - 2020-09-15 14:38:52 --> Undefined property: stdClass::$image
#0 /var/www/html/momeawedding/app/Controllers/Pages.php(87): CodeIgniter\Debug\Exceptions->errorHandler(8, 'Undefined prope...', '/var/www/html/m...', 87, Array)
#1 /var/www/html/momeawedding/vendor/codeigniter4/framework/system/CodeIgniter.php(918): App\Controllers\Pages->index()
#2 /var/www/html/momeawedding/vendor/codeigniter4/framework/system/CodeIgniter.php(404): CodeIgniter\CodeIgniter->runController(Object(App\Controllers\Pages))
#3 /var/www/html/momeawedding/vendor/codeigniter4/framework/system/CodeIgniter.php(312): CodeIgniter\CodeIgniter->handleRequest(NULL, Object(Config\Cache), false)
#4 /var/www/html/momeawedding/public/index.php(45): CodeIgniter\CodeIgniter->run()
#5 /var/www/html/momeawedding/vendor/codeigniter4/framework/system/Commands/Server/rewrite.php(34): require_once('/var/www/html/m...')
#6 {main}
CRITICAL - 2020-09-15 22:48:35 --> Undefined property: CodeIgniter\View\View::$db
#0 /var/www/html/momeawedding/app/Views/front/layout/navbar.php(150): CodeIgniter\Debug\Exceptions->errorHandler(8, 'Undefined prope...', '/var/www/html/m...', 150, Array)
#1 /var/www/html/momeawedding/vendor/codeigniter4/framework/system/View/View.php(246): include('/var/www/html/m...')
#2 /var/www/html/momeawedding/vendor/codeigniter4/framework/system/View/View.php(525): CodeIgniter\View\View->render('front/layout/na...', NULL, true)
#3 /var/www/html/momeawedding/app/Views/front/layout/template.php(61): CodeIgniter\View\View->include('front/layout/na...')
#4 /var/www/html/momeawedding/vendor/codeigniter4/framework/system/View/View.php(246): include('/var/www/html/m...')
#5 /var/www/html/momeawedding/vendor/codeigniter4/framework/system/View/View.php(257): CodeIgniter\View\View->render('front/layout/te...', Array, true)
#6 /var/www/html/momeawedding/vendor/codeigniter4/framework/system/Common.php(1119): CodeIgniter\View\View->render('front/pages/all...', Array, true)
#7 /var/www/html/momeawedding/app/Controllers/Pages.php(137): view('front/pages/all...', Array)
#8 /var/www/html/momeawedding/vendor/codeigniter4/framework/system/CodeIgniter.php(918): App\Controllers\Pages->all_products()
#9 /var/www/html/momeawedding/vendor/codeigniter4/framework/system/CodeIgniter.php(404): CodeIgniter\CodeIgniter->runController(Object(App\Controllers\Pages))
#10 /var/www/html/momeawedding/vendor/codeigniter4/framework/system/CodeIgniter.php(312): CodeIgniter\CodeIgniter->handleRequest(NULL, Object(Config\Cache), false)
#11 /var/www/html/momeawedding/public/index.php(45): CodeIgniter\CodeIgniter->run()
#12 /var/www/html/momeawedding/vendor/codeigniter4/framework/system/Commands/Server/rewrite.php(34): require_once('/var/www/html/m...')
#13 {main}
CRITICAL - 2020-09-15 22:49:04 --> Undefined property: CodeIgniter\View\View::$db
#0 /var/www/html/momeawedding/app/Views/front/layout/navbar.php(150): CodeIgniter\Debug\Exceptions->errorHandler(8, 'Undefined prope...', '/var/www/html/m...', 150, Array)
#1 /var/www/html/momeawedding/vendor/codeigniter4/framework/system/View/View.php(246): include('/var/www/html/m...')
#2 /var/www/html/momeawedding/vendor/codeigniter4/framework/system/View/View.php(525): CodeIgniter\View\View->render('front/layout/na...', NULL, true)
#3 /var/www/html/momeawedding/app/Views/front/layout/template.php(61): CodeIgniter\View\View->include('front/layout/na...')
#4 /var/www/html/momeawedding/vendor/codeigniter4/framework/system/View/View.php(246): include('/var/www/html/m...')
#5 /var/www/html/momeawedding/vendor/codeigniter4/framework/system/View/View.php(257): CodeIgniter\View\View->render('front/layout/te...', Array, true)
#6 /var/www/html/momeawedding/vendor/codeigniter4/framework/system/Common.php(1119): CodeIgniter\View\View->render('front/pages/all...', Array, true)
#7 /var/www/html/momeawedding/app/Controllers/Pages.php(137): view('front/pages/all...', Array)
#8 /var/www/html/momeawedding/vendor/codeigniter4/framework/system/CodeIgniter.php(918): App\Controllers\Pages->all_products()
#9 /var/www/html/momeawedding/vendor/codeigniter4/framework/system/CodeIgniter.php(404): CodeIgniter\CodeIgniter->runController(Object(App\Controllers\Pages))
#10 /var/www/html/momeawedding/vendor/codeigniter4/framework/system/CodeIgniter.php(312): CodeIgniter\CodeIgniter->handleRequest(NULL, Object(Config\Cache), false)
#11 /var/www/html/momeawedding/public/index.php(45): CodeIgniter\CodeIgniter->run()
#12 /var/www/html/momeawedding/vendor/codeigniter4/framework/system/Commands/Server/rewrite.php(34): require_once('/var/www/html/m...')
#13 {main}
CRITICAL - 2020-09-15 22:50:56 --> Undefined property: CodeIgniter\View\View::$cate
#0 /var/www/html/momeawedding/app/Views/front/layout/navbar.php(150): CodeIgniter\Debug\Exceptions->errorHandler(8, 'Undefined prope...', '/var/www/html/m...', 150, Array)
#1 /var/www/html/momeawedding/vendor/codeigniter4/framework/system/View/View.php(246): include('/var/www/html/m...')
#2 /var/www/html/momeawedding/vendor/codeigniter4/framework/system/View/View.php(525): CodeIgniter\View\View->render('front/layout/na...', NULL, true)
#3 /var/www/html/momeawedding/app/Views/front/layout/template.php(61): CodeIgniter\View\View->include('front/layout/na...')
#4 /var/www/html/momeawedding/vendor/codeigniter4/framework/system/View/View.php(246): include('/var/www/html/m...')
#5 /var/www/html/momeawedding/vendor/codeigniter4/framework/system/View/View.php(257): CodeIgniter\View\View->render('front/layout/te...', Array, true)
#6 /var/www/html/momeawedding/vendor/codeigniter4/framework/system/Common.php(1119): CodeIgniter\View\View->render('front/pages/all...', Array, true)
#7 /var/www/html/momeawedding/app/Controllers/Pages.php(137): view('front/pages/all...', Array)
#8 /var/www/html/momeawedding/vendor/codeigniter4/framework/system/CodeIgniter.php(918): App\Controllers\Pages->all_products()
#9 /var/www/html/momeawedding/vendor/codeigniter4/framework/system/CodeIgniter.php(404): CodeIgniter\CodeIgniter->runController(Object(App\Controllers\Pages))
#10 /var/www/html/momeawedding/vendor/codeigniter4/framework/system/CodeIgniter.php(312): CodeIgniter\CodeIgniter->handleRequest(NULL, Object(Config\Cache), false)
#11 /var/www/html/momeawedding/public/index.php(45): CodeIgniter\CodeIgniter->run()
#12 /var/www/html/momeawedding/vendor/codeigniter4/framework/system/Commands/Server/rewrite.php(34): require_once('/var/www/html/m...')
#13 {main}
CRITICAL - 2020-09-15 22:51:42 --> Undefined property: CodeIgniter\View\View::$db
#0 /var/www/html/momeawedding/app/Views/front/layout/navbar.php(151): CodeIgniter\Debug\Exceptions->errorHandler(8, 'Undefined prope...', '/var/www/html/m...', 151, Array)
#1 /var/www/html/momeawedding/vendor/codeigniter4/framework/system/View/View.php(246): include('/var/www/html/m...')
#2 /var/www/html/momeawedding/vendor/codeigniter4/framework/system/View/View.php(525): CodeIgniter\View\View->render('front/layout/na...', NULL, true)
#3 /var/www/html/momeawedding/app/Views/front/layout/template.php(61): CodeIgniter\View\View->include('front/layout/na...')
#4 /var/www/html/momeawedding/vendor/codeigniter4/framework/system/View/View.php(246): include('/var/www/html/m...')
#5 /var/www/html/momeawedding/vendor/codeigniter4/framework/system/View/View.php(257): CodeIgniter\View\View->render('front/layout/te...', Array, true)
#6 /var/www/html/momeawedding/vendor/codeigniter4/framework/system/Common.php(1119): CodeIgniter\View\View->render('front/pages/all...', Array, true)
#7 /var/www/html/momeawedding/app/Controllers/Pages.php(137): view('front/pages/all...', Array)
#8 /var/www/html/momeawedding/vendor/codeigniter4/framework/system/CodeIgniter.php(918): App\Controllers\Pages->all_products()
#9 /var/www/html/momeawedding/vendor/codeigniter4/framework/system/CodeIgniter.php(404): CodeIgniter\CodeIgniter->runController(Object(App\Controllers\Pages))
#10 /var/www/html/momeawedding/vendor/codeigniter4/framework/system/CodeIgniter.php(312): CodeIgniter\CodeIgniter->handleRequest(NULL, Object(Config\Cache), false)
#11 /var/www/html/momeawedding/public/index.php(45): CodeIgniter\CodeIgniter->run()
#12 /var/www/html/momeawedding/vendor/codeigniter4/framework/system/Commands/Server/rewrite.php(34): require_once('/var/www/html/m...')
#13 {main}
CRITICAL - 2020-09-15 22:53:15 --> Undefined variable: category
#0 /var/www/html/momeawedding/app/Views/front/layout/navbar.php(151): CodeIgniter\Debug\Exceptions->errorHandler(8, 'Undefined varia...', '/var/www/html/m...', 151, Array)
#1 /var/www/html/momeawedding/vendor/codeigniter4/framework/system/View/View.php(246): include('/var/www/html/m...')
#2 /var/www/html/momeawedding/vendor/codeigniter4/framework/system/View/View.php(525): CodeIgniter\View\View->render('front/layout/na...', NULL, true)
#3 /var/www/html/momeawedding/app/Views/front/layout/template.php(61): CodeIgniter\View\View->include('front/layout/na...')
#4 /var/www/html/momeawedding/vendor/codeigniter4/framework/system/View/View.php(246): include('/var/www/html/m...')
#5 /var/www/html/momeawedding/vendor/codeigniter4/framework/system/View/View.php(257): CodeIgniter\View\View->render('front/layout/te...', Array, true)
#6 /var/www/html/momeawedding/vendor/codeigniter4/framework/system/Common.php(1119): CodeIgniter\View\View->render('front/pages/all...', Array, true)
#7 /var/www/html/momeawedding/app/Controllers/Pages.php(137): view('front/pages/all...', Array)
#8 /var/www/html/momeawedding/vendor/codeigniter4/framework/system/CodeIgniter.php(918): App\Controllers\Pages->all_products()
#9 /var/www/html/momeawedding/vendor/codeigniter4/framework/system/CodeIgniter.php(404): CodeIgniter\CodeIgniter->runController(Object(App\Controllers\Pages))
#10 /var/www/html/momeawedding/vendor/codeigniter4/framework/system/CodeIgniter.php(312): CodeIgniter\CodeIgniter->handleRequest(NULL, Object(Config\Cache), false)
#11 /var/www/html/momeawedding/public/index.php(45): CodeIgniter\CodeIgniter->run()
#12 /var/www/html/momeawedding/vendor/codeigniter4/framework/system/Commands/Server/rewrite.php(34): require_once('/var/www/html/m...')
#13 {main}
CRITICAL - 2020-09-15 22:54:44 --> Undefined property: CodeIgniter\View\View::$cate
#0 /var/www/html/momeawedding/app/Views/front/layout/navbar.php(150): CodeIgniter\Debug\Exceptions->errorHandler(8, 'Undefined prope...', '/var/www/html/m...', 150, Array)
#1 /var/www/html/momeawedding/vendor/codeigniter4/framework/system/View/View.php(246): include('/var/www/html/m...')
#2 /var/www/html/momeawedding/vendor/codeigniter4/framework/system/View/View.php(525): CodeIgniter\View\View->render('front/layout/na...', NULL, true)
#3 /var/www/html/momeawedding/app/Views/front/layout/template.php(61): CodeIgniter\View\View->include('front/layout/na...')
#4 /var/www/html/momeawedding/vendor/codeigniter4/framework/system/View/View.php(246): include('/var/www/html/m...')
#5 /var/www/html/momeawedding/vendor/codeigniter4/framework/system/View/View.php(257): CodeIgniter\View\View->render('front/layout/te...', Array, true)
#6 /var/www/html/momeawedding/vendor/codeigniter4/framework/system/Common.php(1119): CodeIgniter\View\View->render('front/pages/all...', Array, true)
#7 /var/www/html/momeawedding/app/Controllers/Pages.php(137): view('front/pages/all...', Array)
#8 /var/www/html/momeawedding/vendor/codeigniter4/framework/system/CodeIgniter.php(918): App\Controllers\Pages->all_products()
#9 /var/www/html/momeawedding/vendor/codeigniter4/framework/system/CodeIgniter.php(404): CodeIgniter\CodeIgniter->runController(Object(App\Controllers\Pages))
#10 /var/www/html/momeawedding/vendor/codeigniter4/framework/system/CodeIgniter.php(312): CodeIgniter\CodeIgniter->handleRequest(NULL, Object(Config\Cache), false)
#11 /var/www/html/momeawedding/public/index.php(45): CodeIgniter\CodeIgniter->run()
#12 /var/www/html/momeawedding/vendor/codeigniter4/framework/system/Commands/Server/rewrite.php(34): require_once('/var/www/html/m...')
#13 {main}
CRITICAL - 2020-09-15 22:55:39 --> Class 'CategoryModel' not found
#0 /var/www/html/momeawedding/vendor/codeigniter4/framework/system/View/View.php(246): include()
#1 /var/www/html/momeawedding/vendor/codeigniter4/framework/system/View/View.php(525): CodeIgniter\View\View->render('front/layout/na...', NULL, true)
#2 /var/www/html/momeawedding/app/Views/front/layout/template.php(61): CodeIgniter\View\View->include('front/layout/na...')
#3 /var/www/html/momeawedding/vendor/codeigniter4/framework/system/View/View.php(246): include('/var/www/html/m...')
#4 /var/www/html/momeawedding/vendor/codeigniter4/framework/system/View/View.php(257): CodeIgniter\View\View->render('front/layout/te...', Array, true)
#5 /var/www/html/momeawedding/vendor/codeigniter4/framework/system/Common.php(1119): CodeIgniter\View\View->render('front/pages/all...', Array, true)
#6 /var/www/html/momeawedding/app/Controllers/Pages.php(137): view('front/pages/all...', Array)
#7 /var/www/html/momeawedding/vendor/codeigniter4/framework/system/CodeIgniter.php(918): App\Controllers\Pages->all_products()
#8 /var/www/html/momeawedding/vendor/codeigniter4/framework/system/CodeIgniter.php(404): CodeIgniter\CodeIgniter->runController(Object(App\Controllers\Pages))
#9 /var/www/html/momeawedding/vendor/codeigniter4/framework/system/CodeIgniter.php(312): CodeIgniter\CodeIgniter->handleRequest(NULL, Object(Config\Cache), false)
#10 /var/www/html/momeawedding/public/index.php(45): CodeIgniter\CodeIgniter->run()
#11 /var/www/html/momeawedding/vendor/codeigniter4/framework/system/Commands/Server/rewrite.php(34): require_once('/var/www/html/m...')
#12 {main}
CRITICAL - 2020-09-15 22:58:15 --> Undefined variable: category
#0 /var/www/html/momeawedding/app/Views/front/layout/navbar.php(151): CodeIgniter\Debug\Exceptions->errorHandler(8, 'Undefined varia...', '/var/www/html/m...', 151, Array)
#1 /var/www/html/momeawedding/vendor/codeigniter4/framework/system/View/View.php(246): include('/var/www/html/m...')
#2 /var/www/html/momeawedding/vendor/codeigniter4/framework/system/View/View.php(525): CodeIgniter\View\View->render('front/layout/na...', NULL, true)
#3 /var/www/html/momeawedding/app/Views/front/layout/template.php(61): CodeIgniter\View\View->include('front/layout/na...')
#4 /var/www/html/momeawedding/vendor/codeigniter4/framework/system/View/View.php(246): include('/var/www/html/m...')
#5 /var/www/html/momeawedding/vendor/codeigniter4/framework/system/View/View.php(257): CodeIgniter\View\View->render('front/layout/te...', Array, true)
#6 /var/www/html/momeawedding/vendor/codeigniter4/framework/system/Common.php(1119): CodeIgniter\View\View->render('front/pages/all...', Array, true)
#7 /var/www/html/momeawedding/app/Controllers/Pages.php(139): view('front/pages/all...', Array)
#8 /var/www/html/momeawedding/vendor/codeigniter4/framework/system/CodeIgniter.php(918): App\Controllers\Pages->all_products()
#9 /var/www/html/momeawedding/vendor/codeigniter4/framework/system/CodeIgniter.php(404): CodeIgniter\CodeIgniter->runController(Object(App\Controllers\Pages))
#10 /var/www/html/momeawedding/vendor/codeigniter4/framework/system/CodeIgniter.php(312): CodeIgniter\CodeIgniter->handleRequest(NULL, Object(Config\Cache), false)
#11 /var/www/html/momeawedding/public/index.php(45): CodeIgniter\CodeIgniter->run()
#12 /var/www/html/momeawedding/vendor/codeigniter4/framework/system/Commands/Server/rewrite.php(34): require_once('/var/www/html/m...')
#13 {main}
CRITICAL - 2020-09-15 22:58:20 --> Undefined variable: category
#0 /var/www/html/momeawedding/app/Views/front/layout/navbar.php(151): CodeIgniter\Debug\Exceptions->errorHandler(8, 'Undefined varia...', '/var/www/html/m...', 151, Array)
#1 /var/www/html/momeawedding/vendor/codeigniter4/framework/system/View/View.php(246): include('/var/www/html/m...')
#2 /var/www/html/momeawedding/vendor/codeigniter4/framework/system/View/View.php(525): CodeIgniter\View\View->render('front/layout/na...', NULL, true)
#3 /var/www/html/momeawedding/app/Views/front/layout/template.php(61): CodeIgniter\View\View->include('front/layout/na...')
#4 /var/www/html/momeawedding/vendor/codeigniter4/framework/system/View/View.php(246): include('/var/www/html/m...')
#5 /var/www/html/momeawedding/vendor/codeigniter4/framework/system/View/View.php(257): CodeIgniter\View\View->render('front/layout/te...', Array, true)
#6 /var/www/html/momeawedding/vendor/codeigniter4/framework/system/Common.php(1119): CodeIgniter\View\View->render('front/pages/abo...', Array, true)
#7 /var/www/html/momeawedding/app/Controllers/Pages.php(130): view('front/pages/abo...', Array)
#8 /var/www/html/momeawedding/vendor/codeigniter4/framework/system/CodeIgniter.php(918): App\Controllers\Pages->about()
#9 /var/www/html/momeawedding/vendor/codeigniter4/framework/system/CodeIgniter.php(404): CodeIgniter\CodeIgniter->runController(Object(App\Controllers\Pages))
#10 /var/www/html/momeawedding/vendor/codeigniter4/framework/system/CodeIgniter.php(312): CodeIgniter\CodeIgniter->handleRequest(NULL, Object(Config\Cache), false)
#11 /var/www/html/momeawedding/public/index.php(45): CodeIgniter\CodeIgniter->run()
#12 /var/www/html/momeawedding/vendor/codeigniter4/framework/system/Commands/Server/rewrite.php(34): require_once('/var/www/html/m...')
#13 {main}
CRITICAL - 2020-09-15 23:07:01 --> Undefined variable: category
#0 /var/www/html/momeawedding/app/Views/front/layout/navbar.php(150): CodeIgniter\Debug\Exceptions->errorHandler(8, 'Undefined varia...', '/var/www/html/m...', 150, Array)
#1 /var/www/html/momeawedding/vendor/codeigniter4/framework/system/View/View.php(246): include('/var/www/html/m...')
#2 /var/www/html/momeawedding/vendor/codeigniter4/framework/system/View/View.php(525): CodeIgniter\View\View->render('front/layout/na...', NULL, true)
#3 /var/www/html/momeawedding/app/Views/front/layout/template.php(61): CodeIgniter\View\View->include('front/layout/na...')
#4 /var/www/html/momeawedding/vendor/codeigniter4/framework/system/View/View.php(246): include('/var/www/html/m...')
#5 /var/www/html/momeawedding/vendor/codeigniter4/framework/system/View/View.php(257): CodeIgniter\View\View->render('front/layout/te...', Array, true)
#6 /var/www/html/momeawedding/vendor/codeigniter4/framework/system/Common.php(1119): CodeIgniter\View\View->render('front/pages/abo...', Array, true)
#7 /var/www/html/momeawedding/app/Controllers/Pages.php(130): view('front/pages/abo...', Array)
#8 /var/www/html/momeawedding/vendor/codeigniter4/framework/system/CodeIgniter.php(918): App\Controllers\Pages->about()
#9 /var/www/html/momeawedding/vendor/codeigniter4/framework/system/CodeIgniter.php(404): CodeIgniter\CodeIgniter->runController(Object(App\Controllers\Pages))
#10 /var/www/html/momeawedding/vendor/codeigniter4/framework/system/CodeIgniter.php(312): CodeIgniter\CodeIgniter->handleRequest(NULL, Object(Config\Cache), false)
#11 /var/www/html/momeawedding/public/index.php(45): CodeIgniter\CodeIgniter->run()
#12 /var/www/html/momeawedding/vendor/codeigniter4/framework/system/Commands/Server/rewrite.php(34): require_once('/var/www/html/m...')
#13 {main}
CRITICAL - 2020-09-15 23:08:32 --> Undefined variable: category
#0 /var/www/html/momeawedding/app/Views/front/layout/navbar.php(150): CodeIgniter\Debug\Exceptions->errorHandler(8, 'Undefined varia...', '/var/www/html/m...', 150, Array)
#1 /var/www/html/momeawedding/vendor/codeigniter4/framework/system/View/View.php(246): include('/var/www/html/m...')
#2 /var/www/html/momeawedding/vendor/codeigniter4/framework/system/View/View.php(525): CodeIgniter\View\View->render('front/layout/na...', NULL, true)
#3 /var/www/html/momeawedding/app/Views/front/layout/template.php(61): CodeIgniter\View\View->include('front/layout/na...')
#4 /var/www/html/momeawedding/vendor/codeigniter4/framework/system/View/View.php(246): include('/var/www/html/m...')
#5 /var/www/html/momeawedding/vendor/codeigniter4/framework/system/View/View.php(257): CodeIgniter\View\View->render('front/layout/te...', Array, true)
#6 /var/www/html/momeawedding/vendor/codeigniter4/framework/system/Common.php(1119): CodeIgniter\View\View->render('front/pages/det...', Array, true)
#7 /var/www/html/momeawedding/app/Controllers/Pages.php(152): view('front/pages/det...', Array)
#8 /var/www/html/momeawedding/vendor/codeigniter4/framework/system/CodeIgniter.php(918): App\Controllers\Pages->detail_product()
#9 /var/www/html/momeawedding/vendor/codeigniter4/framework/system/CodeIgniter.php(404): CodeIgniter\CodeIgniter->runController(Object(App\Controllers\Pages))
#10 /var/www/html/momeawedding/vendor/codeigniter4/framework/system/CodeIgniter.php(312): CodeIgniter\CodeIgniter->handleRequest(NULL, Object(Config\Cache), false)
#11 /var/www/html/momeawedding/public/index.php(45): CodeIgniter\CodeIgniter->run()
#12 /var/www/html/momeawedding/vendor/codeigniter4/framework/system/Commands/Server/rewrite.php(34): require_once('/var/www/html/m...')
#13 {main}
CRITICAL - 2020-09-15 23:09:27 --> Undefined variable: category
#0 /var/www/html/momeawedding/app/Views/front/layout/navbar.php(150): CodeIgniter\Debug\Exceptions->errorHandler(8, 'Undefined varia...', '/var/www/html/m...', 150, Array)
#1 /var/www/html/momeawedding/vendor/codeigniter4/framework/system/View/View.php(246): include('/var/www/html/m...')
#2 /var/www/html/momeawedding/vendor/codeigniter4/framework/system/View/View.php(525): CodeIgniter\View\View->render('front/layout/na...', NULL, true)
#3 /var/www/html/momeawedding/app/Views/front/layout/template.php(61): CodeIgniter\View\View->include('front/layout/na...')
#4 /var/www/html/momeawedding/vendor/codeigniter4/framework/system/View/View.php(246): include('/var/www/html/m...')
#5 /var/www/html/momeawedding/vendor/codeigniter4/framework/system/View/View.php(257): CodeIgniter\View\View->render('front/layout/te...', Array, true)
#6 /var/www/html/momeawedding/vendor/codeigniter4/framework/system/Common.php(1119): CodeIgniter\View\View->render('front/pages/det...', Array, true)
#7 /var/www/html/momeawedding/app/Controllers/Pages.php(174): view('front/pages/det...', Array)
#8 /var/www/html/momeawedding/vendor/codeigniter4/framework/system/CodeIgniter.php(918): App\Controllers\Pages->detail_articles()
#9 /var/www/html/momeawedding/vendor/codeigniter4/framework/system/CodeIgniter.php(404): CodeIgniter\CodeIgniter->runController(Object(App\Controllers\Pages))
#10 /var/www/html/momeawedding/vendor/codeigniter4/framework/system/CodeIgniter.php(312): CodeIgniter\CodeIgniter->handleRequest(NULL, Object(Config\Cache), false)
#11 /var/www/html/momeawedding/public/index.php(45): CodeIgniter\CodeIgniter->run()
#12 /var/www/html/momeawedding/vendor/codeigniter4/framework/system/Commands/Server/rewrite.php(34): require_once('/var/www/html/m...')
#13 {main}
CRITICAL - 2020-09-15 23:09:51 --> Undefined variable: category
#0 /var/www/html/momeawedding/app/Views/front/layout/navbar.php(150): CodeIgniter\Debug\Exceptions->errorHandler(8, 'Undefined varia...', '/var/www/html/m...', 150, Array)
#1 /var/www/html/momeawedding/vendor/codeigniter4/framework/system/View/View.php(246): include('/var/www/html/m...')
#2 /var/www/html/momeawedding/vendor/codeigniter4/framework/system/View/View.php(525): CodeIgniter\View\View->render('front/layout/na...', NULL, true)
#3 /var/www/html/momeawedding/app/Views/front/layout/template.php(61): CodeIgniter\View\View->include('front/layout/na...')
#4 /var/www/html/momeawedding/vendor/codeigniter4/framework/system/View/View.php(246): include('/var/www/html/m...')
#5 /var/www/html/momeawedding/vendor/codeigniter4/framework/system/View/View.php(257): CodeIgniter\View\View->render('front/layout/te...', Array, true)
#6 /var/www/html/momeawedding/vendor/codeigniter4/framework/system/Common.php(1119): CodeIgniter\View\View->render('front/pages/gal...', Array, true)
#7 /var/www/html/momeawedding/app/Controllers/Pages.php(185): view('front/pages/gal...', Array)
#8 /var/www/html/momeawedding/vendor/codeigniter4/framework/system/CodeIgniter.php(918): App\Controllers\Pages->gallery()
#9 /var/www/html/momeawedding/vendor/codeigniter4/framework/system/CodeIgniter.php(404): CodeIgniter\CodeIgniter->runController(Object(App\Controllers\Pages))
#10 /var/www/html/momeawedding/vendor/codeigniter4/framework/system/CodeIgniter.php(312): CodeIgniter\CodeIgniter->handleRequest(NULL, Object(Config\Cache), false)
#11 /var/www/html/momeawedding/public/index.php(45): CodeIgniter\CodeIgniter->run()
#12 /var/www/html/momeawedding/vendor/codeigniter4/framework/system/Commands/Server/rewrite.php(34): require_once('/var/www/html/m...')
#13 {main}
CRITICAL - 2020-09-15 23:10:19 --> Cannot use object of type mysqli as array
#0 /var/www/html/momeawedding/vendor/codeigniter4/framework/system/View/View.php(246): include()
#1 /var/www/html/momeawedding/vendor/codeigniter4/framework/system/Common.php(1119): CodeIgniter\View\View->render('front/pages/con...', Array, true)
#2 /var/www/html/momeawedding/app/Controllers/Pages.php(197): view('front/pages/con...', Array)
#3 /var/www/html/momeawedding/vendor/codeigniter4/framework/system/CodeIgniter.php(918): App\Controllers\Pages->contact()
#4 /var/www/html/momeawedding/vendor/codeigniter4/framework/system/CodeIgniter.php(404): CodeIgniter\CodeIgniter->runController(Object(App\Controllers\Pages))
#5 /var/www/html/momeawedding/vendor/codeigniter4/framework/system/CodeIgniter.php(312): CodeIgniter\CodeIgniter->handleRequest(NULL, Object(Config\Cache), false)
#6 /var/www/html/momeawedding/public/index.php(45): CodeIgniter\CodeIgniter->run()
#7 /var/www/html/momeawedding/vendor/codeigniter4/framework/system/Commands/Server/rewrite.php(34): require_once('/var/www/html/m...')
#8 {main}
CRITICAL - 2020-09-15 23:11:40 --> Undefined property: App\Controllers\Pages::$cate
#0 /var/www/html/momeawedding/app/Controllers/Pages.php(9): CodeIgniter\Debug\Exceptions->errorHandler(8, 'Undefined prope...', '/var/www/html/m...', 9, Array)
#1 /var/www/html/momeawedding/vendor/codeigniter4/framework/system/CodeIgniter.php(890): App\Controllers\Pages->__construct()
#2 /var/www/html/momeawedding/vendor/codeigniter4/framework/system/CodeIgniter.php(399): CodeIgniter\CodeIgniter->createController()
#3 /var/www/html/momeawedding/vendor/codeigniter4/framework/system/CodeIgniter.php(312): CodeIgniter\CodeIgniter->handleRequest(NULL, Object(Config\Cache), false)
#4 /var/www/html/momeawedding/public/index.php(45): CodeIgniter\CodeIgniter->run()
#5 /var/www/html/momeawedding/vendor/codeigniter4/framework/system/Commands/Server/rewrite.php(34): require_once('/var/www/html/m...')
#6 {main}
CRITICAL - 2020-09-15 23:11:42 --> Undefined property: App\Controllers\Pages::$cate
#0 /var/www/html/momeawedding/app/Controllers/Pages.php(9): CodeIgniter\Debug\Exceptions->errorHandler(8, 'Undefined prope...', '/var/www/html/m...', 9, Array)
#1 /var/www/html/momeawedding/vendor/codeigniter4/framework/system/CodeIgniter.php(890): App\Controllers\Pages->__construct()
#2 /var/www/html/momeawedding/vendor/codeigniter4/framework/system/CodeIgniter.php(399): CodeIgniter\CodeIgniter->createController()
#3 /var/www/html/momeawedding/vendor/codeigniter4/framework/system/CodeIgniter.php(312): CodeIgniter\CodeIgniter->handleRequest(NULL, Object(Config\Cache), false)
#4 /var/www/html/momeawedding/public/index.php(45): CodeIgniter\CodeIgniter->run()
#5 /var/www/html/momeawedding/vendor/codeigniter4/framework/system/Commands/Server/rewrite.php(34): require_once('/var/www/html/m...')
#6 {main}
CRITICAL - 2020-09-15 23:11:42 --> Undefined property: App\Controllers\Pages::$cate
#0 /var/www/html/momeawedding/app/Controllers/Pages.php(9): CodeIgniter\Debug\Exceptions->errorHandler(8, 'Undefined prope...', '/var/www/html/m...', 9, Array)
#1 /var/www/html/momeawedding/vendor/codeigniter4/framework/system/CodeIgniter.php(890): App\Controllers\Pages->__construct()
#2 /var/www/html/momeawedding/vendor/codeigniter4/framework/system/CodeIgniter.php(399): CodeIgniter\CodeIgniter->createController()
#3 /var/www/html/momeawedding/vendor/codeigniter4/framework/system/CodeIgniter.php(312): CodeIgniter\CodeIgniter->handleRequest(NULL, Object(Config\Cache), false)
#4 /var/www/html/momeawedding/public/index.php(45): CodeIgniter\CodeIgniter->run()
#5 /var/www/html/momeawedding/vendor/codeigniter4/framework/system/Commands/Server/rewrite.php(34): require_once('/var/www/html/m...')
#6 {main}
CRITICAL - 2020-09-15 23:11:47 --> Undefined property: App\Controllers\Pages::$cate
#0 /var/www/html/momeawedding/app/Controllers/Pages.php(9): CodeIgniter\Debug\Exceptions->errorHandler(8, 'Undefined prope...', '/var/www/html/m...', 9, Array)
#1 /var/www/html/momeawedding/vendor/codeigniter4/framework/system/CodeIgniter.php(890): App\Controllers\Pages->__construct()
#2 /var/www/html/momeawedding/vendor/codeigniter4/framework/system/CodeIgniter.php(399): CodeIgniter\CodeIgniter->createController()
#3 /var/www/html/momeawedding/vendor/codeigniter4/framework/system/CodeIgniter.php(312): CodeIgniter\CodeIgniter->handleRequest(NULL, Object(Config\Cache), false)
#4 /var/www/html/momeawedding/public/index.php(45): CodeIgniter\CodeIgniter->run()
#5 /var/www/html/momeawedding/vendor/codeigniter4/framework/system/Commands/Server/rewrite.php(34): require_once('/var/www/html/m...')
#6 {main}
CRITICAL - 2020-09-15 23:12:30 --> Undefined variable: category
#0 /var/www/html/momeawedding/app/Controllers/Pages.php(125): CodeIgniter\Debug\Exceptions->errorHandler(8, 'Undefined varia...', '/var/www/html/m...', 125, Array)
#1 /var/www/html/momeawedding/vendor/codeigniter4/framework/system/CodeIgniter.php(918): App\Controllers\Pages->index()
#2 /var/www/html/momeawedding/vendor/codeigniter4/framework/system/CodeIgniter.php(404): CodeIgniter\CodeIgniter->runController(Object(App\Controllers\Pages))
#3 /var/www/html/momeawedding/vendor/codeigniter4/framework/system/CodeIgniter.php(312): CodeIgniter\CodeIgniter->handleRequest(NULL, Object(Config\Cache), false)
#4 /var/www/html/momeawedding/public/index.php(45): CodeIgniter\CodeIgniter->run()
#5 /var/www/html/momeawedding/vendor/codeigniter4/framework/system/Commands/Server/rewrite.php(34): require_once('/var/www/html/m...')
#6 {main}
