CRITICAL - 2020-09-06 00:55:54 --> Table 'momeawedding.tbl_company' doesn't exist
#0 /var/www/html/momea/vendor/codeigniter4/framework/system/Database/MySQLi/Connection.php(331): mysqli->query('SELECT *\nFROM `...')
#1 /var/www/html/momea/vendor/codeigniter4/framework/system/Database/BaseConnection.php(741): CodeIgniter\Database\MySQLi\Connection->execute('SELECT *\nFROM `...')
#2 /var/www/html/momea/vendor/codeigniter4/framework/system/Database/BaseConnection.php(669): CodeIgniter\Database\BaseConnection->simpleQuery('SELECT *\nFROM `...')
#3 /var/www/html/momea/vendor/codeigniter4/framework/system/Database/BaseBuilder.php(1860): CodeIgniter\Database\BaseConnection->query('SELECT *\nFROM `...', Array, false)
#4 /var/www/html/momea/app/Models/CompanyModel.php(25): CodeIgniter\Database\BaseBuilder->get()
#5 /var/www/html/momea/app/Controllers/Admin/Company.php(127): app\Models\CompanyModel->companyCheck(1)
#6 /var/www/html/momea/vendor/codeigniter4/framework/system/CodeIgniter.php(918): App\Controllers\Admin\Company->ambil_logo()
#7 /var/www/html/momea/vendor/codeigniter4/framework/system/CodeIgniter.php(404): CodeIgniter\CodeIgniter->runController(Object(App\Controllers\Admin\Company))
#8 /var/www/html/momea/vendor/codeigniter4/framework/system/CodeIgniter.php(312): CodeIgniter\CodeIgniter->handleRequest(NULL, Object(Config\Cache), false)
#9 /var/www/html/momea/public/index.php(45): CodeIgniter\CodeIgniter->run()
#10 /var/www/html/momea/vendor/codeigniter4/framework/system/Commands/Server/rewrite.php(34): require_once('/var/www/html/m...')
#11 {main}
CRITICAL - 2020-09-06 18:40:33 --> Invalid file: front/pages/gallery.php
#0 /var/www/html/momea/vendor/codeigniter4/framework/system/View/View.php(228): CodeIgniter\Exceptions\FrameworkException::forInvalidFile('front/pages/gal...')
#1 /var/www/html/momea/vendor/codeigniter4/framework/system/Common.php(1119): CodeIgniter\View\View->render('front/pages/gal...', Array, true)
#2 /var/www/html/momea/app/Controllers/Pages.php(32): view('front/pages/gal...', Array)
#3 /var/www/html/momea/vendor/codeigniter4/framework/system/CodeIgniter.php(918): App\Controllers\Pages->gallery()
#4 /var/www/html/momea/vendor/codeigniter4/framework/system/CodeIgniter.php(404): CodeIgniter\CodeIgniter->runController(Object(App\Controllers\Pages))
#5 /var/www/html/momea/vendor/codeigniter4/framework/system/CodeIgniter.php(312): CodeIgniter\CodeIgniter->handleRequest(NULL, Object(Config\Cache), false)
#6 /var/www/html/momea/public/index.php(45): CodeIgniter\CodeIgniter->run()
#7 /var/www/html/momea/vendor/codeigniter4/framework/system/Commands/Server/rewrite.php(34): require_once('/var/www/html/m...')
#8 {main}
CRITICAL - 2020-09-06 19:07:41 --> syntax error, unexpected '}', expecting ',' or ';'
#0 /var/www/html/momea/vendor/codeigniter4/framework/system/View/View.php(257): CodeIgniter\View\View->render('front/layout/te...', Array, true)
#1 /var/www/html/momea/vendor/codeigniter4/framework/system/Common.php(1119): CodeIgniter\View\View->render('front/pages/hom...', Array, true)
#2 /var/www/html/momea/app/Controllers/Pages.php(14): view('front/pages/hom...', Array)
#3 /var/www/html/momea/vendor/codeigniter4/framework/system/CodeIgniter.php(918): App\Controllers\Pages->index()
#4 /var/www/html/momea/vendor/codeigniter4/framework/system/CodeIgniter.php(404): CodeIgniter\CodeIgniter->runController(Object(App\Controllers\Pages))
#5 /var/www/html/momea/vendor/codeigniter4/framework/system/CodeIgniter.php(312): CodeIgniter\CodeIgniter->handleRequest(NULL, Object(Config\Cache), false)
#6 /var/www/html/momea/public/index.php(45): CodeIgniter\CodeIgniter->run()
#7 /var/www/html/momea/vendor/codeigniter4/framework/system/Commands/Server/rewrite.php(34): require_once('/var/www/html/m...')
#8 {main}
