CRITICAL - 2020-09-18 10:13:17 --> Undefined variable: contact
#0 /var/www/html/momeawedding/app/Views/front/pages/testimonial.php(24): CodeIgniter\Debug\Exceptions->errorHandler(8, 'Undefined varia...', '/var/www/html/m...', 24, Array)
#1 /var/www/html/momeawedding/vendor/codeigniter4/framework/system/View/View.php(246): include('/var/www/html/m...')
#2 /var/www/html/momeawedding/vendor/codeigniter4/framework/system/Common.php(1119): CodeIgniter\View\View->render('front/pages/tes...', Array, true)
#3 /var/www/html/momeawedding/app/Controllers/Testimonial.php(17): view('front/pages/tes...', Array)
#4 /var/www/html/momeawedding/vendor/codeigniter4/framework/system/CodeIgniter.php(918): App\Controllers\Testimonial->index()
#5 /var/www/html/momeawedding/vendor/codeigniter4/framework/system/CodeIgniter.php(404): CodeIgniter\CodeIgniter->runController(Object(App\Controllers\Testimonial))
#6 /var/www/html/momeawedding/vendor/codeigniter4/framework/system/CodeIgniter.php(312): CodeIgniter\CodeIgniter->handleRequest(NULL, Object(Config\Cache), false)
#7 /var/www/html/momeawedding/public/index.php(45): CodeIgniter\CodeIgniter->run()
#8 /var/www/html/momeawedding/vendor/codeigniter4/framework/system/Commands/Server/rewrite.php(34): require_once('/var/www/html/m...')
#9 {main}
CRITICAL - 2020-09-18 13:47:54 --> Table 'momeawedding.tbl_category' doesn't exist
#0 /var/www/html/momeawedding/vendor/codeigniter4/framework/system/Database/MySQLi/Connection.php(331): mysqli->query('SELECT 1\nFROM `...')
#1 /var/www/html/momeawedding/vendor/codeigniter4/framework/system/Database/BaseConnection.php(741): CodeIgniter\Database\MySQLi\Connection->execute('SELECT 1\nFROM `...')
#2 /var/www/html/momeawedding/vendor/codeigniter4/framework/system/Database/BaseConnection.php(669): CodeIgniter\Database\BaseConnection->simpleQuery('SELECT 1\nFROM `...')
#3 /var/www/html/momeawedding/vendor/codeigniter4/framework/system/Database/BaseBuilder.php(1860): CodeIgniter\Database\BaseConnection->query('SELECT 1\nFROM `...', Array, false)
#4 /var/www/html/momeawedding/vendor/codeigniter4/framework/system/Validation/Rules.php(240): CodeIgniter\Database\BaseBuilder->get()
#5 /var/www/html/momeawedding/vendor/codeigniter4/framework/system/Validation/Validation.php(325): CodeIgniter\Validation\Rules->is_unique('Indoor', 'category_nm', Array, NULL)
#6 /var/www/html/momeawedding/vendor/codeigniter4/framework/system/Validation/Validation.php(189): CodeIgniter\Validation\Validation->processRules('category_nm', 'Nama kategori <...', 'Indoor', Array, Array)
#7 /var/www/html/momeawedding/vendor/codeigniter4/framework/system/Controller.php(219): CodeIgniter\Validation\Validation->run()
#8 /var/www/html/momeawedding/app/Controllers/Admin/Category.php(150): CodeIgniter\Controller->validate(Array)
#9 /var/www/html/momeawedding/vendor/codeigniter4/framework/system/CodeIgniter.php(918): App\Controllers\Admin\Category->simpandata()
#10 /var/www/html/momeawedding/vendor/codeigniter4/framework/system/CodeIgniter.php(404): CodeIgniter\CodeIgniter->runController(Object(App\Controllers\Admin\Category))
#11 /var/www/html/momeawedding/vendor/codeigniter4/framework/system/CodeIgniter.php(312): CodeIgniter\CodeIgniter->handleRequest(NULL, Object(Config\Cache), false)
#12 /var/www/html/momeawedding/public/index.php(45): CodeIgniter\CodeIgniter->run()
#13 /var/www/html/momeawedding/vendor/codeigniter4/framework/system/Commands/Server/rewrite.php(34): require_once('/var/www/html/m...')
#14 {main}
