INFO - 2023-07-13 00:02:28 --> Session: Class initialized using 'CodeIgniter\Session\Handlers\FileHandler' driver.
WARNING - 2023-07-13 00:02:28 --> Session: Sessions is enabled, and one exists.Please don't $session->start();
ERROR - 2023-07-13 00:02:29 --> mysqli_sql_exception: Table 'cms_p4i.bcms_layanan' doesn't exist in /usr/local/var/www/app-p4i/vendor/codeigniter4/framework/system/Database/MySQLi/Connection.php:331
Stack trace:
#0 /usr/local/var/www/app-p4i/vendor/codeigniter4/framework/system/Database/MySQLi/Connection.php(331): mysqli->query('SELECT *\nFROM `...')
#1 /usr/local/var/www/app-p4i/vendor/codeigniter4/framework/system/Database/BaseConnection.php(741): CodeIgniter\Database\MySQLi\Connection->execute('SELECT *\nFROM `...')
#2 /usr/local/var/www/app-p4i/vendor/codeigniter4/framework/system/Database/BaseConnection.php(669): CodeIgniter\Database\BaseConnection->simpleQuery('SELECT *\nFROM `...')
#3 /usr/local/var/www/app-p4i/vendor/codeigniter4/framework/system/Database/BaseBuilder.php(1860): CodeIgniter\Database\BaseConnection->query('SELECT *\nFROM `...', Array, false)
#4 /usr/local/var/www/app-p4i/app/Models/Backend/LayananModel.php(24): CodeIgniter\Database\BaseBuilder->get()
#5 /usr/local/var/www/app-p4i/app/Controllers/Home.php(31): App\Models\Backend\LayananModel->getLayananByKategori('Layanan Unggula...')
#6 /usr/local/var/www/app-p4i/vendor/codeigniter4/framework/system/CodeIgniter.php(918): App\Controllers\Home->index()
#7 /usr/local/var/www/app-p4i/vendor/codeigniter4/framework/system/CodeIgniter.php(404): CodeIgniter\CodeIgniter->runController(Object(App\Controllers\Home))
#8 /usr/local/var/www/app-p4i/vendor/codeigniter4/framework/system/CodeIgniter.php(312): CodeIgniter\CodeIgniter->handleRequest(NULL, Object(Config\Cache), false)
#9 /usr/local/var/www/app-p4i/public/index.php(45): CodeIgniter\CodeIgniter->run()
#10 /usr/local/var/www/app-p4i/vendor/codeigniter4/framework/system/Commands/Server/rewrite.php(34): require_once('/usr/local/var/...')
#11 {main}
ERROR - 2023-07-13 00:02:29 --> mysqli_sql_exception: Table 'cms_p4i.bcms_company' doesn't exist in /usr/local/var/www/app-p4i/vendor/codeigniter4/framework/system/Database/MySQLi/Connection.php:331
Stack trace:
#0 /usr/local/var/www/app-p4i/vendor/codeigniter4/framework/system/Database/MySQLi/Connection.php(331): mysqli->query('SELECT *\nFROM `...')
#1 /usr/local/var/www/app-p4i/vendor/codeigniter4/framework/system/Database/BaseConnection.php(741): CodeIgniter\Database\MySQLi\Connection->execute('SELECT *\nFROM `...')
#2 /usr/local/var/www/app-p4i/vendor/codeigniter4/framework/system/Database/BaseConnection.php(669): CodeIgniter\Database\BaseConnection->simpleQuery('SELECT *\nFROM `...')
#3 /usr/local/var/www/app-p4i/vendor/codeigniter4/framework/system/Database/BaseBuilder.php(1860): CodeIgniter\Database\BaseConnection->query('SELECT *\nFROM `...', Array, false)
#4 /usr/local/var/www/app-p4i/app/Models/Backend/InstansiModel.php(14): CodeIgniter\Database\BaseBuilder->get()
#5 /usr/local/var/www/app-p4i/app/Controllers/Home.php(158): App\Models\Backend\InstansiModel->getInstansi()
#6 /usr/local/var/www/app-p4i/vendor/codeigniter4/framework/system/CodeIgniter.php(918): App\Controllers\Home->index()
#7 /usr/local/var/www/app-p4i/vendor/codeigniter4/framework/system/CodeIgniter.php(404): CodeIgniter\CodeIgniter->runController(Object(App\Controllers\Home))
#8 /usr/local/var/www/app-p4i/vendor/codeigniter4/framework/system/CodeIgniter.php(312): CodeIgniter\CodeIgniter->handleRequest(NULL, Object(Config\Cache), false)
#9 /usr/local/var/www/app-p4i/public/index.php(45): CodeIgniter\CodeIgniter->run()
#10 /usr/local/var/www/app-p4i/vendor/codeigniter4/framework/system/Commands/Server/rewrite.php(34): require_once('/usr/local/var/...')
#11 {main}
INFO - 2023-07-13 00:02:30 --> Session: Class initialized using 'CodeIgniter\Session\Handlers\FileHandler' driver.
WARNING - 2023-07-13 00:02:30 --> Session: Sessions is enabled, and one exists.Please don't $session->start();
ERROR - 2023-07-13 00:02:30 --> mysqli_sql_exception: Table 'cms_p4i.bcms_layanan' doesn't exist in /usr/local/var/www/app-p4i/vendor/codeigniter4/framework/system/Database/MySQLi/Connection.php:331
Stack trace:
#0 /usr/local/var/www/app-p4i/vendor/codeigniter4/framework/system/Database/MySQLi/Connection.php(331): mysqli->query('SELECT *\nFROM `...')
#1 /usr/local/var/www/app-p4i/vendor/codeigniter4/framework/system/Database/BaseConnection.php(741): CodeIgniter\Database\MySQLi\Connection->execute('SELECT *\nFROM `...')
#2 /usr/local/var/www/app-p4i/vendor/codeigniter4/framework/system/Database/BaseConnection.php(669): CodeIgniter\Database\BaseConnection->simpleQuery('SELECT *\nFROM `...')
#3 /usr/local/var/www/app-p4i/vendor/codeigniter4/framework/system/Database/BaseBuilder.php(1860): CodeIgniter\Database\BaseConnection->query('SELECT *\nFROM `...', Array, false)
#4 /usr/local/var/www/app-p4i/app/Models/Backend/LayananModel.php(24): CodeIgniter\Database\BaseBuilder->get()
#5 /usr/local/var/www/app-p4i/app/Controllers/Home.php(31): App\Models\Backend\LayananModel->getLayananByKategori('Layanan Unggula...')
#6 /usr/local/var/www/app-p4i/vendor/codeigniter4/framework/system/CodeIgniter.php(918): App\Controllers\Home->index()
#7 /usr/local/var/www/app-p4i/vendor/codeigniter4/framework/system/CodeIgniter.php(404): CodeIgniter\CodeIgniter->runController(Object(App\Controllers\Home))
#8 /usr/local/var/www/app-p4i/vendor/codeigniter4/framework/system/CodeIgniter.php(312): CodeIgniter\CodeIgniter->handleRequest(NULL, Object(Config\Cache), false)
#9 /usr/local/var/www/app-p4i/public/index.php(45): CodeIgniter\CodeIgniter->run()
#10 /usr/local/var/www/app-p4i/vendor/codeigniter4/framework/system/Commands/Server/rewrite.php(34): require_once('/usr/local/var/...')
#11 {main}
ERROR - 2023-07-13 00:02:30 --> mysqli_sql_exception: Table 'cms_p4i.bcms_company' doesn't exist in /usr/local/var/www/app-p4i/vendor/codeigniter4/framework/system/Database/MySQLi/Connection.php:331
Stack trace:
#0 /usr/local/var/www/app-p4i/vendor/codeigniter4/framework/system/Database/MySQLi/Connection.php(331): mysqli->query('SELECT *\nFROM `...')
#1 /usr/local/var/www/app-p4i/vendor/codeigniter4/framework/system/Database/BaseConnection.php(741): CodeIgniter\Database\MySQLi\Connection->execute('SELECT *\nFROM `...')
#2 /usr/local/var/www/app-p4i/vendor/codeigniter4/framework/system/Database/BaseConnection.php(669): CodeIgniter\Database\BaseConnection->simpleQuery('SELECT *\nFROM `...')
#3 /usr/local/var/www/app-p4i/vendor/codeigniter4/framework/system/Database/BaseBuilder.php(1860): CodeIgniter\Database\BaseConnection->query('SELECT *\nFROM `...', Array, false)
#4 /usr/local/var/www/app-p4i/app/Models/Backend/InstansiModel.php(14): CodeIgniter\Database\BaseBuilder->get()
#5 /usr/local/var/www/app-p4i/app/Controllers/Home.php(158): App\Models\Backend\InstansiModel->getInstansi()
#6 /usr/local/var/www/app-p4i/vendor/codeigniter4/framework/system/CodeIgniter.php(918): App\Controllers\Home->index()
#7 /usr/local/var/www/app-p4i/vendor/codeigniter4/framework/system/CodeIgniter.php(404): CodeIgniter\CodeIgniter->runController(Object(App\Controllers\Home))
#8 /usr/local/var/www/app-p4i/vendor/codeigniter4/framework/system/CodeIgniter.php(312): CodeIgniter\CodeIgniter->handleRequest(NULL, Object(Config\Cache), false)
#9 /usr/local/var/www/app-p4i/public/index.php(45): CodeIgniter\CodeIgniter->run()
#10 /usr/local/var/www/app-p4i/vendor/codeigniter4/framework/system/Commands/Server/rewrite.php(34): require_once('/usr/local/var/...')
#11 {main}
INFO - 2023-07-13 00:02:33 --> Session: Class initialized using 'CodeIgniter\Session\Handlers\FileHandler' driver.
WARNING - 2023-07-13 00:02:33 --> Session: Sessions is enabled, and one exists.Please don't $session->start();
INFO - 2023-07-13 00:02:38 --> Session: Class initialized using 'CodeIgniter\Session\Handlers\FileHandler' driver.
WARNING - 2023-07-13 00:02:38 --> Session: Sessions is enabled, and one exists.Please don't $session->start();
INFO - 2023-07-13 00:02:40 --> Session: Class initialized using 'CodeIgniter\Session\Handlers\FileHandler' driver.
INFO - 2023-07-13 00:02:44 --> Session: Class initialized using 'CodeIgniter\Session\Handlers\FileHandler' driver.
WARNING - 2023-07-13 00:02:44 --> Session: Sessions is enabled, and one exists.Please don't $session->start();
INFO - 2023-07-13 00:02:45 --> Session: Class initialized using 'CodeIgniter\Session\Handlers\FileHandler' driver.
WARNING - 2023-07-13 00:02:45 --> Session: Sessions is enabled, and one exists.Please don't $session->start();
INFO - 2023-07-13 00:02:48 --> Session: Class initialized using 'CodeIgniter\Session\Handlers\FileHandler' driver.
WARNING - 2023-07-13 00:02:48 --> Session: Sessions is enabled, and one exists.Please don't $session->start();
INFO - 2023-07-13 00:02:48 --> Session: Class initialized using 'CodeIgniter\Session\Handlers\FileHandler' driver.
WARNING - 2023-07-13 00:02:48 --> Session: Sessions is enabled, and one exists.Please don't $session->start();
INFO - 2023-07-13 00:02:56 --> Session: Class initialized using 'CodeIgniter\Session\Handlers\FileHandler' driver.
WARNING - 2023-07-13 00:02:56 --> Session: Sessions is enabled, and one exists.Please don't $session->start();
INFO - 2023-07-13 00:02:57 --> Session: Class initialized using 'CodeIgniter\Session\Handlers\FileHandler' driver.
WARNING - 2023-07-13 00:02:57 --> Session: Sessions is enabled, and one exists.Please don't $session->start();
INFO - 2023-07-13 00:02:59 --> Session: Class initialized using 'CodeIgniter\Session\Handlers\FileHandler' driver.
WARNING - 2023-07-13 00:02:59 --> Session: Sessions is enabled, and one exists.Please don't $session->start();
INFO - 2023-07-13 00:03:02 --> Session: Class initialized using 'CodeIgniter\Session\Handlers\FileHandler' driver.
WARNING - 2023-07-13 00:03:02 --> Session: Sessions is enabled, and one exists.Please don't $session->start();
INFO - 2023-07-13 00:03:02 --> Session: Class initialized using 'CodeIgniter\Session\Handlers\FileHandler' driver.
WARNING - 2023-07-13 00:03:02 --> Session: Sessions is enabled, and one exists.Please don't $session->start();
INFO - 2023-07-13 00:03:05 --> Session: Class initialized using 'CodeIgniter\Session\Handlers\FileHandler' driver.
WARNING - 2023-07-13 00:03:05 --> Session: Sessions is enabled, and one exists.Please don't $session->start();
INFO - 2023-07-13 00:03:06 --> Session: Class initialized using 'CodeIgniter\Session\Handlers\FileHandler' driver.
WARNING - 2023-07-13 00:03:06 --> Session: Sessions is enabled, and one exists.Please don't $session->start();
INFO - 2023-07-13 00:03:07 --> Session: Class initialized using 'CodeIgniter\Session\Handlers\FileHandler' driver.
WARNING - 2023-07-13 00:03:07 --> Session: Sessions is enabled, and one exists.Please don't $session->start();
INFO - 2023-07-13 00:03:07 --> Session: Class initialized using 'CodeIgniter\Session\Handlers\FileHandler' driver.
WARNING - 2023-07-13 00:03:07 --> Session: Sessions is enabled, and one exists.Please don't $session->start();
INFO - 2023-07-13 00:03:11 --> Session: Class initialized using 'CodeIgniter\Session\Handlers\FileHandler' driver.
WARNING - 2023-07-13 00:03:11 --> Session: Sessions is enabled, and one exists.Please don't $session->start();
INFO - 2023-07-13 00:03:11 --> Session: Class initialized using 'CodeIgniter\Session\Handlers\FileHandler' driver.
WARNING - 2023-07-13 00:03:11 --> Session: Sessions is enabled, and one exists.Please don't $session->start();
INFO - 2023-07-13 00:03:15 --> Session: Class initialized using 'CodeIgniter\Session\Handlers\FileHandler' driver.
WARNING - 2023-07-13 00:03:15 --> Session: Sessions is enabled, and one exists.Please don't $session->start();
INFO - 2023-07-13 00:03:15 --> Session: Class initialized using 'CodeIgniter\Session\Handlers\FileHandler' driver.
WARNING - 2023-07-13 00:03:15 --> Session: Sessions is enabled, and one exists.Please don't $session->start();
INFO - 2023-07-13 00:03:18 --> Session: Class initialized using 'CodeIgniter\Session\Handlers\FileHandler' driver.
WARNING - 2023-07-13 00:03:18 --> Session: Sessions is enabled, and one exists.Please don't $session->start();
INFO - 2023-07-13 00:03:18 --> Session: Class initialized using 'CodeIgniter\Session\Handlers\FileHandler' driver.
WARNING - 2023-07-13 00:03:18 --> Session: Sessions is enabled, and one exists.Please don't $session->start();
INFO - 2023-07-13 00:03:25 --> Session: Class initialized using 'CodeIgniter\Session\Handlers\FileHandler' driver.
WARNING - 2023-07-13 00:03:25 --> Session: Sessions is enabled, and one exists.Please don't $session->start();
INFO - 2023-07-13 00:03:25 --> Session: Class initialized using 'CodeIgniter\Session\Handlers\FileHandler' driver.
WARNING - 2023-07-13 00:03:25 --> Session: Sessions is enabled, and one exists.Please don't $session->start();
INFO - 2023-07-13 00:33:18 --> Session: Class initialized using 'CodeIgniter\Session\Handlers\FileHandler' driver.
WARNING - 2023-07-13 00:33:18 --> Session: Sessions is enabled, and one exists.Please don't $session->start();
INFO - 2023-07-13 00:33:18 --> Session: Class initialized using 'CodeIgniter\Session\Handlers\FileHandler' driver.
WARNING - 2023-07-13 00:33:18 --> Session: Sessions is enabled, and one exists.Please don't $session->start();
INFO - 2023-07-13 00:54:34 --> Session: Class initialized using 'CodeIgniter\Session\Handlers\FileHandler' driver.
WARNING - 2023-07-13 00:54:34 --> Session: Sessions is enabled, and one exists.Please don't $session->start();
INFO - 2023-07-13 00:54:38 --> Session: Class initialized using 'CodeIgniter\Session\Handlers\FileHandler' driver.
WARNING - 2023-07-13 00:54:38 --> Session: Sessions is enabled, and one exists.Please don't $session->start();
INFO - 2023-07-13 00:54:43 --> Session: Class initialized using 'CodeIgniter\Session\Handlers\FileHandler' driver.
WARNING - 2023-07-13 00:54:43 --> Session: Sessions is enabled, and one exists.Please don't $session->start();
INFO - 2023-07-13 00:54:48 --> Session: Class initialized using 'CodeIgniter\Session\Handlers\FileHandler' driver.
WARNING - 2023-07-13 00:54:48 --> Session: Sessions is enabled, and one exists.Please don't $session->start();
INFO - 2023-07-13 00:54:50 --> Session: Class initialized using 'CodeIgniter\Session\Handlers\FileHandler' driver.
INFO - 2023-07-13 00:54:52 --> Session: Class initialized using 'CodeIgniter\Session\Handlers\FileHandler' driver.
WARNING - 2023-07-13 00:54:52 --> Session: Sessions is enabled, and one exists.Please don't $session->start();
INFO - 2023-07-13 00:54:52 --> Session: Class initialized using 'CodeIgniter\Session\Handlers\FileHandler' driver.
WARNING - 2023-07-13 00:54:52 --> Session: Sessions is enabled, and one exists.Please don't $session->start();
INFO - 2023-07-13 00:54:56 --> Session: Class initialized using 'CodeIgniter\Session\Handlers\FileHandler' driver.
WARNING - 2023-07-13 00:54:56 --> Session: Sessions is enabled, and one exists.Please don't $session->start();
INFO - 2023-07-13 00:54:56 --> Session: Class initialized using 'CodeIgniter\Session\Handlers\FileHandler' driver.
WARNING - 2023-07-13 00:54:56 --> Session: Sessions is enabled, and one exists.Please don't $session->start();
INFO - 2023-07-13 00:54:57 --> Session: Class initialized using 'CodeIgniter\Session\Handlers\FileHandler' driver.
WARNING - 2023-07-13 00:54:57 --> Session: Sessions is enabled, and one exists.Please don't $session->start();
INFO - 2023-07-13 00:55:13 --> Session: Class initialized using 'CodeIgniter\Session\Handlers\FileHandler' driver.
WARNING - 2023-07-13 00:55:13 --> Session: Sessions is enabled, and one exists.Please don't $session->start();
INFO - 2023-07-13 00:59:12 --> Session: Class initialized using 'CodeIgniter\Session\Handlers\FileHandler' driver.
WARNING - 2023-07-13 00:59:12 --> Session: Sessions is enabled, and one exists.Please don't $session->start();
INFO - 2023-07-13 00:59:12 --> Session: Class initialized using 'CodeIgniter\Session\Handlers\FileHandler' driver.
WARNING - 2023-07-13 00:59:12 --> Session: Sessions is enabled, and one exists.Please don't $session->start();
INFO - 2023-07-13 00:59:17 --> Session: Class initialized using 'CodeIgniter\Session\Handlers\FileHandler' driver.
WARNING - 2023-07-13 00:59:17 --> Session: Sessions is enabled, and one exists.Please don't $session->start();
INFO - 2023-07-13 00:59:19 --> Session: Class initialized using 'CodeIgniter\Session\Handlers\FileHandler' driver.
INFO - 2023-07-13 00:59:25 --> Session: Class initialized using 'CodeIgniter\Session\Handlers\FileHandler' driver.
WARNING - 2023-07-13 00:59:25 --> Session: Sessions is enabled, and one exists.Please don't $session->start();
INFO - 2023-07-13 00:59:25 --> Session: Class initialized using 'CodeIgniter\Session\Handlers\FileHandler' driver.
WARNING - 2023-07-13 00:59:25 --> Session: Sessions is enabled, and one exists.Please don't $session->start();
INFO - 2023-07-13 00:59:38 --> Session: Class initialized using 'CodeIgniter\Session\Handlers\FileHandler' driver.
WARNING - 2023-07-13 00:59:38 --> Session: Sessions is enabled, and one exists.Please don't $session->start();
INFO - 2023-07-13 00:59:38 --> Session: Class initialized using 'CodeIgniter\Session\Handlers\FileHandler' driver.
WARNING - 2023-07-13 00:59:38 --> Session: Sessions is enabled, and one exists.Please don't $session->start();
INFO - 2023-07-13 00:59:39 --> Session: Class initialized using 'CodeIgniter\Session\Handlers\FileHandler' driver.
WARNING - 2023-07-13 00:59:39 --> Session: Sessions is enabled, and one exists.Please don't $session->start();
INFO - 2023-07-13 00:59:43 --> Session: Class initialized using 'CodeIgniter\Session\Handlers\FileHandler' driver.
WARNING - 2023-07-13 00:59:43 --> Session: Sessions is enabled, and one exists.Please don't $session->start();
INFO - 2023-07-13 00:59:43 --> Session: Class initialized using 'CodeIgniter\Session\Handlers\FileHandler' driver.
WARNING - 2023-07-13 00:59:43 --> Session: Sessions is enabled, and one exists.Please don't $session->start();
INFO - 2023-07-13 00:59:46 --> Session: Class initialized using 'CodeIgniter\Session\Handlers\FileHandler' driver.
WARNING - 2023-07-13 00:59:46 --> Session: Sessions is enabled, and one exists.Please don't $session->start();
INFO - 2023-07-13 00:59:46 --> Session: Class initialized using 'CodeIgniter\Session\Handlers\FileHandler' driver.
WARNING - 2023-07-13 00:59:46 --> Session: Sessions is enabled, and one exists.Please don't $session->start();
INFO - 2023-07-13 00:59:51 --> Session: Class initialized using 'CodeIgniter\Session\Handlers\FileHandler' driver.
WARNING - 2023-07-13 00:59:51 --> Session: Sessions is enabled, and one exists.Please don't $session->start();
INFO - 2023-07-13 00:59:57 --> Session: Class initialized using 'CodeIgniter\Session\Handlers\FileHandler' driver.
WARNING - 2023-07-13 00:59:57 --> Session: Sessions is enabled, and one exists.Please don't $session->start();
INFO - 2023-07-13 00:59:57 --> Session: Class initialized using 'CodeIgniter\Session\Handlers\FileHandler' driver.
WARNING - 2023-07-13 00:59:57 --> Session: Sessions is enabled, and one exists.Please don't $session->start();
INFO - 2023-07-13 01:00:04 --> Session: Class initialized using 'CodeIgniter\Session\Handlers\FileHandler' driver.
WARNING - 2023-07-13 01:00:04 --> Session: Sessions is enabled, and one exists.Please don't $session->start();
INFO - 2023-07-13 01:00:04 --> Session: Class initialized using 'CodeIgniter\Session\Handlers\FileHandler' driver.
WARNING - 2023-07-13 01:00:04 --> Session: Sessions is enabled, and one exists.Please don't $session->start();
INFO - 2023-07-13 01:29:38 --> Session: Class initialized using 'CodeIgniter\Session\Handlers\FileHandler' driver.
WARNING - 2023-07-13 01:29:38 --> Session: Sessions is enabled, and one exists.Please don't $session->start();
INFO - 2023-07-13 01:29:38 --> Session: Class initialized using 'CodeIgniter\Session\Handlers\FileHandler' driver.
WARNING - 2023-07-13 01:29:38 --> Session: Sessions is enabled, and one exists.Please don't $session->start();
INFO - 2023-07-13 01:52:20 --> Session: Class initialized using 'CodeIgniter\Session\Handlers\FileHandler' driver.
WARNING - 2023-07-13 01:52:20 --> Session: Sessions is enabled, and one exists.Please don't $session->start();
INFO - 2023-07-13 01:52:25 --> Session: Class initialized using 'CodeIgniter\Session\Handlers\FileHandler' driver.
WARNING - 2023-07-13 01:52:25 --> Session: Sessions is enabled, and one exists.Please don't $session->start();
INFO - 2023-07-13 01:52:27 --> Session: Class initialized using 'CodeIgniter\Session\Handlers\FileHandler' driver.
INFO - 2023-07-13 01:52:30 --> Session: Class initialized using 'CodeIgniter\Session\Handlers\FileHandler' driver.
WARNING - 2023-07-13 01:52:30 --> Session: Sessions is enabled, and one exists.Please don't $session->start();
INFO - 2023-07-13 01:52:30 --> Session: Class initialized using 'CodeIgniter\Session\Handlers\FileHandler' driver.
WARNING - 2023-07-13 01:52:30 --> Session: Sessions is enabled, and one exists.Please don't $session->start();
INFO - 2023-07-13 01:52:31 --> Session: Class initialized using 'CodeIgniter\Session\Handlers\FileHandler' driver.
WARNING - 2023-07-13 01:52:31 --> Session: Sessions is enabled, and one exists.Please don't $session->start();
INFO - 2023-07-13 02:00:32 --> Session: Class initialized using 'CodeIgniter\Session\Handlers\FileHandler' driver.
WARNING - 2023-07-13 02:00:32 --> Session: Sessions is enabled, and one exists.Please don't $session->start();
INFO - 2023-07-13 02:22:30 --> Session: Class initialized using 'CodeIgniter\Session\Handlers\FileHandler' driver.
WARNING - 2023-07-13 02:22:30 --> Session: Sessions is enabled, and one exists.Please don't $session->start();
INFO - 2023-07-13 02:22:30 --> Session: Class initialized using 'CodeIgniter\Session\Handlers\FileHandler' driver.
WARNING - 2023-07-13 02:22:30 --> Session: Sessions is enabled, and one exists.Please don't $session->start();
